PREC	RECALL	FSCORE	TIME	LEN	NUNK	NSCORED	
0	0	0	0.0134079	8	0	177	
0	0	0	0.0705519	40	0	945	
0	0	0	0.054729	31	0	729	
0	0	0	0.061393	35	0	825	
0	0	0	0.0450301	26	0	609	
0	0	0	0.0285399	17	0	393	
0	0	0	0.0509171	30	0	705	
0	0	0	0.00892901	6	0	129	
0	0	0	0.0108171	7	0	153	
0	0	0	0.0628819	36	0	849	
0	0	0	0.0428791	25	0	585	
0	0	0	0.027215	16	0	369	
0	0	0	0.028578	17	0	393	
0	0	0	0.048147	28	0	657	
0	0	0	0.073005	42	0	993	
0	0	0	0.0251939	15	0	345	
0	0	0	0.0218871	13	0	297	
0	0	0	0.0125232	8	0	177	
0	0	0	0.039233	23	0	537	
0	0	0	0.0572469	33	0	777	
0	0	0	0.0142651	9	0	201	
0	0	0	0.062659	37	0	873	
0	0	0	0.048141	28	0	657	
0	0	0	0.0409212	24	0	561	
0	0	0	0.0445321	26	0	609	
0	0	0	0.021873	13	0	297	
0	0	0	0.0486929	28	0	657	
0	0	0	0.0381179	22	0	513	
0	0	0	0.0199151	12	0	273	
0	0	0	0.00538588	4	0	81	
0	0	0	0.037394	22	0	513	
0	0	0	0.082375	47	0	1113	
0	0	0	0.00731492	5	0	105	
0	0	0	0.0409789	24	0	561	
0	0	0	0.0484691	28	0	657	
0	0	0	0.041481	24	0	561	
0	0	0	0.0288188	17	0	393	
0	0	0	0.0288079	17	0	393	
0	0	0	0.066746	38	0	897	
0	0	0	0.035851	21	0	489	
0	0	0	0.057482	33	0	777	
0	0	0	0.025486	15	0	345	
0	0	0	0.0599229	34	0	801	
0	0	0	0.019733	12	0	273	
0	0	0	0.0192859	12	0	273	
0	0	0	0.062696	36	0	849	
0	0	0	0.0519879	30	0	705	
0	0	0	0.0537219	31	0	729	
0	0	0	0.0302851	18	0	417	
0	0	0	0.00716805	5	0	105	
0	0	0	0.025214	15	0	345	
0	0	0	0.0376959	22	0	513	
0	0	0	0.0450311	26	0	609	
0	0	0	0.0267229	16	0	369	
0	0	0	0.043185	25	0	585	
0	0	0	0.08413	48	0	1137	
0	0	0	0.0486119	28	0	657	
0	0	0	0.048208	28	0	657	
0	0	0	0.0126448	8	0	177	
0	0	0	0.0395939	23	0	537	
0	0	0	0.0410872	24	0	561	
0	0	0	0.030942	18	0	417	
0	0	0	0.0305049	18	0	417	
0	0	0	0.0433609	25	0	585	
0	0	0	0.0595078	34	0	801	
0	0	0	0.03248	19	0	441	
0	0	0	0.0464849	27	0	633	
0	0	0	0.048372	28	0	657	
0	0	0	0.059186	34	0	801	
0	0	0	0.066237	38	0	897	
0	0	0	0.021781	13	0	297	
0	0	0	0.0233998	14	0	321	
0	0	0	0.0393991	23	0	537	
0	0	0	0.048141	28	0	657	
0	0	0	0.00907397	6	0	129	
0	0	0	0.044868	26	0	609	
0	0	0	0.026998	16	0	369	
0	0	0	0.057168	33	0	777	
0	0	0	0.023643	14	0	321	
0	0	0	0.044805	26	0	609	
0	0	0	0.026643	16	0	369	
0	0	0	0.02701	16	0	369	
0	0	0	0.0428901	25	0	585	
0	0	0	0.033813	20	0	465	
0	0	0	0.072103	41	0	969	
0	0	0	0.0377321	22	0	513	
0	0	0	0.0449281	26	0	609	
0	0	0	0.051285	30	0	705	
0	0	0	0.0126441	8	0	177	
0	0	0	0.0019381	2	0	33	
0	0	0	0.032177	19	0	441	
0	0	0	0.0433731	25	0	585	
0	0	0	0.0576251	33	0	777	
0	0	0	0.034054	20	0	465	
0	0	0	0.055733	32	0	753	
0	0	0	0.0483301	28	0	657	
0	0	0	0.055548	32	0	753	
0	0	0	0.0571969	33	0	777	
0	0	0	0.056987	33	0	777	
0	0	0	0.0144012	9	0	201	
0	0	0	0.0125439	8	0	177	
0	0	0	0.0392768	23	0	537	
0	0	0	0.0354919	21	0	489	
0	0	0	0.0681391	39	0	921	
0	0	0	0.0449641	26	0	609	
0	0	0	0.0333891	20	0	465	
0	0	0	0.0637901	37	0	873	
0	0	0	0.0431919	25	0	585	
0	0	0	0.0935459	53	0	1257	
0	0	0	0.039505	23	0	537	
0	0	0	0.05829	34	0	801	
0	0	0	0.0180302	11	0	249	
0	0	0	0.0813329	46	0	1089	
0	0	0	0.041589	24	0	561	
0	0	0	0.0466559	27	0	633	
0	0	0	0.0952539	55	0	1305	
0	0	0	0.044904	26	0	609	
0	0	0	0.0534971	31	0	729	
0	0	0	0.0448551	26	0	609	
0	0	0	0.0233412	14	0	321	
0	0	0	0.03583	21	0	489	
0	0	0	0.035522	21	0	489	
0	0	0	0.0287631	17	0	393	
0	0	0	0.0625429	36	0	849	
0	0	0	0.025048	15	0	345	
0	0	0	0.028559	17	0	393	
0	0	0	0.0523372	30	0	705	
0	0	0	0.0252171	15	0	345	
0	0	0	0.0183709	11	0	249	
0	0	0	0.034411	20	0	465	
0	0	0	0.0558939	31	0	729	
0	0	0	0.0295379	17	0	393	
0	0	0	0.0332811	19	0	441	
0	0	0	0.062079	35	0	825	
0	0	0	0.031532	18	0	417	
0	0	0	0.0494959	28	0	657	
0	0	0	0.0636508	36	0	849	
0	0	0	0.014735	9	0	201	
0	0	0	0.00906682	6	0	129	
0	0	0	0.00913715	6	0	129	
0	0	0	0.0239701	14	0	321	
0	0	0	0.043781	25	0	585	
0	0	0	0.0365882	21	0	489	
0	0	0	0.0130029	8	0	177	
0	0	0	0.0277231	16	0	369	
0	0	0	0.032784	19	0	441	
0	0	0	0.0552402	32	0	753	
0	0	0	0.0562901	32	0	753	
0	0	0	0.0461612	26	0	609	
0	0	0	0.0461142	26	0	609	
0	0	0	0.01845	11	0	249	
0	0	0	0.0480499	27	0	633	
0	0	0	0.0332479	19	0	441	
0	0	0	0.027477	16	0	369	
0	0	0	0.0325611	19	0	441	
0	0	0	0.0340121	20	0	465	
0	0	0	0.0377469	22	0	513	
0	0	0	0.0515041	30	0	705	
0	0	0	0.0201061	12	0	273	
0	0	0	0.04654	27	0	633	
0	0	0	0.0504999	29	0	681	
0	0	0	0.035522	21	0	489	
0	0	0	0.0361319	21	0	489	
0	0	0	0.048579	28	0	657	
0	0	0	0.0271041	16	0	369	
0	0	0	0.0179811	11	0	249	
0	0	0	0.0145659	9	0	201	
0	0	0	0.016258	10	0	225	
0	0	0	0.0343161	20	0	465	
0	0	0	0.021374	13	0	297	
0	0	0	0.014339	9	0	201	
0	0	0	0.033823	20	0	465	
0	0	0	0.0269971	16	0	369	
0	0	0	0.0269978	16	0	369	
0	0	0	0.0465062	27	0	633	
0	0	0	0.0360129	21	0	489	
0	0	0	0.0323789	19	0	441	
0	0	0	0.056026	32	0	753	
0	0	0	0.016125	10	0	225	
0	0	0	0.0213342	13	0	297	
0	0	0	0.039556	23	0	537	
0	0	0	0.034205	20	0	465	
0	0	0	0.0642359	37	0	873	
0	0	0	0.05197	30	0	705	
0	0	0	0.0196052	12	0	273	
0	0	0	0.0307078	18	0	417	
0	0	0	0.0503039	29	0	681	
0	0	0	0.028791	17	0	393	
0	0	0	0.0360069	21	0	489	
0	0	0	0.044307	26	0	609	
0	0	0	0.0753891	43	0	1017	
0	0	0	0.0250661	15	0	345	
0	0	0	0.0541248	31	0	729	
0	0	0	0.0287049	17	0	393	
0	0	0	0.071563	41	0	969	
0	0	0	0.072818	42	0	993	
0	0	0	0.115938	66	0	1569	
0	0	0	0.0977521	55	0	1305	
0	0	0	0.0200541	12	0	273	
0	0	0	0.039506	23	0	537	
0	0	0	0.0178058	11	0	249	
0	0	0	0.0680611	39	0	921	
0	0	0	0.045043	26	0	609	
0	0	0	0.0256178	15	0	345	
0	0	0	0.0624869	36	0	849	
0	0	0	0.0231631	14	0	321	
0	0	0	0.050359	29	0	681	
0	0	0	0.059407	34	0	801	
0	0	0	0.043402	25	0	585	
0	0	0	0.041353	24	0	561	
0	0	0	0.0429831	25	0	585	
0	0	0	0.037703	22	0	513	
0	0	0	0.047157	27	0	633	
0	0	0	0.065038	37	0	873	
0	0	0	0.0698249	40	0	945	
0	0	0	0.050159	29	0	681	
0	0	0	0.0233972	14	0	321	
0	0	0	0.06462	37	0	873	
0	0	0	0.0235081	14	0	321	
0	0	0	0.05565	32	0	753	
0	0	0	0.07885	45	0	1065	
0	0	0	0.03756	22	0	513	
0	0	0	0.0636349	36	0	849	
0	0	0	0.0270541	16	0	369	
0	0	0	0.0196819	12	0	273	
0	0	0	0.069623	40	0	945	
0	0	0	0.057157	33	0	777	
0	0	0	0.0418329	24	0	561	
0	0	0	0.0410521	24	0	561	
0	0	0	0.0215671	13	0	297	
0	0	0	0.0301499	18	0	417	
0	0	0	0.0800788	46	0	1089	
0	0	0	0.00720286	5	0	105	
0	0	0	0.0502748	29	0	681	
0	0	0	0.0356791	21	0	489	
0	0	0	0.017998	11	0	249	
0	0	0	0.0108299	7	0	153	
0	0	0	0.0516641	30	0	705	
0	0	0	0.0108261	7	0	153	
0	0	0	0.0610621	35	0	825	
0	0	0	0.104055	59	0	1401	
0	0	0	0.00916195	6	0	129	
0	0	0	0.021847	13	0	297	
0	0	0	0.0418999	24	0	561	
0	0	0	0.036994	21	0	489	
0	0	0	0.0277841	16	0	369	
0	0	0	0.0823739	46	0	1089	
0	0	0	0.0558631	32	0	753	
0	0	0	0.050143	29	0	681	
0	0	0	0.0538208	31	0	729	
0	0	0	0.0523081	30	0	705	
0	0	0	0.0542731	31	0	729	
0	0	0	0.0576329	33	0	777	
0	0	0	0.033756	20	0	465	
0	0	0	0.072305	42	0	993	
0	0	0	0.0592761	34	0	801	
0	0	0	0.0466821	27	0	633	
0	0	0	0.064224	37	0	873	
0	0	0	0.0307891	18	0	417	
0	0	0	0.0231171	14	0	321	
0	0	0	0.0214989	13	0	297	
0	0	0	0.0197852	12	0	273	
0	0	0	0.0487199	28	0	657	
0	0	0	0.0247972	15	0	345	
0	0	0	0.0366418	22	0	513	
0	0	0	0.0427361	25	0	585	
0	0	0	0.096539	55	0	1305	
0	0	0	0.0266061	16	0	369	
0	0	0	0.06303	36	0	849	
0	0	0	0.088861	51	0	1209	
0	0	0	0.0359511	21	0	489	
0	0	0	0.0660639	38	0	897	
0	0	0	0.0164042	10	0	225	
0	0	0	0.0627148	36	0	849	
0	0	0	0.0502191	29	0	681	
0	0	0	0.054044	31	0	729	
0	0	0	0.032402	19	0	441	
0	0	0	0.055671	32	0	753	
0	0	0	0.028816	17	0	393	
0	0	0	0.0381241	22	0	513	
0	0	0	0.0194299	12	0	273	
0	0	0	0.0718491	41	0	969	
0	0	0	0.058408	34	0	801	
0	0	0	0.041609	24	0	561	
0	0	0	0.0375931	22	0	513	
0	0	0	0.0233512	14	0	321	
0	0	0	0.0360949	21	0	489	
0	0	0	0.0338011	20	0	465	
0	0	0	0.019681	12	0	273	
0	0	0	0.0395331	23	0	537	
0	0	0	0.0640111	37	0	873	
0	0	0	0.0807168	46	0	1089	
0	0	0	0.051589	30	0	705	
0	0	0	0.0286999	17	0	393	
0	0	0	0.0536661	31	0	729	
0	0	0	0.0547588	31	0	729	
0	0	0	0.0380869	22	0	513	
0	0	0	0.0465498	27	0	633	
0	0	0	0.0358179	21	0	489	
0	0	0	0.0323298	19	0	441	
0	0	0	0.037704	22	0	513	
0	0	0	0.027077	16	0	369	
0	0	0	0.0572841	33	0	777	
0	0	0	0.0521588	30	0	705	
0	0	0	0.017813	11	0	249	
0	0	0	0.0126879	8	0	177	
0	0	0	0.0322709	19	0	441	
0	0	0	0.035877	21	0	489	
0	0	0	0.0342491	20	0	465	
0	0	0	0.034544	20	0	465	
0	0	0	0.005373	4	0	81	
0	0	0	0.00713086	5	0	105	
0	0	0	0.034271	20	0	465	
0	0	0	0.0232439	14	0	321	
0	0	0	0.032213	19	0	441	
0	0	0	0.0730672	42	0	993	
0	0	0	0.055903	32	0	753	
0	0	0	0.0234289	14	0	321	
0	0	0	0.09161	52	0	1233	
0	0	0	0.0395529	23	0	537	
0	0	0	0.0270441	16	0	369	
0	0	0	0.0434041	25	0	585	
0	0	0	0.0307341	18	0	417	
0	0	0	0.046967	27	0	633	
0	0	0	0.00893521	6	0	129	
0	0	0	0.0162771	10	0	225	
0	0	0	0.0306931	18	0	417	
0	0	0	0.0340331	20	0	465	
0	0	0	0.0288701	17	0	393	
0	0	0	0.042979	25	0	585	
0	0	0	0.0343871	20	0	465	
0	0	0	0.0748999	43	0	1017	
0	0	0	0.01595	10	0	225	
0	0	0	0.041218	24	0	561	
0	0	0	0.0391622	23	0	537	
0	0	0	0.01074	7	0	153	
0	0	0	0.041558	24	0	561	
0	0	0	0.0285439	17	0	393	
0	0	0	0.0286071	17	0	393	
0	0	0	0.052042	30	0	705	
0	0	0	0.016068	10	0	225	
0	0	0	0.0194311	12	0	273	
0	0	0	0.0197561	12	0	273	
0	0	0	0.0201838	12	0	273	
0	0	0	0.0380421	22	0	513	
0	0	0	0.0601571	34	0	801	
0	0	0	0.0556118	32	0	753	
0	0	0	0.096174	55	0	1305	
0	0	0	0.037745	22	0	513	
0	0	0	0.0776131	44	0	1041	
0	0	0	0.0516398	30	0	705	
0	0	0	0.048527	28	0	657	
0	0	0	0.055732	32	0	753	
0	0	0	0.0522368	30	0	705	
0	0	0	0.0430031	25	0	585	
0	0	0	0.060993	35	0	825	
0	0	0	0.03422	20	0	465	
0	0	0	0.0302391	18	0	417	
0	0	0	0.055388	32	0	753	
0	0	0	0.0520649	30	0	705	
0	0	0	0.0630751	36	0	849	
0	0	0	0.0444791	26	0	609	
0	0	0	0.0414209	24	0	561	
0	0	0	0.06094	35	0	825	
0	0	0	0.0446301	26	0	609	
0	0	0	0.0342381	20	0	465	
0	0	0	0.0429192	25	0	585	
0	0	0	0.06265	36	0	849	
0	0	0	0.0394421	23	0	537	
0	0	0	0.066664	38	0	897	
0	0	0	0.0413249	24	0	561	
0	0	0	0.037894	22	0	513	
0	0	0	0.036329	21	0	489	
0	0	0	0.038918	23	0	537	
0	0	0	0.0576031	33	0	777	
0	0	0	0.0383179	22	0	513	
0	0	0	0.048502	28	0	657	
0	0	0	0.0217299	13	0	297	
0	0	0	0.0324271	19	0	441	
0	0	0	0.0462141	27	0	633	
0	0	0	0.0287092	17	0	393	
0	0	0	0.0397909	23	0	537	
0	0	0	0.040313	24	0	561	
0	0	0	0.049665	29	0	681	
0	0	0	0.075165	43	0	1017	
0	0	0	0.054023	31	0	729	
0	0	0	0.0505919	29	0	681	
0	0	0	0.00908899	6	0	129	
0	0	0	0.0626979	36	0	849	
0	0	0	0.0450811	26	0	609	
0	0	0	0.0467889	27	0	633	
0	0	0	0.0303831	18	0	417	
0	0	0	0.059135	34	0	801	
0	0	0	0.03074	18	0	417	
0	0	0	0.0362499	21	0	489	
0	0	0	0.048099	28	0	657	
0	0	0	0.039696	23	0	537	
0	0	0	0.058974	34	0	801	
0	0	0	0.0414281	24	0	561	
0	0	0	0.046479	27	0	633	
0	0	0	0.0614271	35	0	825	
0	0	0	0.0430031	25	0	585	
0	0	0	0.0580442	33	0	777	
0	0	0	0.021661	13	0	297	
0	0	0	0.040483	23	0	537	
0	0	0	0.0328538	19	0	441	
0	0	0	0.0431621	25	0	585	
0	0	0	0.057543	33	0	777	
0	0	0	0.0267289	16	0	369	
0	0	0	0.0558341	32	0	753	
0	0	0	0.021683	13	0	297	
0	0	0	0.0253742	15	0	345	
0	0	0	0.012404	8	0	177	
0	0	0	0.0267389	16	0	369	
0	0	0	0.0450442	26	0	609	
0	0	0	0.0308361	18	0	417	
0	0	0	0.0741611	42	0	993	
0	0	0	0.065028	37	0	873	
0	0	0	0.0784369	45	0	1065	
0	0	0	0.041187	24	0	561	
0	0	0	0.043268	25	0	585	
0	0	0	0.0513	30	0	705	
0	0	0	0.0359371	21	0	489	
0	0	0	0.034199	20	0	465	
0	0	0	0.0372579	22	0	513	
0	0	0	0.0269139	16	0	369	
0	0	0	0.041703	24	0	561	
0	0	0	0.0315552	18	0	417	
0	0	0	0.0292659	17	0	393	
0	0	0	0.052568	30	0	705	
0	0	0	0.072392	41	0	969	
0	0	0	0.014477	9	0	201	
0	0	0	0.0289869	17	0	393	
0	0	0	0.0286	17	0	393	
0	0	0	0.043328	25	0	585	
0	0	0	0.0363488	21	0	489	
0	0	0	0.0451851	26	0	609	
0	0	0	0.0518832	30	0	705	
0	0	0	0.0377889	22	0	513	
0	0	0	0.0375609	22	0	513	
0	0	0	0.0826581	47	0	1113	
0	0	0	0.0578618	33	0	777	
0	0	0	0.0215139	13	0	297	
0	0	0	0.032321	19	0	441	
0	0	0	0.014524	9	0	201	
0	0	0	0.0161672	10	0	225	
0	0	0	0.030834	18	0	417	
0	0	0	0.0407171	23	0	537	
0	0	0	0.0790272	45	0	1065	
0	0	0	0.0500879	29	0	681	
0	0	0	0.0359859	21	0	489	
0	0	0	0.0337741	20	0	465	
0	0	0	0.0107551	7	0	153	
0	0	0	0.014441	9	0	201	
0	0	0	0.0234709	14	0	321	
0	0	0	0.084445	48	0	1137	
0	0	0	0.0199509	12	0	273	
0	0	0	0.028846	17	0	393	
0	0	0	0.0358162	21	0	489	
0	0	0	0.0324259	19	0	441	
0	0	0	0.045265	26	0	609	
0	0	0	0.038044	22	0	513	
0	0	0	0.0520339	30	0	705	
0	0	0	0.0267119	16	0	369	
0	0	0	0.047868	28	0	657	
0	0	0	0.0413721	24	0	561	
0	0	0	0.018225	11	0	249	
0	0	0	0.027441	16	0	369	
0	0	0	0.0435209	25	0	585	
0	0	0	0.043143	25	0	585	
0	0	0	0.041584	24	0	561	
0	0	0	0.041153	24	0	561	
0	0	0	0.01596	10	0	225	
0	0	0	0.0427711	25	0	585	
0	0	0	0.043251	25	0	585	
0	0	0	0.0343969	20	0	465	
0	0	0	0.062712	36	0	849	
0	0	0	0.0487552	28	0	657	
0	0	0	0.085006	48	0	1137	
0	0	0	0.034353	20	0	465	
0	0	0	0.0180371	11	0	249	
0	0	0	0.0250759	15	0	345	
0	0	0	0.0393958	23	0	537	
0	0	0	0.00718522	5	0	105	
0	0	0	0.06441	37	0	873	
0	0	0	0.0271719	16	0	369	
0	0	0	0.0161262	10	0	225	
0	0	0	0.0252831	15	0	345	
0	0	0	0.063164	36	0	849	
0	0	0	0.055582	32	0	753	
0	0	0	0.055531	32	0	753	
0	0	0	0.036015	21	0	489	
0	0	0	0.0128682	8	0	177	
0	0	0	0.043606	25	0	585	
0	0	0	0.0300751	18	0	417	
0	0	0	0.0398121	23	0	537	
0	0	0	0.0235071	14	0	321	
0	0	0	0.028867	17	0	393	
0	0	0	0.0178909	11	0	249	
0	0	0	0.0320659	19	0	441	
0	0	0	0.00720692	5	0	105	
0	0	0	0.0396659	23	0	537	
0	0	0	0.0107739	7	0	153	
0	0	0	0.0586669	34	0	801	
0	0	0	0.0394049	23	0	537	
0	0	0	0.0179708	11	0	249	
0	0	0	0.0303891	18	0	417	
0	0	0	0.0557048	32	0	753	
0	0	0	0.0253608	15	0	345	
0	0	0	0.031575	19	0	441	
0	0	0	0.045413	27	0	633	
0	0	0	0.028456	17	0	393	
0	0	0	0.0354459	21	0	489	
0	0	0	0.0523639	30	0	705	
0	0	0	0.0270939	16	0	369	
0	0	0	0.0292041	17	0	393	
0	0	0	0.00893998	6	0	129	
0	0	0	0.0485229	28	0	657	
0	0	0	0.023308	14	0	321	
0	0	0	0.0392132	23	0	537	
0	0	0	0.03232	19	0	441	
0	0	0	0.039501	23	0	537	
0	0	0	0.0698841	40	0	945	
0	0	0	0.075659	43	0	1017	
0	0	0	0.0902429	51	0	1209	
0	0	0	0.0378571	22	0	513	
0	0	0	0.0493338	28	0	657	
0	0	0	0.0650101	37	0	873	
0	0	0	0.0788329	45	0	1065	
0	0	0	0.014519	9	0	201	
0	0	0	0.0449731	26	0	609	
0	0	0	0.0254779	15	0	345	
0	0	0	0.030633	18	0	417	
0	0	0	0.0379369	22	0	513	
0	0	0	0.0593719	34	0	801	
0	0	0	0.0537498	31	0	729	
0	0	0	0.0340829	20	0	465	
0	0	0	0.0650659	37	0	873	
0	0	0	0.048717	28	0	657	
0	0	0	0.028887	17	0	393	
0	0	0	0.044734	26	0	609	
0	0	0	0.0430601	25	0	585	
0	0	0	0.034395	20	0	465	
0	0	0	0.0743361	42	0	993	
0	0	0	0.0466521	27	0	633	
0	0	0	0.0324349	19	0	441	
0	0	0	0.0432808	25	0	585	
0	0	0	0.0526471	30	0	705	
0	0	0	0.0412879	24	0	561	
0	0	0	0.0653331	37	0	873	
0	0	0	0.0666599	38	0	897	
0	0	0	0.0769591	44	0	1041	
0	0	0	0.0504329	29	0	681	
0	0	0	0.0628939	36	0	849	
0	0	0	0.0325139	19	0	441	
0	0	0	0.0267479	16	0	369	
0	0	0	0.032105	19	0	441	
0	0	0	0.0352299	21	0	489	
0	0	0	0.0109711	7	0	153	
0	0	0	0.0633152	36	0	849	
0	0	0	0.057317	33	0	777	
0	0	0	0.0163782	10	0	225	
0	0	0	0.052068	30	0	705	
0	0	0	0.079644	45	0	1065	
0	0	0	0.076669	44	0	1041	
0	0	0	0.0342221	20	0	465	
0	0	0	0.0268679	16	0	369	
0	0	0	0.0233469	14	0	321	
0	0	0	0.0233641	14	0	321	
0	0	0	0.023366	14	0	321	
0	0	0	0.0199401	12	0	273	
0	0	0	0.0361588	21	0	489	
0	0	0	0.027034	16	0	369	
0	0	0	0.057075	33	0	777	
0	0	0	0.0558178	32	0	753	
0	0	0	0.034224	20	0	465	
0	0	0	0.0647819	37	0	873	
0	0	0	0.018245	11	0	249	
0	0	0	0.0198529	12	0	273	
0	0	0	0.0701191	40	0	945	
0	0	0	0.030622	18	0	417	
0	0	0	0.0520711	30	0	705	
0	0	0	0.0433261	25	0	585	
0	0	0	0.0320761	19	0	441	
0	0	0	0.0362649	21	0	489	
0	0	0	0.0590289	34	0	801	
0	0	0	0.0486529	28	0	657	
0	0	0	0.041199	24	0	561	
0	0	0	0.0727589	41	0	969	
0	0	0	0.021656	13	0	297	
0	0	0	0.085588	49	0	1161	
0	0	0	0.034065	20	0	465	
0	0	0	0.0271161	16	0	369	
0	0	0	0.0644288	37	0	873	
0	0	0	0.0513661	30	0	705	
0	0	0	0.014338	9	0	201	
0	0	0	0.0378799	22	0	513	
0	0	0	0.0538349	31	0	729	
0	0	0	0.03967	23	0	537	
0	0	0	0.061209	35	0	825	
0	0	0	0.0625539	36	0	849	
0	0	0	0.023473	14	0	321	
0	0	0	0.0486908	28	0	657	
0	0	0	0.030746	18	0	417	
0	0	0	0.04426	25	0	585	
0	0	0	0.0379848	22	0	513	
0	0	0	0.028955	17	0	393	
0	0	0	0.0707161	40	0	945	
0	0	0	0.000247002	1	0	9	
0	0	0	0.0536292	30	0	705	
0	0	0	0.0554261	32	0	753	
0	0	0	0.0288999	17	0	393	
0	0	0	0.048969	28	0	657	
0	0	0	0.036474	21	0	489	
0	0	0	0.041069	24	0	561	
0	0	0	0.0360391	21	0	489	
0	0	0	0.025543	15	0	345	
0	0	0	0.0417809	24	0	561	
0	0	0	0.06356	36	0	849	
0	0	0	0.0431068	25	0	585	
0	0	0	0.0538499	31	0	729	
0	0	0	0.0450649	26	0	609	
0	0	0	0.0597091	34	0	801	
0	0	0	0.0490911	29	0	681	
0	0	0	0.0639439	37	0	873	
0	0	0	0.0179281	11	0	249	
0	0	0	0.077105	44	0	1041	
0	0	0	0.0273001	16	0	369	
0	0	0	0.0527101	30	0	705	
0	0	0	0.0411129	24	0	561	
0	0	0	0.0375829	22	0	513	
0	0	0	0.051913	30	0	705	
0	0	0	0.058326	33	0	777	
0	0	0	0.0638649	37	0	873	
0	0	0	0.0651278	37	0	873	
0	0	0	0.0180781	11	0	249	
0	0	0	0.035897	21	0	489	
0	0	0	0.057446	33	0	777	
0	0	0	0.0736051	42	0	993	
0	0	0	0.0249641	15	0	345	
0	0	0	0.042845	25	0	585	
0	0	0	0.0324521	19	0	441	
0	0	0	0.0502639	29	0	681	
0	0	0	0.00538206	4	0	81	
0	0	0	0.00356507	3	0	57	
0	0	0	0.0465009	27	0	633	
0	0	0	0.03192	19	0	441	
0	0	0	0.00363398	3	0	57	
0	0	0	0.0355639	21	0	489	
0	0	0	0.0286479	17	0	393	
0	0	0	0.00358105	3	0	57	
0	0	0	0.060483	35	0	825	
0	0	0	0.034101	20	0	465	
0	0	0	0.0712361	41	0	969	
0	0	0	0.00364423	3	0	57	
0	0	0	0.0304041	18	0	417	
0	0	0	0.0535929	31	0	729	
0	0	0	0.0232	14	0	321	
0	0	0	0.028872	17	0	393	
0	0	0	0.050004	29	0	681	
0	0	0	0.059602	34	0	801	
0	0	0	0.0177579	11	0	249	
0	0	0	0.055784	32	0	753	
0	0	0	0.0305719	18	0	417	
0	0	0	0.040864	24	0	561	
0	0	0	0.034133	20	0	465	
0	0	0	0.0553479	32	0	753	
0	0	0	0.0178139	11	0	249	
0	0	0	0.0497251	29	0	681	
0	0	0	0.0358019	21	0	489	
0	0	0	0.0571542	33	0	777	
0	0	0	0.066309	38	0	897	
0	0	0	0.028811	17	0	393	
0	0	0	0.0342429	20	0	465	
0	0	0	0.0518799	30	0	705	
0	0	0	0.039685	23	0	537	
0	0	0	0.0322008	19	0	441	
0	0	0	0.04635	27	0	633	
0	0	0	0.0305419	18	0	417	
0	0	0	0.057426	33	0	777	
0	0	0	0.046335	27	0	633	
0	0	0	0.0269451	16	0	369	
0	0	0	0.0376301	22	0	513	
0	0	0	0.041256	24	0	561	
0	0	0	0.04861	28	0	657	
0	0	0	0.0538511	31	0	729	
0	0	0	0.0378542	22	0	513	
0	0	0	0.0557501	32	0	753	
0	0	0	0.047122	27	0	633	
0	0	0	0.0469091	27	0	633	
0	0	0	0.0501361	29	0	681	
0	0	0	0.08357	48	0	1137	
0	0	0	0.0414009	24	0	561	
0	0	0	0.0484419	28	0	657	
0	0	0	0.0304959	18	0	417	
0	0	0	0.069437	40	0	945	
0	0	0	0.0126572	8	0	177	
0	0	0	0.0662019	38	0	897	
0	0	0	0.0322008	19	0	441	
0	0	0	0.0634711	37	0	873	
0	0	0	0.0555398	32	0	753	
0	0	0	0.0772359	44	0	1041	
0	0	0	0.0571558	33	0	777	
0	0	0	0.0213451	13	0	297	
0	0	0	0.0289021	17	0	393	
0	0	0	0.0410271	24	0	561	
0	0	0	0.0305691	18	0	417	
0	0	0	0.0213881	13	0	297	
0	0	0	0.0412281	24	0	561	
0	0	0	0.0215759	13	0	297	
0	0	0	0.0179269	11	0	249	
0	0	0	0.0717399	41	0	969	
0	0	0	0.0500321	29	0	681	
0	0	0	0.0488329	28	0	657	
0	0	0	0.0667892	38	0	897	
0	0	0	0.0360999	21	0	489	
0	0	0	0.062772	36	0	849	
0	0	0	0.045038	26	0	609	
0	0	0	0.067939	39	0	921	
0	0	0	0.067878	39	0	921	
0	0	0	0.0528021	30	0	705	
0	0	0	0.0252409	15	0	345	
0	0	0	0.030803	18	0	417	
0	0	0	0.0646839	37	0	873	
0	0	0	0.0469	27	0	633	
0	0	0	0.0723219	41	0	969	
0	0	0	0.08125	46	0	1089	
0	0	0	0.057498	33	0	777	
0	0	0	0.045382	26	0	609	
0	0	0	0.0488992	28	0	657	
0	0	0	0.050549	29	0	681	
0	0	0	0.0377932	22	0	513	
0	0	0	0.055593	32	0	753	
0	0	0	0.050539	29	0	681	
0	0	0	0.0360959	21	0	489	
0	0	0	0.0658309	37	0	873	
0	0	0	0.0624781	37	0	873	
0	0	0	0.0761499	44	0	1041	
0	0	0	0.0488548	28	0	657	
0	0	0	0.0527279	30	0	705	
0	0	0	0.0272701	16	0	369	
0	0	0	0.0513749	30	0	705	
0	0	0	0.037781	22	0	513	
0	0	0	0.069526	40	0	945	
0	0	0	0.0453272	26	0	609	
0	0	0	0.0271049	16	0	369	
0	0	0	0.035501	21	0	489	
0	0	0	0.0720041	41	0	969	
0	0	0	0.087836	50	0	1185	
0	0	0	0.0273809	16	0	369	
0	0	0	0.056392	32	0	753	
0	0	0	0.0505271	29	0	681	
0	0	0	0.0180089	11	0	249	
0	0	0	0.028789	17	0	393	
0	0	0	0.0537522	31	0	729	
0	0	0	0.059422	34	0	801	
0	0	0	0.019912	12	0	273	
0	0	0	0.0376329	22	0	513	
0	0	0	0.019372	12	0	273	
0	0	0	0.0105991	7	0	153	
0	0	0	0.075165	43	0	1017	
0	0	0	0.043071	25	0	585	
0	0	0	0.0657101	38	0	897	
0	0	0	0.0215561	13	0	297	
0	0	0	0.0624518	36	0	849	
0	0	0	0.02158	13	0	297	
0	0	0	0.046191	27	0	633	
0	0	0	0.044878	26	0	609	
0	0	0	0.0529408	30	0	705	
0	0	0	0.0487342	28	0	657	
0	0	0	0.0180039	11	0	249	
0	0	0	0.056056	32	0	753	
0	0	0	0.0661702	38	0	897	
0	0	0	0.0399308	23	0	537	
0	0	0	0.0161409	10	0	225	
0	0	0	0.061054	35	0	825	
0	0	0	0.043093	25	0	585	
0	0	0	0.010757	7	0	153	
0	0	0	0.02156	13	0	297	
0	0	0	0.0391948	23	0	537	
0	0	0	0.0641499	37	0	873	
0	0	0	0.0560539	32	0	753	
0	0	0	0.0681272	39	0	921	
0	0	0	0.0181789	11	0	249	
0	0	0	0.0161161	10	0	225	
0	0	0	0.0591609	34	0	801	
0	0	0	0.0502839	29	0	681	
0	0	0	0.0698462	40	0	945	
0	0	0	0.0539269	31	0	729	
0	0	0	0.0733769	42	0	993	
0	0	0	0.0467019	27	0	633	
0	0	0	0.0485892	28	0	657	
0	0	0	0.066282	38	0	897	
0	0	0	0.0953779	54	0	1281	
0	0	0	0.0502939	29	0	681	
0	0	0	0.032109	19	0	441	
0	0	0	0.0286989	17	0	393	
0	0	0	0.048527	28	0	657	
0	0	0	0.033834	20	0	465	
0	0	0	0.026794	16	0	369	
0	0	0	0.0323019	19	0	441	
0	0	0	0.0105929	7	0	153	
0	0	0	0.0621631	36	0	849	
0	0	0	0.0396821	23	0	537	
0	0	0	0.041142	24	0	561	
0	0	0	0.0356319	21	0	489	
0	0	0	0.0395691	23	0	537	
0	0	0	0.0951252	54	0	1281	
0	0	0	0.0196531	12	0	273	
0	0	0	0.00721192	5	0	105	
0	0	0	0.0746601	43	0	1017	
0	0	0	0.0568938	33	0	777	
0	0	0	0.069061	39	0	921	
0	0	0	0.0448999	26	0	609	
0	0	0	0.0488369	28	0	657	
0	0	0	0.0444059	26	0	609	
0	0	0	0.030401	18	0	417	
0	0	0	0.0322762	19	0	441	
0	0	0	0.0142629	9	0	201	
0	0	0	0.0683279	39	0	921	
0	0	0	0.026397	16	0	369	
0	0	0	0.050528	29	0	681	
0	0	0	0.083652	48	0	1137	
0	0	0	0.01437	9	0	201	
0	0	0	0.064429	37	0	873	
0	0	0	0.0376048	22	0	513	
0	0	0	0.02175	13	0	297	
0	0	0	0.0323532	19	0	441	
0	0	0	0.035748	21	0	489	
0	0	0	0.0481911	28	0	657	
0	0	0	0.0376811	22	0	513	
0	0	0	0.054671	26	0	609	
0	0	0	0.0361979	15	0	345	
0	0	0	0.0255229	13	0	297	
0	0	0	0.0411742	20	0	465	
0	0	0	0.024693	12	0	273	
0	0	0	0.0541739	25	0	585	
0	0	0	0.0654681	30	0	705	
0	0	0	0.0984371	44	0	1041	
0	0	0	0.0389152	18	0	417	
0	0	0	0.112542	52	0	1233	
0	0	0	0.0375581	18	0	417	
0	0	0	0.103964	42	0	993	
0	0	0	0.08746	49	0	1161	
0	0	0	0.0642769	37	0	873	
0	0	0	0.047236	28	0	657	
0	0	0	0.028358	17	0	393	
0	0	0	0.0688598	39	0	921	
0	0	0	0.0431759	25	0	585	
0	0	0	0.0461779	27	0	633	
0	0	0	0.0623591	36	0	849	
0	0	0	0.030477	18	0	417	
0	0	0	0.0126312	8	0	177	
0	0	0	0.0578511	33	0	777	
0	0	0	0.03544	21	0	489	
0	0	0	0.0307291	18	0	417	
0	0	0	0.0342581	20	0	465	
0	0	0	0.0249429	15	0	345	
0	0	0	0.107106	61	0	1449	
0	0	0	0.010927	7	0	153	
0	0	0	0.055099	32	0	753	
0	0	0	0.043282	25	0	585	
0	0	0	0.0432041	25	0	585	
0	0	0	0.0392821	23	0	537	
0	0	0	0.0500112	29	0	681	
0	0	0	0.0393951	23	0	537	
0	0	0	0.041122	24	0	561	
0	0	0	0.0596249	34	0	801	
0	0	0	0.0161159	10	0	225	
0	0	0	0.0738959	42	0	993	
0	0	0	0.0722151	41	0	969	
0	0	0	0.021718	13	0	297	
0	0	0	0.0072391	5	0	105	
0	0	0	0.0662839	38	0	897	
0	0	0	0.0592179	34	0	801	
0	0	0	0.021744	13	0	297	
0	0	0	0.0557799	32	0	753	
0	0	0	0.0540359	31	0	729	
0	0	0	0.073571	42	0	993	
0	0	0	0.025002	15	0	345	
0	0	0	0.0596988	34	0	801	
0	0	0	0.0411389	24	0	561	
0	0	0	0.0304198	18	0	417	
0	0	0	0.0646439	37	0	873	
0	0	0	0.052006	30	0	705	
0	0	0	0.0250971	15	0	345	
0	0	0	0.0416551	24	0	561	
0	0	0	0.0376699	22	0	513	
0	0	0	0.077729	44	0	1041	
0	0	0	0.0610671	35	0	825	
0	0	0	0.0340681	20	0	465	
0	0	0	0.0578651	33	0	777	
0	0	0	0.0678971	39	0	921	
0	0	0	0.00918984	6	0	129	
0	0	0	0.0254531	15	0	345	
0	0	0	0.050154	29	0	681	
0	0	0	0.0915768	52	0	1233	
0	0	0	0.0282159	17	0	393	
0	0	0	0.056895	33	0	777	
0	0	0	0.047086	27	0	633	
0	0	0	0.0327001	19	0	441	
0	0	0	0.0672109	38	0	897	
0	0	0	0.053899	31	0	729	
0	0	0	0.070189	40	0	945	
0	0	0	0.113921	64	0	1521	
0	0	0	0.048434	28	0	657	
0	0	0	0.030735	18	0	417	
0	0	0	0.0612071	35	0	825	
0	0	0	0.0425229	25	0	585	
0	0	0	0.032639	19	0	441	
0	0	0	0.016293	10	0	225	
0	0	0	0.0251739	15	0	345	
0	0	0	0.0160489	10	0	225	
0	0	0	0.0199871	12	0	273	
0	0	0	0.0450981	26	0	609	
0	0	0	0.0549209	31	0	729	
0	0	0	0.0217121	13	0	297	
0	0	0	0.0414069	24	0	561	
0	0	0	0.038074	22	0	513	
0	0	0	0.0199838	12	0	273	
0	0	0	0.0554879	32	0	753	
0	0	0	0.0454681	26	0	609	
0	0	0	0.0271642	16	0	369	
0	0	0	0.0485232	28	0	657	
0	0	0	0.032274	19	0	441	
0	0	0	0.0503941	29	0	681	
0	0	0	0.0514469	30	0	705	
0	0	0	0.046999	27	0	633	
0	0	0	0.061518	35	0	825	
0	0	0	0.0234332	14	0	321	
0	0	0	0.02686	16	0	369	
0	0	0	0.0460861	27	0	633	
0	0	0	0.0410659	24	0	561	
0	0	0	0.0411348	24	0	561	
0	0	0	0.0321741	19	0	441	
0	0	0	0.0233891	14	0	321	
0	0	0	0.026438	16	0	369	
0	0	0	0.0144298	9	0	201	
0	0	0	0.0534239	31	0	729	
0	0	0	0.0217631	13	0	297	
0	0	0	0.016155	10	0	225	
0	0	0	0.0351391	21	0	489	
0	0	0	0.00722289	5	0	105	
0	0	0	0.0213921	13	0	297	
0	0	0	0.010716	7	0	153	
0	0	0	0.025192	15	0	345	
0	0	0	0.030309	18	0	417	
0	0	0	0.050499	29	0	681	
0	0	0	0.0488222	28	0	657	
0	0	0	0.0459671	27	0	633	
0	0	0	0.0550361	32	0	753	
0	0	0	0.046947	27	0	633	
0	0	0	0.0280449	17	0	393	
0	0	0	0.0414488	24	0	561	
0	0	0	0.064189	37	0	873	
0	0	0	0.0399182	23	0	537	
0	0	0	0.039551	23	0	537	
0	0	0	0.0719988	41	0	969	
0	0	0	0.0389211	23	0	537	
0	0	0	0.0312278	19	0	441	
0	0	0	0.055414	32	0	753	
0	0	0	0.0539529	31	0	729	
0	0	0	0.0579491	33	0	777	
0	0	0	0.0686231	39	0	921	
0	0	0	0.0516951	30	0	705	
0	0	0	0.0396001	23	0	537	
0	0	0	0.0304339	18	0	417	
0	0	0	0.0489421	28	0	657	
0	0	0	0.0322378	19	0	441	
0	0	0	0.030648	18	0	417	
0	0	0	0.053664	31	0	729	
0	0	0	0.041712	24	0	561	
0	0	0	0.0181088	11	0	249	
0	0	0	0.0377269	22	0	513	
0	0	0	0.0681601	39	0	921	
0	0	0	0.0847251	48	0	1137	
0	0	0	0.057637	33	0	777	
0	0	0	0.0766501	44	0	1041	
0	0	0	0.0556939	32	0	753	
0	0	0	0.0681951	39	0	921	
0	0	0	0.05002	29	0	681	
0	0	0	0.0285878	17	0	393	
0	0	0	0.025177	15	0	345	
0	0	0	0.042917	25	0	585	
0	0	0	0.032547	19	0	441	
0	0	0	0.0449772	26	0	609	
0	0	0	0.0397139	23	0	537	
0	0	0	0.025506	15	0	345	
0	0	0	0.0229061	12	0	273	
0	0	0	0.0538561	30	0	705	
0	0	0	0.0538669	31	0	729	
0	0	0	0.035634	21	0	489	
0	0	0	0.073452	42	0	993	
0	0	0	0.018204	11	0	249	
0	0	0	0.0305591	18	0	417	
0	0	0	0.0356259	21	0	489	
0	0	0	0.0594459	34	0	801	
0	0	0	0.0375602	22	0	513	
0	0	0	0.030551	18	0	417	
0	0	0	0.041357	24	0	561	
0	0	0	0.0477741	28	0	657	
0	0	0	0.028877	17	0	393	
0	0	0	0.035995	21	0	489	
0	0	0	0.0610199	35	0	825	
0	0	0	0.028657	17	0	393	
0	0	0	0.036037	21	0	489	
0	0	0	0.0214579	13	0	297	
0	0	0	0.026685	16	0	369	
0	0	0	0.02686	16	0	369	
0	0	0	0.0686381	40	0	945	
0	0	0	0.0987248	56	0	1329	
0	0	0	0.049953	29	0	681	
0	0	0	0.0285089	17	0	393	
0	0	0	0.068248	39	0	921	
0	0	0	0.117549	67	0	1593	
0	0	0	0.0700471	40	0	945	
0	0	0	0.0541379	31	0	729	
0	0	0	0.061842	35	0	825	
0	0	0	0.074502	43	0	1017	
0	0	0	0.0485439	28	0	657	
0	0	0	0.0358362	21	0	489	
0	0	0	0.0270541	16	0	369	
0	0	0	0.0233312	14	0	321	
0	0	0	0.017863	11	0	249	
0	0	0	0.0341601	20	0	465	
0	0	0	0.051759	30	0	705	
0	0	0	0.01794	11	0	249	
0	0	0	0.0430131	25	0	585	
0	0	0	0.04865	28	0	657	
0	0	0	0.0218709	13	0	297	
0	0	0	0.05002	29	0	681	
0	0	0	0.0182531	11	0	249	
0	0	0	0.0355279	21	0	489	
0	0	0	0.069916	40	0	945	
0	0	0	0.030643	18	0	417	
0	0	0	0.0641701	37	0	873	
0	0	0	0.030582	18	0	417	
0	0	0	0.0428782	25	0	585	
0	0	0	0.0233309	14	0	321	
0	0	0	0.050859	29	0	681	
0	0	0	0.036068	21	0	489	
0	0	0	0.0323281	19	0	441	
0	0	0	0.0200398	12	0	273	
0	0	0	0.025306	15	0	345	
0	0	0	0.0591259	34	0	801	
0	0	0	0.0619521	36	0	849	
0	0	0	0.01438	9	0	201	
0	0	0	0.0662179	38	0	897	
0	0	0	0.061187	35	0	825	
0	0	0	0.0555398	32	0	753	
0	0	0	0.0667689	38	0	897	
0	0	0	0.0284948	17	0	393	
0	0	0	0.0305429	18	0	417	
0	0	0	0.0308151	18	0	417	
0	0	0	0.082067	47	0	1113	
0	0	0	0.0108628	7	0	153	
0	0	0	0.0342069	20	0	465	
0	0	0	0.0452242	26	0	609	
0	0	0	0.0341699	20	0	465	
0	0	0	0.0452549	26	0	609	
0	0	0	0.064503	37	0	873	
0	0	0	0.036875	21	0	489	
0	0	0	0.0145361	9	0	201	
0	0	0	0.066571	38	0	897	
0	0	0	0.0255489	15	0	345	
0	0	0	0.04495	26	0	609	
0	0	0	0.017971	11	0	249	
0	0	0	0.0252781	15	0	345	
0	0	0	0.0481291	28	0	657	
0	0	0	0.0635049	37	0	873	
0	0	0	0.016166	10	0	225	
0	0	0	0.0425761	25	0	585	
0	0	0	0.063483	37	0	873	
0	0	0	0.0549841	32	0	753	
0	0	0	0.032083	19	0	441	
0	0	0	0.0266221	16	0	369	
0	0	0	0.0482192	28	0	657	
0	0	0	0.0593991	34	0	801	
0	0	0	0.010782	7	0	153	
0	0	0	0.0837321	48	0	1137	
0	0	0	0.0305021	18	0	417	
0	0	0	0.0339611	20	0	465	
0	0	0	0.0451841	26	0	609	
0	0	0	0.0565069	32	0	753	
0	0	0	0.0613308	35	0	825	
0	0	0	0.060802	35	0	825	
0	0	0	0.0320799	19	0	441	
0	0	0	0.0409598	24	0	561	
0	0	0	0.0307028	18	0	417	
0	0	0	0.0267229	16	0	369	
0	0	0	0.0287449	17	0	393	
0	0	0	0.0217171	13	0	297	
0	0	0	0.078222	45	0	1065	
0	0	0	0.081578	47	0	1113	
0	0	0	0.0489368	28	0	657	
0	0	0	0.051533	30	0	705	
0	0	0	0.0180199	11	0	249	
0	0	0	0.023438	14	0	321	
0	0	0	0.0304661	18	0	417	
0	0	0	0.030575	18	0	417	
0	0	0	0.00365686	3	0	57	
0	0	0	0.0501959	29	0	681	
0	0	0	0.0807431	46	0	1089	
0	0	0	0.0379441	22	0	513	
0	0	0	0.0430479	25	0	585	
0	0	0	0.051656	30	0	705	
0	0	0	0.065244	37	0	873	
0	0	0	0.0267892	16	0	369	
0	0	0	0.0282271	17	0	393	
0	0	0	0.0307429	18	0	417	
0	0	0	0.0214241	13	0	297	
0	0	0	0.048245	28	0	657	
0	0	0	0.0730641	42	0	993	
0	0	0	0.043313	25	0	585	
0	0	0	0.066344	38	0	897	
0	0	0	0.0590339	34	0	801	
0	0	0	0.079217	45	0	1065	
0	0	0	0.00906396	6	0	129	
0	0	0	0.0772669	44	0	1041	
0	0	0	0.039444	23	0	537	
0	0	0	0.0447838	26	0	609	
0	0	0	0.082695	47	0	1113	
0	0	0	0.0495491	29	0	681	
0	0	0	0.042989	25	0	585	
0	0	0	0.0558951	32	0	753	
0	0	0	0.0450871	26	0	609	
0	0	0	0.02525	15	0	345	
0	0	0	0.0377529	22	0	513	
0	0	0	0.0503409	29	0	681	
0	0	0	0.010638	7	0	153	
0	0	0	0.0214901	13	0	297	
0	0	0	0.0536051	31	0	729	
0	0	0	0.02156	13	0	297	
0	0	0	0.0576131	33	0	777	
0	0	0	0.0378082	22	0	513	
0	0	0	0.0250149	15	0	345	
0	0	0	0.0200899	12	0	273	
0	0	0	0.078521	45	0	1065	
0	0	0	0.0268381	16	0	369	
0	0	0	0.052757	30	0	705	
0	0	0	0.0254641	15	0	345	
0	0	0	0.0360951	21	0	489	
0	0	0	0.030385	18	0	417	
0	0	0	0.0395579	23	0	537	
0	0	0	0.0341911	20	0	465	
0	0	0	0.0413771	24	0	561	
0	0	0	0.0428431	25	0	585	
0	0	0	0.0410502	24	0	561	
0	0	0	0.00710797	5	0	105	
0	0	0	0.0322981	19	0	441	
0	0	0	0.0430169	25	0	585	
0	0	0	0.060606	35	0	825	
0	0	0	0.0447829	26	0	609	
0	0	0	0.0430279	25	0	585	
0	0	0	0.052213	30	0	705	
0	0	0	0.023284	14	0	321	
0	0	0	0.0234311	14	0	321	
0	0	0	0.0553219	32	0	753	
0	0	0	0.03392	20	0	465	
0	0	0	0.029067	17	0	393	
0	0	0	0.018086	11	0	249	
0	0	0	0.0492601	28	0	657	
0	0	0	0.047744	27	0	633	
0	0	0	0.050648	29	0	681	
0	0	0	0.0308142	18	0	417	
0	0	0	0.0434589	25	0	585	
0	0	0	0.0433512	25	0	585	
0	0	0	0.036315	21	0	489	
0	0	0	0.068336	39	0	921	
0	0	0	0.0164261	10	0	225	
0	0	0	0.0447369	26	0	609	
0	0	0	0.048378	28	0	657	
0	0	0	0.095114	54	0	1281	
0	0	0	0.036015	21	0	489	
0	0	0	0.0448959	26	0	609	
0	0	0	0.073122	42	0	993	
0	0	0	0.0599499	34	0	801	
0	0	0	0.064472	37	0	873	
0	0	0	0.067945	39	0	921	
0	0	0	0.0598578	34	0	801	
0	0	0	0.0661821	38	0	897	
0	0	0	0.04318	25	0	585	
0	0	0	0.0786009	45	0	1065	
0	0	0	0.0288742	17	0	393	
0	0	0	0.0823622	47	0	1113	
0	0	0	0.0556891	32	0	753	
0	0	0	0.0322652	19	0	441	
0	0	0	0.0196559	12	0	273	
0	0	0	0.039494	23	0	537	
0	0	0	0.0506799	29	0	681	
0	0	0	0.0305972	18	0	417	
0	0	0	0.0430641	25	0	585	
0	0	0	0.052037	30	0	705	
0	0	0	0.0486999	28	0	657	
0	0	0	0.0378509	22	0	513	
0	0	0	0.059979	34	0	801	
0	0	0	0.062552	36	0	849	
0	0	0	0.030941	18	0	417	
0	0	0	0.0592721	34	0	801	
0	0	0	0.066726	38	0	897	
0	0	0	0.041194	24	0	561	
0	0	0	0.032424	19	0	441	
0	0	0	0.0359731	21	0	489	
0	0	0	0.0374601	22	0	513	
0	0	0	0.0213041	13	0	297	
0	0	0	0.033895	20	0	465	
0	0	0	0.0289209	17	0	393	
0	0	0	0.048121	28	0	657	
0	0	0	0.0305748	18	0	417	
0	0	0	0.048147	28	0	657	
0	0	0	0.051053	30	0	705	
0	0	0	0.0429039	25	0	585	
0	0	0	0.0302641	18	0	417	
0	0	0	0.0320539	19	0	441	
0	0	0	0.0359731	21	0	489	
0	0	0	0.0232489	14	0	321	
0	0	0	0.040993	24	0	561	
0	0	0	0.064405	37	0	873	
0	0	0	0.0197549	12	0	273	
0	0	0	0.0541508	31	0	729	
0	0	0	0.0343599	20	0	465	
0	0	0	0.0629802	36	0	849	
0	0	0	0.0447519	26	0	609	
0	0	0	0.095525	54	0	1281	
0	0	0	0.057966	33	0	777	
0	0	0	0.055706	32	0	753	
0	0	0	0.0197842	12	0	273	
0	0	0	0.0638442	37	0	873	
0	0	0	0.023613	14	0	321	
0	0	0	0.0411918	24	0	561	
0	0	0	0.0408258	24	0	561	
0	0	0	0.0447421	26	0	609	
0	0	0	0.048425	28	0	657	
0	0	0	0.039324	23	0	537	
0	0	0	0.0333631	20	0	465	
0	0	0	0.0393121	23	0	537	
0	0	0	0.051836	30	0	705	
0	0	0	0.0268471	16	0	369	
0	0	0	0.076071	44	0	1041	
0	0	0	0.0576	33	0	777	
0	0	0	0.0305612	18	0	417	
0	0	0	0.0340481	20	0	465	
0	0	0	0.0700459	40	0	945	
0	0	0	0.028697	17	0	393	
0	0	0	0.030297	18	0	417	
0	0	0	0.0695429	40	0	945	
0	0	0	0.061306	35	0	825	
0	0	0	0.041414	24	0	561	
0	0	0	0.025404	15	0	345	
0	0	0	0.0320442	19	0	441	
0	0	0	0.0548601	32	0	753	
0	0	0	0.0714669	41	0	969	
0	0	0	0.037981	22	0	513	
0	0	0	0.0378342	22	0	513	
0	0	0	0.0540309	31	0	729	
0	0	0	0.0694048	40	0	945	
0	0	0	0.0704439	40	0	945	
0	0	0	0.0091579	6	0	129	
0	0	0	0.0746431	43	0	1017	
0	0	0	0.0801551	46	0	1089	
0	0	0	0.0402009	23	0	537	
0	0	0	0.065021	37	0	873	
0	0	0	0.0253041	15	0	345	
0	0	0	0.0340631	20	0	465	
0	0	0	0.0396731	23	0	537	
0	0	0	0.051837	30	0	705	
0	0	0	0.033917	20	0	465	
0	0	0	0.025111	15	0	345	
0	0	0	0.0890529	51	0	1209	
0	0	0	0.0733159	42	0	993	
0	0	0	0.0531981	31	0	729	
0	0	0	0.058923	34	0	801	
0	0	0	0.0505068	29	0	681	
0	0	0	0.032058	19	0	441	
0	0	0	0.0405381	24	0	561	
0	0	0	0.021359	13	0	297	
0	0	0	0.0585179	34	0	801	
0	0	0	0.0482888	28	0	657	
0	0	0	0.0233729	14	0	321	
0	0	0	0.0287011	17	0	393	
0	0	0	0.0589602	34	0	801	
0	0	0	0.016191	10	0	225	
0	0	0	0.0356491	21	0	489	
0	0	0	0.044256	26	0	609	
0	0	0	0.020062	12	0	273	
0	0	0	0.017988	11	0	249	
0	0	0	0.0691712	40	0	945	
0	0	0	0.0621369	36	0	849	
0	0	0	0.0609488	35	0	825	
0	0	0	0.034198	20	0	465	
0	0	0	0.0322449	19	0	441	
0	0	0	0.064837	37	0	873	
0	0	0	0.021431	13	0	297	
0	0	0	0.01245	8	0	177	
0	0	0	0.038049	22	0	513	
0	0	0	0.069705	40	0	945	
0	0	0	0.0561869	32	0	753	
0	0	0	0.0331919	20	0	465	
0	0	0	0.0490382	29	0	681	
0	0	0	0.046387	27	0	633	
0	0	0	0.0468302	27	0	633	
0	0	0	0.0448039	26	0	609	
0	0	0	0.0181451	11	0	249	
0	0	0	0.0703971	40	0	945	
0	0	0	0.0464771	27	0	633	
0	0	0	0.0288179	17	0	393	
0	0	0	0.0878899	50	0	1185	
0	0	0	0.041101	24	0	561	
0	0	0	0.0500391	29	0	681	
0	0	0	0.0657809	38	0	897	
0	0	0	0.0413451	24	0	561	
0	0	0	0.016197	10	0	225	
0	0	0	0.043766	25	0	585	
0	0	0	0.0375421	22	0	513	
0	0	0	0.0377419	22	0	513	
0	0	0	0.057121	33	0	777	
0	0	0	0.0535371	31	0	729	
0	0	0	0.0465589	27	0	633	
0	0	0	0.0431762	25	0	585	
0	0	0	0.055759	32	0	753	
0	0	0	0.0589271	34	0	801	
0	0	0	0.034261	20	0	465	
0	0	0	0.0687931	39	0	921	
0	0	0	0.078877	45	0	1065	
0	0	0	0.0358369	21	0	489	
0	0	0	0.0518	30	0	705	
0	0	0	0.028563	17	0	393	
0	0	0	0.0400238	23	0	537	
0	0	0	0.0412679	24	0	561	
0	0	0	0.0818141	47	0	1113	
0	0	0	0.014219	9	0	201	
0	0	0	0.0269699	16	0	369	
0	0	0	0.0658209	38	0	897	
0	0	0	0.059067	34	0	801	
0	0	0	0.0325649	19	0	441	
0	0	0	0.032131	19	0	441	
0	0	0	0.02496	15	0	345	
0	0	0	0.0337341	20	0	465	
0	0	0	0.0594611	34	0	801	
0	0	0	0.080934	46	0	1089	
0	0	0	0.0413659	24	0	561	
0	0	0	0.0907321	52	0	1233	
0	0	0	0.0523691	30	0	705	
0	0	0	0.0325451	19	0	441	
0	0	0	0.056092	32	0	753	
0	0	0	0.108309	62	0	1473	
0	0	0	0.0439291	25	0	585	
0	0	0	0.0476499	27	0	633	
0	0	0	0.0809879	46	0	1089	
0	0	0	0.0686369	39	0	921	
0	0	0	0.0325279	19	0	441	
0	0	0	0.05829	33	0	777	
0	0	0	0.0144961	9	0	201	
0	0	0	0.0287068	17	0	393	
0	0	0	0.066494	38	0	897	
0	0	0	0.0667791	38	0	897	
0	0	0	0.0218341	13	0	297	
0	0	0	0.0523291	30	0	705	
0	0	0	0.0752931	43	0	1017	
0	0	0	0.0525818	30	0	705	
0	0	0	0.0572739	33	0	777	
0	0	0	0.035974	21	0	489	
0	0	0	0.052345	30	0	705	
0	0	0	0.0200059	12	0	273	
0	0	0	0.0680931	39	0	921	
0	0	0	0.0234959	14	0	321	
0	0	0	0.0302479	18	0	417	
0	0	0	0.0704079	40	0	945	
0	0	0	0.0723991	41	0	969	
0	0	0	0.014621	9	0	201	
0	0	0	0.034163	20	0	465	
0	0	0	0.0325711	19	0	441	
0	0	0	0.041604	24	0	561	
0	0	0	0.0444191	26	0	609	
0	0	0	0.010596	7	0	153	
0	0	0	0.0626829	36	0	849	
0	0	0	0.0462	27	0	633	
0	0	0	0.0197189	12	0	273	
0	0	0	0.0305731	18	0	417	
0	0	0	0.019577	12	0	273	
0	0	0	0.0755901	43	0	1017	
0	0	0	0.037833	22	0	513	
0	0	0	0.0432959	25	0	585	
0	0	0	0.0394681	23	0	537	
0	0	0	0.0127192	8	0	177	
0	0	0	0.0467649	27	0	633	
0	0	0	0.0481429	28	0	657	
0	0	0	0.061343	35	0	825	
0	0	0	0.0213881	13	0	297	
0	0	0	0.0451121	26	0	609	
0	0	0	0.0199161	12	0	273	
0	0	0	0.069963	40	0	945	
0	0	0	0.041887	24	0	561	
0	0	0	0.037477	22	0	513	
0	0	0	0.0412869	24	0	561	
0	0	0	0.0706849	40	0	945	
0	0	0	0.01438	9	0	201	
0	0	0	0.028723	17	0	393	
0	0	0	0.0160129	10	0	225	
0	0	0	0.0519071	30	0	705	
0	0	0	0.0386491	23	0	537	
0	0	0	0.043478	25	0	585	
0	0	0	0.0142441	9	0	201	
0	0	0	0.0320692	19	0	441	
0	0	0	0.0216	13	0	297	
0	0	0	0.019536	12	0	273	
0	0	0	0.0267792	16	0	369	
0	0	0	0.0513709	30	0	705	
0	0	0	0.0452459	26	0	609	
0	0	0	0.026387	16	0	369	
0	0	0	0.0551989	33	0	777	
0	0	0	0.0340371	20	0	465	
0	0	0	0.0474689	27	0	633	
0	0	0	0.0126579	8	0	177	
0	0	0	0.0578079	33	0	777	
0	0	0	0.0250881	15	0	345	
0	0	0	0.00904799	6	0	129	
0	0	0	0.00885201	6	0	129	
0	0	0	0.01214	8	0	177	
0	0	0	0.042865	25	0	585	
0	0	0	0.01811	11	0	249	
0	0	0	0.0465109	27	0	633	
0	0	0	0.0363159	21	0	489	
0	0	0	0.041203	24	0	561	
0	0	0	0.044071	26	0	609	
0	0	0	0.0200801	12	0	273	
0	0	0	0.0450981	26	0	609	
0	0	0	0.030416	18	0	417	
0	0	0	0.032203	19	0	441	
0	0	0	0.047641	28	0	657	
0	0	0	0.0501409	29	0	681	
0	0	0	0.0268998	16	0	369	
0	0	0	0.007164	5	0	105	
0	0	0	0.0196981	12	0	273	
0	0	0	0.025115	15	0	345	
0	0	0	0.0590351	34	0	801	
0	0	0	0.02335	14	0	321	
0	0	0	0.017894	11	0	249	
0	0	0	0.0415881	24	0	561	
0	0	0	0.0434489	25	0	585	
0	0	0	0.016151	10	0	225	
0	0	0	0.0496709	29	0	681	
0	0	0	0.028923	17	0	393	
0	0	0	0.043144	25	0	585	
0	0	0	0.0322659	19	0	441	
0	0	0	0.0269659	16	0	369	
0	0	0	0.00908709	6	0	129	
0	0	0	0.01788	11	0	249	
0	0	0	0.03197	19	0	441	
0	0	0	0.059377	34	0	801	
0	0	0	0.0288451	17	0	393	
0	0	0	0.0235319	14	0	321	
0	0	0	0.0342221	20	0	465	
0	0	0	0.03075	18	0	417	
0	0	0	0.030823	18	0	417	
0	0	0	0.0466518	27	0	633	
0	0	0	0.0556951	32	0	753	
0	0	0	0.0199649	12	0	273	
0	0	0	0.0197849	12	0	273	
0	0	0	0.0214448	13	0	297	
0	0	0	0.0376451	22	0	513	
0	0	0	0.047035	27	0	633	
0	0	0	0.00367999	3	0	57	
0	0	0	0.042861	25	0	585	
0	0	0	0.048692	28	0	657	
0	0	0	0.028707	17	0	393	
0	0	0	0.0358069	21	0	489	
0	0	0	0.047749	28	0	657	
0	0	0	0.0288129	17	0	393	
0	0	0	0.041055	24	0	561	
0	0	0	0.0214651	13	0	297	
0	0	0	0.0126801	8	0	177	
0	0	0	0.0267169	16	0	369	
0	0	0	0.0622671	36	0	849	
0	0	0	0.0535948	31	0	729	
0	0	0	0.0486171	28	0	657	
0	0	0	0.054095	31	0	729	
0	0	0	0.037683	22	0	513	
0	0	0	0.046221	27	0	633	
0	0	0	0.0395639	23	0	537	
0	0	0	0.0410092	24	0	561	
0	0	0	0.0522101	30	0	705	
0	0	0	0.0320899	19	0	441	
0	0	0	0.0216339	13	0	297	
0	0	0	0.02122	13	0	297	
0	0	0	0.0143971	9	0	201	
0	0	0	0.0179949	11	0	249	
0	0	0	0.070189	40	0	945	
0	0	0	0.036186	21	0	489	
0	0	0	0.00882006	6	0	129	
0	0	0	0.0322309	19	0	441	
0	0	0	0.0253129	15	0	345	
0	0	0	0.0747411	43	0	1017	
0	0	0	0.0352502	21	0	489	
0	0	0	0.0372791	22	0	513	
0	0	0	0.0267689	16	0	369	
0	0	0	0.0617011	34	0	801	
0	0	0	0.0291688	17	0	393	
0	0	0	0.00194001	2	0	33	
0	0	0	0.0273731	16	0	369	
0	0	0	0.0269661	16	0	369	
0	0	0	0.0506451	29	0	681	
0	0	0	0.0699859	40	0	945	
0	0	0	0.080874	46	0	1089	
0	0	0	0.032654	19	0	441	
0	0	0	0.0382268	22	0	513	
0	0	0	0.0294752	17	0	393	
0	0	0	0.018127	11	0	249	
0	0	0	0.052171	30	0	705	
0	0	0	0.053468	31	0	729	
0	0	0	0.0541461	31	0	729	
0	0	0	0.0634031	36	0	849	
0	0	0	0.0414791	24	0	561	
0	0	0	0.036036	21	0	489	
0	0	0	0.0202029	12	0	273	
0	0	0	0.079165	39	0	921	
0	0	0	0.068716	39	0	921	
0	0	0	0.042206	24	0	561	
0	0	0	0.0292962	17	0	393	
0	0	0	0.00370193	3	0	57	
0	0	0	0.065136	37	0	873	
0	0	0	0.0450151	26	0	609	
0	0	0	0.0590498	34	0	801	
0	0	0	0.0703149	40	0	945	
0	0	0	0.060967	35	0	825	
0	0	0	0.0573809	33	0	777	
0	0	0	0.0163929	10	0	225	
0	0	0	0.0842569	48	0	1137	
0	0	0	0.018249	11	0	249	
0	0	0	0.0267959	16	0	369	
0	0	0	0.032445	19	0	441	
0	0	0	0.0431931	25	0	585	
0	0	0	0.0990019	56	0	1329	
0	0	0	0.0722191	41	0	969	
0	0	0	0.0448651	26	0	609	
0	0	0	0.0196428	12	0	273	
0	0	0	0.044719	26	0	609	
0	0	0	0.0356839	21	0	489	
0	0	0	0.057425	33	0	777	
0	0	0	0.026686	16	0	369	
0	0	0	0.0807431	46	0	1089	
0	0	0	0.051384	30	0	705	
0	0	0	0.040524	24	0	561	
0	0	0	0.045351	26	0	609	
0	0	0	0.0635459	36	0	849	
0	0	0	0.037545	22	0	513	
0	0	0	0.0394549	23	0	537	
0	0	0	0.0481119	28	0	657	
0	0	0	0.0361481	21	0	489	
0	0	0	0.00364304	3	0	57	
0	0	0	0.0305171	18	0	417	
0	0	0	0.025275	15	0	345	
0	0	0	0.00546694	4	0	81	
0	0	0	0.043262	25	0	585	
0	0	0	0.0431111	25	0	585	
0	0	0	0.05545	32	0	753	
0	0	0	0.0373011	22	0	513	
0	0	0	0.025023	15	0	345	
0	0	0	0.0504138	29	0	681	
0	0	0	0.0673499	38	0	897	
0	0	0	0.0344231	20	0	465	
0	0	0	0.0549929	32	0	753	
0	0	0	0.0627961	36	0	849	
0	0	0	0.0286939	17	0	393	
0	0	0	0.0241349	14	0	321	
0	0	0	0.0479119	28	0	657	
0	0	0	0.037493	22	0	513	
0	0	0	0.048526	28	0	657	
0	0	0	0.030431	18	0	417	
0	0	0	0.0662971	38	0	897	
0	0	0	0.041208	24	0	561	
0	0	0	0.012696	8	0	177	
0	0	0	0.0552011	32	0	753	
0	0	0	0.070008	40	0	945	
0	0	0	0.0538611	31	0	729	
0	0	0	0.0199318	12	0	273	
0	0	0	0.0250311	15	0	345	
0	0	0	0.0449829	26	0	609	
0	0	0	0.0343509	20	0	465	
0	0	0	0.0145502	9	0	201	
0	0	0	0.0379238	22	0	513	
0	0	0	0.085995	49	0	1161	
0	0	0	0.0218391	13	0	297	
0	0	0	0.0288401	17	0	393	
0	0	0	0.0610771	35	0	825	
0	0	0	0.0429699	25	0	585	
0	0	0	0.0306201	18	0	417	
0	0	0	0.05933	34	0	801	
0	0	0	0.077229	44	0	1041	
0	0	0	0.0217569	13	0	297	
0	0	0	0.048666	28	0	657	
0	0	0	0.0398829	23	0	537	
0	0	0	0.057205	33	0	777	
0	0	0	0.0125079	8	0	177	
0	0	0	0.0198641	12	0	273	
0	0	0	0.03054	18	0	417	
0	0	0	0.0486932	28	0	657	
0	0	0	0.036124	21	0	489	
0	0	0	0.0541809	31	0	729	
0	0	0	0.039788	23	0	537	
0	0	0	0.0464711	27	0	633	
0	0	0	0.0270071	16	0	369	
0	0	0	0.0323911	19	0	441	
0	0	0	0.0994651	56	0	1329	
0	0	0	0.0395181	23	0	537	
0	0	0	0.0178819	11	0	249	
0	0	0	0.059803	34	0	801	
0	0	0	0.0632808	36	0	849	
0	0	0	0.047127	27	0	633	
0	0	0	0.0652471	37	0	873	
0	0	0	0.0395539	23	0	537	
0	0	0	0.032222	19	0	441	
0	0	0	0.0287111	17	0	393	
0	0	0	0.050504	29	0	681	
0	0	0	0.0270841	16	0	369	
0	0	0	0.028496	17	0	393	
0	0	0	0.0450029	26	0	609	
0	0	0	0.0502691	29	0	681	
0	0	0	0.019809	12	0	273	
0	0	0	0.0054369	4	0	81	
0	0	0	0.0414898	24	0	561	
0	0	0	0.0216219	13	0	297	
0	0	0	0.039289	23	0	537	
0	0	0	0.0146692	9	0	201	
0	0	0	0.0733211	42	0	993	
0	0	0	0.019918	12	0	273	
0	0	0	0.0319712	19	0	441	
0	0	0	0.055248	32	0	753	
0	0	0	0.0125399	8	0	177	
0	0	0	0.0583999	33	0	777	
0	0	0	0.0393381	23	0	537	
0	0	0	0.0340991	20	0	465	
0	0	0	0.0698841	40	0	945	
0	0	0	0.0861051	49	0	1161	
0	0	0	0.043052	25	0	585	
0	0	0	0.00537992	4	0	81	
0	0	0	0.035913	21	0	489	
0	0	0	0.0125329	8	0	177	
0	0	0	0.00193095	2	0	33	
0	0	0	0.00536609	4	0	81	
0	0	0	0.0266862	16	0	369	
0	0	0	0.0216179	13	0	297	
0	0	0	0.062511	36	0	849	
0	0	0	0.0500641	29	0	681	
0	0	0	0.0181711	11	0	249	
0	0	0	0.03234	19	0	441	
0	0	0	0.0199649	12	0	273	
0	0	0	0.014318	9	0	201	
0	0	0	0.0476301	28	0	657	
0	0	0	0.0666339	38	0	897	
0	0	0	0.037709	22	0	513	
0	0	0	0.0200632	12	0	273	
0	0	0	0.0340562	20	0	465	
0	0	0	0.0142672	9	0	201	
0	0	0	0.03528	21	0	489	
0	0	0	0.043071	25	0	585	
0	0	0	0.00370097	3	0	57	
0	0	0	0.069397	40	0	945	
0	0	0	0.0287571	17	0	393	
0	0	0	0.0305479	18	0	417	
0	0	0	0.0179188	11	0	249	
0	0	0	0.025043	15	0	345	
0	0	0	0.0126791	8	0	177	
0	0	0	0.019861	12	0	273	
0	0	0	0.052042	30	0	705	
0	0	0	0.034162	20	0	465	
0	0	0	0.00358891	3	0	57	
0	0	0	0.0464051	27	0	633	
0	0	0	0.023118	14	0	321	
0	0	0	0.0252271	15	0	345	
0	0	0	0.0251122	15	0	345	
0	0	0	0.018363	11	0	249	
0	0	0	0.033731	20	0	465	
0	0	0	0.0268672	16	0	369	
0	0	0	0.0385549	23	0	537	
0	0	0	0.0105159	7	0	153	
0	0	0	0.0299501	18	0	417	
0	0	0	0.045202	26	0	609	
0	0	0	0.00368881	3	0	57	
0	0	0	0.0371258	22	0	513	
0	0	0	0.034256	20	0	465	
0	0	0	0.021394	13	0	297	
0	0	0	0.0144641	9	0	201	
0	0	0	0.0163212	10	0	225	
0	0	0	0.035728	21	0	489	
0	0	0	0.0196149	12	0	273	
0	0	0	0.0179651	11	0	249	
0	0	0	0.0398941	23	0	537	
0	0	0	0.0232811	14	0	321	
0	0	0	0.026921	16	0	369	
0	0	0	0.025034	15	0	345	
0	0	0	0.0125918	8	0	177	
0	0	0	0.0324891	19	0	441	
0	0	0	0.0214899	13	0	297	
0	0	0	0.014281	9	0	201	
0	0	0	0.00536203	4	0	81	
0	0	0	0.0234411	14	0	321	
0	0	0	0.0548	32	0	753	
0	0	0	0.0427308	25	0	585	
0	0	0	0.032439	19	0	441	
0	0	0	0.0213859	13	0	297	
0	0	0	0.0179231	11	0	249	
0	0	0	0.0143349	9	0	201	
0	0	0	0.028837	17	0	393	
0	0	0	0.041358	24	0	561	
0	0	0	0.0158799	10	0	225	
0	0	0	0.034107	20	0	465	
0	0	0	0.04338	25	0	585	
0	0	0	0.0445619	26	0	609	
0	0	0	0.0291061	17	0	393	
0	0	0	0.00533891	4	0	81	
0	0	0	0.0424092	25	0	585	
0	0	0	0.0302942	18	0	417	
0	0	0	0.074044	42	0	993	
0	0	0	0.0216491	13	0	297	
0	0	0	0.0179732	11	0	249	
0	0	0	0.0326722	19	0	441	
0	0	0	0.050071	29	0	681	
0	0	0	0.00362206	3	0	57	
0	0	0	0.0375259	22	0	513	
0	0	0	0.026948	16	0	369	
0	0	0	0.0251522	15	0	345	
0	0	0	0.0430372	25	0	585	
0	0	0	0.0486419	28	0	657	
0	0	0	0.0412459	24	0	561	
0	0	0	0.0481968	28	0	657	
0	0	0	0.00362611	3	0	57	
0	0	0	0.0802841	46	0	1089	
0	0	0	0.039207	23	0	537	
0	0	0	0.0195868	12	0	273	
0	0	0	0.02863	17	0	393	
0	0	0	0.059037	34	0	801	
0	0	0	0.034081	20	0	465	
0	0	0	0.0502939	29	0	681	
0	0	0	0.00363994	3	0	57	
0	0	0	0.0180168	11	0	249	
0	0	0	0.058795	34	0	801	
0	0	0	0.0289829	17	0	393	
0	0	0	0.043052	25	0	585	
0	0	0	0.021461	13	0	297	
0	0	0	0.00532913	4	0	81	
0	0	0	0.0618062	36	0	849	
0	0	0	0.066081	38	0	897	
0	0	0	0.025243	15	0	345	
0	0	0	0.023381	14	0	321	
0	0	0	0.0431299	25	0	585	
0	0	0	0.0304351	18	0	417	
0	0	0	0.0180609	11	0	249	
0	0	0	0.028688	17	0	393	
0	0	0	0.00717402	5	0	105	
0	0	0	0.0523081	30	0	705	
0	0	0	0.0306101	18	0	417	
0	0	0	0.0200951	12	0	273	
0	0	0	0.03951	23	0	537	
0	0	0	0.0235372	14	0	321	
0	0	0	0.0659711	38	0	897	
0	0	0	0.026926	16	0	369	
0	0	0	0.0288029	17	0	393	
0	0	0	0.0248461	15	0	345	
0	0	0	0.003613	3	0	57	
0	0	0	0.0393932	23	0	537	
0	0	0	0.010885	7	0	153	
0	0	0	0.0107539	7	0	153	
0	0	0	0.0284948	17	0	393	
0	0	0	0.0200579	12	0	273	
0	0	0	0.016104	10	0	225	
0	0	0	0.0287709	17	0	393	
0	0	0	0.0108399	7	0	153	
0	0	0	0.02	12	0	273	
0	0	0	0.0325661	19	0	441	
0	0	0	0.0359068	21	0	489	
0	0	0	0.0252509	15	0	345	
0	0	0	0.0362639	21	0	489	
0	0	0	0.017746	11	0	249	
0	0	0	0.0676541	39	0	921	
0	0	0	0.049634	29	0	681	
0	0	0	0.0163131	10	0	225	
0	0	0	0.0863311	49	0	1161	
0	0	0	0.0287189	17	0	393	
0	0	0	0.018265	11	0	249	
0	0	0	0.0128539	8	0	177	
0	0	0	0.0241241	14	0	321	
0	0	0	0.016706	10	0	225	
0	0	0	0.0740039	41	0	969	
0	0	0	0.036587	21	0	489	
0	0	0	0.00195003	2	0	33	
0	0	0	0.00539303	4	0	81	
0	0	0	0.057179	32	0	753	
0	0	0	0.049799	28	0	657	
0	0	0	0.036963	21	0	489	
0	0	0	0.0770071	43	0	1017	
0	0	0	0.0405931	23	0	537	
0	0	0	0.0584559	33	0	777	
0	0	0	0.017772	11	0	249	
0	0	0	0.085762	48	0	1137	
0	0	0	0.051347	29	0	681	
0	0	0	0.0952249	53	0	1257	
0	0	0	0.0275691	16	0	369	
0	0	0	0.0847461	48	0	1137	
0	0	0	0.06267	36	0	849	
0	0	0	0.0323961	19	0	441	
0	0	0	0.00711799	5	0	105	
0	0	0	0.00712419	5	0	105	
0	0	0	0.0249491	15	0	345	
0	0	0	0.005404	4	0	81	
0	0	0	0.019763	12	0	273	
0	0	0	0.0339231	20	0	465	
0	0	0	0.046067	27	0	633	
0	0	0	0.041276	24	0	561	
0	0	0	0.030314	18	0	417	
0	0	0	0.0486612	28	0	657	
0	0	0	0.0635161	36	0	849	
0	0	0	0.0340259	20	0	465	
0	0	0	0.032269	19	0	441	
0	0	0	0.057328	33	0	777	
0	0	0	0.0524511	30	0	705	
0	0	0	0.0481272	28	0	657	
0	0	0	0.0267801	16	0	369	
0	0	0	0.0431552	25	0	585	
0	0	0	0.0513241	30	0	705	
0	0	0	0.0234621	14	0	321	
0	0	0	0.0394249	23	0	537	
0	0	0	0.055372	32	0	753	
0	0	0	0.033076	20	0	465	
0	0	0	0.021112	13	0	297	
0	0	0	0.081567	47	0	1113	
0	0	0	0.0289299	17	0	393	
0	0	0	0.0665948	38	0	897	
0	0	0	0.0684371	39	0	921	
0	0	0	0.0464849	27	0	633	
0	0	0	0.0382669	22	0	513	
0	0	0	0.0177391	11	0	249	
0	0	0	0.0444381	26	0	609	
0	0	0	0.0235701	14	0	321	
0	0	0	0.0537441	31	0	729	
0	0	0	0.0286109	17	0	393	
0	0	0	0.0270271	16	0	369	
0	0	0	0.0362401	21	0	489	
0	0	0	0.0198009	12	0	273	
0	0	0	0.0579209	33	0	777	
0	0	0	0.0213778	13	0	297	
0	0	0	0.035933	21	0	489	
0	0	0	0.050621	29	0	681	
0	0	0	0.021488	13	0	297	
0	0	0	0.042954	25	0	585	
0	0	0	0.0271602	16	0	369	
0	0	0	0.030266	18	0	417	
0	0	0	0.0444288	26	0	609	
0	0	0	0.0345302	20	0	465	
0	0	0	0.0657389	38	0	897	
0	0	0	0.0198741	12	0	273	
0	0	0	0.04281	25	0	585	
0	0	0	0.0325501	19	0	441	
0	0	0	0.0270491	16	0	369	
0	0	0	0.043241	25	0	585	
0	0	0	0.00718212	5	0	105	
0	0	0	0.035727	21	0	489	
0	0	0	0.0631931	36	0	849	
0	0	0	0.02876	17	0	393	
0	0	0	0.0336671	20	0	465	
0	0	0	0.0481131	28	0	657	
0	0	0	0.0487971	28	0	657	
0	0	0	0.0284791	17	0	393	
0	0	0	0.042927	25	0	585	
0	0	0	0.037818	22	0	513	
0	0	0	0.0321012	19	0	441	
0	0	0	0.0396991	23	0	537	
0	0	0	0.06457	37	0	873	
0	0	0	0.010787	7	0	153	
0	0	0	0.0458789	27	0	633	
0	0	0	0.033644	20	0	465	
0	0	0	0.018019	11	0	249	
0	0	0	0.00713301	5	0	105	
0	0	0	0.0676708	39	0	921	
0	0	0	0.0199049	12	0	273	
0	0	0	0.024905	15	0	345	
0	0	0	0.0144181	9	0	201	
0	0	0	0.084517	48	0	1137	
0	0	0	0.010839	7	0	153	
0	0	0	0.0253251	15	0	345	
0	0	0	0.041234	24	0	561	
0	0	0	0.106038	61	0	1449	
0	0	0	0.00893807	6	0	129	
0	0	0	0.039048	23	0	537	
0	0	0	0.00364685	3	0	57	
0	0	0	0.00532508	4	0	81	
0	0	0	0.0232458	14	0	321	
0	0	0	0.00368309	3	0	57	
0	0	0	0.0371301	22	0	513	
0	0	0	0.028861	17	0	393	
0	0	0	0.0159712	10	0	225	
0	0	0	0.00373912	3	0	57	
0	0	0	0.0036509	3	0	57	
0	0	0	0.0250518	15	0	345	
0	0	0	0.00363612	3	0	57	
0	0	0	0.0104949	7	0	153	
0	0	0	0.017848	11	0	249	
0	0	0	0.016077	10	0	225	
0	0	0	0.097409	56	0	1329	
0	0	0	0.00379109	3	0	57	
0	0	0	0.0251141	15	0	345	
0	0	0	0.024929	15	0	345	
0	0	0	0.00547218	4	0	81	
0	0	0	0.0423992	25	0	585	
0	0	0	0.0486491	28	0	657	
0	0	0	0.0107348	7	0	153	
0	0	0	0.0107021	7	0	153	
0	0	0	0.0248089	15	0	345	
0	0	0	0.00358796	3	0	57	
0	0	0	0.0508358	30	0	705	
0	0	0	0.0195999	12	0	273	
0	0	0	0.00539207	4	0	81	
0	0	0	0.102196	60	0	1425	
0	0	0	0.0126431	8	0	177	
0	0	0	0.040386	24	0	561	
0	0	0	0.035944	21	0	489	
0	0	0	0.00538492	4	0	81	
0	0	0	0.0332451	20	0	465	
0	0	0	0.024704	15	0	345	
0	0	0	0.00360608	3	0	57	
0	0	0	0.0591881	34	0	801	
0	0	0	0.016052	10	0	225	
0	0	0	0.017673	11	0	249	
0	0	0	0.0198579	12	0	273	
0	0	0	0.0335538	20	0	465	
0	0	0	0.00889206	6	0	129	
0	0	0	0.0142119	9	0	201	
0	0	0	0.0286472	17	0	393	
0	0	0	0.031847	19	0	441	
0	0	0	0.00897408	6	0	129	
0	0	0	0.00888205	6	0	129	
0	0	0	0.00358891	3	0	57	
0	0	0	0.0336509	20	0	465	
0	0	0	0.0392809	23	0	537	
0	0	0	0.012768	8	0	177	
0	0	0	0.0591998	34	0	801	
0	0	0	0.0359681	21	0	489	
0	0	0	0.0180869	11	0	249	
0	0	0	0.0288489	17	0	393	
0	0	0	0.0730031	42	0	993	
0	0	0	0.0338051	20	0	465	
0	0	0	0.0199671	12	0	273	
0	0	0	0.0501859	29	0	681	
0	0	0	0.0305002	18	0	417	
0	0	0	0.0107729	7	0	153	
0	0	0	0.0197001	12	0	273	
0	0	0	0.012501	8	0	177	
0	0	0	0.0730691	42	0	993	
0	0	0	0.0234079	14	0	321	
0	0	0	0.0663171	38	0	897	
0	0	0	0.050281	29	0	681	
0	0	0	0.056901	33	0	777	
0	0	0	0.0427349	25	0	585	
0	0	0	0.0875812	50	0	1185	
0	0	0	0.0671959	38	0	897	
0	0	0	0.053642	31	0	729	
0	0	0	0.0395579	23	0	537	
0	0	0	0.0531061	31	0	729	
0	0	0	0.0393519	23	0	537	
0	0	0	0.016293	10	0	225	
0	0	0	0.0395689	23	0	537	
0	0	0	0.0466661	27	0	633	
0	0	0	0.0375581	22	0	513	
0	0	0	0.0505328	29	0	681	
0	0	0	0.059099	34	0	801	
0	0	0	0.0249832	15	0	345	
0	0	0	0.0762651	44	0	1041	
0	0	0	0.070241	40	0	945	
0	0	0	0.0361619	21	0	489	
0	0	0	0.024888	15	0	345	
0	0	0	0.037055	22	0	513	
0	0	0	0.030154	18	0	417	
0	0	0	0.0307319	18	0	417	
0	0	0	0.0643511	37	0	873	
0	0	0	0.00933099	6	0	129	
0	0	0	0.032037	19	0	441	
0	0	0	0.024837	15	0	345	
0	0	0	0.0537021	31	0	729	
0	0	0	0.0390999	23	0	537	
0	0	0	0.048404	28	0	657	
0	0	0	0.0376089	22	0	513	
0	0	0	0.0268681	16	0	369	
0	0	0	0.0913372	52	0	1233	
0	0	0	0.0431309	25	0	585	
0	0	0	0.057914	33	0	777	
0	0	0	0.0270438	16	0	369	
0	0	0	0.043129	25	0	585	
0	0	0	0.0826972	47	0	1113	
0	0	0	0.037648	22	0	513	
0	0	0	0.053369	31	0	729	
0	0	0	0.0575111	33	0	777	
0	0	0	0.03072	18	0	417	
0	0	0	0.0270541	16	0	369	
0	0	0	0.035816	21	0	489	
0	0	0	0.0288022	17	0	393	
0	0	0	0.0537531	31	0	729	
0	0	0	0.07319	42	0	993	
0	0	0	0.0234852	14	0	321	
0	0	0	0.0177071	11	0	249	
0	0	0	0.019624	12	0	273	
0	0	0	0.0434811	25	0	585	
0	0	0	0.0418758	24	0	561	
0	0	0	0.00363898	3	0	57	
0	0	0	0.0507591	29	0	681	
0	0	0	0.032475	19	0	441	
0	0	0	0.0765848	44	0	1041	
0	0	0	0.0449541	26	0	609	
0	0	0	0.0286241	17	0	393	
0	0	0	0.078248	45	0	1065	
0	0	0	0.032624	19	0	441	
0	0	0	0.035881	21	0	489	
0	0	0	0.0303841	18	0	417	
0	0	0	0.047039	27	0	633	
0	0	0	0.051986	30	0	705	
0	0	0	0.0393519	23	0	537	
0	0	0	0.0377369	22	0	513	
0	0	0	0.048532	28	0	657	
0	0	0	0.050458	29	0	681	
0	0	0	0.0874209	50	0	1185	
0	0	0	0.0357809	21	0	489	
0	0	0	0.094172	53	0	1257	
0	0	0	0.0609808	35	0	825	
0	0	0	0.0505829	29	0	681	
0	0	0	0.00902414	6	0	129	
0	0	0	0.0179291	11	0	249	
0	0	0	0.063484	36	0	849	
0	0	0	0.0233939	14	0	321	
0	0	0	0.107123	61	0	1449	
0	0	0	0.0592918	34	0	801	
0	0	0	0.0560789	32	0	753	
0	0	0	0.0894692	51	0	1209	
0	0	0	0.046628	27	0	633	
0	0	0	0.0666111	38	0	897	
0	0	0	0.056056	32	0	753	
0	0	0	0.0356948	21	0	489	
0	0	0	0.0574601	33	0	777	
0	0	0	0.0689199	39	0	921	
0	0	0	0.0883012	50	0	1185	
0	0	0	0.0881462	50	0	1185	
0	0	0	0.055599	32	0	753	
0	0	0	0.034277	20	0	465	
0	0	0	0.0163541	10	0	225	
0	0	0	0.0739698	42	0	993	
0	0	0	0.04334	25	0	585	
0	0	0	0.066716	38	0	897	
0	0	0	0.0425069	25	0	585	
0	0	0	0.0143158	9	0	201	
0	0	0	0.0196259	12	0	273	
0	0	0	0.0106561	7	0	153	
0	0	0	0.0089848	6	0	129	
0	0	0	0.019872	12	0	273	
0	0	0	0.00710392	5	0	105	
0	0	0	0.0159049	10	0	225	
0	0	0	0.00529408	4	0	81	
0	0	0	0.022856	14	0	321	
0	0	0	0.00537896	4	0	81	
0	0	0	0.030051	18	0	417	
0	0	0	0.00534081	4	0	81	
0	0	0	0.0194769	12	0	273	
0	0	0	0.00356698	3	0	57	
0	0	0	0.0158169	10	0	225	
0	0	0	0.00356793	3	0	57	
0	0	0	0.0141189	9	0	201	
0	0	0	0.00541782	4	0	81	
0	0	0	0.014122	9	0	201	
0	0	0	0.00714183	5	0	105	
0	0	0	0.0177889	11	0	249	
0	0	0	0.00360394	3	0	57	
0	0	0	0.0124879	8	0	177	
0	0	0	0.00355101	3	0	57	
0	0	0	0.0142388	9	0	201	
0	0	0	0.00197005	2	0	33	
0	0	0	0.029989	18	0	417	
0	0	0	0.00532699	4	0	81	
0	0	0	0.0321341	19	0	441	
0	0	0	0.0071671	5	0	105	
0	0	0	0.0320249	19	0	441	
0	0	0	0.00538683	4	0	81	
0	0	0	0.0672982	39	0	921	
0	0	0	0.0089438	6	0	129	
0	0	0	0.0230792	14	0	321	
0	0	0	0.00193691	2	0	33	
0	0	0	0.0426362	25	0	585	
0	0	0	0.00889015	6	0	129	
0	0	0	0.0320241	19	0	441	
0	0	0	0.00538707	4	0	81	
0	0	0	0.0179071	11	0	249	
0	0	0	0.0143011	9	0	201	
0	0	0	0.0214391	13	0	297	
0	0	0	0.0159059	10	0	225	
0	0	0	0.0267529	16	0	369	
0	0	0	0.00710297	5	0	105	
0	0	0	0.0286441	17	0	393	
0	0	0	0.012408	8	0	177	
0	0	0	0.0371149	22	0	513	
0	0	0	0.0665319	38	0	897	
0	0	0	0.0576699	33	0	777	
0	0	0	0.0165758	10	0	225	
0	0	0	0.0625319	36	0	849	
0	0	0	0.0217838	13	0	297	
0	0	0	0.01088	7	0	153	
0	0	0	0.021452	13	0	297	
0	0	0	0.0314958	18	0	417	
0	0	0	0.048593	28	0	657	
0	0	0	0.0661099	38	0	897	
0	0	0	0.041316	24	0	561	
0	0	0	0.0341721	20	0	465	
0	0	0	0.0436101	25	0	585	
0	0	0	0.036253	21	0	489	
0	0	0	0.0400929	24	0	561	
0	0	0	0.0305219	18	0	417	
0	0	0	0.083497	47	0	1113	
0	0	0	0.055558	32	0	753	
0	0	0	0.025228	15	0	345	
0	0	0	0.0595889	34	0	801	
0	0	0	0.0483501	28	0	657	
0	0	0	0.0526249	30	0	705	
0	0	0	0.044657	26	0	609	
0	0	0	0.0700791	40	0	945	
0	0	0	0.0235398	14	0	321	
0	0	0	0.0321388	19	0	441	
0	0	0	0.0321569	19	0	441	
0	0	0	0.010781	7	0	153	
0	0	0	0.0404139	24	0	561	
0	0	0	0.0271158	16	0	369	
0	0	0	0.030745	18	0	417	
0	0	0	0.0215049	13	0	297	
0	0	0	0.0176971	11	0	249	
0	0	0	0.0303221	18	0	417	
0	0	0	0.063942	37	0	873	
0	0	0	0.042767	25	0	585	
0	0	0	0.0212982	13	0	297	
0	0	0	0.0550752	32	0	753	
0	0	0	0.025013	15	0	345	
0	0	0	0.0567949	33	0	777	
0	0	0	0.0628831	36	0	849	
0	0	0	0.04445	26	0	609	
0	0	0	0.014272	9	0	201	
0	0	0	0.0106881	7	0	153	
0	0	0	0.04847	28	0	657	
0	0	0	0.0251	15	0	345	
0	0	0	0.012356	8	0	177	
0	0	0	0.00707388	5	0	105	
0	0	0	0.0217659	13	0	297	
0	0	0	0.025279	15	0	345	
0	0	0	0.0715239	41	0	969	
0	0	0	0.0269339	16	0	369	
0	0	0	0.0392931	23	0	537	
0	0	0	0.0339	20	0	465	
0	0	0	0.0449352	26	0	609	
0	0	0	0.053581	31	0	729	
0	0	0	0.0325279	19	0	441	
0	0	0	0.064167	37	0	873	
0	0	0	0.0342481	20	0	465	
0	0	0	0.030442	18	0	417	
0	0	0	0.0450211	26	0	609	
0	0	0	0.0406759	24	0	561	
0	0	0	0.0461991	27	0	633	
0	0	0	0.00886011	6	0	129	
0	0	0	0.087322	50	0	1185	
0	0	0	0.0324919	19	0	441	
0	0	0	0.0534039	31	0	729	
0	0	0	0.078969	45	0	1065	
0	0	0	0.02514	15	0	345	
0	0	0	0.0558159	32	0	753	
0	0	0	0.0284879	17	0	393	
0	0	0	0.00714111	5	0	105	
0	0	0	0.028754	17	0	393	
0	0	0	0.0375938	22	0	513	
0	0	0	0.0252948	15	0	345	
0	0	0	0.012676	8	0	177	
0	0	0	0.034446	20	0	465	
0	0	0	0.0160642	10	0	225	
0	0	0	0.016042	10	0	225	
0	0	0	0.0395958	23	0	537	
0	0	0	0.057363	33	0	777	
0	0	0	0.048383	28	0	657	
0	0	0	0.0348611	20	0	465	
0	0	0	0.039573	23	0	537	
0	0	0	0.0709329	40	0	945	
0	0	0	0.0255392	15	0	345	
0	0	0	0.0700209	40	0	945	
0	0	0	0.052341	30	0	705	
0	0	0	0.0180061	11	0	249	
0	0	0	0.0715489	41	0	969	
0	0	0	0.0569949	33	0	777	
0	0	0	0.044585	26	0	609	
0	0	0	0.0125301	8	0	177	
0	0	0	0.0695441	40	0	945	
0	0	0	0.046618	27	0	633	
0	0	0	0.0357709	21	0	489	
0	0	0	0.0737429	42	0	993	
0	0	0	0.0340791	20	0	465	
0	0	0	0.0943558	54	0	1281	
0	0	0	0.0715182	41	0	969	
0	0	0	0.00729012	5	0	105	
0	0	0	0.0559349	32	0	753	
0	0	0	0.0339868	20	0	465	
0	0	0	0.0249522	15	0	345	
0	0	0	0.0320709	19	0	441	
0	0	0	0.0267289	16	0	369	
0	0	0	0.0236611	14	0	321	
0	0	0	0.0216548	13	0	297	
0	0	0	0.0752499	43	0	1017	
0	0	0	0.0216999	13	0	297	
0	0	0	0.0443552	26	0	609	
0	0	0	0.0734761	42	0	993	
0	0	0	0.0518799	30	0	705	
0	0	0	0.026772	16	0	369	
0	0	0	0.00188303	2	0	33	
0	0	0	0.00360894	3	0	57	
0	0	0	0.040705	24	0	561	
0	0	0	0.0253341	15	0	345	
0	0	0	0.0285189	17	0	393	
0	0	0	0.0438781	26	0	609	
0	0	0	0.021409	13	0	297	
0	0	0	0.0450559	26	0	609	
0	0	0	0.016212	10	0	225	
0	0	0	0.0444551	26	0	609	
0	0	0	0.03407	20	0	465	
0	0	0	0.0880399	50	0	1185	
0	0	0	0.025326	15	0	345	
0	0	0	0.0410032	24	0	561	
0	0	0	0.0502319	29	0	681	
0	0	0	0.0597062	34	0	801	
0	0	0	0.0363021	21	0	489	
0	0	0	0.0233891	14	0	321	
0	0	0	0.048939	28	0	657	
0	0	0	0.04368	25	0	585	
0	0	0	0.0362859	21	0	489	
0	0	0	0.0363491	21	0	489	
0	0	0	0.0416801	24	0	561	
0	0	0	0.032505	19	0	441	
0	0	0	0.0414369	24	0	561	
0	0	0	0.064563	37	0	873	
0	0	0	0.0557418	33	0	777	
0	0	0	0.028903	17	0	393	
0	0	0	0.02159	13	0	297	
0	0	0	0.037627	22	0	513	
0	0	0	0.071444	41	0	969	
0	0	0	0.03054	18	0	417	
0	0	0	0.035732	21	0	489	
0	0	0	0.0484262	28	0	657	
0	0	0	0.0494821	29	0	681	
0	0	0	0.0507441	29	0	681	
0	0	0	0.055542	32	0	753	
0	0	0	0.0251062	15	0	345	
0	0	0	0.041321	24	0	561	
0	0	0	0.110529	63	0	1497	
0	0	0	0.0505118	29	0	681	
0	0	0	0.0214648	13	0	297	
0	0	0	0.023134	14	0	321	
0	0	0	0.0512979	30	0	705	
0	0	0	0.0422308	25	0	585	
0	0	0	0.0447879	26	0	609	
0	0	0	0.0339429	20	0	465	
0	0	0	0.04865	28	0	657	
0	0	0	0.0738652	42	0	993	
0	0	0	0.0197361	12	0	273	
0	0	0	0.0218141	13	0	297	
0	0	0	0.0322461	19	0	441	
0	0	0	0.0905211	52	0	1233	
0	0	0	0.0376689	22	0	513	
0	0	0	0.0673399	38	0	897	
0	0	0	0.0399759	23	0	537	
0	0	0	0.056886	33	0	777	
0	0	0	0.0467541	27	0	633	
0	0	0	0.0218949	13	0	297	
0	0	0	0.0557451	32	0	753	
0	0	0	0.0771611	43	0	1017	
0	0	0	0.034174	20	0	465	
0	0	0	0.048861	28	0	657	
0	0	0	0.0526941	30	0	705	
0	0	0	0.014338	9	0	201	
0	0	0	0.0356729	21	0	489	
0	0	0	0.0382159	22	0	513	
0	0	0	0.0577321	32	0	753	
0	0	0	0.0126021	7	0	153	
0	0	0	0.0561161	31	0	729	
0	0	0	0.055156	31	0	729	
0	0	0	0.0269198	16	0	369	
0	0	0	0.058007	33	0	777	
0	0	0	0.0270462	16	0	369	
0	0	0	0.0471921	27	0	633	
0	0	0	0.0416119	24	0	561	
0	0	0	0.021632	13	0	297	
0	0	0	0.00710511	5	0	105	
0	0	0	0.0268879	16	0	369	
0	0	0	0.04672	27	0	633	
0	0	0	0.0414	24	0	561	
0	0	0	0.039633	23	0	537	
0	0	0	0.008986	6	0	129	
0	0	0	0.037817	22	0	513	
0	0	0	0.021419	13	0	297	
0	0	0	0.036015	21	0	489	
0	0	0	0.0372431	22	0	513	
0	0	0	0.0198832	12	0	273	
0	0	0	0.03952	23	0	537	
0	0	0	0.0431008	25	0	585	
0	0	0	0.020082	12	0	273	
0	0	0	0.034543	20	0	465	
0	0	0	0.046587	27	0	633	
0	0	0	0.0162809	10	0	225	
0	0	0	0.0409999	24	0	561	
0	0	0	0.005445	4	0	81	
0	0	0	0.00538301	4	0	81	
0	0	0	0.007128	5	0	105	
0	0	0	0.0448751	26	0	609	
0	0	0	0.051677	30	0	705	
0	0	0	0.0305669	18	0	417	
0	0	0	0.0440879	25	0	585	
0	0	0	0.05707	33	0	777	
0	0	0	0.0578849	33	0	777	
0	0	0	0.0448139	26	0	609	
0	0	0	0.0595109	34	0	801	
0	0	0	0.0323749	19	0	441	
0	0	0	0.037461	22	0	513	
0	0	0	0.0762489	43	0	1017	
0	0	0	0.0196111	12	0	273	
0	0	0	0.0323732	19	0	441	
0	0	0	0.0468371	27	0	633	
0	0	0	0.064167	37	0	873	
0	0	0	0.016248	10	0	225	
0	0	0	0.062407	36	0	849	
0	0	0	0.0126922	8	0	177	
0	0	0	0.0304339	18	0	417	
0	0	0	0.055958	32	0	753	
0	0	0	0.028327	17	0	393	
0	0	0	0.0485389	28	0	657	
0	0	0	0.0306671	18	0	417	
0	0	0	0.0412149	24	0	561	
0	0	0	0.0394289	23	0	537	
0	0	0	0.019845	12	0	273	
0	0	0	0.0801239	46	0	1089	
0	0	0	0.040838	24	0	561	
0	0	0	0.0340619	20	0	465	
0	0	0	0.0301778	18	0	417	
0	0	0	0.0179	11	0	249	
0	0	0	0.0161071	10	0	225	
0	0	0	0.04462	26	0	609	
0	0	0	0.0556819	32	0	753	
0	0	0	0.0436611	25	0	585	
0	0	0	0.0376091	22	0	513	
0	0	0	0.0323029	19	0	441	
0	0	0	0.0107088	7	0	153	
0	0	0	0.0215881	13	0	297	
0	0	0	0.037498	22	0	513	
0	0	0	0.0357361	21	0	489	
0	0	0	0.0108361	7	0	153	
0	0	0	0.0448871	26	0	609	
0	0	0	0.0417049	24	0	561	
0	0	0	0.048758	28	0	657	
0	0	0	0.055305	32	0	753	
0	0	0	0.023412	14	0	321	
0	0	0	0.0742919	42	0	993	
0	0	0	0.050375	29	0	681	
0	0	0	0.077379	44	0	1041	
0	0	0	0.0163989	10	0	225	
0	0	0	0.065006	37	0	873	
0	0	0	0.0545311	31	0	729	
0	0	0	0.0286009	17	0	393	
0	0	0	0.0140319	9	0	201	
0	0	0	0.040597	24	0	561	
0	0	0	0.032315	19	0	441	
0	0	0	0.0504329	29	0	681	
0	0	0	0.0416362	24	0	561	
0	0	0	0.025342	15	0	345	
0	0	0	0.0446899	26	0	609	
0	0	0	0.00909591	6	0	129	
0	0	0	0.0628428	36	0	849	
0	0	0	0.0376239	22	0	513	
0	0	0	0.0544221	31	0	729	
0	0	0	0.0232751	14	0	321	
0	0	0	0.046253	27	0	633	
0	0	0	0.00731492	5	0	105	
0	0	0	0.0234301	14	0	321	
0	0	0	0.043309	25	0	585	
0	0	0	0.0269289	16	0	369	
0	0	0	0.025054	15	0	345	
0	0	0	0.0409329	24	0	561	
0	0	0	0.070308	40	0	945	
0	0	0	0.0751321	43	0	1017	
0	0	0	0.058852	34	0	801	
0	0	0	0.053982	31	0	729	
0	0	0	0.0378661	22	0	513	
0	0	0	0.0199952	12	0	273	
0	0	0	0.0426478	25	0	585	
0	0	0	0.0842478	48	0	1137	
0	0	0	0.0177889	11	0	249	
0	0	0	0.055603	32	0	753	
0	0	0	0.00535202	4	0	81	
0	0	0	0.03023	18	0	417	
0	0	0	0.059099	34	0	801	
0	0	0	0.0554941	32	0	753	
0	0	0	0.00534892	4	0	81	
0	0	0	0.0354681	21	0	489	
0	0	0	0.0481632	28	0	657	
0	0	0	0.040957	24	0	561	
0	0	0	0.00893188	6	0	129	
0	0	0	0.0268898	16	0	369	
0	0	0	0.0604699	35	0	825	
0	0	0	0.0606351	35	0	825	
0	0	0	0.00897002	6	0	129	
0	0	0	0.0233779	14	0	321	
0	0	0	0.0269489	16	0	369	
0	0	0	0.0106521	7	0	153	
0	0	0	0.00887704	6	0	129	
0	0	0	0.0215192	13	0	297	
0	0	0	0.0554161	32	0	753	
0	0	0	0.016361	10	0	225	
0	0	0	0.0414121	24	0	561	
0	0	0	0.0179741	11	0	249	
0	0	0	0.0395021	23	0	537	
0	0	0	0.0595138	34	0	801	
0	0	0	0.0214291	13	0	297	
0	0	0	0.0215678	13	0	297	
