PREC	RECALL	FSCORE	TIME	LEN	NUNK	NSCORED	
0	0	0	0.018194	66	0	197	
0	0	0	0.012938	73	0	218	
0	0	0	0.0037899	22	0	65	
0	0	0	0.00568104	33	0	98	
0	0	0	0.003232	19	0	56	
0	0	0	0.00264192	16	0	47	
0	0	0	0.00766611	44	0	131	
0	0	0	0.000995874	6	0	17	
0	0	0	0.00350404	21	0	62	
0	0	0	0.00541806	32	0	95	
0	0	0	0.004426	26	0	77	
0	0	0	0.0044241	26	0	77	
0	0	0	0.00955009	55	0	164	
0	0	0	0.0024178	14	0	41	
0	0	0	0.00842118	49	0	146	
0	0	0	0.00687099	40	0	119	
0	0	0	0.00621104	37	0	110	
0	0	0	0.01126	66	0	197	
0	0	0	0.00468397	27	0	80	
0	0	0	0.00668597	39	0	116	
0	0	0	0.00545001	32	0	95	
0	0	0	0.0019722	12	0	35	
0	0	0	0.00252295	15	0	44	
0	0	0	0.00675797	40	0	119	
0	0	0	0.00319982	18	0	53	
0	0	0	0.00299788	18	0	53	
0	0	0	0.00247502	15	0	44	
0	0	0	0.00687718	41	0	122	
0	0	0	0.00220799	13	0	38	
0	0	0	0.00485802	29	0	86	
0	0	0	0.0047369	28	0	83	
0	0	0	0.00303888	18	0	53	
0	0	0	0.009799	57	0	170	
0	0	0	0.0040071	23	0	68	
0	0	0	0.00127912	8	0	23	
0	0	0	0.00282598	17	0	50	
0	0	0	0.00659013	36	0	107	
0	0	0	0.00858498	50	0	149	
0	0	0	0.00464916	27	0	80	
0	0	0	0.00230813	14	0	41	
0	0	0	0.00742197	43	0	128	
0	0	0	0.00370097	22	0	65	
0	0	0	0.00876522	51	0	152	
0	0	0	0.00570297	33	0	98	
0	0	0	0.00501418	29	0	86	
0	0	0	0.0074122	43	0	128	
0	0	0	0.00696802	38	0	113	
0	0	0	0.00483799	28	0	83	
0	0	0	0.00639677	35	0	104	
0	0	0	0.00565004	32	0	95	
0	0	0	0.00220299	13	0	38	
0	0	0	0.00161004	10	0	29	
0	0	0	0.00958395	55	0	164	
0	0	0	0.00639606	37	0	110	
0	0	0	0.000790119	4	0	11	
0	0	0	0.00734401	42	0	125	
0	0	0	0.00189614	11	0	32	
0	0	0	0.00572896	34	0	101	
0	0	0	0.0110512	65	0	194	
0	0	0	0.00487399	28	0	83	
0	0	0	0.000467062	3	0	8	
0	0	0	0.00402021	23	0	68	
0	0	0	0.00380301	22	0	65	
0	0	0	0.00250387	15	0	44	
0	0	0	0.00255609	15	0	44	
0	0	0	0.00393295	23	0	68	
0	0	0	0.00411296	24	0	71	
0	0	0	0.00408387	24	0	71	
0	0	0	0.00714493	42	0	125	
0	0	0	0.00117493	7	0	20	
0	0	0	0.0105131	61	0	182	
0	0	0	0.00530505	31	0	92	
0	0	0	0.00379205	22	0	65	
0	0	0	0.00116706	7	0	20	
0	0	0	0.00371599	22	0	65	
0	0	0	0.00382113	22	0	65	
0	0	0	0.00824594	48	0	143	
0	0	0	0.00793505	47	0	140	
0	0	0	0.00577617	34	0	101	
0	0	0	0.00226092	13	0	38	
0	0	0	0.00162792	10	0	29	
0	0	0	0.00180984	11	0	32	
0	0	0	0.00161982	10	0	29	
0	0	0	0.00880694	27	0	80	
0	0	0	0.0107889	37	0	110	
0	0	0	0.0113659	61	0	182	
0	0	0	0.00620198	34	0	101	
0	0	0	0.00413704	24	0	71	
0	0	0	0.011734	68	0	203	
0	0	0	0.00639391	37	0	110	
0	0	0	0.000537872	3	0	8	
0	0	0	0.00353003	21	0	62	
0	0	0	0.010138	59	0	176	
0	0	0	0.00406003	23	0	68	
0	0	0	0.00995398	59	0	176	
0	0	0	0.00759101	44	0	131	
0	0	0	0.011735	66	0	197	
0	0	0	0.00129199	7	0	20	
0	0	0	0.00383496	23	0	68	
0	0	0	0.00252295	15	0	44	
0	0	0	0.00735688	44	0	131	
0	0	0	0.00628304	36	0	107	
0	0	0	0.00422215	25	0	74	
0	0	0	0.00919294	53	0	158	
0	0	0	0.0101879	59	0	176	
0	0	0	0.00684094	40	0	119	
0	0	0	0.0034399	20	0	59	
0	0	0	0.00265193	16	0	47	
0	0	0	0.00898194	52	0	155	
0	0	0	0.000491858	3	0	8	
0	0	0	0.00824094	49	0	146	
0	0	0	0.00650811	38	0	113	
0	0	0	0.00635219	37	0	110	
0	0	0	0.0162902	95	0	284	
0	0	0	0.00603104	34	0	101	
0	0	0	0.00443721	25	0	74	
0	0	0	0.00753188	44	0	131	
0	0	0	0.00710583	41	0	122	
0	0	0	0.00907493	52	0	155	
0	0	0	0.00576496	34	0	101	
0	0	0	0.0107119	62	0	185	
0	0	0	0.00820994	48	0	143	
0	0	0	0.0057199	33	0	98	
0	0	0	0.000827074	5	0	14	
0	0	0	0.0109801	64	0	191	
0	0	0	0.011075	64	0	191	
0	0	0	0.00696993	38	0	113	
0	0	0	0.00927997	54	0	161	
0	0	0	0.00547981	32	0	95	
0	0	0	0.00959992	56	0	167	
0	0	0	0.00474	28	0	83	
0	0	0	0.0104051	60	0	179	
0	0	0	0.00712204	41	0	122	
0	0	0	0.00648808	38	0	113	
0	0	0	0.0101461	58	0	173	
0	0	0	0.000869036	5	0	14	
0	0	0	0.00458503	27	0	80	
0	0	0	0.00237107	14	0	41	
0	0	0	0.00971603	57	0	170	
0	0	0	0.00540805	32	0	95	
0	0	0	0.0128748	75	0	224	
0	0	0	0.00507092	29	0	86	
0	0	0	0.0127702	74	0	221	
0	0	0	0.00608397	35	0	104	
0	0	0	0.00968814	56	0	167	
0	0	0	0.00663495	39	0	116	
0	0	0	0.00341892	20	0	59	
0	0	0	0.00395393	23	0	68	
0	0	0	0.00973797	56	0	167	
0	0	0	0.0113809	66	0	197	
0	0	0	0.0101831	59	0	176	
0	0	0	0.000507116	3	0	8	
0	0	0	0.00549603	32	0	95	
0	0	0	0.00726914	42	0	125	
0	0	0	0.00846601	49	0	146	
0	0	0	0.0130849	74	0	221	
0	0	0	0.00593305	34	0	101	
0	0	0	0.00623989	32	0	95	
0	0	0	0.00826406	48	0	143	
0	0	0	0.0154259	90	0	269	
0	0	0	0.00720501	41	0	122	
0	0	0	0.00341487	20	0	59	
0	0	0	0.000943184	6	0	17	
0	0	0	0.000432968	3	0	8	
0	0	0	0.000432014	3	0	8	
0	0	0	0.0059309	35	0	104	
0	0	0	0.009413	55	0	164	
0	0	0	0.00733805	42	0	125	
0	0	0	0.00481486	28	0	83	
0	0	0	0.00555992	32	0	95	
0	0	0	0.000478029	3	0	8	
0	0	0	0.00355196	21	0	62	
0	0	0	0.00274491	16	0	47	
0	0	0	0.00740314	43	0	128	
0	0	0	0.00374198	22	0	65	
0	0	0	0.00251007	15	0	44	
0	0	0	0.00319791	19	0	56	
0	0	0	0.00229692	14	0	41	
0	0	0	0.010998	64	0	191	
0	0	0	0.00882697	51	0	152	
0	0	0	0.00957203	56	0	167	
0	0	0	0.00460887	27	0	80	
0	0	0	0.00521207	30	0	89	
0	0	0	0.00286484	17	0	50	
0	0	0	0.00425601	25	0	74	
0	0	0	0.00289798	17	0	50	
0	0	0	0.00813913	46	0	137	
0	0	0	0.00516486	29	0	86	
0	0	0	0.00513506	30	0	89	
0	0	0	0.000471115	3	0	8	
0	0	0	0.005687	34	0	101	
0	0	0	0.00268984	16	0	47	
0	0	0	0.00500607	30	0	89	
0	0	0	0.00327492	19	0	56	
0	0	0	0.00353909	21	0	62	
0	0	0	0.00561905	33	0	98	
0	0	0	0.00183201	11	0	32	
0	0	0	0.004004	24	0	71	
0	0	0	0.00224686	13	0	38	
0	0	0	0.00697303	41	0	122	
0	0	0	0.00896811	53	0	158	
0	0	0	0.010833	64	0	191	
0	0	0	0.004498	26	0	77	
0	0	0	0.00308084	18	0	53	
0	0	0	0.00648499	38	0	113	
0	0	0	0.00492311	29	0	86	
0	0	0	0.023737	140	0	419	
0	0	0	0.00335288	19	0	56	
0	0	0	0.00784492	46	0	137	
0	0	0	0.00734901	43	0	128	
0	0	0	0.00299001	18	0	53	
0	0	0	0.00112891	7	0	20	
0	0	0	0.00267911	16	0	47	
0	0	0	0.010643	61	0	182	
0	0	0	0.00690198	40	0	119	
0	0	0	0.00922799	54	0	161	
0	0	0	0.00424409	25	0	74	
0	0	0	0.00439596	26	0	77	
0	0	0	0.00293493	17	0	50	
0	0	0	0.00268602	16	0	47	
0	0	0	0.00477695	28	0	83	
0	0	0	0.00545311	31	0	92	
0	0	0	0.00722814	42	0	125	
0	0	0	0.000860929	5	0	14	
0	0	0	0.00263405	12	0	35	
0	0	0	0.00265789	16	0	47	
0	0	0	0.00504017	29	0	86	
0	0	0	0.00444984	26	0	77	
0	0	0	0.00200987	12	0	35	
0	0	0	0.00270891	16	0	47	
0	0	0	0.00475216	28	0	83	
0	0	0	0.0038991	23	0	68	
0	0	0	0.00815082	48	0	143	
0	0	0	0.00657916	38	0	113	
0	0	0	0.00770402	41	0	122	
0	0	0	0.00306392	18	0	53	
0	0	0	0.00392699	23	0	68	
0	0	0	0.00341511	20	0	59	
0	0	0	0.00505495	29	0	86	
0	0	0	0.00524116	31	0	92	
0	0	0	0.00574899	34	0	101	
0	0	0	0.00476193	28	0	83	
0	0	0	0.00199795	12	0	35	
0	0	0	0.00508809	30	0	89	
0	0	0	0.00465703	27	0	80	
0	0	0	0.00507689	30	0	89	
0	0	0	0.00529885	31	0	92	
0	0	0	0.00340295	20	0	59	
0	0	0	0.0080359	47	0	140	
0	0	0	0.00119686	7	0	20	
0	0	0	0.00416708	24	0	71	
0	0	0	0.000469923	3	0	8	
0	0	0	0.000266075	2	0	5	
0	0	0	0.00128412	8	0	23	
0	0	0	0.00125313	8	0	23	
0	0	0	0.00027895	2	0	5	
0	0	0	0.001441	9	0	26	
0	0	0	0.0014782	9	0	26	
0	0	0	0.001441	9	0	26	
0	0	0	0.00152111	9	0	26	
0	0	0	0.00179005	11	0	32	
0	0	0	0.00144196	9	0	26	
0	0	0	0.000939131	6	0	17	
0	0	0	0.001436	9	0	26	
0	0	0	0.00145602	9	0	26	
0	0	0	0.000423908	3	0	8	
0	0	0	0.00125194	8	0	23	
0	0	0	0.00125504	8	0	23	
0	0	0	0.000277042	2	0	5	
0	0	0	0.010216	62	0	185	
0	0	0	0.00277901	16	0	47	
0	0	0	0.000983953	6	0	17	
0	0	0	0.00398397	24	0	71	
0	0	0	0.008919	53	0	158	
0	0	0	0.00888085	52	0	155	
0	0	0	0.0038681	23	0	68	
0	0	0	0.00407696	24	0	71	
0	0	0	0.00652981	38	0	113	
0	0	0	0.00384212	22	0	65	
0	0	0	0.00206184	12	0	35	
0	0	0	0.00538802	31	0	92	
0	0	0	0.000478983	3	0	8	
0	0	0	0.00026989	2	0	5	
0	0	0	0.00124717	8	0	23	
0	0	0	0.00125098	8	0	23	
0	0	0	0.000277996	2	0	5	
0	0	0	0.0118279	72	0	215	
0	0	0	0.00037694	2	0	5	
0	0	0	0.00124907	8	0	23	
0	0	0	0.00128508	8	0	23	
0	0	0	0.00027585	2	0	5	
0	0	0	0.010335	63	0	188	
0	0	0	0.00577211	33	0	98	
0	0	0	0.00564289	33	0	98	
0	0	0	0.00325894	19	0	56	
0	0	0	0.00413895	22	0	65	
0	0	0	0.00256991	15	0	44	
0	0	0	0.00524712	31	0	92	
0	0	0	0.00185895	11	0	32	
0	0	0	0.00560498	33	0	98	
0	0	0	0.000477076	3	0	8	
0	0	0	0.000269175	2	0	5	
0	0	0	0.0012958	8	0	23	
0	0	0	0.00125408	8	0	23	
0	0	0	0.000277042	2	0	5	
0	0	0	0.013782	84	0	251	
0	0	0	0.000360012	2	0	5	
0	0	0	0.0012629	8	0	23	
0	0	0	0.00125909	8	0	23	
0	0	0	0.000276089	2	0	5	
0	0	0	0.0129321	79	0	236	
0	0	0	0.00190496	11	0	32	
0	0	0	0.00477386	28	0	83	
0	0	0	0.00302505	18	0	53	
0	0	0	0.00649405	38	0	113	
0	0	0	0.00875497	51	0	152	
0	0	0	0.00322604	17	0	50	
0	0	0	0.00193405	10	0	29	
0	0	0	0.00834203	43	0	128	
0	0	0	0.000549078	3	0	8	
0	0	0	0.000357151	2	0	5	
0	0	0	0.00137806	8	0	23	
0	0	0	0.00125194	8	0	23	
0	0	0	0.000277042	2	0	5	
0	0	0	0.0118749	72	0	215	
0	0	0	0.000344992	2	0	5	
0	0	0	0.00129509	8	0	23	
0	0	0	0.00124907	8	0	23	
0	0	0	0.000279188	2	0	5	
0	0	0	0.009413	57	0	170	
0	0	0	0.00567198	33	0	98	
0	0	0	0.00184989	11	0	32	
0	0	0	0.00244212	15	0	44	
0	0	0	0.00585413	34	0	101	
0	0	0	0.00453711	26	0	77	
0	0	0	0.00355792	21	0	62	
0	0	0	0.00286603	17	0	50	
0	0	0	0.00494313	29	0	86	
0	0	0	0.00485706	22	0	65	
0	0	0	0.00869107	28	0	83	
0	0	0	0.008569	38	0	113	
0	0	0	0.00360107	21	0	62	
0	0	0	0.00243807	14	0	41	
0	0	0	0.0118752	70	0	209	
0	0	0	0.00560308	31	0	92	
0	0	0	0.00767207	45	0	134	
0	0	0	0.00168681	10	0	29	
0	0	0	0.00660086	40	0	119	
0	0	0	0.00231814	14	0	41	
0	0	0	0.00134087	8	0	23	
0	0	0	0.00601006	36	0	107	
0	0	0	0.00724506	43	0	128	
0	0	0	0.00221014	13	0	38	
0	0	0	0.00286293	17	0	50	
0	0	0	0.00232887	14	0	41	
0	0	0	0.0121751	72	0	215	
0	0	0	0.00934005	55	0	164	
0	0	0	0.00478292	28	0	83	
0	0	0	0.00789499	47	0	140	
0	0	0	0.00778794	46	0	137	
0	0	0	0.00223899	13	0	38	
0	0	0	0.00385809	23	0	68	
0	0	0	0.00464797	27	0	80	
0	0	0	0.00494504	29	0	86	
0	0	0	0.00901198	54	0	161	
0	0	0	0.00781703	46	0	137	
0	0	0	0.008569	50	0	149	
0	0	0	0.0107758	64	0	191	
0	0	0	0.00685191	40	0	119	
0	0	0	0.00620413	37	0	110	
0	0	0	0.00701404	41	0	122	
0	0	0	0.00870609	51	0	152	
0	0	0	0.00404811	23	0	68	
0	0	0	0.00559115	33	0	98	
0	0	0	0.00281811	17	0	50	
0	0	0	0.00200605	12	0	35	
0	0	0	0.00510001	30	0	89	
0	0	0	0.00322104	19	0	56	
0	0	0	0.0056529	33	0	98	
0	0	0	0.00654197	39	0	116	
0	0	0	0.00590396	34	0	101	
0	0	0	0.00511694	30	0	89	
0	0	0	0.000808954	5	0	14	
0	0	0	0.00439596	26	0	77	
0	0	0	0.0103781	61	0	182	
0	0	0	0.00620914	36	0	107	
0	0	0	0.000476122	3	0	8	
0	0	0	0.004354	26	0	77	
0	0	0	0.00435901	26	0	77	
0	0	0	0.00309706	17	0	50	
0	0	0	0.00116205	7	0	20	
0	0	0	0.00359893	21	0	62	
0	0	0	0.00613594	37	0	110	
0	0	0	0.00407314	24	0	71	
0	0	0	0.00367403	20	0	59	
0	0	0	0.00173116	10	0	29	
0	0	0	0.00664878	39	0	116	
0	0	0	0.00350213	21	0	62	
0	0	0	0.00348687	21	0	62	
0	0	0	0.00549293	32	0	95	
0	0	0	0.00482702	28	0	83	
0	0	0	0.00149107	9	0	26	
0	0	0	0.00789094	46	0	137	
0	0	0	0.00442791	26	0	77	
0	0	0	0.00165486	10	0	29	
0	0	0	0.000622988	4	0	11	
0	0	0	0.00270104	16	0	47	
0	0	0	0.00968599	57	0	170	
0	0	0	0.00731397	43	0	128	
0	0	0	0.0107279	62	0	185	
0	0	0	0.00388503	22	0	65	
0	0	0	0.00114202	7	0	20	
0	0	0	0.00642586	37	0	110	
0	0	0	0.0114648	67	0	200	
0	0	0	0.00187492	11	0	32	
0	0	0	0.00451183	26	0	77	
0	0	0	0.0104799	61	0	182	
0	0	0	0.00612998	35	0	104	
0	0	0	0.00181293	11	0	32	
0	0	0	0.00683904	40	0	119	
0	0	0	0.00352716	21	0	62	
0	0	0	0.00554609	33	0	98	
0	0	0	0.01489	84	0	251	
0	0	0	0.00200915	12	0	35	
0	0	0	0.00716996	42	0	125	
0	0	0	0.00641012	37	0	110	
0	0	0	0.0045681	27	0	80	
0	0	0	0.00270391	16	0	47	
0	0	0	0.0101299	59	0	176	
0	0	0	0.00272489	16	0	47	
0	0	0	0.00986099	58	0	173	
0	0	0	0.00223899	13	0	38	
0	0	0	0.00571799	34	0	101	
0	0	0	0.00548792	32	0	95	
0	0	0	0.00194693	11	0	32	
0	0	0	0.00661707	38	0	113	
0	0	0	0.00375509	22	0	65	
0	0	0	0.00390291	22	0	65	
0	0	0	0.00369906	21	0	62	
0	0	0	0.00865722	51	0	152	
0	0	0	0.00898004	53	0	158	
0	0	0	0.00367808	22	0	65	
0	0	0	0.00320315	19	0	56	
0	0	0	0.00372815	22	0	65	
0	0	0	0.00202107	12	0	35	
0	0	0	0.00594711	35	0	104	
0	0	0	0.00394011	23	0	68	
0	0	0	0.00359011	21	0	62	
0	0	0	0.00476003	27	0	80	
0	0	0	0.00307488	18	0	53	
0	0	0	0.0062561	37	0	110	
0	0	0	0.00467801	27	0	80	
0	0	0	0.00690889	40	0	119	
0	0	0	0.00393605	23	0	68	
0	0	0	0.00635004	37	0	110	
0	0	0	0.00466609	27	0	80	
0	0	0	0.000884056	5	0	14	
0	0	0	0.00742912	39	0	116	
0	0	0	0.00892186	48	0	143	
0	0	0	0.00191617	11	0	32	
0	0	0	0.00655818	38	0	113	
0	0	0	0.00455594	23	0	68	
0	0	0	0.00451303	23	0	68	
0	0	0	0.00342011	20	0	59	
0	0	0	0.00447297	25	0	74	
0	0	0	0.00632501	36	0	107	
0	0	0	0.00259805	15	0	44	
0	0	0	0.0052669	30	0	89	
0	0	0	0.00553894	31	0	92	
0	0	0	0.00528407	31	0	92	
0	0	0	0.0061419	36	0	107	
0	0	0	0.00580692	33	0	98	
0	0	0	0.00815892	47	0	140	
0	0	0	0.00678802	38	0	113	
0	0	0	0.00305104	18	0	53	
0	0	0	0.00809693	47	0	140	
0	0	0	0.010534	61	0	182	
0	0	0	0.0037179	22	0	65	
0	0	0	0.00821304	48	0	143	
0	0	0	0.010813	64	0	191	
0	0	0	0.004035	23	0	68	
0	0	0	0.00377488	22	0	65	
0	0	0	0.00609303	36	0	107	
0	0	0	0.00913501	47	0	140	
0	0	0	0.0139802	58	0	173	
0	0	0	0.00957322	44	0	131	
0	0	0	0.016223	94	0	281	
0	0	0	0.00633216	36	0	107	
0	0	0	0.00362301	21	0	62	
0	0	0	0.00152302	9	0	26	
0	0	0	0.000271082	2	0	5	
0	0	0	0.0104752	61	0	182	
0	0	0	0.010639	61	0	182	
0	0	0	0.0151429	88	0	263	
0	0	0	0.0048461	28	0	83	
0	0	0	0.0033381	19	0	56	
0	0	0	0.000679016	4	0	11	
0	0	0	0.00958109	56	0	167	
0	0	0	0.0113928	66	0	197	
0	0	0	0.00692511	39	0	116	
0	0	0	0.002738	14	0	41	
0	0	0	0.00411487	21	0	62	
0	0	0	0.0085721	49	0	146	
0	0	0	0.00777006	45	0	134	
0	0	0	0.006073	36	0	107	
0	0	0	0.00302887	18	0	53	
0	0	0	0.00574708	34	0	101	
0	0	0	0.00252604	15	0	44	
0	0	0	0.00110507	7	0	20	
0	0	0	0.00602198	35	0	104	
0	0	0	0.00238299	14	0	41	
0	0	0	0.00238895	14	0	41	
0	0	0	0.00196505	12	0	35	
0	0	0	0.00996304	58	0	173	
0	0	0	0.009969	57	0	170	
0	0	0	0.00537801	31	0	92	
0	0	0	0.00756216	43	0	128	
0	0	0	0.000997066	6	0	17	
0	0	0	0.00448394	27	0	80	
0	0	0	0.00874782	51	0	152	
0	0	0	0.00513411	30	0	89	
0	0	0	0.00271201	16	0	47	
0	0	0	0.00677299	38	0	113	
0	0	0	0.00216508	13	0	38	
0	0	0	0.002069	12	0	35	
0	0	0	0.00275087	16	0	47	
0	0	0	0.00214005	13	0	38	
0	0	0	0.00177097	11	0	32	
0	0	0	0.00130105	8	0	23	
0	0	0	0.00673389	39	0	116	
0	0	0	0.00289297	17	0	50	
0	0	0	0.00538707	32	0	95	
0	0	0	0.005723	33	0	98	
0	0	0	0.00287414	17	0	50	
0	0	0	0.00162601	10	0	29	
0	0	0	0.00544405	32	0	95	
0	0	0	0.00504994	30	0	89	
0	0	0	0.00171113	10	0	29	
0	0	0	0.013849	81	0	242	
0	0	0	0.00409293	23	0	68	
0	0	0	0.00910711	54	0	161	
0	0	0	0.00661707	38	0	113	
0	0	0	0.00986195	58	0	173	
0	0	0	0.00423503	25	0	74	
0	0	0	0.00478816	28	0	83	
0	0	0	0.00337291	20	0	59	
0	0	0	0.00268006	16	0	47	
0	0	0	0.00352097	21	0	62	
0	0	0	0.00509191	30	0	89	
0	0	0	0.00250101	15	0	44	
0	0	0	0.00110483	7	0	20	
0	0	0	0.00689912	41	0	122	
0	0	0	0.003124	18	0	53	
0	0	0	0.00964403	57	0	170	
0	0	0	0.00391698	23	0	68	
0	0	0	0.012496	74	0	221	
0	0	0	0.00188708	11	0	32	
0	0	0	0.00306201	18	0	53	
0	0	0	0.00986099	58	0	173	
0	0	0	0.00306296	18	0	53	
0	0	0	0.00555301	33	0	98	
0	0	0	0.00557709	33	0	98	
0	0	0	0.00786901	46	0	137	
0	0	0	0.00255895	15	0	44	
0	0	0	0.00776386	46	0	137	
0	0	0	0.00615597	34	0	101	
0	0	0	0.00135517	8	0	23	
0	0	0	0.0021112	13	0	38	
0	0	0	0.0050211	30	0	89	
0	0	0	0.00708485	42	0	125	
0	0	0	0.004318	25	0	74	
0	0	0	0.00674295	40	0	119	
0	0	0	0.00654888	37	0	110	
0	0	0	0.00811505	47	0	140	
0	0	0	0.0113258	65	0	194	
0	0	0	0.00357103	21	0	62	
0	0	0	0.00529599	31	0	92	
0	0	0	0.00338292	20	0	59	
0	0	0	0.00197601	12	0	35	
0	0	0	0.00130296	8	0	23	
0	0	0	0.00252199	15	0	44	
0	0	0	0.00732017	43	0	128	
0	0	0	0.00759482	45	0	134	
0	0	0	0.00435019	26	0	77	
0	0	0	0.00648308	39	0	116	
0	0	0	0.00624895	37	0	110	
0	0	0	0.00822711	48	0	143	
0	0	0	0.0103149	60	0	179	
0	0	0	0.0042789	25	0	74	
0	0	0	0.00220323	13	0	38	
0	0	0	0.00708508	41	0	122	
0	0	0	0.00237703	14	0	41	
0	0	0	0.00214005	13	0	38	
0	0	0	0.0049119	29	0	86	
0	0	0	0.00203514	12	0	35	
0	0	0	0.00642896	38	0	113	
0	0	0	0.00575185	34	0	101	
0	0	0	0.0038712	23	0	68	
0	0	0	0.011688	68	0	203	
0	0	0	0.00155091	9	0	26	
0	0	0	0.00927687	55	0	164	
0	0	0	0.00306201	18	0	53	
0	0	0	0.00466681	28	0	83	
0	0	0	0.00220799	13	0	38	
0	0	0	0.006742	40	0	119	
0	0	0	0.00406098	24	0	71	
0	0	0	0.00545001	32	0	95	
0	0	0	0.00202799	12	0	35	
0	0	0	0.0061419	37	0	110	
0	0	0	0.0018518	11	0	32	
0	0	0	0.0102961	61	0	182	
0	0	0	0.00406909	24	0	71	
0	0	0	0.00775194	46	0	137	
0	0	0	0.00383496	22	0	65	
0	0	0	0.00957894	56	0	167	
0	0	0	0.00608897	35	0	104	
0	0	0	0.00555086	33	0	98	
0	0	0	0.00936818	54	0	161	
0	0	0	0.00341702	20	0	59	
0	0	0	0.00799608	47	0	140	
0	0	0	0.00368404	21	0	62	
0	0	0	0.00629497	37	0	110	
0	0	0	0.00724101	43	0	128	
0	0	0	0.00340199	20	0	59	
0	0	0	0.00255179	15	0	44	
0	0	0	0.00795293	47	0	140	
0	0	0	0.00472903	28	0	83	
0	0	0	0.0118752	71	0	212	
0	0	0	0.0136271	79	0	236	
0	0	0	0.00879812	51	0	152	
0	0	0	0.00136995	8	0	23	
0	0	0	0.00272703	16	0	47	
0	0	0	0.00318694	18	0	53	
0	0	0	0.00530505	31	0	92	
0	0	0	0.00184488	11	0	32	
0	0	0	0.00658679	38	0	113	
0	0	0	0.00786591	46	0	137	
0	0	0	0.00119805	7	0	20	
0	0	0	0.0093441	55	0	164	
0	0	0	0.003438	20	0	59	
0	0	0	0.010076	58	0	173	
0	0	0	0.0112338	65	0	194	
0	0	0	0.00671005	39	0	116	
0	0	0	0.000831127	5	0	14	
0	0	0	0.00653195	39	0	116	
0	0	0	0.00792098	45	0	134	
0	0	0	0.00444603	26	0	77	
0	0	0	0.00824594	48	0	143	
0	0	0	0.00234699	14	0	41	
0	0	0	0.00743699	44	0	131	
0	0	0	0.00306797	18	0	53	
0	0	0	0.00198984	12	0	35	
0	0	0	0.00030899	2	0	5	
0	0	0	0.00711107	42	0	125	
0	0	0	0.00861311	50	0	149	
0	0	0	0.00889111	51	0	152	
0	0	0	0.00547481	32	0	95	
0	0	0	0.00379395	22	0	65	
0	0	0	0.00719595	42	0	125	
0	0	0	0.0104811	59	0	176	
0	0	0	0.00441003	25	0	74	
0	0	0	0.00370789	22	0	65	
0	0	0	0.00701213	41	0	122	
0	0	0	0.00770712	45	0	134	
0	0	0	0.00570297	34	0	101	
0	0	0	0.00693989	40	0	119	
0	0	0	0.0047431	28	0	83	
0	0	0	0.00730681	43	0	128	
0	0	0	0.00133514	8	0	23	
0	0	0	0.00351095	21	0	62	
0	0	0	0.00508499	30	0	89	
0	0	0	0.00739193	43	0	128	
0	0	0	0.00800991	47	0	140	
0	0	0	0.00767207	44	0	131	
0	0	0	0.00478506	28	0	83	
0	0	0	0.00307894	18	0	53	
0	0	0	0.00887895	52	0	155	
0	0	0	0.00310111	18	0	53	
0	0	0	0.00318503	19	0	56	
0	0	0	0.000452995	3	0	8	
0	0	0	0.00524211	31	0	92	
0	0	0	0.00835204	48	0	143	
0	0	0	0.00853205	50	0	149	
0	0	0	0.00277185	16	0	47	
0	0	0	0.000648975	4	0	11	
0	0	0	0.00529623	31	0	92	
0	0	0	0.00468111	27	0	80	
0	0	0	0.00531197	31	0	92	
0	0	0	0.006989	42	0	125	
0	0	0	0.00505304	30	0	89	
0	0	0	0.00309682	18	0	53	
0	0	0	0.00314188	19	0	56	
0	0	0	0.00631618	37	0	110	
0	0	0	0.00815105	48	0	143	
0	0	0	0.00807905	47	0	140	
0	0	0	0.00828099	48	0	143	
0	0	0	0.0052619	31	0	92	
0	0	0	0.00248504	15	0	44	
0	0	0	0.00265193	16	0	47	
0	0	0	0.00830603	49	0	146	
0	0	0	0.00269508	16	0	47	
0	0	0	0.00241303	15	0	44	
0	0	0	0.00128388	8	0	23	
0	0	0	0.0049212	29	0	86	
0	0	0	0.0110352	65	0	194	
0	0	0	0.00560594	32	0	95	
0	0	0	0.00362992	21	0	62	
0	0	0	0.00401592	24	0	71	
0	0	0	0.00685287	41	0	122	
0	0	0	0.00504184	30	0	89	
0	0	0	0.005054	30	0	89	
0	0	0	0.0068531	41	0	122	
0	0	0	0.00170588	10	0	29	
0	0	0	0.00473595	24	0	71	
0	0	0	0.00175691	9	0	26	
0	0	0	0.00614715	31	0	92	
0	0	0	0.00662518	34	0	101	
0	0	0	0.00276399	16	0	47	
0	0	0	0.00769997	45	0	134	
0	0	0	0.00382113	22	0	65	
0	0	0	0.00183892	11	0	32	
0	0	0	0.00324082	19	0	56	
0	0	0	0.00354004	21	0	62	
0	0	0	0.00357103	21	0	62	
0	0	0	0.00501204	29	0	86	
0	0	0	0.00300503	18	0	53	
0	0	0	0.00991201	59	0	176	
0	0	0	0.0124841	42	0	125	
0	0	0	0.006845	24	0	71	
0	0	0	0.00666499	33	0	98	
0	0	0	0.00180602	9	0	26	
0	0	0	0.00258303	13	0	38	
0	0	0	0.00422502	21	0	62	
0	0	0	0.00358891	18	0	53	
0	0	0	0.00507808	26	0	77	
0	0	0	0.00400019	22	0	65	
0	0	0	0.00219893	13	0	38	
0	0	0	0.00228	14	0	41	
0	0	0	0.000794888	5	0	14	
0	0	0	0.00212598	13	0	38	
0	0	0	0.00695205	41	0	122	
0	0	0	0.000694036	4	0	11	
0	0	0	0.000816822	5	0	14	
0	0	0	0.00878906	50	0	149	
0	0	0	0.00898314	53	0	158	
0	0	0	0.00469112	27	0	80	
0	0	0	0.003057	18	0	53	
0	0	0	0.00840998	49	0	146	
0	0	0	0.00192595	11	0	32	
0	0	0	0.00970411	57	0	170	
0	0	0	0.000829935	5	0	14	
0	0	0	0.00573707	34	0	101	
0	0	0	0.006109	36	0	107	
0	0	0	0.00577998	34	0	101	
0	0	0	0.003932	23	0	68	
0	0	0	0.001122	7	0	20	
0	0	0	0.00447917	27	0	80	
0	0	0	0.00394702	23	0	68	
0	0	0	0.00642109	36	0	107	
0	0	0	0.00930095	54	0	161	
0	0	0	0.00838494	48	0	143	
0	0	0	0.00594401	34	0	101	
0	0	0	0.00284815	17	0	50	
0	0	0	0.00796199	47	0	140	
0	0	0	0.00485706	27	0	80	
0	0	0	0.00306511	18	0	53	
0	0	0	0.00300002	18	0	53	
0	0	0	0.00343299	20	0	59	
0	0	0	0.00818014	48	0	143	
0	0	0	0.00570607	33	0	98	
0	0	0	0.00260091	15	0	44	
0	0	0	0.00114393	7	0	20	
0	0	0	0.0016222	10	0	29	
0	0	0	0.00337386	20	0	59	
0	0	0	0.000285864	2	0	5	
0	0	0	0.00182486	11	0	32	
0	0	0	0.00787711	47	0	140	
0	0	0	0.00291419	17	0	50	
0	0	0	0.00369692	22	0	65	
0	0	0	0.00698495	41	0	122	
0	0	0	0.00240898	14	0	41	
0	0	0	0.00373602	22	0	65	
0	0	0	0.00342798	20	0	59	
0	0	0	0.010323	60	0	179	
0	0	0	0.00153112	9	0	26	
0	0	0	0.00215316	13	0	38	
0	0	0	0.00791001	46	0	137	
0	0	0	0.00538182	31	0	92	
0	0	0	0.00619197	36	0	107	
0	0	0	0.0104489	60	0	179	
0	0	0	0.00525594	31	0	92	
0	0	0	0.00250506	14	0	41	
0	0	0	0.000115871	1	0	2	
0	0	0	0.00315094	19	0	56	
0	0	0	0.00655699	39	0	116	
0	0	0	0.00736809	43	0	128	
0	0	0	0.00458503	27	0	80	
0	0	0	0.00938487	55	0	164	
0	0	0	0.00588894	34	0	101	
0	0	0	0.00598311	35	0	104	
0	0	0	0.0028441	16	0	47	
0	0	0	0.002491	15	0	44	
0	0	0	0.00131297	8	0	23	
0	0	0	0.00290704	17	0	50	
0	0	0	0.00310493	18	0	53	
0	0	0	0.00132298	8	0	23	
0	0	0	0.00252318	15	0	44	
0	0	0	0.00998902	58	0	173	
0	0	0	0.00276184	16	0	47	
0	0	0	0.00131512	8	0	23	
0	0	0	0.00528002	31	0	92	
0	0	0	0.00221395	13	0	38	
0	0	0	0.000617027	4	0	11	
0	0	0	0.000931978	6	0	17	
0	0	0	0.00369501	22	0	65	
0	0	0	0.00134897	7	0	20	
0	0	0	0.00367904	21	0	62	
0	0	0	0.00776601	46	0	137	
0	0	0	0.00453806	25	0	74	
0	0	0	0.00314498	19	0	56	
0	0	0	0.0144269	85	0	254	
0	0	0	0.00569701	33	0	98	
0	0	0	0.00566983	33	0	98	
0	0	0	0.00873208	51	0	152	
0	0	0	0.000161886	1	0	2	
0	0	0	0.00773191	46	0	137	
0	0	0	0.00479603	28	0	83	
0	0	0	0.00426102	25	0	74	
0	0	0	0.00682211	40	0	119	
0	0	0	0.00355315	21	0	62	
0	0	0	0.00525808	31	0	92	
0	0	0	0.00438714	26	0	77	
0	0	0	0.00583601	35	0	104	
0	0	0	0.0027771	16	0	47	
0	0	0	0.00355911	21	0	62	
0	0	0	0.00246406	15	0	44	
0	0	0	0.00283217	17	0	50	
0	0	0	0.00187683	11	0	32	
0	0	0	0.0035851	21	0	62	
0	0	0	0.00184011	11	0	32	
0	0	0	0.00627995	37	0	110	
0	0	0	0.00268006	16	0	47	
0	0	0	0.006639	39	0	116	
0	0	0	0.00849509	50	0	149	
0	0	0	0.000871181	5	0	14	
0	0	0	0.000287056	2	0	5	
0	0	0	0.0032239	19	0	56	
0	0	0	0.00120807	7	0	20	
0	0	0	0.00383687	23	0	68	
0	0	0	0.0127389	74	0	221	
0	0	0	0.0104799	61	0	182	
0	0	0	0.00479102	28	0	83	
0	0	0	0.00841689	50	0	149	
0	0	0	0.00544095	32	0	95	
0	0	0	0.00514102	30	0	89	
0	0	0	0.00331593	20	0	59	
0	0	0	0.00563598	33	0	98	
0	0	0	0.00661111	38	0	113	
0	0	0	0.00651717	38	0	113	
0	0	0	0.0046382	27	0	80	
0	0	0	0.00559783	33	0	98	
0	0	0	0.000300169	2	0	5	
0	0	0	0.00762105	45	0	134	
0	0	0	0.00843191	48	0	143	
0	0	0	0.002949	17	0	50	
0	0	0	0.00890899	53	0	158	
0	0	0	0.00343585	20	0	59	
0	0	0	0.0100288	59	0	176	
0	0	0	0.000334024	2	0	5	
0	0	0	0.00934792	55	0	164	
0	0	0	0.00434685	26	0	77	
0	0	0	0.00490618	29	0	86	
0	0	0	0.00506592	29	0	86	
0	0	0	0.00419402	25	0	74	
0	0	0	0.00250196	15	0	44	
0	0	0	0.00383401	23	0	68	
0	0	0	0.00355601	21	0	62	
0	0	0	0.00468397	28	0	83	
0	0	0	0.00061202	4	0	11	
0	0	0	0.00363612	22	0	65	
0	0	0	0.00356984	21	0	62	
0	0	0	0.00851107	50	0	149	
0	0	0	0.00815082	47	0	140	
0	0	0	0.00425506	25	0	74	
0	0	0	0.0046699	28	0	83	
0	0	0	0.00638795	38	0	113	
0	0	0	0.00474715	27	0	80	
0	0	0	0.011193	65	0	194	
0	0	0	0.00710702	41	0	122	
0	0	0	0.00379801	22	0	65	
0	0	0	0.00376606	22	0	65	
0	0	0	0.0057981	31	0	92	
0	0	0	0.00786781	46	0	137	
0	0	0	0.00789213	47	0	140	
0	0	0	0.00857997	50	0	149	
0	0	0	0.00103688	6	0	17	
0	0	0	0.000442028	3	0	8	
0	0	0	0.00336313	20	0	59	
0	0	0	0.0140369	82	0	245	
0	0	0	0.000536919	3	0	8	
0	0	0	0.00379205	22	0	65	
0	0	0	0.00492692	28	0	83	
0	0	0	0.00660491	39	0	116	
0	0	0	0.00491285	29	0	86	
0	0	0	0.00546288	29	0	86	
0	0	0	0.0086689	45	0	134	
0	0	0	0.00555611	29	0	86	
0	0	0	0.00404191	23	0	68	
0	0	0	0.000819921	5	0	14	
0	0	0	0.00571108	34	0	101	
0	0	0	0.00415397	24	0	71	
0	0	0	0.00588107	33	0	98	
0	0	0	0.00294113	18	0	53	
0	0	0	0.001122	7	0	20	
0	0	0	0.00243282	14	0	41	
0	0	0	0.000779152	5	0	14	
0	0	0	0.00128484	8	0	23	
0	0	0	0.010396	61	0	182	
0	0	0	0.00519013	30	0	89	
0	0	0	0.00116801	7	0	20	
0	0	0	0.000650167	4	0	11	
0	0	0	0.00271702	16	0	47	
0	0	0	0.00625491	38	0	113	
0	0	0	0.00896716	52	0	155	
0	0	0	0.00686193	40	0	119	
0	0	0	0.0139329	83	0	248	
0	0	0	0.00499201	29	0	86	
0	0	0	0.00921106	53	0	158	
0	0	0	0.00184608	11	0	32	
0	0	0	0.00112414	7	0	20	
0	0	0	0.00841618	50	0	149	
0	0	0	0.00964117	56	0	167	
0	0	0	0.00430703	25	0	74	
0	0	0	0.00279903	17	0	50	
0	0	0	0.00583696	34	0	101	
0	0	0	0.00789499	46	0	137	
0	0	0	0.00285721	17	0	50	
0	0	0	0.0044589	26	0	77	
0	0	0	0.00679803	39	0	116	
0	0	0	0.00280285	16	0	47	
0	0	0	0.000119925	1	0	2	
0	0	0	0.00752378	44	0	131	
0	0	0	0.00371909	22	0	65	
0	0	0	0.00683808	41	0	122	
0	0	0	0.00698209	40	0	119	
0	0	0	0.00851798	50	0	149	
0	0	0	0.00737309	43	0	128	
0	0	0	0.00151896	9	0	26	
0	0	0	0.0112932	66	0	197	
0	0	0	0.000179052	1	0	2	
0	0	0	0.00820303	48	0	143	
0	0	0	0.00698113	41	0	122	
0	0	0	0.00472116	28	0	83	
0	0	0	0.00351501	21	0	62	
0	0	0	0.0043931	26	0	77	
0	0	0	0.0030489	18	0	53	
0	0	0	0.00300312	18	0	53	
0	0	0	0.00644898	38	0	113	
0	0	0	0.00577903	34	0	101	
0	0	0	0.00267792	15	0	44	
0	0	0	0.00354886	21	0	62	
0	0	0	0.00252199	15	0	44	
0	0	0	0.000925064	6	0	17	
0	0	0	0.00483012	28	0	83	
0	0	0	0.000298977	2	0	5	
0	0	0	0.00148988	9	0	26	
0	0	0	0.000787973	5	0	14	
0	0	0	0.000296116	2	0	5	
0	0	0	0.000944853	6	0	17	
0	0	0	0.000589848	4	0	11	
0	0	0	0.000267029	2	0	5	
0	0	0	0.000771999	5	0	14	
0	0	0	0.00113797	7	0	20	
0	0	0	0.000589848	4	0	11	
0	0	0	0.00079298	5	0	14	
0	0	0	0.00446105	27	0	80	
0	0	0	0.000613928	4	0	11	
0	0	0	0.000767946	5	0	14	
0	0	0	0.00261688	16	0	47	
0	0	0	0.000597954	4	0	11	
0	0	0	0.000281096	2	0	5	
0	0	0	0.00149989	9	0	26	
0	0	0	0.00587797	35	0	104	
0	0	0	0.00286007	17	0	50	
0	0	0	0.012074	71	0	212	
0	0	0	0.007442	43	0	128	
0	0	0	0.000153065	1	0	2	
0	0	0	0.00297618	17	0	50	
0	0	0	0.00134301	8	0	23	
0	0	0	0.00194502	12	0	35	
0	0	0	0.001827	11	0	32	
0	0	0	0.0080092	47	0	140	
0	0	0	0.00712919	41	0	122	
0	0	0	0.00265408	15	0	44	
0	0	0	0.00262308	16	0	47	
0	0	0	0.00990891	58	0	173	
0	0	0	0.00841403	49	0	146	
0	0	0	0.004035	24	0	71	
0	0	0	0.0131941	77	0	230	
0	0	0	0.00224209	13	0	38	
0	0	0	0.0015161	9	0	26	
0	0	0	0.00287294	14	0	41	
0	0	0	0.011024	59	0	176	
0	0	0	0.00352693	20	0	59	
0	0	0	0.00153899	9	0	26	
0	0	0	0.00500298	30	0	89	
0	0	0	0.000133991	1	0	2	
0	0	0	0.0127678	75	0	224	
0	0	0	0.00386405	22	0	65	
0	0	0	0.00585699	30	0	89	
0	0	0	0.00634003	20	0	59	
0	0	0	0.0031271	12	0	35	
0	0	0	0.00862718	40	0	119	
0	0	0	0.00312495	18	0	53	
0	0	0	0.00305104	17	0	50	
0	0	0	0.00105	6	0	17	
0	0	0	0.00134182	8	0	23	
0	0	0	0.00200486	12	0	35	
0	0	0	0.0044198	25	0	74	
0	0	0	0.0073421	42	0	125	
0	0	0	0.00627995	36	0	107	
0	0	0	0.00325894	19	0	56	
0	0	0	0.00871086	51	0	152	
0	0	0	0.00507498	28	0	83	
0	0	0	0.00540519	31	0	92	
0	0	0	0.00570107	33	0	98	
0	0	0	0.00436783	26	0	77	
0	0	0	0.00824499	48	0	143	
0	0	0	0.0179901	106	0	317	
0	0	0	0.00125384	7	0	20	
0	0	0	0.000632048	4	0	11	
0	0	0	0.00196695	12	0	35	
0	0	0	0.00929999	54	0	161	
0	0	0	0.0101068	53	0	158	
0	0	0	0.00759006	43	0	128	
0	0	0	0.00729012	42	0	125	
0	0	0	0.000153065	1	0	2	
0	0	0	0.006639	39	0	116	
0	0	0	0.0128241	74	0	221	
0	0	0	0.00124502	7	0	20	
0	0	0	0.015038	88	0	263	
0	0	0	0.00668287	38	0	113	
0	0	0	0.00479603	28	0	83	
0	0	0	0.00373888	22	0	65	
0	0	0	0.021641	125	0	374	
0	0	0	0.0103469	60	0	179	
0	0	0	0.00327682	19	0	56	
0	0	0	0.00831199	49	0	146	
0	0	0	0.00785804	46	0	137	
0	0	0	0.00718808	42	0	125	
0	0	0	0.0119998	71	0	212	
0	0	0	0.000526905	3	0	8	
0	0	0	0.0160949	94	0	281	
0	0	0	0.00528502	30	0	89	
0	0	0	0.00539184	32	0	95	
0	0	0	0.00224495	13	0	38	
0	0	0	0.0161381	94	0	281	
0	0	0	0.000219107	1	0	2	
0	0	0	0.00948	55	0	164	
0	0	0	0.00495219	29	0	86	
0	0	0	0.00272608	16	0	47	
0	0	0	0.00576091	34	0	101	
0	0	0	0.00683618	40	0	119	
0	0	0	0.00577211	34	0	101	
0	0	0	0.00435805	26	0	77	
0	0	0	0.00167704	10	0	29	
0	0	0	0.00812101	48	0	143	
0	0	0	0.00689816	40	0	119	
0	0	0	0.00341392	20	0	59	
0	0	0	0.00473285	28	0	83	
0	0	0	0.00413203	24	0	71	
0	0	0	0.00836611	49	0	146	
0	0	0	0.012217	72	0	215	
0	0	0	0.00621009	36	0	107	
0	0	0	0.00289989	17	0	50	
0	0	0	0.00512195	30	0	89	
0	0	0	0.0044589	26	0	77	
0	0	0	0.00309515	18	0	53	
0	0	0	0.00133395	8	0	23	
0	0	0	0.00100398	6	0	17	
0	0	0	0.00548792	33	0	98	
0	0	0	0.00530291	31	0	92	
0	0	0	0.00204802	12	0	35	
0	0	0	0.00181007	11	0	32	
0	0	0	0.00336385	20	0	59	
0	0	0	0.00531602	31	0	92	
0	0	0	0.00521994	31	0	92	
0	0	0	0.00639009	37	0	110	
0	0	0	0.00271416	16	0	47	
0	0	0	0.00112009	7	0	20	
0	0	0	0.00635791	37	0	110	
0	0	0	0.000989914	6	0	17	
0	0	0	0.00700283	41	0	122	
0	0	0	0.00379992	22	0	65	
0	0	0	0.00587106	34	0	101	
0	0	0	0.00601506	35	0	104	
0	0	0	0.00594997	35	0	104	
0	0	0	0.00488186	28	0	83	
0	0	0	0.00376582	22	0	65	
0	0	0	0.00388908	23	0	68	
0	0	0	0.00240111	14	0	41	
0	0	0	0.00201511	12	0	35	
0	0	0	0.00202107	12	0	35	
0	0	0	0.00313401	17	0	50	
0	0	0	0.00132394	7	0	20	
0	0	0	0.00357819	20	0	59	
0	0	0	0.00356698	21	0	62	
0	0	0	0.00207496	12	0	35	
0	0	0	0.00149703	9	0	26	
0	0	0	0.00413585	24	0	71	
0	0	0	0.00440979	26	0	77	
0	0	0	0.00196719	12	0	35	
0	0	0	0.00710702	42	0	125	
0	0	0	0.00569201	33	0	98	
0	0	0	0.00364399	21	0	62	
0	0	0	0.00252414	15	0	44	
0	0	0	0.00213313	13	0	38	
0	0	0	0.00427413	25	0	74	
0	0	0	0.00270009	15	0	44	
0	0	0	0.00163007	10	0	29	
0	0	0	0.00190902	11	0	32	
0	0	0	0.00738001	43	0	128	
0	0	0	0.001513	9	0	26	
0	0	0	0.00147605	9	0	26	
0	0	0	0.00318313	19	0	56	
0	0	0	0.00491714	29	0	86	
0	0	0	0.00816107	48	0	143	
0	0	0	0.00225902	13	0	38	
0	0	0	0.00374508	22	0	65	
0	0	0	0.00137115	8	0	23	
0	0	0	0.00383592	23	0	68	
0	0	0	0.00183797	11	0	32	
0	0	0	0.00475693	28	0	83	
0	0	0	0.00338602	20	0	59	
0	0	0	0.00353312	21	0	62	
0	0	0	0.00181699	11	0	32	
0	0	0	0.00289607	17	0	50	
0	0	0	0.00416899	24	0	71	
0	0	0	0.00163412	10	0	29	
0	0	0	0.005759	34	0	101	
0	0	0	0.00268197	16	0	47	
0	0	0	0.00288796	17	0	50	
0	0	0	0.00097394	6	0	17	
0	0	0	0.00148296	9	0	26	
0	0	0	0.00606298	36	0	107	
0	0	0	0.00479913	28	0	83	
0	0	0	0.00355816	21	0	62	
0	0	0	0.00555897	33	0	98	
0	0	0	0.00363803	22	0	65	
0	0	0	0.00385284	23	0	68	
0	0	0	0.00606394	35	0	104	
0	0	0	0.00268197	15	0	44	
0	0	0	0.00147295	8	0	23	
0	0	0	0.00446892	25	0	74	
0	0	0	0.00329018	19	0	56	
0	0	0	0.00285792	16	0	47	
0	0	0	0.00101805	6	0	17	
0	0	0	0.0013001	8	0	23	
0	0	0	0.00211	13	0	38	
0	0	0	0.0069499	42	0	125	
0	0	0	0.00241494	14	0	41	
0	0	0	0.00540709	31	0	92	
0	0	0	0.00562	33	0	98	
0	0	0	0.00370598	22	0	65	
0	0	0	0.00203514	12	0	35	
0	0	0	0.00323105	19	0	56	
0	0	0	0.00133681	8	0	23	
0	0	0	0.00245619	14	0	41	
0	0	0	0.00395703	23	0	68	
0	0	0	0.00383592	23	0	68	
0	0	0	0.00191784	11	0	32	
0	0	0	0.000599861	4	0	11	
0	0	0	0.00510502	30	0	89	
0	0	0	0.00642705	38	0	113	
0	0	0	0.00847316	50	0	149	
0	0	0	0.002033	12	0	35	
0	0	0	0.00164795	10	0	29	
0	0	0	0.00391912	23	0	68	
0	0	0	0.00425315	25	0	74	
0	0	0	0.00466084	27	0	80	
0	0	0	0.00324202	19	0	56	
0	0	0	0.00796509	47	0	140	
0	0	0	0.00629115	37	0	110	
0	0	0	0.00673008	38	0	113	
0	0	0	0.00555205	33	0	98	
0	0	0	0.00444698	26	0	77	
0	0	0	0.00558805	33	0	98	
0	0	0	0.00678802	40	0	119	
0	0	0	0.00372314	22	0	65	
0	0	0	0.00697803	41	0	122	
0	0	0	0.00485992	28	0	83	
0	0	0	0.00172091	10	0	29	
0	0	0	0.00345802	21	0	62	
0	0	0	0.00301504	18	0	53	
0	0	0	0.00563693	33	0	98	
0	0	0	0.00116396	7	0	20	
0	0	0	0.000788927	5	0	14	
0	0	0	0.00559592	30	0	89	
0	0	0	0.000332832	2	0	5	
0	0	0	0.00966811	52	0	155	
0	0	0	0.00589108	32	0	95	
0	0	0	0.000330925	2	0	5	
0	0	0	0.00570989	31	0	92	
0	0	0	0.00482607	27	0	80	
0	0	0	0.000304937	2	0	5	
0	0	0	0.00251794	15	0	44	
0	0	0	0.00432801	26	0	77	
0	0	0	0.000294924	2	0	5	
0	0	0	0.00643206	38	0	113	
0	0	0	0.000313044	2	0	5	
0	0	0	0.00641489	38	0	113	
0	0	0	0.000310898	2	0	5	
0	0	0	0.00509	30	0	89	
0	0	0	0.000316143	2	0	5	
0	0	0	0.00585294	35	0	104	
0	0	0	0.000304937	2	0	5	
0	0	0	0.00703692	41	0	122	
0	0	0	0.000317812	2	0	5	
0	0	0	0.00484109	29	0	86	
0	0	0	0.00661206	38	0	113	
0	0	0	0.00627208	37	0	110	
0	0	0	0.00510883	29	0	86	
0	0	0	0.0065558	38	0	113	
0	0	0	0.000315905	2	0	5	
0	0	0	0.00640893	38	0	113	
0	0	0	0.000316858	2	0	5	
0	0	0	0.00453401	27	0	80	
0	0	0	0.00439286	26	0	77	
0	0	0	0.000353813	2	0	5	
0	0	0	0.00744319	44	0	131	
0	0	0	0.000323057	2	0	5	
0	0	0	0.0103741	60	0	179	
0	0	0	0.000337839	2	0	5	
0	0	0	0.0106099	57	0	170	
0	0	0	0.000370979	2	0	5	
0	0	0	0.00543594	30	0	89	
0	0	0	0.00551891	33	0	98	
0	0	0	0.00030899	2	0	5	
0	0	0	0.0036931	22	0	65	
0	0	0	0.00567412	33	0	98	
0	0	0	0.00597191	35	0	104	
0	0	0	0.000313997	2	0	5	
0	0	0	0.00805497	47	0	140	
0	0	0	0.000334024	2	0	5	
0	0	0	0.00509214	30	0	89	
0	0	0	0.000305176	2	0	5	
0	0	0	0.00660586	38	0	113	
0	0	0	0.000313044	2	0	5	
0	0	0	0.00568581	33	0	98	
0	0	0	0.000306845	2	0	5	
0	0	0	0.00708389	42	0	125	
0	0	0	0.00413704	24	0	71	
0	0	0	0.00206208	12	0	35	
0	0	0	0.00494504	29	0	86	
0	0	0	0.00132585	8	0	23	
0	0	0	0.00352287	21	0	62	
0	0	0	0.000293016	2	0	5	
0	0	0	0.00448418	26	0	77	
0	0	0	0.00251794	15	0	44	
0	0	0	0.000283957	2	0	5	
0	0	0	0.00446987	27	0	80	
0	0	0	0.000294924	2	0	5	
0	0	0	0.00839901	48	0	143	
0	0	0	0.00432205	25	0	74	
0	0	0	0.00542307	32	0	95	
0	0	0	0.000305891	2	0	5	
0	0	0	0.00249696	15	0	44	
0	0	0	0.00374508	22	0	65	
0	0	0	0.000294924	2	0	5	
0	0	0	0.010922	65	0	194	
0	0	0	0.000355005	2	0	5	
0	0	0	0.00852489	50	0	149	
0	0	0	0.000324011	2	0	5	
0	0	0	0.00504899	30	0	89	
0	0	0	0.00178003	11	0	32	
0	0	0	0.000277996	2	0	5	
0	0	0	0.00503397	30	0	89	
0	0	0	0.000301123	2	0	5	
0	0	0	0.00504112	30	0	89	
0	0	0	0.00369811	22	0	65	
0	0	0	0.00322413	19	0	56	
0	0	0	0.00114298	7	0	20	
0	0	0	0.000442028	3	0	8	
0	0	0	0.00574112	34	0	101	
0	0	0	0.00263906	16	0	47	
0	0	0	0.00363302	21	0	62	
0	0	0	0.00656509	38	0	113	
0	0	0	0.00116587	7	0	20	
0	0	0	0.00741291	44	0	131	
0	0	0	0.00149488	9	0	26	
0	0	0	0.00261378	16	0	47	
0	0	0	0.00201988	12	0	35	
0	0	0	0.0068481	40	0	119	
0	0	0	0.00101399	6	0	17	
0	0	0	0.006356	38	0	113	
0	0	0	0.001858	10	0	29	
0	0	0	0.00297093	16	0	47	
0	0	0	0.00214601	12	0	35	
0	0	0	0.000834942	5	0	14	
0	0	0	0.000476122	3	0	8	
0	0	0	0.015785	90	0	269	
0	0	0	0.00123501	7	0	20	
0	0	0	0.000844002	5	0	14	
0	0	0	0.00441003	26	0	77	
0	0	0	0.00319982	19	0	56	
0	0	0	0.00268698	16	0	47	
0	0	0	0.013855	82	0	245	
0	0	0	0.013242	77	0	230	
0	0	0	0.00638199	37	0	110	
0	0	0	0.00669098	39	0	116	
0	0	0	0.00517988	30	0	89	
0	0	0	0.00447822	26	0	77	
0	0	0	0.00322413	19	0	56	
0	0	0	0.00852299	49	0	146	
0	0	0	0.00188398	11	0	32	
0	0	0	0.00341105	20	0	59	
0	0	0	0.00637889	38	0	113	
0	0	0	0.0030601	18	0	53	
0	0	0	0.00993609	56	0	167	
0	0	0	0.00636792	32	0	95	
0	0	0	0.00654101	32	0	95	
0	0	0	0.00154591	8	0	23	
0	0	0	0.00698209	35	0	104	
0	0	0	0.00299907	15	0	44	
0	0	0	0.00898504	43	0	128	
0	0	0	0.00746202	37	0	110	
0	0	0	0.00811291	39	0	116	
0	0	0	0.00389385	20	0	59	
0	0	0	0.00400805	19	0	56	
0	0	0	0.00294685	14	0	41	
0	0	0	0.00684309	32	0	95	
0	0	0	0.00506091	21	0	62	
0	0	0	0.00834012	39	0	116	
0	0	0	0.0104048	54	0	161	
0	0	0	0.0113709	66	0	197	
0	0	0	0.00396585	23	0	68	
0	0	0	0.00320315	18	0	53	
0	0	0	0.00416994	25	0	74	
0	0	0	0.00699687	41	0	122	
0	0	0	0.00994611	57	0	170	
0	0	0	0.000709057	4	0	11	
0	0	0	0.0121911	69	0	206	
0	0	0	0.00771093	44	0	131	
0	0	0	0.003371	20	0	59	
0	0	0	0.00480604	28	0	83	
0	0	0	0.00770998	46	0	137	
0	0	0	0.00462508	27	0	80	
0	0	0	0.00356507	21	0	62	
0	0	0	0.00580502	34	0	101	
0	0	0	0.00463295	27	0	80	
0	0	0	0.002738	16	0	47	
0	0	0	0.00587988	35	0	104	
0	0	0	0.00567818	32	0	95	
0	0	0	0.00433493	25	0	74	
0	0	0	0.00455499	27	0	80	
0	0	0	0.00214386	13	0	38	
0	0	0	0.000952005	6	0	17	
0	0	0	0.00278497	17	0	50	
0	0	0	0.00754285	44	0	131	
0	0	0	0.00625205	37	0	110	
0	0	0	0.00605202	36	0	107	
0	0	0	0.00592017	34	0	101	
0	0	0	0.0078671	46	0	137	
0	0	0	0.00570607	33	0	98	
0	0	0	0.002424	14	0	41	
0	0	0	0.00284314	17	0	50	
0	0	0	0.0028379	17	0	50	
0	0	0	0.00416517	25	0	74	
0	0	0	0.00536394	31	0	92	
0	0	0	0.00317097	19	0	56	
0	0	0	0.00970888	57	0	170	
0	0	0	0.00641394	37	0	110	
0	0	0	0.00403905	24	0	71	
0	0	0	0.00694895	41	0	122	
0	0	0	0.00943995	56	0	167	
0	0	0	0.00372696	22	0	65	
0	0	0	0.00377202	22	0	65	
0	0	0	0.00743198	44	0	131	
0	0	0	0.00371814	21	0	62	
0	0	0	0.00526905	31	0	92	
0	0	0	0.00254583	15	0	44	
0	0	0	0.00495291	29	0	86	
0	0	0	0.00681305	40	0	119	
0	0	0	0.00588298	34	0	101	
0	0	0	0.00476599	28	0	83	
0	0	0	0.0104539	61	0	182	
0	0	0	0.00538301	32	0	95	
0	0	0	0.00882292	52	0	155	
0	0	0	0.00897098	53	0	158	
0	0	0	0.00798297	47	0	140	
0	0	0	0.00489902	29	0	86	
0	0	0	0.00639915	38	0	113	
0	0	0	0.00560093	33	0	98	
0	0	0	0.00770688	46	0	137	
0	0	0	0.00562501	33	0	98	
0	0	0	0.00307202	17	0	50	
0	0	0	0.00486088	18	0	53	
0	0	0	0.00576687	33	0	98	
0	0	0	0.00204015	11	0	32	
0	0	0	0.00328398	19	0	56	
0	0	0	0.00358701	21	0	62	
0	0	0	0.0054009	32	0	95	
0	0	0	0.00775003	45	0	134	
0	0	0	0.00154209	9	0	26	
0	0	0	0.00395012	23	0	68	
0	0	0	0.00483394	28	0	83	
0	0	0	0.00174189	10	0	29	
0	0	0	0.00219607	13	0	38	
0	0	0	0.00114894	7	0	20	
0	0	0	0.00504589	28	0	83	
0	0	0	0.0025301	15	0	44	
0	0	0	0.00683594	40	0	119	
0	0	0	0.00782299	46	0	137	
0	0	0	0.00170803	10	0	29	
0	0	0	0.00705385	42	0	125	
0	0	0	0.00732207	42	0	125	
0	0	0	0.00312495	18	0	53	
0	0	0	0.00288796	17	0	50	
0	0	0	0.00562906	33	0	98	
0	0	0	0.00352097	21	0	62	
0	0	0	0.00921798	54	0	161	
0	0	0	0.00681686	39	0	116	
0	0	0	0.00650406	38	0	113	
0	0	0	0.00991583	57	0	170	
0	0	0	0.010869	63	0	188	
0	0	0	0.0114741	66	0	197	
0	0	0	0.00662303	39	0	116	
0	0	0	0.00236607	14	0	41	
0	0	0	0.00552082	33	0	98	
0	0	0	0.00239491	14	0	41	
0	0	0	0.00641894	38	0	113	
0	0	0	0.00512409	30	0	89	
0	0	0	0.00664711	39	0	116	
0	0	0	0.009202	54	0	161	
0	0	0	0.0071249	41	0	122	
0	0	0	0.00592613	34	0	101	
0	0	0	0.0077908	46	0	137	
0	0	0	0.00494695	29	0	86	
0	0	0	0.00255799	15	0	44	
0	0	0	0.00804496	45	0	134	
0	0	0	0.00480485	22	0	65	
0	0	0	0.015759	68	0	203	
0	0	0	0.00458503	26	0	77	
0	0	0	0.00846601	50	0	149	
0	0	0	0.000501871	3	0	8	
0	0	0	0.00261593	16	0	47	
0	0	0	0.00631499	37	0	110	
0	0	0	0.00439811	26	0	77	
0	0	0	0.00410199	24	0	71	
0	0	0	0.00684309	38	0	113	
0	0	0	0.00343299	20	0	59	
0	0	0	0.00357199	21	0	62	
0	0	0	0.0045228	26	0	77	
0	0	0	0.00170588	10	0	29	
0	0	0	0.00589991	35	0	104	
0	0	0	0.00716996	42	0	125	
0	0	0	0.00346804	20	0	59	
0	0	0	0.00497699	28	0	83	
0	0	0	0.00731611	43	0	128	
0	0	0	0.00532103	27	0	80	
0	0	0	0.002352	14	0	41	
0	0	0	0.00862312	51	0	152	
0	0	0	0.00485802	28	0	83	
0	0	0	0.00810409	48	0	143	
0	0	0	0.00727701	42	0	125	
0	0	0	0.00119996	7	0	20	
0	0	0	0.00564098	33	0	98	
0	0	0	0.00708199	41	0	122	
0	0	0	0.00270295	16	0	47	
0	0	0	0.00808382	48	0	143	
0	0	0	0.00860596	50	0	149	
0	0	0	0.00415301	24	0	71	
0	0	0	0.00585198	34	0	101	
0	0	0	0.00479293	28	0	83	
0	0	0	0.0106518	62	0	185	
0	0	0	0.0121682	71	0	212	
0	0	0	0.00417995	24	0	71	
0	0	0	0.00970602	57	0	170	
0	0	0	0.00398016	23	0	68	
0	0	0	0.00453687	27	0	80	
0	0	0	0.00334907	20	0	59	
0	0	0	0.00471902	28	0	83	
0	0	0	0.00817108	48	0	143	
0	0	0	0.00721812	41	0	122	
0	0	0	0.00710082	41	0	122	
0	0	0	0.00619817	36	0	107	
0	0	0	0.00485921	28	0	83	
0	0	0	0.00338292	20	0	59	
0	0	0	0.00299096	18	0	53	
0	0	0	0.00826597	49	0	146	
0	0	0	0.00569892	33	0	98	
0	0	0	0.000335932	2	0	5	
0	0	0	0.00388885	23	0	68	
0	0	0	0.00560188	33	0	98	
0	0	0	0.00485897	29	0	86	
0	0	0	0.00393987	23	0	68	
0	0	0	0.00524092	31	0	92	
0	0	0	0.00714803	43	0	128	
0	0	0	0.00535107	31	0	92	
0	0	0	0.00429106	25	0	74	
0	0	0	0.00658202	39	0	116	
0	0	0	0.00590491	34	0	101	
0	0	0	0.00263	16	0	47	
0	0	0	0.001266	8	0	23	
0	0	0	0.00658989	39	0	116	
0	0	0	0.00394392	23	0	68	
0	0	0	0.00224209	13	0	38	
0	0	0	0.00545812	32	0	95	
0	0	0	0.00588989	35	0	104	
0	0	0	0.00757003	45	0	134	
0	0	0	0.00254703	15	0	44	
0	0	0	0.00233102	14	0	41	
0	0	0	0.00201201	12	0	35	
0	0	0	0.00364399	21	0	62	
0	0	0	0.00554109	33	0	98	
0	0	0	0.00626016	37	0	110	
0	0	0	0.00263596	16	0	47	
0	0	0	0.00507617	29	0	86	
0	0	0	0.000656128	4	0	11	
0	0	0	0.00643682	38	0	113	
0	0	0	0.00609112	36	0	107	
0	0	0	0.00586605	34	0	101	
0	0	0	0.00220704	13	0	38	
0	0	0	0.00213003	13	0	38	
0	0	0	0.00211811	13	0	38	
0	0	0	0.00309205	18	0	53	
0	0	0	0.00315809	19	0	56	
0	0	0	0.00595403	35	0	104	
0	0	0	0.0061872	37	0	110	
0	0	0	0.0017221	10	0	29	
0	0	0	0.00389981	23	0	68	
0	0	0	0.00947285	55	0	164	
0	0	0	0.00833893	49	0	146	
0	0	0	0.00731587	43	0	128	
0	0	0	0.00469398	27	0	80	
0	0	0	0.01298	75	0	224	
0	0	0	0.000720978	4	0	11	
0	0	0	0.00504398	30	0	89	
0	0	0	0.00773811	45	0	134	
0	0	0	0.00437403	25	0	74	
0	0	0	0.00890112	51	0	152	
0	0	0	0.00515103	30	0	89	
0	0	0	0.00101495	6	0	17	
0	0	0	0.0106418	62	0	185	
0	0	0	0.00752187	43	0	128	
0	0	0	0.013659	79	0	236	
0	0	0	0.00482702	27	0	80	
0	0	0	0.00548315	32	0	95	
0	0	0	0.00623298	36	0	107	
0	0	0	0.0089469	52	0	155	
0	0	0	0.00474286	28	0	83	
0	0	0	0.00710797	42	0	125	
0	0	0	0.00187206	11	0	32	
0	0	0	0.00616908	37	0	110	
0	0	0	0.00618315	36	0	107	
0	0	0	0.00696015	41	0	122	
0	0	0	0.0017159	10	0	29	
0	0	0	0.00675583	39	0	116	
0	0	0	0.00444388	26	0	77	
0	0	0	0.00608516	36	0	107	
0	0	0	0.00990605	54	0	161	
0	0	0	0.00978708	57	0	170	
0	0	0	0.00365305	21	0	62	
0	0	0	0.00584412	34	0	101	
0	0	0	0.00971699	56	0	167	
0	0	0	0.00532389	31	0	92	
0	0	0	0.007514	42	0	125	
0	0	0	0.00970602	56	0	167	
0	0	0	0.00798583	46	0	137	
0	0	0	0.00197291	11	0	32	
0	0	0	0.00182009	11	0	32	
0	0	0	0.00355887	21	0	62	
0	0	0	0.00375986	22	0	65	
0	0	0	0.00906587	53	0	158	
0	0	0	0.00852585	48	0	143	
0	0	0	0.00294399	17	0	50	
0	0	0	0.0103719	60	0	179	
0	0	0	0.000690937	4	0	11	
0	0	0	0.0084641	49	0	146	
0	0	0	0.00434709	26	0	77	
0	0	0	0.011827	68	0	203	
0	0	0	0.00393414	23	0	68	
0	0	0	0.0039289	23	0	68	
0	0	0	0.00198197	12	0	35	
0	0	0	0.00836015	49	0	146	
0	0	0	0.007061	41	0	122	
0	0	0	0.00550103	32	0	95	
0	0	0	0.00415802	24	0	71	
0	0	0	0.00404692	24	0	71	
0	0	0	0.000133038	1	0	2	
0	0	0	0.00771809	45	0	134	
0	0	0	0.00814414	48	0	143	
0	0	0	0.000156879	1	0	2	
0	0	0	0.007792	46	0	137	
0	0	0	0.00279307	16	0	47	
0	0	0	0.00142121	8	0	23	
0	0	0	0.00433707	23	0	68	
0	0	0	0.00206113	12	0	35	
0	0	0	0.004493	26	0	77	
0	0	0	0.00588417	34	0	101	
0	0	0	0.00422287	25	0	74	
0	0	0	0.000130892	1	0	2	
0	0	0	0.00440502	26	0	77	
0	0	0	0.00222898	13	0	38	
0	0	0	0.00559402	33	0	98	
0	0	0	0.00301504	18	0	53	
0	0	0	0.00404	23	0	68	
0	0	0	0.00595689	35	0	104	
0	0	0	0.00381517	22	0	65	
0	0	0	0.00219083	13	0	38	
0	0	0	0.00640297	38	0	113	
0	0	0	0.00437307	26	0	77	
0	0	0	0.00199699	12	0	35	
0	0	0	0.00229788	14	0	41	
0	0	0	0.00267196	16	0	47	
0	0	0	0.0041852	25	0	74	
0	0	0	0.00254011	15	0	44	
0	0	0	0.000283957	2	0	5	
0	0	0	0.00747013	44	0	131	
0	0	0	0.00159597	9	0	26	
0	0	0	0.00585103	34	0	101	
0	0	0	0.008255	48	0	143	
0	0	0	0.00252008	15	0	44	
0	0	0	0.000118971	1	0	2	
0	0	0	0.00285196	17	0	50	
0	0	0	0.011019	65	0	194	
0	0	0	0.00434685	25	0	74	
0	0	0	0.00884986	51	0	152	
0	0	0	0.00269794	16	0	47	
0	0	0	0.00527096	28	0	83	
0	0	0	0.00700998	26	0	77	
0	0	0	0.00715899	31	0	92	
0	0	0	0.00286102	13	0	38	
0	0	0	0.00370216	20	0	59	
0	0	0	0.00474	28	0	83	
0	0	0	0.00737286	42	0	125	
0	0	0	0.00484395	27	0	80	
0	0	0	0.00859594	51	0	152	
0	0	0	0.00814199	47	0	140	
0	0	0	0.00546312	31	0	92	
0	0	0	0.00339818	20	0	59	
0	0	0	0.00444794	26	0	77	
0	0	0	0.00500083	29	0	86	
0	0	0	0.00887012	52	0	155	
0	0	0	0.0108118	63	0	188	
0	0	0	0.00665402	39	0	116	
0	0	0	0.00411487	24	0	71	
0	0	0	0.00442886	26	0	77	
0	0	0	0.00340199	20	0	59	
0	0	0	0.00116491	7	0	20	
0	0	0	0.00408006	24	0	71	
0	0	0	0.00263405	15	0	44	
0	0	0	0.00417495	25	0	74	
0	0	0	0.00271392	16	0	47	
0	0	0	0.00651002	38	0	113	
0	0	0	0.00103402	6	0	17	
0	0	0	0.00226307	13	0	38	
0	0	0	0.00373006	22	0	65	
0	0	0	0.00459504	27	0	80	
0	0	0	0.00584698	34	0	101	
0	0	0	0.0051949	30	0	89	
0	0	0	0.00379896	22	0	65	
0	0	0	0.00252795	15	0	44	
0	0	0	0.00455213	27	0	80	
0	0	0	0.00652099	38	0	113	
0	0	0	0.00381994	19	0	56	
0	0	0	0.00871706	47	0	140	
0	0	0	0.00117707	7	0	20	
0	0	0	0.00181699	11	0	32	
0	0	0	0.00549889	32	0	95	
0	0	0	0.00414491	24	0	71	
0	0	0	0.00467706	27	0	80	
0	0	0	0.00407195	24	0	71	
0	0	0	0.00528002	31	0	92	
0	0	0	0.00751805	44	0	131	
0	0	0	0.00149703	9	0	26	
0	0	0	0.00332212	20	0	59	
0	0	0	0.00543284	32	0	95	
0	0	0	0.00599718	35	0	104	
0	0	0	0.00595617	35	0	104	
0	0	0	0.00577998	33	0	98	
0	0	0	0.00349998	20	0	59	
0	0	0	0.00335813	20	0	59	
0	0	0	0.00514388	30	0	89	
0	0	0	0.00564981	33	0	98	
0	0	0	0.006814	40	0	119	
0	0	0	0.00258684	15	0	44	
0	0	0	0.01278	74	0	221	
0	0	0	0.00254893	15	0	44	
0	0	0	0.00514603	30	0	89	
0	0	0	0.00416303	24	0	71	
0	0	0	0.00813985	48	0	143	
0	0	0	0.00545907	32	0	95	
0	0	0	0.0127282	75	0	224	
0	0	0	0.00703812	41	0	122	
0	0	0	0.00402212	24	0	71	
0	0	0	0.00165582	10	0	29	
0	0	0	0.00161695	10	0	29	
0	0	0	0.00286508	17	0	50	
0	0	0	0.0049181	29	0	86	
0	0	0	0.00289011	17	0	50	
0	0	0	0.00393796	23	0	68	
0	0	0	0.00596404	35	0	104	
0	0	0	0.00587296	34	0	101	
0	0	0	0.0113671	55	0	164	
0	0	0	0.0202751	74	0	221	
0	0	0	0.00142097	5	0	14	
0	0	0	0.0217421	78	0	233	
0	0	0	0.00720119	25	0	74	
0	0	0	0.00926208	33	0	98	
0	0	0	0.0106411	38	0	113	
0	0	0	0.016382	58	0	173	
0	0	0	0.0160279	73	0	218	
0	0	0	0.0133748	77	0	230	
0	0	0	0.000715971	4	0	11	
0	0	0	0.0037539	22	0	65	
0	0	0	0.00793505	45	0	134	
0	0	0	0.0156219	88	0	263	
0	0	0	0.00829411	48	0	143	
0	0	0	0.00377488	22	0	65	
0	0	0	0.00491095	29	0	86	
0	0	0	0.00516391	30	0	89	
0	0	0	0.00735092	44	0	131	
0	0	0	0.009727	57	0	170	
0	0	0	0.00464702	27	0	80	
0	0	0	0.00480795	28	0	83	
0	0	0	0.00256205	15	0	44	
0	0	0	0.0020659	12	0	35	
0	0	0	0.0123198	73	0	218	
0	0	0	0.007761	45	0	134	
0	0	0	0.00649405	38	0	113	
0	0	0	0.0100701	59	0	176	
0	0	0	0.00288701	17	0	50	
0	0	0	0.00233102	14	0	41	
0	0	0	0.00694799	40	0	119	
0	0	0	0.00606513	36	0	107	
0	0	0	0.0045979	27	0	80	
0	0	0	0.00250912	15	0	44	
0	0	0	0.000981092	6	0	17	
0	0	0	0.00182199	11	0	32	
0	0	0	0.00300384	18	0	53	
0	0	0	0.00629902	38	0	113	
0	0	0	0.00469398	28	0	83	
0	0	0	0.000301123	2	0	5	
0	0	0	0.00549293	32	0	95	
0	0	0	0.00290704	17	0	50	
0	0	0	0.01003	58	0	173	
0	0	0	0.00531292	31	0	92	
0	0	0	0.0046711	28	0	83	
0	0	0	0.00661516	38	0	113	
0	0	0	0.00447202	26	0	77	
0	0	0	0.00468588	28	0	83	
0	0	0	0.00525808	31	0	92	
0	0	0	0.00419497	25	0	74	
0	0	0	0.00508595	29	0	86	
0	0	0	0.00493383	29	0	86	
0	0	0	0.006845	40	0	119	
0	0	0	0.010026	58	0	173	
0	0	0	0.00427198	24	0	71	
0	0	0	0.00915504	54	0	161	
0	0	0	0.0030582	18	0	53	
0	0	0	0.00799084	47	0	140	
0	0	0	0.000895023	5	0	14	
0	0	0	0.00533414	31	0	92	
0	0	0	0.00381899	22	0	65	
0	0	0	0.00733614	43	0	128	
0	0	0	0.00544691	32	0	95	
0	0	0	0.00811005	47	0	140	
0	0	0	0.00598001	35	0	104	
0	0	0	0.00508595	30	0	89	
0	0	0	0.00340486	20	0	59	
0	0	0	0.00625396	36	0	107	
0	0	0	0.000643015	4	0	11	
0	0	0	0.00270891	16	0	47	
0	0	0	0.0118542	69	0	206	
0	0	0	0.00409913	24	0	71	
0	0	0	0.00847292	49	0	146	
0	0	0	0.00188398	11	0	32	
0	0	0	0.00536799	32	0	95	
0	0	0	0.00476193	28	0	83	
0	0	0	0.00269723	16	0	47	
0	0	0	0.00491309	29	0	86	
0	0	0	0.003654	21	0	62	
0	0	0	0.00380802	22	0	65	
0	0	0	0.00359797	21	0	62	
0	0	0	0.00493789	29	0	86	
0	0	0	0.00237703	14	0	41	
0	0	0	0.00837708	49	0	146	
0	0	0	0.000663042	4	0	11	
0	0	0	0.00333619	20	0	59	
0	0	0	0.00564194	33	0	98	
0	0	0	0.0102	60	0	179	
0	0	0	0.000343084	2	0	5	
0	0	0	0.00352502	21	0	62	
0	0	0	0.00504899	30	0	89	
0	0	0	0.00617504	36	0	107	
0	0	0	0.00606298	35	0	104	
0	0	0	0.00454593	26	0	77	
0	0	0	0.00474191	28	0	83	
0	0	0	0.00204802	12	0	35	
0	0	0	0.00524497	31	0	92	
0	0	0	0.00411892	24	0	71	
0	0	0	0.00482702	28	0	83	
0	0	0	0.00152087	9	0	26	
0	0	0	0.00458002	27	0	80	
0	0	0	0.00358415	21	0	62	
0	0	0	0.00421977	25	0	74	
0	0	0	0.00082612	5	0	14	
0	0	0	0.00829983	49	0	146	
0	0	0	0.00319791	18	0	53	
0	0	0	0.00167298	10	0	29	
0	0	0	0.00378013	22	0	65	
0	0	0	0.00541592	32	0	95	
0	0	0	0.00354409	21	0	62	
0	0	0	0.00111008	7	0	20	
0	0	0	0.00520611	31	0	92	
0	0	0	0.002177	13	0	38	
0	0	0	0.00452709	27	0	80	
0	0	0	0.00696707	41	0	122	
0	0	0	0.0021739	12	0	35	
0	0	0	0.00518799	30	0	89	
0	0	0	0.00183511	11	0	32	
0	0	0	0.00546408	32	0	95	
0	0	0	0.00731802	43	0	128	
0	0	0	0.00270891	16	0	47	
0	0	0	0.00432301	26	0	77	
0	0	0	0.0131462	74	0	221	
0	0	0	0.00715303	41	0	122	
0	0	0	0.00448799	26	0	77	
0	0	0	0.000808001	5	0	14	
0	0	0	0.00164509	10	0	29	
0	0	0	0.00580096	34	0	101	
0	0	0	0.00324202	19	0	56	
0	0	0	0.010345	58	0	173	
0	0	0	0.00479412	28	0	83	
0	0	0	0.0107729	59	0	176	
0	0	0	0.012187	69	0	206	
0	0	0	0.00895309	52	0	155	
0	0	0	0.00959897	50	0	149	
0	0	0	0.00371504	21	0	62	
0	0	0	0.00353909	21	0	62	
0	0	0	0.00976706	56	0	167	
0	0	0	0.0179591	98	0	293	
0	0	0	0.0138459	78	0	233	
0	0	0	0.000905037	5	0	14	
0	0	0	0.00951219	55	0	164	
0	0	0	0.0111079	64	0	191	
0	0	0	0.01776	102	0	305	
0	0	0	0.015106	88	0	263	
0	0	0	0.00672007	39	0	116	
0	0	0	0.00387812	23	0	68	
0	0	0	0.00348091	20	0	59	
0	0	0	0.00701022	41	0	122	
0	0	0	0.0029428	17	0	50	
0	0	0	0.00269008	16	0	47	
0	0	0	0.00756407	45	0	134	
0	0	0	0.00579095	34	0	101	
0	0	0	0.000615835	4	0	11	
0	0	0	0.00578713	34	0	101	
0	0	0	0.00762606	45	0	134	
0	0	0	0.00724888	43	0	128	
0	0	0	0.00283504	17	0	50	
0	0	0	0.00542903	32	0	95	
0	0	0	0.00605893	36	0	107	
0	0	0	0.00472403	28	0	83	
0	0	0	0.00291204	18	0	53	
0	0	0	0.00227213	13	0	38	
0	0	0	0.00382805	23	0	68	
0	0	0	0.00627995	37	0	110	
0	0	0	0.0109031	63	0	188	
0	0	0	0.00275683	15	0	44	
0	0	0	0.00081706	5	0	14	
0	0	0	0.00717711	40	0	119	
0	0	0	0.007406	42	0	125	
0	0	0	0.0017221	10	0	29	
0	0	0	0.00421405	25	0	74	
0	0	0	0.00500798	28	0	83	
0	0	0	0.00737	42	0	125	
0	0	0	0.00445318	25	0	74	
0	0	0	0.00557995	32	0	95	
0	0	0	0.00394797	21	0	62	
0	0	0	0.0142071	82	0	245	
0	0	0	0.00418115	24	0	71	
0	0	0	0.003757	21	0	62	
0	0	0	0.0025599	15	0	44	
0	0	0	0.00437093	25	0	74	
0	0	0	0.010314	59	0	176	
0	0	0	0.008044	46	0	137	
0	0	0	0.00410891	24	0	71	
0	0	0	0.0061121	33	0	98	
0	0	0	0.00443888	24	0	71	
0	0	0	0.00606203	35	0	104	
0	0	0	0.0032568	18	0	53	
0	0	0	0.00766301	42	0	125	
0	0	0	0.00570297	32	0	95	
0	0	0	0.00330591	19	0	56	
0	0	0	0.005337	29	0	86	
0	0	0	0.00375509	22	0	65	
0	0	0	0.00568604	33	0	98	
0	0	0	0.00385904	22	0	65	
0	0	0	0.000336885	2	0	5	
0	0	0	0.00477505	27	0	80	
0	0	0	0.00328398	18	0	53	
0	0	0	0.00444508	25	0	74	
0	0	0	0.00628281	35	0	104	
0	0	0	0.00219107	13	0	38	
0	0	0	0.00416207	24	0	71	
0	0	0	0.00422692	25	0	74	
0	0	0	0.00327802	17	0	50	
0	0	0	0.00410485	24	0	71	
0	0	0	0.00404191	23	0	68	
0	0	0	0.00756812	42	0	125	
0	0	0	0.00174403	10	0	29	
0	0	0	0.0108871	62	0	185	
0	0	0	0.00658607	38	0	113	
0	0	0	0.00478005	27	0	80	
0	0	0	0.00335813	20	0	59	
0	0	0	0.00647902	36	0	107	
0	0	0	0.00492287	28	0	83	
0	0	0	0.00494099	29	0	86	
0	0	0	0.00597191	34	0	101	
0	0	0	0.000484943	3	0	8	
0	0	0	0.003618	21	0	62	
0	0	0	0.00289702	17	0	50	
0	0	0	0.00454783	27	0	80	
0	0	0	0.00364304	21	0	62	
0	0	0	0.00413513	24	0	71	
0	0	0	0.00507593	30	0	89	
0	0	0	0.00116611	7	0	20	
0	0	0	0.00196481	12	0	35	
0	0	0	0.00406909	24	0	71	
0	0	0	0.0110419	65	0	194	
0	0	0	0.00381303	22	0	65	
0	0	0	0.00233412	14	0	41	
0	0	0	0.00536299	31	0	92	
0	0	0	0.00413704	24	0	71	
0	0	0	0.000967026	6	0	17	
0	0	0	0.00607991	35	0	104	
0	0	0	0.007478	44	0	131	
0	0	0	0.011297	64	0	191	
0	0	0	0.00459099	26	0	77	
0	0	0	0.00366306	21	0	62	
0	0	0	0.00342107	20	0	59	
0	0	0	0.00472999	27	0	80	
0	0	0	0.00253296	15	0	44	
0	0	0	0.00500607	29	0	86	
0	0	0	0.005265	29	0	86	
0	0	0	0.00328708	19	0	56	
0	0	0	0.00254703	15	0	44	
0	0	0	0.00994611	57	0	170	
0	0	0	0.0101249	57	0	170	
0	0	0	0.00666618	38	0	113	
0	0	0	0.00786996	45	0	134	
0	0	0	0.002424	14	0	41	
0	0	0	0.00363803	21	0	62	
0	0	0	0.00887489	52	0	155	
0	0	0	0.00447297	26	0	77	
0	0	0	0.00141406	8	0	23	
0	0	0	0.00629711	37	0	110	
0	0	0	0.00759196	44	0	131	
0	0	0	0.00684404	39	0	116	
0	0	0	0.008605	50	0	149	
0	0	0	0.00701499	40	0	119	
0	0	0	0.00492501	29	0	86	
0	0	0	0.00271702	16	0	47	
0	0	0	0.00570416	33	0	98	
0	0	0	0.0114341	65	0	194	
0	0	0	0.00468111	26	0	77	
0	0	0	0.00847006	49	0	146	
0	0	0	0.00472403	26	0	77	
0	0	0	0.00455594	26	0	77	
0	0	0	0.00852299	49	0	146	
0	0	0	0.00179505	10	0	29	
0	0	0	0.00783896	45	0	134	
0	0	0	0.00627303	37	0	110	
0	0	0	0.00535798	31	0	92	
0	0	0	0.00223088	13	0	38	
0	0	0	0.012816	74	0	221	
0	0	0	0.00581717	33	0	98	
0	0	0	0.0115321	67	0	200	
0	0	0	0.00566316	31	0	92	
0	0	0	0.00357389	21	0	62	
0	0	0	0.00389385	22	0	65	
0	0	0	0.00783396	45	0	134	
0	0	0	0.00642586	37	0	110	
0	0	0	0.00624609	36	0	107	
0	0	0	0.00242686	13	0	38	
0	0	0	0.00253415	15	0	44	
0	0	0	0.00767398	45	0	134	
0	0	0	0.00884008	51	0	152	
0	0	0	0.00516605	30	0	89	
0	0	0	0.00115299	7	0	20	
0	0	0	0.005054	29	0	86	
0	0	0	0.00507402	28	0	83	
0	0	0	0.00212908	12	0	35	
0	0	0	0.00517702	31	0	92	
0	0	0	0.00302911	17	0	50	
0	0	0	0.00539804	32	0	95	
0	0	0	0.00594497	35	0	104	
0	0	0	0.00797009	47	0	140	
0	0	0	0.00581408	34	0	101	
0	0	0	0.00560188	33	0	98	
0	0	0	0.00620508	36	0	107	
0	0	0	0.00873709	53	0	158	
0	0	0	0.00241113	14	0	41	
0	0	0	0.00235796	14	0	41	
0	0	0	0.00466108	27	0	80	
0	0	0	0.01355	80	0	239	
0	0	0	0.00479579	28	0	83	
0	0	0	0.010051	58	0	173	
0	0	0	0.00739121	43	0	128	
0	0	0	0.00224185	13	0	38	
0	0	0	0.00640488	38	0	113	
0	0	0	0.011606	60	0	179	
0	0	0	0.00593901	29	0	86	
0	0	0	0.00198984	10	0	29	
0	0	0	0.0119421	46	0	137	
0	0	0	0.00325394	14	0	41	
0	0	0	0.00803685	36	0	107	
0	0	0	0.00266194	10	0	29	
0	0	0	0.011404	55	0	164	
0	0	0	0.00562	27	0	80	
0	0	0	0.0154171	72	0	215	
0	0	0	0.00993299	42	0	125	
0	0	0	0.00834203	37	0	110	
0	0	0	0.00669098	29	0	86	
0	0	0	0.00401306	17	0	50	
0	0	0	0.00654912	23	0	68	
0	0	0	0.01018	34	0	101	
0	0	0	0.0144298	48	0	143	
0	0	0	0.00728488	24	0	71	
0	0	0	0.00965309	32	0	95	
0	0	0	0.0170541	57	0	170	
0	0	0	0.00971103	32	0	95	
0	0	0	0.010462	35	0	104	
0	0	0	0.010159	34	0	101	
0	0	0	0.00908184	39	0	116	
0	0	0	0.00530601	31	0	92	
0	0	0	0.00460792	27	0	80	
0	0	0	0.00553489	32	0	95	
0	0	0	0.00428891	25	0	74	
0	0	0	0.0021472	13	0	38	
0	0	0	0.00501013	27	0	80	
0	0	0	0.00386882	23	0	68	
0	0	0	0.0148289	86	0	257	
0	0	0	0.00935292	54	0	161	
0	0	0	0.00675893	39	0	116	
0	0	0	0.00653386	37	0	110	
0	0	0	0.005831	34	0	101	
0	0	0	0.00506592	29	0	86	
0	0	0	0.00135303	8	0	23	
0	0	0	0.0051229	30	0	89	
0	0	0	0.00265193	16	0	47	
0	0	0	0.00697589	41	0	122	
0	0	0	0.00761104	44	0	131	
0	0	0	0.0071609	41	0	122	
0	0	0	0.00433087	25	0	74	
0	0	0	0.00322604	19	0	56	
0	0	0	0.00113797	7	0	20	
0	0	0	0.015655	91	0	272	
0	0	0	0.00753689	44	0	131	
0	0	0	0.00559306	33	0	98	
0	0	0	0.0100751	59	0	176	
0	0	0	0.00873804	51	0	152	
0	0	0	0.0030911	18	0	53	
0	0	0	0.00401616	24	0	71	
0	0	0	0.00420094	25	0	74	
0	0	0	0.00916505	45	0	134	
0	0	0	0.00652599	28	0	83	
0	0	0	0.0046711	22	0	65	
0	0	0	0.00672317	31	0	92	
0	0	0	0.00550485	25	0	74	
0	0	0	0.0064559	27	0	80	
0	0	0	0.00672579	25	0	74	
0	0	0	0.000820875	4	0	11	
0	0	0	0.00632286	21	0	62	
0	0	0	0.0153761	52	0	155	
0	0	0	0.0111101	40	0	119	
0	0	0	0.00660992	34	0	101	
0	0	0	0.001369	8	0	23	
0	0	0	0.00469089	27	0	80	
0	0	0	0.00206804	12	0	35	
0	0	0	0.00199008	12	0	35	
0	0	0	0.00349689	20	0	59	
0	0	0	0.00734901	43	0	128	
0	0	0	0.00237703	14	0	41	
0	0	0	0.00147414	9	0	26	
0	0	0	0.00214195	13	0	38	
0	0	0	0.00388312	23	0	68	
0	0	0	0.00753307	44	0	131	
0	0	0	0.00811005	44	0	131	
0	0	0	0.00507808	29	0	86	
0	0	0	0.00403595	24	0	71	
0	0	0	0.00712395	41	0	122	
0	0	0	0.00386214	23	0	68	
0	0	0	0.00419807	25	0	74	
0	0	0	0.00612497	36	0	107	
0	0	0	0.00132012	8	0	23	
0	0	0	0.00575995	34	0	101	
0	0	0	0.00255108	15	0	44	
0	0	0	0.00821805	47	0	140	
0	0	0	0.00686407	40	0	119	
0	0	0	0.0030508	18	0	53	
0	0	0	0.00394607	23	0	68	
0	0	0	0.00821114	46	0	137	
0	0	0	0.00657511	39	0	116	
0	0	0	0.00200295	12	0	35	
0	0	0	0.00254703	15	0	44	
0	0	0	0.00867796	51	0	152	
0	0	0	0.00396895	24	0	71	
0	0	0	0.00685811	40	0	119	
0	0	0	0.00927305	55	0	164	
0	0	0	0.00938392	53	0	158	
0	0	0	0.00322294	19	0	56	
0	0	0	0.00670695	38	0	113	
0	0	0	0.00273585	16	0	47	
0	0	0	0.00817299	44	0	131	
0	0	0	0.00616097	33	0	98	
0	0	0	0.00721407	39	0	116	
0	0	0	0.00363612	20	0	59	
0	0	0	0.00449705	26	0	77	
0	0	0	0.0119519	68	0	203	
0	0	0	0.00962019	54	0	161	
0	0	0	0.00885201	51	0	152	
0	0	0	0.00538802	30	0	89	
0	0	0	0.000661135	4	0	11	
0	0	0	0.00346518	20	0	59	
0	0	0	0.00962615	55	0	164	
0	0	0	0.00627804	35	0	104	
0	0	0	0.00134397	8	0	23	
0	0	0	0.00651193	37	0	110	
0	0	0	0.00313091	17	0	50	
0	0	0	0.00303698	18	0	53	
0	0	0	0.005234	30	0	89	
0	0	0	0.00533319	31	0	92	
0	0	0	0.00254798	14	0	41	
0	0	0	0.00390506	23	0	68	
0	0	0	0.00677299	38	0	113	
0	0	0	0.00260186	15	0	44	
0	0	0	0.00910306	51	0	152	
0	0	0	0.00450683	26	0	77	
0	0	0	0.00366521	20	0	59	
0	0	0	0.00303411	18	0	53	
0	0	0	0.00288892	17	0	50	
0	0	0	0.00675988	39	0	116	
0	0	0	0.00258803	15	0	44	
0	0	0	0.00197411	12	0	35	
0	0	0	0.00585794	34	0	101	
0	0	0	0.00457597	26	0	77	
0	0	0	0.00289297	15	0	44	
0	0	0	0.00857997	48	0	143	
0	0	0	0.00531983	31	0	92	
0	0	0	0.00534487	31	0	92	
0	0	0	0.013356	78	0	233	
0	0	0	0.00226212	12	0	35	
0	0	0	0.00295305	17	0	50	
0	0	0	0.00682712	40	0	119	
0	0	0	0.00817299	48	0	143	
0	0	0	0.00461602	27	0	80	
0	0	0	0.00383615	22	0	65	
0	0	0	0.00308084	18	0	53	
0	0	0	0.00717497	42	0	125	
0	0	0	0.00430298	24	0	71	
0	0	0	0.00472593	28	0	83	
0	0	0	0.00296283	17	0	50	
0	0	0	0.00303411	18	0	53	
0	0	0	0.00630188	36	0	107	
0	0	0	0.00548601	32	0	95	
0	0	0	0.00459909	27	0	80	
0	0	0	0.00181603	11	0	32	
0	0	0	0.003371	20	0	59	
0	0	0	0.00251198	15	0	44	
0	0	0	0.00767088	44	0	131	
0	0	0	0.00449395	26	0	77	
0	0	0	0.00563383	33	0	98	
0	0	0	0.00665903	38	0	113	
0	0	0	0.00292301	17	0	50	
0	0	0	0.007406	44	0	131	
0	0	0	0.00733089	42	0	125	
0	0	0	0.00137711	8	0	23	
0	0	0	0.00758195	45	0	134	
0	0	0	0.00402999	23	0	68	
0	0	0	0.00287199	17	0	50	
0	0	0	0.00608706	36	0	107	
0	0	0	0.00233984	14	0	41	
0	0	0	0.00237489	14	0	41	
0	0	0	0.00179911	11	0	32	
0	0	0	0.00722504	42	0	125	
0	0	0	0.00271106	16	0	47	
0	0	0	0.00205588	12	0	35	
0	0	0	0.0051558	30	0	89	
0	0	0	0.00388098	23	0	68	
0	0	0	0.00631213	37	0	110	
0	0	0	0.0139329	82	0	245	
0	0	0	0.00419998	23	0	68	
0	0	0	0.0034349	20	0	59	
0	0	0	0.00874114	50	0	149	
0	0	0	0.00918007	52	0	155	
0	0	0	0.0118828	67	0	200	
0	0	0	0.01122	63	0	188	
0	0	0	0.000950098	5	0	14	
0	0	0	0.00805116	46	0	137	
0	0	0	0.00268817	15	0	44	
0	0	0	0.00603604	34	0	101	
0	0	0	0.010504	60	0	179	
0	0	0	0.00532198	30	0	89	
0	0	0	0.006356	37	0	110	
0	0	0	0.00810814	46	0	137	
0	0	0	0.011472	66	0	197	
0	0	0	0.00589705	33	0	98	
0	0	0	0.006953	39	0	116	
0	0	0	0.0165491	98	0	293	
0	0	0	0.012243	71	0	212	
0	0	0	0.00711608	41	0	122	
0	0	0	0.0116858	68	0	203	
0	0	0	0.000540018	3	0	8	
0	0	0	0.00648212	39	0	116	
0	0	0	0.00766516	45	0	134	
0	0	0	0.007411	43	0	128	
0	0	0	0.0091958	54	0	161	
0	0	0	0.00501299	29	0	86	
0	0	0	0.014147	82	0	245	
0	0	0	0.00415301	24	0	71	
0	0	0	0.0172608	101	0	302	
0	0	0	0.00898814	52	0	155	
0	0	0	0.00959897	56	0	167	
0	0	0	0.000672102	4	0	11	
0	0	0	0.015862	91	0	272	
0	0	0	0.0119369	69	0	206	
0	0	0	0.0118511	69	0	206	
0	0	0	0.0109439	63	0	188	
0	0	0	0.015028	85	0	254	
0	0	0	0.00408101	24	0	71	
0	0	0	0.00313497	17	0	50	
0	0	0	0.00492501	29	0	86	
0	0	0	0.00534797	30	0	89	
0	0	0	0.00584412	33	0	98	
0	0	0	0.00599599	34	0	101	
0	0	0	0.00564408	33	0	98	
0	0	0	0.00522113	29	0	86	
0	0	0	0.00339794	20	0	59	
0	0	0	0.00364995	20	0	59	
0	0	0	0.00562191	32	0	95	
0	0	0	0.00450301	26	0	77	
0	0	0	0.00181699	11	0	32	
0	0	0	0.00111389	6	0	17	
0	0	0	0.00770402	45	0	134	
0	0	0	0.00209188	12	0	35	
0	0	0	0.00700998	39	0	116	
0	0	0	0.00406098	24	0	71	
0	0	0	0.00939822	53	0	158	
0	0	0	0.00336599	19	0	56	
0	0	0	0.00654793	37	0	110	
0	0	0	0.0068109	38	0	113	
0	0	0	0.00704503	41	0	122	
0	0	0	0.00386405	22	0	65	
0	0	0	0.00398183	23	0	68	
0	0	0	0.00975013	56	0	167	
0	0	0	0.00116396	7	0	20	
0	0	0	0.000931025	6	0	17	
0	0	0	0.0081408	48	0	143	
0	0	0	0.00699091	40	0	119	
0	0	0	0.00567484	33	0	98	
0	0	0	0.00581908	34	0	101	
0	0	0	0.00485802	29	0	86	
0	0	0	0.00490093	27	0	80	
0	0	0	0.00444603	26	0	77	
0	0	0	0.00146508	9	0	26	
0	0	0	0.00324297	19	0	56	
0	0	0	0.00162387	10	0	29	
0	0	0	0.00633597	36	0	107	
0	0	0	0.00217199	12	0	35	
0	0	0	0.00517511	30	0	89	
0	0	0	0.00285387	17	0	50	
0	0	0	0.00231218	14	0	41	
0	0	0	0.0045929	27	0	80	
0	0	0	0.00423908	25	0	74	
0	0	0	0.00122285	7	0	20	
0	0	0	0.000636101	4	0	11	
0	0	0	0.0046351	27	0	80	
0	0	0	0.0107009	62	0	185	
0	0	0	0.00261998	15	0	44	
0	0	0	0.00408602	24	0	71	
0	0	0	0.00243616	14	0	41	
0	0	0	0.00441909	26	0	77	
0	0	0	0.0102191	60	0	179	
0	0	0	0.00516415	30	0	89	
0	0	0	0.00814009	48	0	143	
0	0	0	0.00416207	24	0	71	
0	0	0	0.00620484	36	0	107	
0	0	0	0.001194	7	0	20	
0	0	0	0.0106881	62	0	185	
0	0	0	0.00500798	29	0	86	
0	0	0	0.0073061	42	0	125	
0	0	0	0.00436807	25	0	74	
0	0	0	0.00609016	35	0	104	
0	0	0	0.00861096	50	0	149	
0	0	0	0.00943995	52	0	155	
0	0	0	0.00488806	28	0	83	
0	0	0	0.00692916	41	0	122	
0	0	0	0.00480103	28	0	83	
0	0	0	0.002666	16	0	47	
0	0	0	0.00770497	45	0	134	
0	0	0	0.00793505	46	0	137	
0	0	0	0.00354695	20	0	59	
0	0	0	0.00752115	44	0	131	
0	0	0	0.00834703	48	0	143	
0	0	0	0.00327015	19	0	56	
0	0	0	0.00462794	27	0	80	
0	0	0	0.00200891	12	0	35	
0	0	0	0.00320196	19	0	56	
0	0	0	0.00880814	52	0	155	
0	0	0	0.00430799	24	0	71	
0	0	0	0.00167489	10	0	29	
0	0	0	0.00713992	42	0	125	
0	0	0	0.00412011	24	0	71	
0	0	0	0.00843501	48	0	143	
0	0	0	0.000512123	3	0	8	
0	0	0	0.0038898	23	0	68	
0	0	0	0.00478697	27	0	80	
0	0	0	0.00499821	30	0	89	
0	0	0	0.00573707	33	0	98	
0	0	0	0.00632906	37	0	110	
0	0	0	0.00239301	14	0	41	
0	0	0	0.00269389	16	0	47	
0	0	0	0.00455499	26	0	77	
0	0	0	0.00739908	43	0	128	
0	0	0	0.00907898	53	0	158	
0	0	0	0.00406504	24	0	71	
0	0	0	0.00411606	24	0	71	
0	0	0	0.006706	39	0	116	
0	0	0	0.00196505	12	0	35	
0	0	0	0.00363016	21	0	62	
0	0	0	0.00428486	25	0	74	
0	0	0	0.00321221	19	0	56	
0	0	0	0.00376821	22	0	65	
0	0	0	0.00393701	23	0	68	
0	0	0	0.00382495	23	0	68	
0	0	0	0.0103979	59	0	176	
0	0	0	0.00114608	6	0	17	
0	0	0	0.00407696	22	0	65	
0	0	0	0.0050981	26	0	77	
0	0	0	0.0119638	41	0	122	
0	0	0	0.00875092	34	0	101	
0	0	0	0.00921702	36	0	107	
0	0	0	0.00540996	30	0	89	
0	0	0	0.00774384	39	0	116	
0	0	0	0.0050621	28	0	83	
0	0	0	0.000610113	3	0	8	
0	0	0	0.00335097	18	0	53	
0	0	0	0.00206113	11	0	32	
0	0	0	0.0106299	56	0	167	
0	0	0	0.00271606	14	0	41	
0	0	0	0.00279093	15	0	44	
0	0	0	0.00528002	27	0	80	
0	0	0	0.00443292	23	0	68	
0	0	0	0.00643992	33	0	98	
0	0	0	0.00416493	22	0	65	
0	0	0	0.00166106	9	0	26	
0	0	0	0.00495887	26	0	77	
0	0	0	0.00691295	36	0	107	
0	0	0	0.00774908	40	0	119	
0	0	0	0.00723386	37	0	110	
0	0	0	0.00463915	24	0	71	
0	0	0	0.00325203	17	0	50	
0	0	0	0.00780582	41	0	122	
0	0	0	0.000545025	3	0	8	
0	0	0	0.00514793	26	0	77	
0	0	0	0.00932097	47	0	140	
0	0	0	0.00271916	14	0	41	
0	0	0	0.00206995	11	0	32	
0	0	0	0.010618	56	0	167	
0	0	0	0.00499105	26	0	77	
0	0	0	0.00318909	17	0	50	
0	0	0	0.00705099	36	0	107	
0	0	0	0.00510097	27	0	80	
0	0	0	0.0032289	17	0	50	
0	0	0	0.00549316	29	0	86	
0	0	0	0.00677299	36	0	107	
0	0	0	0.00720906	38	0	113	
0	0	0	0.0108962	56	0	167	
0	0	0	0.00480294	25	0	74	
0	0	0	0.0112541	58	0	173	
0	0	0	0.00245714	13	0	38	
0	0	0	0.00571394	30	0	89	
0	0	0	0.00865889	45	0	134	
0	0	0	0.00465894	24	0	71	
0	0	0	0.000505924	3	0	8	
0	0	0	0.010699	56	0	167	
0	0	0	0.00380707	20	0	59	
0	0	0	0.00852895	45	0	134	
0	0	0	0.00129294	7	0	20	
0	0	0	0.00957513	51	0	152	
0	0	0	0.00638199	33	0	98	
0	0	0	0.00363398	19	0	56	
0	0	0	0.00509596	28	0	83	
0	0	0	0.00797486	41	0	122	
0	0	0	0.00770879	40	0	119	
0	0	0	0.0109751	57	0	170	
0	0	0	0.00937295	49	0	146	
0	0	0	0.00339317	18	0	53	
0	0	0	0.012619	66	0	197	
0	0	0	0.00708294	37	0	110	
0	0	0	0.00848293	45	0	134	
0	0	0	0.00603819	31	0	92	
0	0	0	0.00467396	24	0	71	
0	0	0	0.0101058	52	0	155	
0	0	0	0.00324082	17	0	50	
0	0	0	0.00481987	26	0	77	
0	0	0	0.00499797	26	0	77	
0	0	0	0.00498319	26	0	77	
0	0	0	0.00537801	28	0	83	
0	0	0	0.00418377	22	0	65	
0	0	0	0.00908089	49	0	146	
0	0	0	0.011348	59	0	176	
0	0	0	0.00520587	27	0	80	
0	0	0	0.00900006	47	0	140	
0	0	0	0.00875211	45	0	134	
0	0	0	0.00864911	44	0	131	
0	0	0	0.00292397	15	0	44	
0	0	0	0.0227349	119	0	356	
0	0	0	0.00402308	20	0	59	
0	0	0	0.0038538	20	0	59	
0	0	0	0.00259805	14	0	41	
0	0	0	0.00662994	35	0	104	
0	0	0	0.00469112	24	0	71	
0	0	0	0.00312996	16	0	47	
0	0	0	0.00427079	23	0	68	
0	0	0	0.00585294	31	0	92	
0	0	0	0.00516891	27	0	80	
0	0	0	0.000910044	5	0	14	
0	0	0	0.004843	26	0	77	
0	0	0	0.010247	53	0	158	
0	0	0	0.00417495	21	0	62	
0	0	0	0.01039	52	0	155	
0	0	0	0.00199914	10	0	29	
0	0	0	0.00519395	28	0	83	
0	0	0	0.00592303	31	0	92	
0	0	0	0.001899	10	0	29	
0	0	0	0.00373197	20	0	59	
0	0	0	0.00900722	47	0	140	
0	0	0	0.00675797	35	0	104	
0	0	0	0.00427198	22	0	65	
0	0	0	0.00914693	47	0	140	
0	0	0	0.00502396	26	0	77	
0	0	0	0.00776291	40	0	119	
0	0	0	0.000813961	4	0	11	
0	0	0	0.00372386	20	0	59	
0	0	0	0.00108981	6	0	17	
0	0	0	0.00359297	19	0	56	
0	0	0	0.00556087	29	0	86	
0	0	0	0.00585103	30	0	89	
0	0	0	0.00229096	12	0	35	
0	0	0	0.00445509	23	0	68	
0	0	0	0.00202203	11	0	32	
0	0	0	0.0113859	60	0	179	
0	0	0	0.00133491	7	0	20	
0	0	0	0.00866103	45	0	134	
0	0	0	0.0103688	53	0	158	
0	0	0	0.00763798	39	0	116	
0	0	0	0.00362086	19	0	56	
0	0	0	0.00433087	22	0	65	
0	0	0	0.00426984	23	0	68	
0	0	0	0.00160909	9	0	26	
0	0	0	0.00226307	12	0	35	
0	0	0	0.00235677	13	0	38	
0	0	0	0.00187397	10	0	29	
0	0	0	0.00239396	13	0	38	
0	0	0	0.00527287	28	0	83	
0	0	0	0.00754094	39	0	116	
0	0	0	0.00611091	32	0	95	
0	0	0	0.00311589	16	0	47	
0	0	0	0.0051589	26	0	77	
0	0	0	0.00694585	36	0	107	
0	0	0	0.00758696	40	0	119	
0	0	0	0.00314498	16	0	47	
0	0	0	0.00350499	18	0	53	
0	0	0	0.00209093	11	0	32	
0	0	0	0.00261021	14	0	41	
0	0	0	0.00396109	21	0	62	
0	0	0	0.0052352	27	0	80	
0	0	0	0.00412583	22	0	65	
0	0	0	0.00802803	42	0	125	
0	0	0	0.000544071	3	0	8	
0	0	0	0.00824904	43	0	128	
0	0	0	0.010077	52	0	155	
0	0	0	0.00374699	19	0	56	
0	0	0	0.00307393	16	0	47	
0	0	0	0.00302601	16	0	47	
0	0	0	0.00426507	22	0	65	
0	0	0	0.00766397	40	0	119	
0	0	0	0.00897384	47	0	140	
0	0	0	0.0121889	63	0	188	
0	0	0	0.00647092	32	0	95	
0	0	0	0.00264907	14	0	41	
0	0	0	0.00741696	38	0	113	
0	0	0	0.00335717	17	0	50	
0	0	0	0.00320792	17	0	50	
0	0	0	0.00503802	27	0	80	
0	0	0	0.00896001	47	0	140	
0	0	0	0.00898123	46	0	137	
0	0	0	0.00209713	11	0	32	
0	0	0	0.012234	63	0	188	
0	0	0	0.00842404	43	0	128	
0	0	0	0.00655007	34	0	101	
0	0	0	0.00558496	29	0	86	
0	0	0	0.00607586	31	0	92	
0	0	0	0.00593901	30	0	89	
0	0	0	0.0090971	47	0	140	
0	0	0	0.00919294	48	0	143	
0	0	0	0.000831127	4	0	11	
0	0	0	0.00498796	26	0	77	
0	0	0	0.00407982	21	0	62	
0	0	0	0.0114472	59	0	176	
0	0	0	0.00616097	31	0	92	
0	0	0	0.00692201	34	0	101	
0	0	0	0.000910997	5	0	14	
0	0	0	0.00495982	25	0	74	
0	0	0	0.00112104	6	0	17	
0	0	0	0.00425696	21	0	62	
0	0	0	0.00379586	20	0	59	
0	0	0	0.00860214	44	0	131	
0	0	0	0.00599885	30	0	89	
0	0	0	0.0038991	20	0	59	
0	0	0	0.00255823	13	0	38	
0	0	0	0.00415707	21	0	62	
0	0	0	0.014925	75	0	224	
0	0	0	0.013345	66	0	197	
0	0	0	0.00689602	35	0	104	
0	0	0	0.000928164	5	0	14	
0	0	0	0.00360513	19	0	56	
0	0	0	0.00118518	6	0	17	
0	0	0	0.012095	60	0	179	
0	0	0	0.00271583	14	0	41	
0	0	0	0.00698495	36	0	107	
0	0	0	0.011765	59	0	176	
0	0	0	0.00694203	35	0	104	
0	0	0	0.0059762	30	0	89	
0	0	0	0.00355911	18	0	53	
0	0	0	0.00412989	21	0	62	
0	0	0	0.00987792	50	0	149	
