PREC	RECALL	FSCORE	TIME	LEN	NUNK	NSCORED	
0	0	0	0.0024569	14	0	41	
0	0	0	0.00205994	18	0	53	
0	0	0	0.00429416	39	0	116	
0	0	0	0.00129008	12	0	35	
0	0	0	0.000602007	6	0	17	
0	0	0	0.00209904	21	0	62	
0	0	0	0.00127816	12	0	35	
0	0	0	0.000896215	9	0	26	
0	0	0	0.00226593	22	0	65	
0	0	0	0.000723124	7	0	20	
0	0	0	0.00120592	12	0	35	
0	0	0	0.00069499	7	0	20	
0	0	0	0.00218987	20	0	59	
0	0	0	0.00182509	17	0	50	
0	0	0	0.00198889	19	0	56	
0	0	0	0.00197887	19	0	56	
0	0	0	0.0018959	18	0	53	
0	0	0	0.00178003	17	0	50	
0	0	0	0.00121498	11	0	32	
0	0	0	0.00251293	24	0	71	
0	0	0	0.00201297	19	0	56	
0	0	0	0.00228596	21	0	62	
0	0	0	0.00160503	15	0	44	
0	0	0	0.00211787	20	0	59	
0	0	0	0.001652	16	0	47	
0	0	0	0.000714779	7	0	20	
0	0	0	0.00169587	16	0	47	
0	0	0	0.000810862	8	0	23	
0	0	0	0.00187898	18	0	53	
0	0	0	0.00070405	7	0	20	
0	0	0	0.00161409	16	0	47	
0	0	0	0.000494003	5	0	14	
0	0	0	0.00367689	34	0	101	
0	0	0	0.0030551	28	0	83	
0	0	0	0.00236487	22	0	65	
0	0	0	0.00155091	15	0	44	
0	0	0	0.000887156	9	0	26	
0	0	0	0.00223899	22	0	65	
0	0	0	0.0027051	25	0	74	
0	0	0	0.000854015	8	0	23	
0	0	0	0.00171804	15	0	44	
0	0	0	0.00257897	23	0	68	
0	0	0	0.00239992	21	0	62	
0	0	0	0.00119996	11	0	32	
0	0	0	0.00110698	10	0	29	
0	0	0	0.00370812	36	0	107	
0	0	0	0.0010519	10	0	29	
0	0	0	0.00281906	26	0	77	
0	0	0	0.000653982	6	0	17	
0	0	0	0.000951767	9	0	26	
0	0	0	0.0028019	26	0	77	
0	0	0	0.000744104	7	0	20	
0	0	0	0.00120091	12	0	35	
0	0	0	0.000731945	7	0	20	
0	0	0	0.000933886	9	0	26	
0	0	0	0.00178695	17	0	50	
0	0	0	0.00207901	19	0	56	
0	0	0	0.00182891	17	0	50	
0	0	0	0.00238395	22	0	65	
0	0	0	0.00107408	10	0	29	
0	0	0	0.00278902	26	0	77	
0	0	0	0.00392294	37	0	110	
0	0	0	0.00289989	28	0	83	
0	0	0	0.00115204	11	0	32	
0	0	0	0.00156403	15	0	44	
0	0	0	0.00279403	26	0	77	
0	0	0	0.002388	22	0	65	
0	0	0	0.00234604	22	0	65	
0	0	0	0.000197887	2	0	5	
0	0	0	0.00209904	20	0	59	
0	0	0	0.000535011	5	0	14	
0	0	0	0.000390053	4	0	11	
0	0	0	0.0026989	25	0	74	
0	0	0	0.00100589	10	0	29	
0	0	0	0.00133801	13	0	38	
0	0	0	0.00139308	12	0	35	
0	0	0	0.000568151	5	0	14	
0	0	0	0.000952959	9	0	26	
0	0	0	0.000640869	6	0	17	
0	0	0	0.00127101	12	0	35	
0	0	0	0.00225306	21	0	62	
0	0	0	0.00182605	17	0	50	
0	0	0	0.00112295	11	0	32	
0	0	0	0.000717878	7	0	20	
0	0	0	0.00137091	13	0	38	
0	0	0	0.002069	19	0	56	
0	0	0	0.0021739	21	0	62	
0	0	0	0.000511885	5	0	14	
0	0	0	0.000779867	7	0	20	
0	0	0	0.0024879	23	0	68	
0	0	0	0.00159788	15	0	44	
0	0	0	0.00235605	21	0	62	
0	0	0	0.0020721	17	0	50	
0	0	0	0.00273395	25	0	74	
0	0	0	0.00138187	13	0	38	
0	0	0	0.00194502	18	0	53	
0	0	0	0.00139499	13	0	38	
0	0	0	0.00168586	16	0	47	
0	0	0	0.00138712	13	0	38	
0	0	0	0.0011251	11	0	32	
0	0	0	0.00119996	11	0	32	
0	0	0	0.00168705	16	0	47	
0	0	0	0.000957966	9	0	26	
0	0	0	0.000687838	7	0	20	
0	0	0	0.00184298	18	0	53	
0	0	0	0.000940084	8	0	23	
0	0	0	0.000874996	8	0	23	
0	0	0	0.00162911	15	0	44	
0	0	0	0.00177312	17	0	50	
0	0	0	0.00231814	22	0	65	
0	0	0	0.0011611	11	0	32	
0	0	0	0.00163817	16	0	47	
0	0	0	0.000666857	6	0	17	
0	0	0	0.00113487	9	0	26	
0	0	0	0.000967979	9	0	26	
0	0	0	0.0009799	9	0	26	
0	0	0	0.000637054	6	0	17	
0	0	0	0.00178218	16	0	47	
0	0	0	0.00136304	12	0	35	
0	0	0	0.000643969	6	0	17	
0	0	0	0.00116205	11	0	32	
0	0	0	0.000848055	7	0	20	
0	0	0	0.00180817	17	0	50	
0	0	0	0.00115085	11	0	32	
0	0	0	0.00118399	11	0	32	
0	0	0	0.00117803	11	0	32	
0	0	0	0.00119901	12	0	35	
0	0	0	0.000380039	4	0	11	
0	0	0	0.00257397	24	0	71	
0	0	0	0.00190401	18	0	53	
0	0	0	0.00198984	18	0	53	
0	0	0	0.000946045	9	0	26	
0	0	0	0.00177407	16	0	47	
0	0	0	0.00132799	13	0	38	
0	0	0	0.00116205	11	0	32	
0	0	0	0.00177598	16	0	47	
0	0	0	0.00317097	30	0	89	
0	0	0	0.00129104	12	0	35	
0	0	0	0.00199389	19	0	56	
0	0	0	0.00140285	13	0	38	
0	0	0	0.00259805	25	0	74	
0	0	0	0.00286698	26	0	77	
0	0	0	0.00118208	11	0	32	
0	0	0	0.00127983	12	0	35	
0	0	0	0.00153494	15	0	44	
0	0	0	0.00209999	18	0	53	
0	0	0	0.00117993	11	0	32	
0	0	0	0.00394106	37	0	110	
0	0	0	0.000954151	9	0	26	
0	0	0	0.00206709	20	0	59	
0	0	0	0.00230694	21	0	62	
0	0	0	0.00159812	14	0	41	
0	0	0	0.00269699	23	0	68	
0	0	0	0.001508	13	0	38	
0	0	0	0.00117087	10	0	29	
0	0	0	0.00148201	12	0	35	
0	0	0	0.00229311	20	0	59	
0	0	0	0.00352597	30	0	89	
0	0	0	0.00205493	17	0	50	
0	0	0	0.002033	17	0	50	
0	0	0	0.00189495	13	0	38	
0	0	0	0.00176501	10	0	29	
0	0	0	0.00295711	19	0	56	
0	0	0	0.00188398	15	0	44	
0	0	0	0.00160384	13	0	38	
0	0	0	0.002352	19	0	56	
0	0	0	0.00304914	22	0	65	
0	0	0	0.00380087	31	0	92	
0	0	0	0.00092411	7	0	20	
0	0	0	0.00205708	14	0	41	
0	0	0	0.00355697	24	0	71	
0	0	0	0.00102592	8	0	23	
0	0	0	0.00177789	12	0	35	
0	0	0	0.00162005	11	0	32	
0	0	0	0.00235581	17	0	50	
0	0	0	0.00176907	13	0	38	
0	0	0	0.00437784	33	0	98	
0	0	0	0.00237703	18	0	53	
0	0	0	0.00141692	11	0	32	
0	0	0	0.00338507	22	0	65	
0	0	0	0.00300789	22	0	65	
0	0	0	0.00221992	15	0	44	
0	0	0	0.00221801	17	0	50	
0	0	0	0.00192499	13	0	38	
0	0	0	0.00231981	17	0	50	
0	0	0	0.00131392	10	0	29	
0	0	0	0.00355411	21	0	62	
0	0	0	0.00213909	14	0	41	
0	0	0	0.00116491	8	0	23	
0	0	0	0.00518203	36	0	107	
0	0	0	0.0024581	18	0	53	
0	0	0	0.00103402	7	0	20	
0	0	0	0.00207782	12	0	35	
0	0	0	0.002074	14	0	41	
0	0	0	0.00232601	16	0	47	
0	0	0	0.00164199	11	0	32	
0	0	0	0.00342393	22	0	65	
0	0	0	0.0031209	22	0	65	
0	0	0	0.00353193	27	0	80	
0	0	0	0.00122094	9	0	26	
0	0	0	0.00465798	31	0	92	
0	0	0	0.00111508	6	0	17	
0	0	0	0.00212193	15	0	44	
0	0	0	0.00489593	31	0	92	
0	0	0	0.00346708	22	0	65	
0	0	0	0.00170088	12	0	35	
0	0	0	0.00563788	37	0	110	
0	0	0	0.00103307	7	0	20	
0	0	0	0.00572586	36	0	107	
0	0	0	0.00573611	35	0	104	
0	0	0	0.004843	34	0	101	
0	0	0	0.006984	46	0	137	
0	0	0	0.00505018	35	0	104	
0	0	0	0.00475717	26	0	77	
0	0	0	0.00654984	32	0	95	
0	0	0	0.00250196	12	0	35	
0	0	0	0.00636601	33	0	98	
0	0	0	0.00204015	15	0	44	
0	0	0	0.000638962	5	0	14	
0	0	0	0.00184584	15	0	44	
0	0	0	0.00526595	41	0	122	
0	0	0	0.00423408	32	0	95	
0	0	0	0.00152802	12	0	35	
0	0	0	0.00508595	42	0	125	
0	0	0	0.0023241	19	0	56	
0	0	0	0.00549507	45	0	134	
0	0	0	0.000617981	5	0	14	
0	0	0	0.00131297	11	0	32	
0	0	0	0.00158191	13	0	38	
0	0	0	0.00162411	14	0	41	
0	0	0	0.0020771	18	0	53	
0	0	0	0.000844955	7	0	20	
0	0	0	0.00221705	19	0	56	
0	0	0	0.00395393	33	0	98	
0	0	0	0.00338817	28	0	83	
0	0	0	0.000818014	7	0	20	
0	0	0	0.00335121	28	0	83	
0	0	0	0.00262594	22	0	65	
0	0	0	0.00127697	11	0	32	
0	0	0	0.00574994	50	0	149	
0	0	0	0.00118613	10	0	29	
0	0	0	0.000993013	9	0	26	
0	0	0	0.00359082	32	0	95	
0	0	0	0.000911951	8	0	23	
0	0	0	0.000567913	5	0	14	
0	0	0	0.00170588	15	0	44	
0	0	0	0.00271916	23	0	68	
0	0	0	0.00326109	28	0	83	
0	0	0	0.000931025	8	0	23	
0	0	0	0.00298595	27	0	80	
0	0	0	0.00424385	37	0	110	
0	0	0	0.00323486	28	0	83	
0	0	0	0.0012188	11	0	32	
0	0	0	0.00108409	10	0	29	
0	0	0	0.00430894	37	0	110	
0	0	0	0.002038	19	0	56	
0	0	0	0.00075388	7	0	20	
0	0	0	0.000880957	8	0	23	
0	0	0	0.00213003	19	0	56	
0	0	0	0.0016439	15	0	44	
0	0	0	0.001436	13	0	38	
0	0	0	0.00303197	28	0	83	
0	0	0	0.00230598	21	0	62	
0	0	0	0.000988007	9	0	26	
0	0	0	0.000780821	6	0	17	
0	0	0	0.000530958	5	0	14	
0	0	0	0.000746012	7	0	20	
0	0	0	0.00355387	33	0	98	
0	0	0	0.0047071	42	0	125	
0	0	0	0.00280619	25	0	74	
0	0	0	0.00212002	19	0	56	
0	0	0	0.00255203	23	0	68	
0	0	0	0.00120497	11	0	32	
0	0	0	0.00219202	20	0	59	
0	0	0	0.00302601	28	0	83	
0	0	0	0.00168896	16	0	47	
0	0	0	0.0028379	26	0	77	
0	0	0	0.00110698	10	0	29	
0	0	0	0.00187302	18	0	53	
0	0	0	0.00105309	10	0	29	
0	0	0	0.00328898	31	0	92	
0	0	0	0.000913143	8	0	23	
0	0	0	0.00277591	25	0	74	
0	0	0	0.00250387	23	0	68	
0	0	0	0.00317621	28	0	83	
0	0	0	0.00285196	26	0	77	
0	0	0	0.00167704	15	0	44	
0	0	0	0.001194	11	0	32	
0	0	0	0.00115895	11	0	32	
0	0	0	0.00238681	22	0	65	
0	0	0	0.00256109	22	0	65	
0	0	0	0.000535965	5	0	14	
0	0	0	0.00150704	14	0	41	
0	0	0	0.00246692	22	0	65	
0	0	0	0.00139499	13	0	38	
0	0	0	0.00151515	14	0	41	
0	0	0	0.000755072	7	0	20	
0	0	0	0.000398874	4	0	11	
0	0	0	0.00185609	18	0	53	
0	0	0	0.00117612	11	0	32	
0	0	0	0.0020678	19	0	56	
0	0	0	0.000209093	2	0	5	
0	0	0	0.00537801	50	0	149	
0	0	0	0.000338078	3	0	8	
0	0	0	0.00145888	13	0	38	
0	0	0	0.00191498	17	0	50	
0	0	0	0.000530005	5	0	14	
0	0	0	0.00138116	13	0	38	
0	0	0	0.0010829	10	0	29	
0	0	0	0.00209808	19	0	56	
0	0	0	0.00242496	21	0	62	
0	0	0	0.000897169	8	0	23	
0	0	0	0.000758886	7	0	20	
0	0	0	0.00351787	32	0	95	
0	0	0	0.00448704	40	0	119	
0	0	0	0.000355959	3	0	8	
0	0	0	0.00377297	35	0	104	
0	0	0	0.0016551	15	0	44	
0	0	0	0.00146294	13	0	38	
0	0	0	0.00161219	15	0	44	
0	0	0	0.00190997	18	0	53	
0	0	0	0.00403214	37	0	110	
0	0	0	0.00154305	14	0	41	
0	0	0	0.00263095	24	0	71	
0	0	0	0.00467491	41	0	122	
0	0	0	0.00156283	14	0	41	
0	0	0	0.00174999	16	0	47	
0	0	0	0.00198507	18	0	53	
0	0	0	0.00198102	15	0	44	
0	0	0	0.00111699	10	0	29	
0	0	0	0.00360203	33	0	98	
0	0	0	0.00249791	22	0	65	
0	0	0	0.00109315	10	0	29	
0	0	0	0.00537992	48	0	143	
0	0	0	0.00331783	29	0	86	
0	0	0	0.00365901	33	0	98	
0	0	0	0.00274992	24	0	71	
0	0	0	0.00112891	10	0	29	
0	0	0	0.00386405	35	0	104	
0	0	0	0.003438	31	0	92	
0	0	0	0.00160503	15	0	44	
0	0	0	0.00497103	45	0	134	
0	0	0	0.00269604	25	0	74	
0	0	0	0.0017271	16	0	47	
0	0	0	0.00107598	10	0	29	
0	0	0	0.00202799	19	0	56	
0	0	0	0.00181508	17	0	50	
0	0	0	0.00224805	20	0	59	
0	0	0	0.00180101	17	0	50	
0	0	0	0.00214386	20	0	59	
0	0	0	0.0011251	10	0	29	
0	0	0	0.00143695	13	0	38	
0	0	0	0.00240183	21	0	62	
0	0	0	0.000788927	7	0	20	
0	0	0	0.00132513	12	0	35	
0	0	0	0.0022459	21	0	62	
0	0	0	0.00135398	13	0	38	
0	0	0	0.00253391	24	0	71	
0	0	0	0.00155401	15	0	44	
0	0	0	0.00208402	20	0	59	
0	0	0	0.00184202	17	0	50	
0	0	0	0.00163198	15	0	44	
0	0	0	0.00511718	47	0	140	
0	0	0	0.00159001	14	0	41	
0	0	0	0.00440383	41	0	122	
0	0	0	0.000954151	9	0	26	
0	0	0	0.00212812	19	0	56	
0	0	0	0.00217009	20	0	59	
0	0	0	0.000678062	6	0	17	
0	0	0	0.00468898	44	0	131	
0	0	0	0.00133991	12	0	35	
0	0	0	0.00136805	13	0	38	
0	0	0	0.00258303	24	0	71	
0	0	0	0.00200295	18	0	53	
0	0	0	0.00301194	28	0	83	
0	0	0	0.00159001	15	0	44	
0	0	0	0.00383401	35	0	104	
0	0	0	0.00279903	26	0	77	
0	0	0	0.00149202	14	0	41	
0	0	0	0.00258613	24	0	71	
0	0	0	0.00360394	33	0	98	
0	0	0	0.00268102	25	0	74	
0	0	0	0.00537705	50	0	149	
0	0	0	0.003407	31	0	92	
0	0	0	0.00226307	21	0	62	
0	0	0	0.00133204	12	0	35	
0	0	0	0.000408173	4	0	11	
0	0	0	0.00159812	15	0	44	
0	0	0	0.00351	34	0	101	
0	0	0	0.000857115	8	0	23	
0	0	0	0.000931978	9	0	26	
0	0	0	0.00184798	18	0	53	
0	0	0	0.00196505	18	0	53	
0	0	0	0.00181413	17	0	50	
0	0	0	0.00193286	18	0	53	
0	0	0	0.00229502	21	0	62	
0	0	0	0.0034678	32	0	95	
0	0	0	0.00442791	42	0	125	
0	0	0	0.00302482	28	0	83	
0	0	0	0.00117517	11	0	32	
0	0	0	0.00119114	11	0	32	
0	0	0	0.00436401	40	0	119	
0	0	0	0.00174284	16	0	47	
0	0	0	0.00189304	18	0	53	
0	0	0	0.00223804	21	0	62	
0	0	0	0.00273299	26	0	77	
0	0	0	0.001086	10	0	29	
0	0	0	0.000802994	7	0	20	
0	0	0	0.00174403	16	0	47	
0	0	0	0.00243402	23	0	68	
0	0	0	0.00110412	10	0	29	
0	0	0	0.00431895	39	0	116	
0	0	0	0.000865936	8	0	23	
0	0	0	0.00362492	34	0	101	
0	0	0	0.00244784	21	0	62	
0	0	0	0.00181818	17	0	50	
0	0	0	0.0015471	15	0	44	
0	0	0	0.00199699	19	0	56	
0	0	0	0.00241613	22	0	65	
0	0	0	0.00138998	13	0	38	
0	0	0	0.00171113	16	0	47	
0	0	0	0.00248694	24	0	71	
0	0	0	0.0040648	35	0	104	
0	0	0	0.0054369	49	0	146	
0	0	0	0.00499511	46	0	137	
0	0	0	0.00232983	21	0	62	
0	0	0	0.00178003	16	0	47	
0	0	0	0.00285482	26	0	77	
0	0	0	0.00224519	19	0	56	
0	0	0	0.00275803	25	0	74	
0	0	0	0.00360799	32	0	95	
0	0	0	0.00219488	20	0	59	
0	0	0	0.00176382	16	0	47	
0	0	0	0.00643492	58	0	173	
0	0	0	0.00250697	22	0	65	
0	0	0	0.00229001	21	0	62	
0	0	0	0.00262904	25	0	74	
0	0	0	0.00237799	22	0	65	
0	0	0	0.00280809	26	0	77	
0	0	0	0.00282192	26	0	77	
0	0	0	0.00292206	27	0	80	
0	0	0	0.00239301	22	0	65	
0	0	0	0.00325584	28	0	83	
0	0	0	0.00234985	21	0	62	
0	0	0	0.00142622	13	0	38	
0	0	0	0.00159717	15	0	44	
0	0	0	0.00201106	19	0	56	
0	0	0	0.000968933	9	0	26	
0	0	0	0.00226998	22	0	65	
0	0	0	0.00282502	26	0	77	
0	0	0	0.00297093	28	0	83	
0	0	0	0.00182199	15	0	44	
0	0	0	0.00304794	29	0	86	
0	0	0	0.00373101	34	0	101	
0	0	0	0.00359082	33	0	98	
0	0	0	0.00131893	12	0	35	
0	0	0	0.00145793	14	0	41	
0	0	0	0.00711799	66	0	197	
0	0	0	0.00111198	9	0	26	
0	0	0	0.00550985	52	0	155	
0	0	0	0.000553131	5	0	14	
0	0	0	0.00218391	20	0	59	
0	0	0	0.000302792	3	0	8	
0	0	0	0.00221515	20	0	59	
0	0	0	0.000959873	9	0	26	
0	0	0	0.00207496	19	0	56	
0	0	0	0.00202513	17	0	50	
0	0	0	0.00188804	17	0	50	
0	0	0	0.00179601	17	0	50	
0	0	0	0.000833035	8	0	23	
0	0	0	0.000290871	3	0	8	
0	0	0	0.000640154	6	0	17	
0	0	0	0.000931025	9	0	26	
0	0	0	0.00070715	7	0	20	
0	0	0	0.00355697	33	0	98	
0	0	0	0.00214887	19	0	56	
0	0	0	0.00200796	19	0	56	
0	0	0	0.00178313	16	0	47	
0	0	0	0.000950098	9	0	26	
0	0	0	0.00107503	8	0	23	
0	0	0	0.000960827	9	0	26	
0	0	0	0.00420499	40	0	119	
0	0	0	0.00146294	13	0	38	
0	0	0	0.00259686	24	0	71	
0	0	0	0.00148606	14	0	41	
0	0	0	0.00123191	12	0	35	
0	0	0	0.00219083	21	0	62	
0	0	0	0.000442028	4	0	11	
0	0	0	0.00186181	18	0	53	
0	0	0	0.00532103	48	0	143	
0	0	0	0.00164509	14	0	41	
0	0	0	0.0022819	21	0	62	
0	0	0	0.00306487	28	0	83	
0	0	0	0.00209904	19	0	56	
0	0	0	0.00138497	13	0	38	
0	0	0	0.00155306	15	0	44	
0	0	0	0.000711918	7	0	20	
0	0	0	0.002455	23	0	68	
0	0	0	0.0014689	12	0	35	
0	0	0	0.00143504	13	0	38	
0	0	0	0.000854015	8	0	23	
0	0	0	0.00149393	14	0	41	
0	0	0	0.000967979	9	0	26	
0	0	0	0.00118208	11	0	32	
0	0	0	0.000831127	8	0	23	
0	0	0	0.00142097	12	0	35	
0	0	0	0.000550032	5	0	14	
0	0	0	0.00236797	22	0	65	
0	0	0	0.00140405	13	0	38	
0	0	0	0.000645876	6	0	17	
0	0	0	0.00189304	17	0	50	
0	0	0	0.00115895	11	0	32	
0	0	0	0.00111198	10	0	29	
0	0	0	0.000942945	9	0	26	
0	0	0	0.00147605	12	0	35	
0	0	0	0.000532866	5	0	14	
0	0	0	0.000715017	7	0	20	
0	0	0	0.00109005	10	0	29	
0	0	0	0.000511885	5	0	14	
0	0	0	0.00171185	16	0	47	
0	0	0	0.0019331	18	0	53	
0	0	0	0.00142598	13	0	38	
0	0	0	0.00194097	18	0	53	
0	0	0	0.00212789	20	0	59	
0	0	0	0.000667095	6	0	17	
0	0	0	0.00211811	19	0	56	
0	0	0	0.00208116	20	0	59	
0	0	0	0.00225711	19	0	56	
0	0	0	0.00181103	16	0	47	
0	0	0	0.0016849	16	0	47	
0	0	0	0.00300789	28	0	83	
0	0	0	0.00370693	33	0	98	
0	0	0	0.00288796	26	0	77	
0	0	0	0.00118017	11	0	32	
0	0	0	0.00178385	17	0	50	
0	0	0	0.00248194	21	0	62	
0	0	0	0.000969887	9	0	26	
0	0	0	0.00236511	23	0	68	
0	0	0	0.0020802	20	0	59	
0	0	0	0.00126719	12	0	35	
0	0	0	0.00116396	11	0	32	
0	0	0	0.000859022	8	0	23	
0	0	0	0.000826836	8	0	23	
0	0	0	0.00153208	15	0	44	
0	0	0	0.00329781	31	0	92	
0	0	0	0.00312114	29	0	86	
0	0	0	0.00409007	36	0	107	
0	0	0	0.00423717	38	0	113	
0	0	0	0.00595403	56	0	167	
0	0	0	0.00289702	25	0	74	
0	0	0	0.00697207	62	0	185	
0	0	0	0.0036149	34	0	101	
0	0	0	0.00385809	36	0	107	
0	0	0	0.00455499	43	0	128	
0	0	0	0.0050149	43	0	128	
0	0	0	0.00398397	36	0	107	
0	0	0	0.00387812	36	0	107	
0	0	0	0.000775099	7	0	20	
0	0	0	0.00170994	16	0	47	
0	0	0	0.00631404	57	0	170	
0	0	0	0.00530601	46	0	137	
0	0	0	0.00160193	14	0	41	
0	0	0	0.00139213	13	0	38	
0	0	0	0.00257897	23	0	68	
0	0	0	0.00343895	31	0	92	
0	0	0	0.00225401	20	0	59	
0	0	0	0.00292611	27	0	80	
0	0	0	0.00240397	20	0	59	
0	0	0	0.00271392	25	0	74	
0	0	0	0.00233006	22	0	65	
0	0	0	0.00221086	20	0	59	
0	0	0	0.00107408	10	0	29	
0	0	0	0.002707	25	0	74	
0	0	0	0.000806808	7	0	20	
0	0	0	0.00272608	25	0	74	
0	0	0	0.00551414	49	0	146	
0	0	0	0.00409198	35	0	104	
0	0	0	0.00291181	26	0	77	
0	0	0	0.00150895	14	0	41	
0	0	0	0.00199103	18	0	53	
0	0	0	0.00299501	27	0	80	
0	0	0	0.00328016	30	0	89	
0	0	0	0.00278997	24	0	71	
0	0	0	0.00264311	25	0	74	
0	0	0	0.00460291	42	0	125	
0	0	0	0.00678682	61	0	182	
0	0	0	0.00125599	10	0	29	
0	0	0	0.00217009	18	0	53	
0	0	0	0.00332808	30	0	89	
0	0	0	0.00349593	32	0	95	
0	0	0	0.00278401	25	0	74	
0	0	0	0.00237513	22	0	65	
0	0	0	0.00111818	10	0	29	
0	0	0	0.00156212	14	0	41	
0	0	0	0.00176096	16	0	47	
0	0	0	0.000743151	7	0	20	
0	0	0	0.00157905	15	0	44	
0	0	0	0.00353384	32	0	95	
0	0	0	0.00211883	19	0	56	
0	0	0	0.0011549	11	0	32	
0	0	0	0.00419807	38	0	113	
0	0	0	0.00194192	17	0	50	
0	0	0	0.0020051	19	0	56	
0	0	0	0.000787973	7	0	20	
0	0	0	0.00340986	31	0	92	
0	0	0	0.002105	19	0	56	
0	0	0	0.00160003	15	0	44	
0	0	0	0.00238109	22	0	65	
0	0	0	0.001261	11	0	32	
0	0	0	0.00139189	13	0	38	
0	0	0	0.00235796	21	0	62	
0	0	0	0.00288105	26	0	77	
0	0	0	0.00258517	23	0	68	
0	0	0	0.00358486	33	0	98	
0	0	0	0.00235391	22	0	65	
0	0	0	0.00313401	28	0	83	
0	0	0	0.00160003	15	0	44	
0	0	0	0.00218916	20	0	59	
0	0	0	0.00166297	15	0	44	
0	0	0	0.000669003	6	0	17	
0	0	0	0.00181293	17	0	50	
0	0	0	0.00204802	19	0	56	
0	0	0	0.00281692	26	0	77	
0	0	0	0.00103188	9	0	26	
0	0	0	0.00201988	14	0	41	
0	0	0	0.00137997	11	0	32	
0	0	0	0.00215316	20	0	59	
0	0	0	0.00109982	10	0	29	
0	0	0	0.000895023	8	0	23	
0	0	0	0.00274706	26	0	77	
0	0	0	0.00200105	18	0	53	
0	0	0	0.00229096	21	0	62	
0	0	0	0.00067997	6	0	17	
0	0	0	0.00229001	21	0	62	
0	0	0	0.00176597	16	0	47	
0	0	0	0.00307989	28	0	83	
0	0	0	0.00132704	12	0	35	
0	0	0	0.00199795	19	0	56	
0	0	0	0.00386214	35	0	104	
0	0	0	0.00301504	27	0	80	
0	0	0	0.00145817	13	0	38	
0	0	0	0.00278997	26	0	77	
0	0	0	0.00174904	16	0	47	
0	0	0	0.00318098	27	0	80	
0	0	0	0.0024941	23	0	68	
0	0	0	0.00280499	26	0	77	
0	0	0	0.00287914	26	0	77	
0	0	0	0.00234103	22	0	65	
0	0	0	0.0040071	37	0	110	
0	0	0	0.00601411	55	0	164	
0	0	0	0.00311613	28	0	83	
0	0	0	0.00545812	51	0	152	
0	0	0	0.002671	25	0	74	
0	0	0	0.00479412	43	0	128	
0	0	0	0.00422621	38	0	113	
0	0	0	0.00329018	29	0	86	
0	0	0	0.00304198	27	0	80	
0	0	0	0.00298595	28	0	83	
0	0	0	0.0012219	11	0	32	
0	0	0	0.00203896	19	0	56	
0	0	0	0.001688	15	0	44	
0	0	0	0.00116682	11	0	32	
0	0	0	0.00345016	32	0	95	
0	0	0	0.00210285	19	0	56	
0	0	0	0.00146294	13	0	38	
0	0	0	0.00371599	34	0	101	
0	0	0	0.00403595	37	0	110	
0	0	0	0.00166893	15	0	44	
0	0	0	0.00471306	43	0	128	
0	0	0	0.00353718	33	0	98	
0	0	0	0.00361705	33	0	98	
0	0	0	0.00145483	13	0	38	
0	0	0	0.00186992	17	0	50	
0	0	0	0.00388694	35	0	104	
0	0	0	0.00200486	18	0	53	
0	0	0	0.00302911	28	0	83	
0	0	0	0.00156808	15	0	44	
0	0	0	0.00258183	24	0	71	
0	0	0	0.00255919	23	0	68	
0	0	0	0.00607014	54	0	161	
0	0	0	0.00417805	38	0	113	
0	0	0	0.00450993	41	0	122	
0	0	0	0.00156999	14	0	41	
0	0	0	0.00433683	40	0	119	
0	0	0	0.00371218	35	0	104	
0	0	0	0.00658917	58	0	173	
0	0	0	0.00267887	24	0	71	
0	0	0	0.00100589	9	0	26	
0	0	0	0.00358701	32	0	95	
0	0	0	0.00202298	18	0	53	
0	0	0	0.00166202	16	0	47	
0	0	0	0.00125384	12	0	35	
0	0	0	0.00392103	34	0	101	
0	0	0	0.00194597	18	0	53	
0	0	0	0.00181794	18	0	53	
0	0	0	0.00261807	24	0	71	
0	0	0	0.00118995	11	0	32	
0	0	0	0.00295615	27	0	80	
0	0	0	0.00316215	29	0	86	
0	0	0	0.00232005	21	0	62	
0	0	0	0.0021379	18	0	53	
0	0	0	0.00283885	26	0	77	
0	0	0	0.00184417	17	0	50	
0	0	0	0.00266385	25	0	74	
0	0	0	0.0013001	12	0	35	
0	0	0	0.00211215	20	0	59	
0	0	0	0.00201106	18	0	53	
0	0	0	0.000760794	7	0	20	
0	0	0	0.00139999	13	0	38	
0	0	0	0.00128198	12	0	35	
0	0	0	0.00510406	45	0	134	
0	0	0	0.00300097	27	0	80	
0	0	0	0.00288701	26	0	77	
0	0	0	0.00149107	13	0	38	
0	0	0	0.00162315	15	0	44	
0	0	0	0.00112605	10	0	29	
0	0	0	0.000975132	9	0	26	
0	0	0	0.00202394	19	0	56	
0	0	0	0.0027411	24	0	71	
0	0	0	0.00128698	12	0	35	
0	0	0	0.00205803	19	0	56	
0	0	0	0.00319505	30	0	89	
0	0	0	0.000879049	8	0	23	
0	0	0	0.00137305	13	0	38	
0	0	0	0.00206184	19	0	56	
0	0	0	0.0016911	16	0	47	
0	0	0	0.00130105	12	0	35	
0	0	0	0.00221205	20	0	59	
0	0	0	0.00379205	33	0	98	
0	0	0	0.00167799	15	0	44	
0	0	0	0.001966	18	0	53	
0	0	0	0.00203991	19	0	56	
0	0	0	0.00161386	15	0	44	
0	0	0	0.00412107	38	0	113	
0	0	0	0.00700998	62	0	185	
0	0	0	0.00179005	13	0	38	
0	0	0	0.00110793	10	0	29	
0	0	0	0.00190282	18	0	53	
0	0	0	0.00156188	15	0	44	
0	0	0	0.00127196	12	0	35	
0	0	0	0.00190401	18	0	53	
0	0	0	0.00225902	21	0	62	
0	0	0	0.00181484	17	0	50	
0	0	0	0.00265718	24	0	71	
0	0	0	0.00146985	13	0	38	
0	0	0	0.00105405	10	0	29	
0	0	0	0.00282788	26	0	77	
0	0	0	0.00327992	30	0	89	
0	0	0	0.000944853	9	0	26	
0	0	0	0.00317001	30	0	89	
0	0	0	0.00159693	15	0	44	
0	0	0	0.00417519	37	0	110	
0	0	0	0.00301385	27	0	80	
0	0	0	0.0030489	28	0	83	
0	0	0	0.00240803	22	0	65	
0	0	0	0.00162506	15	0	44	
0	0	0	0.00241303	23	0	68	
0	0	0	0.000551939	5	0	14	
0	0	0	0.00135112	12	0	35	
0	0	0	0.00168991	15	0	44	
0	0	0	0.0023191	21	0	62	
0	0	0	0.001436	13	0	38	
0	0	0	0.00208688	18	0	53	
0	0	0	0.00249887	23	0	68	
0	0	0	0.000756979	7	0	20	
0	0	0	0.00198293	19	0	56	
0	0	0	0.00293183	27	0	80	
0	0	0	0.00142407	13	0	38	
0	0	0	0.000761032	7	0	20	
0	0	0	0.00181103	17	0	50	
0	0	0	0.000865936	8	0	23	
0	0	0	0.00231695	22	0	65	
0	0	0	0.000306845	3	0	8	
0	0	0	0.00148988	14	0	41	
0	0	0	0.000763893	7	0	20	
0	0	0	0.00110507	11	0	32	
0	0	0	0.00206614	18	0	53	
0	0	0	0.00270891	25	0	74	
0	0	0	0.000324011	3	0	8	
0	0	0	0.000313997	3	0	8	
0	0	0	0.000536203	5	0	14	
0	0	0	0.00255799	24	0	71	
0	0	0	0.00184894	17	0	50	
0	0	0	0.00552297	50	0	149	
0	0	0	0.00153995	14	0	41	
0	0	0	0.00229192	20	0	59	
0	0	0	0.00144887	12	0	35	
0	0	0	0.00172019	15	0	44	
0	0	0	0.00329399	30	0	89	
0	0	0	0.00244403	22	0	65	
0	0	0	0.002702	25	0	74	
0	0	0	0.00213003	19	0	56	
0	0	0	0.00255609	23	0	68	
0	0	0	0.00142908	13	0	38	
0	0	0	0.00370383	31	0	92	
0	0	0	0.00203705	19	0	56	
0	0	0	0.00280499	27	0	80	
0	0	0	0.00185585	17	0	50	
0	0	0	0.00173092	17	0	50	
0	0	0	0.00239205	23	0	68	
0	0	0	0.00181508	17	0	50	
0	0	0	0.00299406	28	0	83	
0	0	0	0.00296092	27	0	80	
0	0	0	0.000952005	9	0	26	
0	0	0	0.00163698	16	0	47	
0	0	0	0.00215507	21	0	62	
0	0	0	0.0019269	19	0	56	
0	0	0	0.00360799	33	0	98	
0	0	0	0.00170088	16	0	47	
0	0	0	0.00153708	14	0	41	
0	0	0	0.003057	27	0	80	
0	0	0	0.00308013	26	0	77	
0	0	0	0.00453496	42	0	125	
0	0	0	0.00197411	17	0	50	
0	0	0	0.00481009	44	0	131	
0	0	0	0.00114608	10	0	29	
0	0	0	0.00219893	20	0	59	
0	0	0	0.00483084	43	0	128	
0	0	0	0.00174284	16	0	47	
0	0	0	0.00179696	16	0	47	
0	0	0	0.00174713	16	0	47	
0	0	0	0.00192308	18	0	53	
0	0	0	0.000852108	8	0	23	
0	0	0	0.00199008	18	0	53	
0	0	0	0.00241303	22	0	65	
0	0	0	0.00173497	16	0	47	
0	0	0	0.00217891	18	0	53	
0	0	0	0.00274611	24	0	71	
0	0	0	0.000871897	8	0	23	
0	0	0	0.00212789	20	0	59	
0	0	0	0.00137305	13	0	38	
0	0	0	0.00175905	16	0	47	
0	0	0	0.00124598	12	0	35	
0	0	0	0.00395393	37	0	110	
0	0	0	0.00191784	18	0	53	
0	0	0	0.00132585	13	0	38	
0	0	0	0.00183392	16	0	47	
0	0	0	0.0040288	37	0	110	
0	0	0	0.00380397	35	0	104	
0	0	0	0.00246978	23	0	68	
0	0	0	0.00290203	27	0	80	
0	0	0	0.00337601	31	0	92	
0	0	0	0.00132513	12	0	35	
0	0	0	0.00321889	28	0	83	
0	0	0	0.00475192	42	0	125	
0	0	0	0.00173616	15	0	44	
0	0	0	0.00244284	22	0	65	
0	0	0	0.00151086	14	0	41	
0	0	0	0.000931978	9	0	26	
0	0	0	0.00283599	27	0	80	
0	0	0	0.00122786	11	0	32	
0	0	0	0.00235391	21	0	62	
0	0	0	0.00279808	26	0	77	
0	0	0	0.00114489	11	0	32	
0	0	0	0.00540113	52	0	155	
0	0	0	0.00585103	57	0	170	
0	0	0	0.00273323	25	0	74	
0	0	0	0.00381112	33	0	98	
0	0	0	0.00176001	15	0	44	
0	0	0	0.00397515	36	0	107	
0	0	0	0.00366211	34	0	101	
0	0	0	0.00170612	15	0	44	
0	0	0	0.00242996	22	0	65	
0	0	0	0.000423908	4	0	11	
0	0	0	0.00322008	30	0	89	
0	0	0	0.00230789	20	0	59	
0	0	0	0.000930071	9	0	26	
0	0	0	0.00192094	18	0	53	
0	0	0	0.00207806	20	0	59	
0	0	0	0.000640869	6	0	17	
0	0	0	0.00170588	16	0	47	
0	0	0	0.00257993	24	0	71	
0	0	0	0.00177908	16	0	47	
0	0	0	0.00143504	14	0	41	
0	0	0	0.00088191	8	0	23	
0	0	0	0.00378203	33	0	98	
0	0	0	0.00152683	14	0	41	
0	0	0	0.00120783	11	0	32	
0	0	0	0.000299931	3	0	8	
0	0	0	0.00240111	22	0	65	
0	0	0	0.00136709	13	0	38	
0	0	0	0.00288701	26	0	77	
0	0	0	0.000521183	5	0	14	
0	0	0	0.00305009	28	0	83	
0	0	0	0.000931978	9	0	26	
0	0	0	0.00165105	15	0	44	
0	0	0	0.00125599	10	0	29	
0	0	0	0.00240302	22	0	65	
0	0	0	0.0020721	19	0	56	
0	0	0	0.00428295	40	0	119	
0	0	0	0.00178599	17	0	50	
0	0	0	0.000983	9	0	26	
0	0	0	0.001513	14	0	41	
0	0	0	0.00068593	6	0	17	
0	0	0	0.00298381	28	0	83	
0	0	0	0.00174093	16	0	47	
0	0	0	0.00314999	28	0	83	
0	0	0	0.00245404	23	0	68	
0	0	0	0.00434089	40	0	119	
0	0	0	0.00258303	24	0	71	
0	0	0	0.00231218	21	0	62	
0	0	0	0.00426292	40	0	119	
0	0	0	0.00266695	23	0	68	
0	0	0	0.00118399	11	0	32	
0	0	0	0.00246406	23	0	68	
0	0	0	0.00312805	29	0	86	
0	0	0	0.000441074	4	0	11	
0	0	0	0.00311589	28	0	83	
0	0	0	0.00267816	24	0	71	
0	0	0	0.00140309	13	0	38	
0	0	0	0.00252008	24	0	71	
0	0	0	0.00274897	23	0	68	
0	0	0	0.00141811	13	0	38	
0	0	0	0.000761032	7	0	20	
0	0	0	0.00157189	15	0	44	
0	0	0	0.00262117	25	0	74	
0	0	0	0.0011971	11	0	32	
0	0	0	0.00162601	16	0	47	
0	0	0	0.00379705	35	0	104	
0	0	0	0.00284505	27	0	80	
0	0	0	0.00177288	15	0	44	
0	0	0	0.00173402	16	0	47	
0	0	0	0.00286293	27	0	80	
0	0	0	0.00133514	12	0	35	
0	0	0	0.00117588	11	0	32	
0	0	0	0.00178099	17	0	50	
0	0	0	0.00223899	21	0	62	
0	0	0	0.00148296	14	0	41	
0	0	0	0.00194502	18	0	53	
0	0	0	0.00228691	21	0	62	
0	0	0	0.00346494	29	0	86	
0	0	0	0.00327206	31	0	92	
0	0	0	0.00503516	47	0	140	
0	0	0	0.00266004	23	0	68	
0	0	0	0.00439715	41	0	122	
0	0	0	0.00160193	13	0	38	
0	0	0	0.00182295	17	0	50	
0	0	0	0.00198722	18	0	53	
0	0	0	0.00331211	31	0	92	
0	0	0	0.00434589	41	0	122	
0	0	0	0.00296283	27	0	80	
0	0	0	0.00175405	17	0	50	
0	0	0	0.000638008	6	0	17	
0	0	0	0.001513	14	0	41	
0	0	0	0.00325322	29	0	86	
0	0	0	0.00270891	25	0	74	
0	0	0	0.000797987	7	0	20	
0	0	0	0.00235891	22	0	65	
0	0	0	0.000507116	5	0	14	
0	0	0	0.00516915	47	0	140	
0	0	0	0.00412798	34	0	101	
0	0	0	0.000678062	6	0	17	
0	0	0	0.0032742	29	0	86	
0	0	0	0.00217485	20	0	59	
0	0	0	0.000874043	8	0	23	
0	0	0	0.00191998	18	0	53	
0	0	0	0.001647	15	0	44	
0	0	0	0.000745058	7	0	20	
0	0	0	0.00277591	26	0	77	
0	0	0	0.00201702	18	0	53	
0	0	0	0.00260806	24	0	71	
0	0	0	0.000967026	9	0	26	
0	0	0	0.00227594	21	0	62	
0	0	0	0.000937939	9	0	26	
0	0	0	0.000743866	7	0	20	
0	0	0	0.00193191	18	0	53	
0	0	0	0.00183797	17	0	50	
0	0	0	0.00246	23	0	68	
0	0	0	0.00216603	20	0	59	
0	0	0	0.00118685	11	0	32	
0	0	0	0.00452805	41	0	122	
0	0	0	0.00137591	12	0	35	
0	0	0	0.00435805	39	0	116	
0	0	0	0.00212598	19	0	56	
0	0	0	0.00211811	19	0	56	
0	0	0	0.000946045	9	0	26	
0	0	0	0.000939131	9	0	26	
0	0	0	0.00172591	16	0	47	
0	0	0	0.000946999	8	0	23	
0	0	0	0.0018239	16	0	47	
0	0	0	0.000986099	9	0	26	
0	0	0	0.00141096	13	0	38	
0	0	0	0.00294304	27	0	80	
0	0	0	0.00269389	25	0	74	
0	0	0	0.00107193	10	0	29	
0	0	0	0.00118494	11	0	32	
0	0	0	0.00107694	10	0	29	
0	0	0	0.00281692	25	0	74	
0	0	0	0.00454617	42	0	125	
0	0	0	0.00137401	12	0	35	
0	0	0	0.00183797	17	0	50	
0	0	0	0.00186801	18	0	53	
0	0	0	0.00294709	27	0	80	
0	0	0	0.00266504	24	0	71	
0	0	0	0.00267792	25	0	74	
0	0	0	0.00124693	12	0	35	
0	0	0	0.00180912	17	0	50	
0	0	0	0.00239491	22	0	65	
0	0	0	0.00124788	12	0	35	
0	0	0	0.00215888	20	0	59	
0	0	0	0.00212693	20	0	59	
0	0	0	0.00376892	34	0	101	
0	0	0	0.00239205	22	0	65	
0	0	0	0.00150609	14	0	41	
0	0	0	0.000935078	9	0	26	
0	0	0	0.00332379	31	0	92	
0	0	0	0.00244093	23	0	68	
0	0	0	0.00398111	36	0	107	
0	0	0	0.0020771	19	0	56	
