PREC	RECALL	FSCORE	TIME	LEN	NUNK	NSCORED	
0	0	0	0.00247693	15	0	44	
0	0	0	0.00118399	8	0	23	
0	0	0	0.00145388	10	0	29	
0	0	0	0.0018549	12	0	35	
0	0	0	0.00167799	11	0	32	
0	0	0	0.00366282	23	0	68	
0	0	0	0.00139809	9	0	26	
0	0	0	0.00322413	21	0	62	
0	0	0	0.00152302	10	0	29	
0	0	0	0.001158	8	0	23	
0	0	0	0.000715017	5	0	14	
0	0	0	0.00115514	8	0	23	
0	0	0	0.0016849	11	0	32	
0	0	0	0.00175714	12	0	35	
0	0	0	0.000548124	4	0	11	
0	0	0	0.002069	14	0	41	
0	0	0	0.00613499	39	0	116	
0	0	0	0.00367689	24	0	71	
0	0	0	0.000721931	5	0	14	
0	0	0	0.00222993	15	0	44	
0	0	0	0.00203609	14	0	41	
0	0	0	0.0016191	11	0	32	
0	0	0	0.00197291	14	0	41	
0	0	0	0.001194	8	0	23	
0	0	0	0.00237894	16	0	47	
0	0	0	0.000109911	1	0	2	
0	0	0	0.00150204	10	0	29	
0	0	0	0.000139952	1	0	2	
0	0	0	0.000449896	3	0	8	
0	0	0	0.000398159	3	0	8	
0	0	0	0.000823021	6	0	17	
0	0	0	9.799e-05	1	0	2	
0	0	0	9.20296e-05	1	0	2	
0	0	0	0.000372887	3	0	8	
0	0	0	0.00052619	4	0	11	
0	0	0	0.000675917	5	0	14	
0	0	0	0.00354505	22	0	65	
0	0	0	0.000744104	5	0	14	
0	0	0	0.00118995	8	0	23	
0	0	0	0.00010705	1	0	2	
0	0	0	0.00464606	31	0	92	
0	0	0	0.00102687	7	0	20	
0	0	0	0.00131011	9	0	26	
0	0	0	0.00156593	11	0	32	
0	0	0	0.00278878	19	0	56	
0	0	0	0.00469303	31	0	92	
0	0	0	0.00137711	9	0	26	
0	0	0	0.00456905	30	0	89	
0	0	0	0.00255108	17	0	50	
0	0	0	0.00115013	8	0	23	
0	0	0	0.00402188	27	0	80	
0	0	0	0.00998807	68	0	203	
0	0	0	0.00404501	27	0	80	
0	0	0	0.000865936	6	0	17	
0	0	0	0.00192499	13	0	38	
0	0	0	0.00166202	11	0	32	
0	0	0	0.00335693	22	0	65	
0	0	0	0.00012207	1	0	2	
0	0	0	0.00222898	15	0	44	
0	0	0	0.00113893	8	0	23	
0	0	0	0.00256801	17	0	50	
0	0	0	0.00218415	15	0	44	
0	0	0	0.00250983	17	0	50	
0	0	0	0.000705957	5	0	14	
0	0	0	0.00110602	8	0	23	
0	0	0	0.00100899	7	0	20	
0	0	0	0.00255394	17	0	50	
0	0	0	0.00178194	12	0	35	
0	0	0	0.00222707	15	0	44	
0	0	0	0.00163507	11	0	32	
0	0	0	0.00174999	12	0	35	
0	0	0	0.00208497	14	0	41	
0	0	0	0.000703812	5	0	14	
0	0	0	0.00222898	15	0	44	
0	0	0	0.00261903	18	0	53	
0	0	0	0.00206518	14	0	41	
0	0	0	0.000605106	4	0	11	
0	0	0	0.000542879	4	0	11	
0	0	0	0.00158501	11	0	32	
0	0	0	0.0012939	9	0	26	
0	0	0	0.00282717	19	0	56	
0	0	0	0.00208092	14	0	41	
0	0	0	0.00641298	41	0	122	
0	0	0	0.00243688	16	0	47	
0	0	0	0.00121212	8	0	23	
0	0	0	0.00360894	25	0	74	
0	0	0	0.000277042	2	0	5	
0	0	0	0.002707	18	0	53	
0	0	0	0.0010128	7	0	20	
0	0	0	0.000682831	5	0	14	
0	0	0	0.0049181	32	0	95	
0	0	0	0.00213218	14	0	41	
0	0	0	0.00222182	15	0	44	
0	0	0	0.00257206	17	0	50	
0	0	0	0.00348902	23	0	68	
0	0	0	0.00305009	20	0	59	
0	0	0	0.00236082	16	0	47	
0	0	0	0.00358915	24	0	71	
0	0	0	0.00327492	22	0	65	
0	0	0	0.00161719	11	0	32	
0	0	0	0.00381303	25	0	74	
0	0	0	0.00147295	10	0	29	
0	0	0	0.00231719	16	0	47	
0	0	0	0.00279093	19	0	56	
0	0	0	0.00318384	21	0	62	
0	0	0	0.000879049	6	0	17	
0	0	0	0.00200105	14	0	41	
0	0	0	0.00144601	10	0	29	
0	0	0	0.00380683	25	0	74	
0	0	0	0.00327396	22	0	65	
0	0	0	0.00407195	27	0	80	
0	0	0	0.00313902	21	0	62	
0	0	0	0.00404406	27	0	80	
0	0	0	0.00296903	20	0	59	
0	0	0	0.00435209	29	0	86	
0	0	0	0.00212502	14	0	41	
0	0	0	0.00296307	20	0	59	
0	0	0	0.00239706	16	0	47	
0	0	0	0.00130296	9	0	26	
0	0	0	0.00281906	19	0	56	
0	0	0	0.00435209	29	0	86	
0	0	0	0.00041604	3	0	8	
0	0	0	0.00141811	10	0	29	
0	0	0	0.00192118	13	0	38	
0	0	0	0.00284004	19	0	56	
0	0	0	0.00177383	12	0	35	
0	0	0	0.00132489	9	0	26	
0	0	0	0.00142193	10	0	29	
0	0	0	0.00141907	10	0	29	
0	0	0	0.00239992	16	0	47	
0	0	0	0.00129485	9	0	26	
0	0	0	0.00214005	14	0	41	
0	0	0	0.00159693	11	0	32	
0	0	0	0.00435615	29	0	86	
0	0	0	0.00132489	9	0	26	
0	0	0	0.00311708	21	0	62	
0	0	0	0.00371289	25	0	74	
0	0	0	0.00162101	11	0	32	
0	0	0	0.00220609	15	0	44	
0	0	0	0.00085187	6	0	17	
0	0	0	0.00571108	38	0	113	
0	0	0	0.00348592	23	0	68	
0	0	0	0.00223088	15	0	44	
0	0	0	0.00473905	33	0	98	
0	0	0	0.000891924	6	0	17	
0	0	0	0.00249004	17	0	50	
0	0	0	0.00282097	19	0	56	
0	0	0	0.00261092	18	0	53	
0	0	0	0.00191402	13	0	38	
0	0	0	0.0060339	41	0	122	
0	0	0	0.00264096	17	0	50	
0	0	0	0.00225687	15	0	44	
0	0	0	0.00465798	31	0	92	
0	0	0	0.00134897	9	0	26	
0	0	0	0.00308394	21	0	62	
0	0	0	0.00297499	20	0	59	
0	0	0	0.00072217	5	0	14	
0	0	0	0.00134087	9	0	26	
0	0	0	0.00116611	8	0	23	
0	0	0	0.00447702	30	0	89	
0	0	0	0.00434399	29	0	86	
0	0	0	0.00299716	20	0	59	
0	0	0	0.00302291	20	0	59	
0	0	0	0.00265479	18	0	53	
0	0	0	0.00368214	24	0	71	
0	0	0	0.00133491	9	0	26	
0	0	0	0.00506902	33	0	98	
0	0	0	0.000581026	4	0	11	
0	0	0	0.000904083	6	0	17	
0	0	0	0.00234318	16	0	47	
0	0	0	0.000850201	6	0	17	
0	0	0	0.00145197	10	0	29	
0	0	0	0.001894	13	0	38	
0	0	0	0.0022378	15	0	44	
0	0	0	0.000402927	3	0	8	
0	0	0	0.00233698	16	0	47	
0	0	0	0.00233507	16	0	47	
0	0	0	0.00113606	8	0	23	
0	0	0	0.00257206	18	0	53	
0	0	0	0.00455308	29	0	86	
0	0	0	0.00410914	27	0	80	
0	0	0	0.00296402	20	0	59	
0	0	0	0.00361609	24	0	71	
0	0	0	0.00327301	22	0	65	
0	0	0	0.00387597	26	0	77	
0	0	0	0.00259209	17	0	50	
0	0	0	0.00304008	21	0	62	
0	0	0	0.00421	28	0	83	
0	0	0	0.001616	11	0	32	
0	0	0	0.00303197	21	0	62	
0	0	0	0.000118971	1	0	2	
0	0	0	0.00205302	14	0	41	
0	0	0	0.00280118	19	0	56	
0	0	0	0.00205398	14	0	41	
0	0	0	0.00228095	15	0	44	
0	0	0	0.00206089	14	0	41	
0	0	0	0.002877	19	0	56	
0	0	0	0.00115991	8	0	23	
0	0	0	0.000540018	4	0	11	
0	0	0	0.00282788	19	0	56	
0	0	0	0.00297785	20	0	59	
0	0	0	0.000854015	6	0	17	
0	0	0	0.00144219	10	0	29	
0	0	0	0.0010159	7	0	20	
0	0	0	0.00129914	9	0	26	
0	0	0	0.00261497	18	0	53	
0	0	0	0.00187993	13	0	38	
0	0	0	0.000841856	6	0	17	
0	0	0	9.98974e-05	1	0	2	
0	0	0	9.01222e-05	1	0	2	
0	0	0	0.00233102	16	0	47	
0	0	0	0.000705957	5	0	14	
0	0	0	0.00145411	10	0	29	
0	0	0	0.00280595	19	0	56	
0	0	0	0.0027101	18	0	53	
0	0	0	0.0032239	22	0	65	
0	0	0	0.00145102	10	0	29	
0	0	0	0.00355792	24	0	71	
0	0	0	0.000120878	1	0	2	
0	0	0	0.00383306	26	0	77	
0	0	0	0.00087595	6	0	17	
0	0	0	0.00223613	15	0	44	
0	0	0	0.00265598	18	0	53	
0	0	0	0.00225306	15	0	44	
0	0	0	0.00264692	18	0	53	
0	0	0	0.00144601	10	0	29	
0	0	0	0.0022881	16	0	47	
0	0	0	0.00281096	19	0	56	
0	0	0	0.00207686	14	0	41	
0	0	0	0.00278711	19	0	56	
0	0	0	0.00371385	25	0	74	
0	0	0	0.00292802	19	0	56	
0	0	0	0.00325394	22	0	65	
0	0	0	0.00268912	18	0	53	
0	0	0	0.00238299	16	0	47	
0	0	0	0.00176597	12	0	35	
0	0	0	0.000407934	3	0	8	
0	0	0	0.00311422	21	0	62	
0	0	0	0.0013051	9	0	26	
0	0	0	0.00297594	20	0	59	
0	0	0	0.00436807	29	0	86	
0	0	0	0.00296092	20	0	59	
0	0	0	0.00493693	32	0	95	
0	0	0	0.00482082	32	0	95	
0	0	0	0.0016129	11	0	32	
0	0	0	0.00464892	31	0	92	
0	0	0	0.00338387	23	0	68	
0	0	0	0.00402093	27	0	80	
0	0	0	0.00296307	20	0	59	
0	0	0	0.00420403	28	0	83	
0	0	0	0.00350595	23	0	68	
0	0	0	0.00132394	9	0	26	
0	0	0	0.00353003	24	0	71	
0	0	0	0.00209999	14	0	41	
0	0	0	0.00396991	27	0	80	
0	0	0	0.000131845	1	0	2	
0	0	0	0.00236702	16	0	47	
0	0	0	0.00269198	18	0	53	
0	0	0	0.00426102	28	0	83	
0	0	0	0.00163102	11	0	32	
0	0	0	0.00118899	8	0	23	
0	0	0	0.00231409	16	0	47	
0	0	0	0.00170302	12	0	35	
0	0	0	0.00335598	23	0	68	
0	0	0	0.00277114	19	0	56	
0	0	0	0.00174403	12	0	35	
0	0	0	0.0040071	27	0	80	
0	0	0	0.00162005	11	0	32	
0	0	0	0.0026269	18	0	53	
0	0	0	0.00217795	15	0	44	
0	0	0	0.00323296	22	0	65	
0	0	0	0.00287199	20	0	59	
0	0	0	0.002321	16	0	47	
0	0	0	0.000884056	6	0	17	
0	0	0	0.001719	12	0	35	
0	0	0	0.00190496	13	0	38	
0	0	0	0.00127792	9	0	26	
0	0	0	0.00369692	25	0	74	
0	0	0	0.00343084	22	0	65	
0	0	0	0.00331092	22	0	65	
0	0	0	0.00178599	12	0	35	
0	0	0	0.00153112	11	0	32	
0	0	0	0.00232792	16	0	47	
0	0	0	0.00323009	22	0	65	
0	0	0	0.00204492	14	0	41	
0	0	0	0.00316095	21	0	62	
0	0	0	0.00469208	31	0	92	
0	0	0	0.000138044	1	0	2	
0	0	0	0.00263	18	0	53	
0	0	0	0.00102091	7	0	20	
0	0	0	0.00218892	15	0	44	
0	0	0	0.00384808	25	0	74	
0	0	0	0.00347996	24	0	71	
0	0	0	0.00101113	7	0	20	
0	0	0	0.00169015	12	0	35	
0	0	0	0.00325894	22	0	65	
0	0	0	0.00864291	58	0	173	
0	0	0	0.00105715	7	0	20	
0	0	0	0.00270915	18	0	53	
0	0	0	0.00275493	19	0	56	
0	0	0	0.00207901	14	0	41	
0	0	0	0.00234318	16	0	47	
0	0	0	0.00411296	28	0	83	
0	0	0	0.000128031	1	0	2	
0	0	0	0.00311685	21	0	62	
0	0	0	0.00306702	21	0	62	
0	0	0	0.00397301	26	0	77	
0	0	0	0.00274801	18	0	53	
0	0	0	0.000123024	1	0	2	
0	0	0	0.00337601	23	0	68	
0	0	0	0.00283003	19	0	56	
0	0	0	0.0011518	8	0	23	
0	0	0	0.00128293	9	0	26	
0	0	0	0.00123	9	0	26	
0	0	0	0.00247598	17	0	50	
0	0	0	0.00327992	22	0	65	
0	0	0	0.00201893	14	0	41	
0	0	0	0.00202894	14	0	41	
0	0	0	0.00111699	8	0	23	
0	0	0	0.00311089	21	0	62	
0	0	0	0.00158191	11	0	32	
0	0	0	0.000803947	6	0	17	
0	0	0	0.00207806	14	0	41	
0	0	0	0.00188708	13	0	38	
0	0	0	0.00187016	13	0	38	
0	0	0	0.000979185	7	0	20	
0	0	0	0.00158	11	0	32	
0	0	0	0.00111794	8	0	23	
0	0	0	0.000669003	5	0	14	
0	0	0	0.00173998	12	0	35	
0	0	0	0.00175405	12	0	35	
0	0	0	0.00171304	12	0	35	
0	0	0	0.0014112	10	0	29	
0	0	0	0.00254416	17	0	50	
0	0	0	0.00128293	9	0	26	
0	0	0	0.00161004	11	0	32	
0	0	0	0.00175095	12	0	35	
0	0	0	0.00174117	12	0	35	
0	0	0	0.000838041	6	0	17	
0	0	0	0.00366998	25	0	74	
0	0	0	0.00129294	9	0	26	
0	0	0	0.000388861	3	0	8	
0	0	0	0.001261	9	0	26	
0	0	0	0.00342321	23	0	68	
0	0	0	0.00133801	9	0	26	
0	0	0	0.0021112	14	0	41	
0	0	0	0.004668	32	0	95	
0	0	0	0.00270796	18	0	53	
0	0	0	0.000673056	5	0	14	
0	0	0	0.00204086	14	0	41	
0	0	0	0.00827694	56	0	167	
0	0	0	0.00597	39	0	116	
0	0	0	0.00828505	56	0	167	
0	0	0	0.000160933	1	0	2	
0	0	0	0.010551	71	0	212	
0	0	0	0.00437784	29	0	86	
0	0	0	0.00166893	11	0	32	
0	0	0	0.00381708	25	0	74	
0	0	0	0.00362206	24	0	71	
0	0	0	0.000452042	3	0	8	
0	0	0	0.00286508	20	0	59	
0	0	0	0.000848055	6	0	17	
0	0	0	0.000702858	5	0	14	
0	0	0	0.00293803	20	0	59	
0	0	0	0.000837088	6	0	17	
0	0	0	0.00217509	15	0	44	
0	0	0	0.000864983	6	0	17	
0	0	0	0.00320983	20	0	59	
0	0	0	0.000864983	6	0	17	
0	0	0	0.001791	12	0	35	
0	0	0	0.00222206	15	0	44	
0	0	0	0.000110149	1	0	2	
0	0	0	0.00220513	15	0	44	
0	0	0	0.00207281	14	0	41	
0	0	0	0.00309491	21	0	62	
0	0	0	0.00194216	13	0	38	
0	0	0	0.00376606	25	0	74	
0	0	0	0.00422597	28	0	83	
0	0	0	0.000262976	2	0	5	
0	0	0	0.00204015	13	0	38	
0	0	0	0.00146103	10	0	29	
0	0	0	0.00207281	14	0	41	
0	0	0	0.00199604	14	0	41	
0	0	0	0.000961065	7	0	20	
0	0	0	0.00315595	22	0	65	
0	0	0	0.00158405	11	0	32	
0	0	0	0.00512791	35	0	104	
0	0	0	0.00458097	31	0	92	
0	0	0	0.00286317	20	0	59	
0	0	0	0.00383902	26	0	77	
0	0	0	0.000113964	1	0	2	
0	0	0	0.00422502	29	0	86	
0	0	0	0.00375605	25	0	74	
0	0	0	0.00435615	29	0	86	
0	0	0	0.00529194	36	0	107	
0	0	0	0.000137091	1	0	2	
0	0	0	0.00598788	36	0	107	
0	0	0	0.000754118	5	0	14	
0	0	0	0.00210285	14	0	41	
0	0	0	0.00250793	17	0	50	
0	0	0	0.00436807	29	0	86	
0	0	0	0.00146604	10	0	29	
0	0	0	0.00128484	9	0	26	
0	0	0	0.002841	19	0	56	
0	0	0	0.0015769	11	0	32	
0	0	0	0.000544071	4	0	11	
0	0	0	0.00260711	17	0	50	
0	0	0	0.00132895	9	0	26	
0	0	0	0.00089407	6	0	17	
0	0	0	0.00294495	20	0	59	
0	0	0	0.000731945	5	0	14	
0	0	0	0.000974894	7	0	20	
0	0	0	0.00100303	7	0	20	
0	0	0	0.0012641	9	0	26	
0	0	0	0.00220108	15	0	44	
0	0	0	0.00159383	11	0	32	
0	0	0	0.00331903	22	0	65	
0	0	0	0.00118589	8	0	23	
0	0	0	0.00249815	17	0	50	
0	0	0	0.00421715	27	0	80	
0	0	0	0.00282311	17	0	50	
0	0	0	0.00101399	7	0	20	
0	0	0	0.00119805	8	0	23	
0	0	0	0.00211	14	0	41	
0	0	0	0.00439596	29	0	86	
0	0	0	0.000887156	6	0	17	
0	0	0	0.00281501	19	0	56	
0	0	0	0.00160694	11	0	32	
0	0	0	0.00128603	9	0	26	
0	0	0	0.000543833	4	0	11	
0	0	0	0.000738144	5	0	14	
0	0	0	0.00263596	17	0	50	
0	0	0	0.00194693	13	0	38	
0	0	0	0.000112057	1	0	2	
0	0	0	0.00303197	20	0	59	
0	0	0	0.00166297	11	0	32	
0	0	0	0.00159979	11	0	32	
0	0	0	0.00238109	16	0	47	
0	0	0	0.00129199	9	0	26	
0	0	0	0.000988007	7	0	20	
0	0	0	0.00252199	16	0	47	
0	0	0	0.00165796	11	0	32	
0	0	0	0.00160289	11	0	32	
0	0	0	0.000105143	1	0	2	
0	0	0	0.0074029	48	0	143	
0	0	0	0.00152397	10	0	29	
0	0	0	0.0026772	17	0	50	
0	0	0	0.00143194	8	0	23	
0	0	0	0.0011189	7	0	20	
0	0	0	0.00250411	15	0	44	
0	0	0	0.00212884	14	0	41	
0	0	0	0.000705004	5	0	14	
0	0	0	0.000833988	6	0	17	
0	0	0	0.00142193	9	0	26	
0	0	0	0.00421095	28	0	83	
0	0	0	0.00135994	9	0	26	
0	0	0	0.00227118	15	0	44	
0	0	0	0.00210118	14	0	41	
0	0	0	0.00160003	11	0	32	
0	0	0	0.00208783	14	0	41	
0	0	0	0.00259995	17	0	50	
0	0	0	0.000119209	1	0	2	
0	0	0	0.00220394	15	0	44	
0	0	0	0.00254917	17	0	50	
0	0	0	0.00237417	16	0	47	
0	0	0	0.0017488	12	0	35	
0	0	0	0.00237417	16	0	47	
0	0	0	0.00211787	14	0	41	
0	0	0	0.00058198	4	0	11	
0	0	0	0.00373602	25	0	74	
0	0	0	0.00221896	15	0	44	
0	0	0	0.00358796	24	0	71	
0	0	0	0.00446105	30	0	89	
0	0	0	0.00221992	15	0	44	
0	0	0	0.00233603	16	0	47	
0	0	0	0.00206709	14	0	41	
0	0	0	0.00191689	13	0	38	
0	0	0	0.000886202	6	0	17	
0	0	0	0.000825882	6	0	17	
0	0	0	0.00205708	14	0	41	
0	0	0	0.000725985	5	0	14	
0	0	0	0.00156903	11	0	32	
0	0	0	0.000983953	7	0	20	
0	0	0	0.00164294	11	0	32	
0	0	0	0.00113988	8	0	23	
0	0	0	0.00238514	16	0	47	
0	0	0	0.00239491	16	0	47	
0	0	0	0.000833988	6	0	17	
0	0	0	0.0036459	24	0	71	
0	0	0	0.00135708	9	0	26	
0	0	0	0.00236201	16	0	47	
0	0	0	0.00534511	35	0	104	
0	0	0	0.00221395	15	0	44	
0	0	0	0.00272679	17	0	50	
0	0	0	0.00221896	15	0	44	
0	0	0	0.00159502	11	0	32	
0	0	0	0.00362611	25	0	74	
0	0	0	0.000993013	7	0	20	
0	0	0	0.00112104	8	0	23	
0	0	0	0.0030601	21	0	62	
0	0	0	0.002213	15	0	44	
0	0	0	0.00509214	34	0	101	
0	0	0	0.00432706	29	0	86	
0	0	0	0.00298691	20	0	59	
0	0	0	0.000261068	2	0	5	
0	0	0	0.00239301	17	0	50	
0	0	0	0.00250888	17	0	50	
0	0	0	0.00344419	23	0	68	
0	0	0	0.00285792	19	0	56	
0	0	0	0.00296116	20	0	59	
0	0	0	0.0014689	10	0	29	
0	0	0	0.000983	7	0	20	
0	0	0	0.00261402	18	0	53	
0	0	0	0.000261068	2	0	5	
0	0	0	0.00359416	24	0	71	
0	0	0	0.00191116	13	0	38	
0	0	0	0.00105619	7	0	20	
0	0	0	0.00205398	14	0	41	
0	0	0	0.00191092	13	0	38	
0	0	0	0.002491	17	0	50	
0	0	0	0.00220704	15	0	44	
0	0	0	0.0016191	11	0	32	
0	0	0	0.00237203	16	0	47	
0	0	0	0.00404596	27	0	80	
0	0	0	0.00114107	8	0	23	
0	0	0	0.00375605	25	0	74	
0	0	0	0.00170183	12	0	35	
0	0	0	0.000868797	6	0	17	
0	0	0	0.00204396	14	0	41	
0	0	0	0.0022459	15	0	44	
0	0	0	0.00405097	27	0	80	
0	0	0	0.00200415	14	0	41	
0	0	0	0.00322104	22	0	65	
0	0	0	0.00233197	15	0	44	
0	0	0	0.00328684	22	0	65	
0	0	0	0.00235701	16	0	47	
0	0	0	0.00308585	21	0	62	
0	0	0	0.000714064	5	0	14	
0	0	0	0.0028379	19	0	56	
0	0	0	0.00301504	18	0	53	
0	0	0	0.00208807	13	0	38	
0	0	0	0.00143003	9	0	26	
0	0	0	0.00124693	8	0	23	
0	0	0	0.00146604	9	0	26	
0	0	0	0.00128603	8	0	23	
0	0	0	0.00158691	10	0	29	
0	0	0	0.00579095	34	0	101	
0	0	0	0.00366497	23	0	68	
0	0	0	0.00254822	17	0	50	
0	0	0	0.00265694	17	0	50	
0	0	0	0.000261068	2	0	5	
0	0	0	0.00315905	21	0	62	
0	0	0	0.00296497	19	0	56	
0	0	0	0.00275898	18	0	53	
0	0	0	0.00287795	19	0	56	
0	0	0	0.00228405	15	0	44	
0	0	0	0.00269985	18	0	53	
0	0	0	0.00444913	29	0	86	
0	0	0	0.0031631	21	0	62	
0	0	0	0.00409102	27	0	80	
0	0	0	0.00373602	25	0	74	
0	0	0	0.00388288	26	0	77	
0	0	0	0.00387096	25	0	74	
0	0	0	0.00370407	24	0	71	
0	0	0	0.00563717	37	0	110	
0	0	0	0.0027349	18	0	53	
0	0	0	0.00358391	24	0	71	
0	0	0	0.00408196	27	0	80	
0	0	0	0.00482011	32	0	95	
0	0	0	0.00359082	24	0	71	
0	0	0	0.000277996	2	0	5	
0	0	0	0.00304008	21	0	62	
0	0	0	0.00323796	22	0	65	
0	0	0	0.00243092	16	0	47	
0	0	0	0.00344706	23	0	68	
0	0	0	0.00269485	18	0	53	
0	0	0	0.00225306	15	0	44	
0	0	0	0.00159001	11	0	32	
0	0	0	0.00114298	8	0	23	
0	0	0	0.00486016	32	0	95	
0	0	0	0.00290489	19	0	56	
0	0	0	0.000116825	1	0	2	
0	0	0	0.00302601	20	0	59	
0	0	0	0.00403309	27	0	80	
0	0	0	0.00381494	25	0	74	
0	0	0	0.00324988	20	0	59	
0	0	0	0.00542307	35	0	104	
0	0	0	0.004776	31	0	92	
0	0	0	0.00370812	25	0	74	
0	0	0	0.00159311	11	0	32	
0	0	0	0.000105858	1	0	2	
0	0	0	0.00507617	34	0	101	
0	0	0	0.00422788	28	0	83	
0	0	0	0.00689292	45	0	134	
0	0	0	0.00271511	18	0	53	
0	0	0	0.0040822	27	0	80	
0	0	0	0.000287056	2	0	5	
0	0	0	0.00585604	40	0	119	
0	0	0	0.0068872	37	0	110	
0	0	0	0.00568199	37	0	110	
0	0	0	0.00450611	30	0	89	
0	0	0	0.00287509	19	0	56	
0	0	0	0.000276089	2	0	5	
0	0	0	0.00508499	34	0	101	
0	0	0	0.00428295	28	0	83	
0	0	0	0.001652	11	0	32	
0	0	0	0.00366497	25	0	74	
0	0	0	0.00387406	26	0	77	
0	0	0	0.00338006	22	0	65	
0	0	0	0.00195694	13	0	38	
0	0	0	0.0025301	17	0	50	
0	0	0	0.00829101	50	0	149	
0	0	0	0.00495815	32	0	95	
0	0	0	0.00515079	34	0	101	
0	0	0	0.00233793	16	0	47	
0	0	0	0.00264192	18	0	53	
0	0	0	0.00224304	15	0	44	
0	0	0	0.00160909	11	0	32	
0	0	0	0.0015161	10	0	29	
0	0	0	0.00271201	18	0	53	
0	0	0	0.00258303	17	0	50	
0	0	0	0.001441	10	0	29	
0	0	0	0.00285411	19	0	56	
0	0	0	0.000880003	6	0	17	
0	0	0	0.00299406	20	0	59	
0	0	0	0.00188398	13	0	38	
0	0	0	0.00313687	21	0	62	
0	0	0	0.00174403	12	0	35	
0	0	0	0.00146699	10	0	29	
0	0	0	0.00389504	23	0	68	
0	0	0	0.00147605	9	0	26	
0	0	0	0.000396013	3	0	8	
0	0	0	0.00167799	11	0	32	
0	0	0	0.00156093	11	0	32	
0	0	0	0.00410604	27	0	80	
0	0	0	0.00478411	32	0	95	
0	0	0	0.00190091	13	0	38	
0	0	0	0.00312495	21	0	62	
0	0	0	0.00195813	13	0	38	
0	0	0	0.00177693	12	0	35	
0	0	0	0.00651503	44	0	131	
0	0	0	0.000147104	1	0	2	
0	0	0	0.003093	21	0	62	
0	0	0	0.00403094	27	0	80	
0	0	0	0.00186491	13	0	38	
0	0	0	0.00208211	14	0	41	
0	0	0	0.00314999	21	0	62	
0	0	0	0.00191784	13	0	38	
0	0	0	0.00172305	11	0	32	
0	0	0	0.00177598	9	0	26	
0	0	0	0.00200701	13	0	38	
0	0	0	0.00244999	16	0	47	
0	0	0	0.00157905	11	0	32	
0	0	0	0.00191808	13	0	38	
0	0	0	0.00135899	9	0	26	
0	0	0	0.00143385	10	0	29	
0	0	0	0.00235105	16	0	47	
0	0	0	0.000404119	3	0	8	
0	0	0	0.001863	13	0	38	
0	0	0	0.00161099	11	0	32	
0	0	0	0.00279498	19	0	56	
0	0	0	0.00144601	10	0	29	
0	0	0	0.000828981	6	0	17	
0	0	0	0.00132704	9	0	26	
0	0	0	0.00160289	11	0	32	
0	0	0	0.00174093	12	0	35	
