PREC	RECALL	FSCORE	TIME	LEN	NUNK	NSCORED	
0	0	0	0.00378203	23	0	68	
0	0	0	0.00296998	19	0	56	
0	0	0	0.00370407	23	0	68	
0	0	0	0.000913858	6	0	17	
0	0	0	0.00089097	6	0	17	
0	0	0	0.00136399	9	0	26	
0	0	0	0.00106192	7	0	20	
0	0	0	0.00121689	8	0	23	
0	0	0	0.00104904	7	0	20	
0	0	0	0.000860929	6	0	17	
0	0	0	0.00133896	9	0	26	
0	0	0	0.00508595	33	0	98	
0	0	0	0.00210118	14	0	41	
0	0	0	0.000555992	4	0	11	
0	0	0	0.000429153	3	0	8	
0	0	0	0.000576973	4	0	11	
0	0	0	0.00148201	10	0	29	
0	0	0	0.000711918	5	0	14	
0	0	0	0.00248599	16	0	47	
0	0	0	0.000859976	6	0	17	
0	0	0	0.00257802	17	0	50	
0	0	0	0.0020411	13	0	38	
0	0	0	0.00167394	10	0	29	
0	0	0	0.00292087	18	0	53	
0	0	0	0.00196004	12	0	35	
0	0	0	0.00299716	19	0	56	
0	0	0	0.00269198	18	0	53	
0	0	0	0.00287604	19	0	56	
0	0	0	0.00186706	12	0	35	
0	0	0	0.00137687	9	0	26	
0	0	0	0.00137186	9	0	26	
0	0	0	0.00180197	12	0	35	
0	0	0	0.00135398	9	0	26	
0	0	0	0.00302815	19	0	56	
0	0	0	0.00171781	11	0	32	
0	0	0	0.0016861	11	0	32	
0	0	0	0.00155091	10	0	29	
0	0	0	0.00057888	4	0	11	
0	0	0	0.00137091	9	0	26	
0	0	0	0.00213099	14	0	41	
0	0	0	0.00211	14	0	41	
0	0	0	0.00223017	15	0	44	
0	0	0	0.0016911	11	0	32	
0	0	0	0.00103998	7	0	20	
0	0	0	0.000727177	5	0	14	
0	0	0	0.000715971	5	0	14	
0	0	0	0.000695944	5	0	14	
0	0	0	0.000715971	5	0	14	
0	0	0	0.0016129	11	0	32	
0	0	0	0.00229907	15	0	44	
0	0	0	0.000910044	6	0	17	
0	0	0	0.000859976	6	0	17	
0	0	0	0.00197697	13	0	38	
0	0	0	0.00192499	13	0	38	
0	0	0	0.00156689	10	0	29	
0	0	0	0.00120592	7	0	20	
0	0	0	0.000715017	5	0	14	
0	0	0	0.00215602	14	0	41	
0	0	0	0.000877142	6	0	17	
0	0	0	0.0022831	15	0	44	
0	0	0	0.00300884	20	0	59	
0	0	0	0.002424	16	0	47	
0	0	0	0.00442696	29	0	86	
0	0	0	0.00120401	8	0	23	
0	0	0	0.00194812	13	0	38	
0	0	0	0.00087595	6	0	17	
0	0	0	0.000400066	3	0	8	
0	0	0	0.00088191	6	0	17	
0	0	0	0.000558138	4	0	11	
0	0	0	0.000952959	6	0	17	
0	0	0	0.00155997	10	0	29	
0	0	0	0.00182605	12	0	35	
0	0	0	0.00277877	18	0	53	
0	0	0	0.00220919	15	0	44	
0	0	0	0.000869989	6	0	17	
0	0	0	0.002738	18	0	53	
0	0	0	0.00290489	19	0	56	
0	0	0	0.00180316	12	0	35	
0	0	0	0.00245595	16	0	47	
0	0	0	0.001369	9	0	26	
0	0	0	0.00137997	9	0	26	
0	0	0	0.00120282	8	0	23	
0	0	0	0.00316501	21	0	62	
0	0	0	0.00369501	24	0	71	
0	0	0	0.000716925	5	0	14	
0	0	0	0.00145507	10	0	29	
0	0	0	0.0026319	17	0	50	
0	0	0	0.001019	7	0	20	
0	0	0	0.00181699	12	0	35	
0	0	0	0.002141	14	0	41	
0	0	0	0.00156188	10	0	29	
0	0	0	0.00182986	12	0	35	
0	0	0	0.00136423	9	0	26	
0	0	0	0.00262785	17	0	50	
0	0	0	0.00136495	9	0	26	
0	0	0	0.0018239	12	0	35	
0	0	0	0.000756025	5	0	14	
0	0	0	0.000890017	6	0	17	
0	0	0	0.00147104	10	0	29	
0	0	0	0.000584841	4	0	11	
0	0	0	0.00194001	12	0	35	
0	0	0	0.00233793	15	0	44	
0	0	0	0.00103903	7	0	20	
0	0	0	0.00302005	20	0	59	
0	0	0	0.00200009	13	0	38	
0	0	0	0.00140405	9	0	26	
0	0	0	0.00137091	9	0	26	
0	0	0	0.00101495	7	0	20	
0	0	0	0.00271082	18	0	53	
0	0	0	0.00388002	25	0	74	
0	0	0	0.00229216	15	0	44	
0	0	0	0.00254297	16	0	47	
0	0	0	0.00172305	11	0	32	
0	0	0	0.00183988	12	0	35	
0	0	0	0.00318408	20	0	59	
0	0	0	0.00105286	7	0	20	
0	0	0	0.0022192	15	0	44	
0	0	0	0.00136709	9	0	26	
0	0	0	0.00236583	16	0	47	
0	0	0	0.00212789	14	0	41	
0	0	0	0.000567913	4	0	11	
0	0	0	0.000751972	5	0	14	
0	0	0	0.000579119	4	0	11	
0	0	0	0.000741959	5	0	14	
0	0	0	0.00113797	8	0	23	
0	0	0	0.000434875	3	0	8	
0	0	0	0.000715017	5	0	14	
0	0	0	0.000405073	3	0	8	
0	0	0	0.000720024	5	0	14	
0	0	0	0.00121307	8	0	23	
0	0	0	0.00265408	17	0	50	
0	0	0	0.00197887	13	0	38	
0	0	0	0.000741005	5	0	14	
0	0	0	0.00121307	8	0	23	
0	0	0	0.00183105	12	0	35	
0	0	0	0.000743866	5	0	14	
0	0	0	0.00155711	10	0	29	
0	0	0	0.00120211	8	0	23	
0	0	0	0.00340104	22	0	65	
0	0	0	0.0010469	7	0	20	
0	0	0	0.00244594	16	0	47	
0	0	0	0.000735044	5	0	14	
0	0	0	0.00120497	8	0	23	
0	0	0	0.00196409	13	0	38	
0	0	0	0.00128317	8	0	23	
0	0	0	0.000891209	6	0	17	
0	0	0	0.00105286	7	0	20	
0	0	0	0.000756979	5	0	14	
0	0	0	0.00153303	10	0	29	
0	0	0	0.00122404	8	0	23	
0	0	0	0.000732899	5	0	14	
0	0	0	0.00131392	9	0	26	
0	0	0	0.000407934	3	0	8	
0	0	0	0.00106096	7	0	20	
0	0	0	0.0029881	17	0	50	
0	0	0	0.00291896	16	0	47	
0	0	0	0.00140595	9	0	26	
0	0	0	0.00155091	9	0	26	
0	0	0	0.00169802	10	0	29	
0	0	0	0.00157809	9	0	26	
0	0	0	0.00180912	11	0	32	
0	0	0	0.00141692	9	0	26	
0	0	0	0.000586987	4	0	11	
0	0	0	0.000724077	5	0	14	
0	0	0	0.00090313	6	0	17	
0	0	0	0.000720978	5	0	14	
0	0	0	0.00251293	16	0	47	
0	0	0	0.00199413	13	0	38	
0	0	0	0.00045681	3	0	8	
0	0	0	0.00414681	26	0	77	
0	0	0	0.000573874	4	0	11	
0	0	0	0.0012331	8	0	23	
0	0	0	0.00178289	11	0	32	
0	0	0	0.00134301	9	0	26	
0	0	0	0.000888109	6	0	17	
0	0	0	0.00153017	10	0	29	
0	0	0	0.000997066	7	0	20	
0	0	0	0.000731945	5	0	14	
0	0	0	0.00165892	11	0	32	
0	0	0	0.00103617	7	0	20	
0	0	0	0.000750065	5	0	14	
0	0	0	0.000725985	5	0	14	
0	0	0	0.00214911	14	0	41	
0	0	0	0.000871897	6	0	17	
0	0	0	0.000706911	5	0	14	
0	0	0	0.000725031	5	0	14	
0	0	0	0.000730991	5	0	14	
0	0	0	0.00134301	9	0	26	
0	0	0	0.00101495	7	0	20	
0	0	0	0.00201893	13	0	38	
0	0	0	0.00354195	23	0	68	
0	0	0	0.00106692	7	0	20	
0	0	0	0.00271797	18	0	53	
0	0	0	0.000726938	5	0	14	
0	0	0	0.000737906	5	0	14	
0	0	0	0.000727177	5	0	14	
0	0	0	0.000837803	6	0	17	
0	0	0	0.000552893	4	0	11	
0	0	0	0.00280881	18	0	53	
0	0	0	0.00155592	10	0	29	
0	0	0	0.00120187	8	0	23	
0	0	0	0.00183511	12	0	35	
0	0	0	0.00121903	8	0	23	
0	0	0	0.00233102	14	0	41	
0	0	0	0.000916004	6	0	17	
0	0	0	0.000917196	6	0	17	
0	0	0	0.000862837	6	0	17	
0	0	0	0.00181699	12	0	35	
0	0	0	0.00572896	38	0	113	
0	0	0	0.00248694	16	0	47	
0	0	0	0.000419855	3	0	8	
0	0	0	0.00120902	8	0	23	
0	0	0	0.000602961	4	0	11	
0	0	0	0.00265288	17	0	50	
0	0	0	0.00120783	8	0	23	
0	0	0	0.000564098	4	0	11	
0	0	0	0.00136185	9	0	26	
0	0	0	0.000730991	5	0	14	
0	0	0	0.00426197	28	0	83	
0	0	0	0.00196695	11	0	32	
0	0	0	0.00250196	13	0	38	
0	0	0	0.0019629	12	0	35	
0	0	0	0.00203395	13	0	38	
0	0	0	0.00139308	9	0	26	
0	0	0	0.00071907	5	0	14	
0	0	0	0.00212812	14	0	41	
0	0	0	0.00288582	18	0	53	
0	0	0	0.00142503	9	0	26	
0	0	0	0.00195503	13	0	38	
0	0	0	0.00168014	11	0	32	
0	0	0	0.000412941	3	0	8	
0	0	0	0.00122499	8	0	23	
0	0	0	0.00170588	11	0	32	
0	0	0	0.00119615	8	0	23	
0	0	0	0.00290298	19	0	56	
0	0	0	0.00104403	7	0	20	
0	0	0	0.00130391	9	0	26	
0	0	0	0.00163293	11	0	32	
0	0	0	0.00196314	13	0	38	
0	0	0	0.00117803	8	0	23	
0	0	0	0.00135803	9	0	26	
0	0	0	0.00154996	10	0	29	
0	0	0	0.00153685	10	0	29	
0	0	0	0.00286603	19	0	56	
0	0	0	0.000745058	5	0	14	
0	0	0	0.000861883	6	0	17	
0	0	0	0.000741959	5	0	14	
0	0	0	0.00163889	11	0	32	
0	0	0	0.000714064	5	0	14	
0	0	0	0.000746965	5	0	14	
0	0	0	0.00164986	11	0	32	
0	0	0	0.000870943	6	0	17	
0	0	0	0.000908136	6	0	17	
0	0	0	0.000883102	6	0	17	
0	0	0	0.00211501	14	0	41	
0	0	0	0.000435829	3	0	8	
0	0	0	0.0016849	11	0	32	
0	0	0	0.00486898	31	0	92	
0	0	0	0.00108719	7	0	20	
0	0	0	0.00273609	18	0	53	
0	0	0	0.00554585	31	0	92	
0	0	0	0.00272107	17	0	50	
0	0	0	0.00181699	12	0	35	
0	0	0	0.00213099	14	0	41	
0	0	0	0.00211811	14	0	41	
0	0	0	0.00103116	7	0	20	
0	0	0	0.00213218	14	0	41	
0	0	0	0.000872135	6	0	17	
0	0	0	0.00106788	7	0	20	
0	0	0	0.000619888	4	0	11	
0	0	0	0.00106597	7	0	20	
0	0	0	0.00103998	7	0	20	
0	0	0	0.00165796	11	0	32	
0	0	0	0.000566959	4	0	11	
0	0	0	0.00169015	11	0	32	
0	0	0	0.00103307	7	0	20	
0	0	0	0.000771046	5	0	14	
0	0	0	0.00198889	13	0	38	
0	0	0	0.0010159	7	0	20	
0	0	0	0.00232697	15	0	44	
0	0	0	0.000897884	6	0	17	
0	0	0	0.00152493	10	0	29	
0	0	0	0.00104308	7	0	20	
0	0	0	0.00163889	11	0	32	
0	0	0	0.000411987	3	0	8	
0	0	0	0.001194	8	0	23	
0	0	0	0.00148797	10	0	29	
0	0	0	0.000564814	4	0	11	
0	0	0	0.00212812	11	0	32	
0	0	0	0.00215411	11	0	32	
0	0	0	0.002213	14	0	41	
0	0	0	0.000735044	5	0	14	
0	0	0	0.000732899	5	0	14	
0	0	0	0.00265312	17	0	50	
0	0	0	0.00106382	7	0	20	
0	0	0	0.000818014	5	0	14	
0	0	0	0.000784159	5	0	14	
0	0	0	0.000581026	4	0	11	
0	0	0	0.000878096	6	0	17	
0	0	0	0.00246692	16	0	47	
0	0	0	0.0024581	16	0	47	
0	0	0	0.00200009	13	0	38	
0	0	0	0.00293112	19	0	56	
0	0	0	0.00103498	7	0	20	
0	0	0	0.00164104	11	0	32	
0	0	0	0.00181818	12	0	35	
0	0	0	0.000887156	6	0	17	
0	0	0	0.00239491	16	0	47	
0	0	0	0.00102496	7	0	20	
0	0	0	0.00245595	16	0	47	
0	0	0	0.00134897	9	0	26	
0	0	0	0.00147009	10	0	29	
0	0	0	0.000874043	6	0	17	
0	0	0	0.00132084	9	0	26	
0	0	0	0.00086689	6	0	17	
0	0	0	0.00115895	8	0	23	
0	0	0	0.000903845	6	0	17	
0	0	0	0.00103402	7	0	20	
0	0	0	0.00211692	14	0	41	
0	0	0	0.000712872	5	0	14	
0	0	0	0.00115991	8	0	23	
0	0	0	0.00121808	8	0	23	
0	0	0	0.00200796	13	0	38	
0	0	0	0.00376201	24	0	71	
0	0	0	0.00122714	8	0	23	
0	0	0	0.00277805	18	0	53	
0	0	0	0.000447989	3	0	8	
0	0	0	0.00271583	18	0	53	
0	0	0	0.000709057	5	0	14	
0	0	0	0.00116014	7	0	20	
0	0	0	0.00106502	7	0	20	
0	0	0	0.00109792	7	0	20	
0	0	0	0.00154185	10	0	29	
0	0	0	0.00089097	6	0	17	
0	0	0	0.00170708	11	0	32	
0	0	0	0.00107288	7	0	20	
0	0	0	0.00171185	11	0	32	
0	0	0	0.00171781	11	0	32	
0	0	0	0.00105405	7	0	20	
0	0	0	0.00141311	9	0	26	
0	0	0	0.00103903	6	0	17	
0	0	0	0.00255203	16	0	47	
0	0	0	0.00175905	11	0	32	
0	0	0	0.00330281	21	0	62	
0	0	0	0.00185013	12	0	35	
0	0	0	0.0010829	7	0	20	
0	0	0	0.00220799	14	0	41	
0	0	0	0.00110102	7	0	20	
0	0	0	0.000905991	6	0	17	
0	0	0	0.000423908	3	0	8	
0	0	0	0.000913143	6	0	17	
0	0	0	0.000586987	4	0	11	
0	0	0	0.00431299	27	0	80	
0	0	0	0.00173903	11	0	32	
0	0	0	0.001544	10	0	29	
0	0	0	0.00137997	9	0	26	
0	0	0	0.00252604	16	0	47	
0	0	0	0.003649	23	0	68	
0	0	0	0.00171995	11	0	32	
0	0	0	0.00201797	13	0	38	
0	0	0	0.00122404	8	0	23	
0	0	0	0.000921011	6	0	17	
0	0	0	0.0024879	16	0	47	
0	0	0	0.00299597	19	0	56	
0	0	0	0.00355482	22	0	65	
0	0	0	0.002285	15	0	44	
0	0	0	0.00107908	7	0	20	
0	0	0	0.000574827	4	0	11	
0	0	0	0.00171208	11	0	32	
0	0	0	0.000751972	5	0	14	
0	0	0	0.00153613	10	0	29	
0	0	0	0.00217915	14	0	41	
0	0	0	0.00103211	7	0	20	
0	0	0	0.000585079	4	0	11	
0	0	0	0.00105095	7	0	20	
0	0	0	0.000921011	6	0	17	
0	0	0	0.00167608	11	0	32	
0	0	0	0.00203204	13	0	38	
0	0	0	0.00204515	13	0	38	
0	0	0	0.00175095	11	0	32	
0	0	0	0.00250793	16	0	47	
0	0	0	0.00229907	15	0	44	
0	0	0	0.00126314	8	0	23	
0	0	0	0.00137305	9	0	26	
0	0	0	0.0010469	7	0	20	
0	0	0	0.000911951	6	0	17	
0	0	0	0.000730991	5	0	14	
0	0	0	0.00230289	15	0	44	
0	0	0	0.00173402	11	0	32	
0	0	0	0.00109291	7	0	20	
0	0	0	0.00107288	7	0	20	
0	0	0	0.0044651	28	0	83	
0	0	0	0.000948191	6	0	17	
0	0	0	0.000422955	3	0	8	
0	0	0	0.00222802	14	0	41	
0	0	0	0.000597954	4	0	11	
0	0	0	0.000262976	2	0	5	
0	0	0	0.00173306	11	0	32	
0	0	0	0.000911951	6	0	17	
0	0	0	0.00153399	10	0	29	
0	0	0	0.00310707	20	0	59	
0	0	0	0.00237298	15	0	44	
0	0	0	0.00141406	9	0	26	
0	0	0	0.00107193	7	0	20	
0	0	0	0.00139093	9	0	26	
0	0	0	0.00211096	13	0	38	
0	0	0	0.000598907	4	0	11	
0	0	0	0.000591993	4	0	11	
0	0	0	0.00182796	12	0	35	
0	0	0	0.00124097	8	0	23	
0	0	0	0.00175595	11	0	32	
0	0	0	0.00154901	10	0	29	
0	0	0	0.00219607	14	0	41	
0	0	0	0.00143099	9	0	26	
0	0	0	0.00154495	10	0	29	
0	0	0	0.00170302	11	0	32	
0	0	0	0.00106812	7	0	20	
0	0	0	0.00107718	7	0	20	
0	0	0	0.000590801	4	0	11	
0	0	0	0.00108504	7	0	20	
0	0	0	0.00135088	9	0	26	
0	0	0	0.00140309	9	0	26	
0	0	0	0.00041604	3	0	8	
0	0	0	0.000895977	6	0	17	
0	0	0	0.00107503	7	0	20	
0	0	0	0.00152087	10	0	29	
0	0	0	0.00229406	13	0	38	
0	0	0	0.00302601	16	0	47	
0	0	0	0.00288296	18	0	53	
0	0	0	0.0010519	7	0	20	
0	0	0	0.00121903	8	0	23	
0	0	0	0.00204301	13	0	38	
0	0	0	0.00135612	9	0	26	
0	0	0	0.000938177	6	0	17	
0	0	0	0.00107408	7	0	20	
0	0	0	0.00106502	7	0	20	
0	0	0	0.00105596	7	0	20	
0	0	0	0.000759125	5	0	14	
0	0	0	0.00122881	8	0	23	
0	0	0	0.0030179	19	0	56	
0	0	0	0.00167108	11	0	32	
0	0	0	0.00181484	12	0	35	
0	0	0	0.00119495	8	0	23	
0	0	0	0.00235295	15	0	44	
0	0	0	0.00105906	7	0	20	
0	0	0	0.00156498	10	0	29	
0	0	0	0.00232792	15	0	44	
0	0	0	0.00106382	7	0	20	
0	0	0	0.002352	15	0	44	
0	0	0	0.00242615	15	0	44	
0	0	0	0.00224996	14	0	41	
0	0	0	0.00126004	8	0	23	
0	0	0	0.00157094	10	0	29	
0	0	0	0.00134206	9	0	26	
0	0	0	0.00125003	8	0	23	
0	0	0	0.00141191	9	0	26	
0	0	0	0.00354099	23	0	68	
0	0	0	0.000776052	5	0	14	
0	0	0	0.00187898	11	0	32	
0	0	0	0.00118184	7	0	20	
0	0	0	0.000642061	4	0	11	
0	0	0	0.00145984	9	0	26	
0	0	0	0.00170588	10	0	29	
0	0	0	0.00297904	17	0	50	
0	0	0	0.00150895	9	0	26	
0	0	0	0.000967026	6	0	17	
0	0	0	0.00240993	14	0	41	
0	0	0	0.00154591	9	0	26	
0	0	0	0.001297	8	0	23	
0	0	0	0.0006001	4	0	11	
0	0	0	0.00105691	7	0	20	
0	0	0	0.00125599	8	0	23	
0	0	0	0.00174999	11	0	32	
0	0	0	0.00109911	7	0	20	
0	0	0	0.00286293	17	0	50	
0	0	0	0.00213313	13	0	38	
0	0	0	0.00180387	11	0	32	
0	0	0	0.00140882	9	0	26	
0	0	0	0.00110984	7	0	20	
0	0	0	0.00220299	14	0	41	
0	0	0	0.00222206	13	0	38	
0	0	0	0.00249696	15	0	44	
0	0	0	0.00150013	9	0	26	
0	0	0	0.00279808	17	0	50	
0	0	0	0.00246978	15	0	44	
0	0	0	0.00223899	14	0	41	
0	0	0	0.000905991	6	0	17	
0	0	0	0.00237203	15	0	44	
0	0	0	0.00109291	7	0	20	
0	0	0	0.00126505	8	0	23	
0	0	0	0.00192308	12	0	35	
0	0	0	0.00105906	7	0	20	
0	0	0	0.000570059	4	0	11	
0	0	0	0.00104904	7	0	20	
0	0	0	0.00230908	15	0	44	
0	0	0	0.000590086	4	0	11	
0	0	0	0.00257397	16	0	47	
0	0	0	0.00119615	8	0	23	
0	0	0	0.000888824	6	0	17	
0	0	0	0.00298691	19	0	56	
0	0	0	0.000445843	3	0	8	
0	0	0	0.00176215	11	0	32	
0	0	0	0.00185609	12	0	35	
0	0	0	0.00230002	15	0	44	
0	0	0	0.00175977	11	0	32	
0	0	0	0.00299001	19	0	56	
0	0	0	0.00120878	8	0	23	
0	0	0	0.00279021	18	0	53	
0	0	0	0.00107598	7	0	20	
0	0	0	0.00225687	14	0	41	
0	0	0	0.00283289	18	0	53	
0	0	0	0.00122285	8	0	23	
0	0	0	0.00181484	12	0	35	
0	0	0	0.00089097	6	0	17	
0	0	0	0.00137901	9	0	26	
0	0	0	0.000900984	6	0	17	
0	0	0	0.000735998	5	0	14	
0	0	0	0.00123	8	0	23	
0	0	0	0.000585079	4	0	11	
0	0	0	0.000895023	6	0	17	
0	0	0	0.00108314	7	0	20	
0	0	0	0.000756979	5	0	14	
0	0	0	0.000749111	5	0	14	
0	0	0	0.000584126	4	0	11	
0	0	0	0.00135803	9	0	26	
0	0	0	0.0010469	7	0	20	
0	0	0	0.000586987	4	0	11	
0	0	0	0.00223303	14	0	41	
0	0	0	0.00264215	16	0	47	
0	0	0	0.00248194	16	0	47	
0	0	0	0.001688	11	0	32	
0	0	0	0.00306106	19	0	56	
0	0	0	0.000472069	3	0	8	
0	0	0	0.00156903	10	0	29	
0	0	0	0.000584126	4	0	11	
0	0	0	0.00111413	7	0	20	
0	0	0	0.00272703	17	0	50	
0	0	0	0.00154591	10	0	29	
0	0	0	0.00296307	19	0	56	
0	0	0	0.0020709	13	0	38	
0	0	0	0.00280118	17	0	50	
0	0	0	0.001086	7	0	20	
0	0	0	0.000905037	6	0	17	
0	0	0	0.000745058	5	0	14	
0	0	0	0.000721931	5	0	14	
0	0	0	0.00225592	14	0	41	
0	0	0	0.00140715	9	0	26	
0	0	0	0.0012691	8	0	23	
0	0	0	0.00159311	10	0	29	
0	0	0	0.00200796	13	0	38	
0	0	0	0.00106096	7	0	20	
0	0	0	0.00336695	21	0	62	
0	0	0	0.004287	22	0	65	
0	0	0	0.00190902	12	0	35	
0	0	0	0.00141811	9	0	26	
0	0	0	0.00160503	10	0	29	
0	0	0	0.00157404	10	0	29	
0	0	0	0.002774	18	0	53	
0	0	0	0.00359321	22	0	65	
0	0	0	0.00184393	12	0	35	
0	0	0	0.00204492	13	0	38	
0	0	0	0.00280309	18	0	53	
0	0	0	0.00125384	8	0	23	
0	0	0	0.00171089	11	0	32	
0	0	0	0.000922918	6	0	17	
0	0	0	0.00368714	23	0	68	
0	0	0	0.000908136	6	0	17	
0	0	0	0.00106001	7	0	20	
0	0	0	0.00106311	7	0	20	
0	0	0	0.000272036	2	0	5	
0	0	0	0.00121713	8	0	23	
0	0	0	0.000910997	6	0	17	
0	0	0	0.000714064	5	0	14	
0	0	0	0.000921011	6	0	17	
0	0	0	0.00297093	19	0	56	
0	0	0	0.0015409	10	0	29	
0	0	0	0.00288892	18	0	53	
0	0	0	0.000949144	6	0	17	
0	0	0	0.00156379	10	0	29	
0	0	0	0.00187683	12	0	35	
0	0	0	0.000592947	4	0	11	
0	0	0	0.00120902	8	0	23	
0	0	0	0.000727177	5	0	14	
0	0	0	0.00109005	7	0	20	
0	0	0	0.00124383	8	0	23	
0	0	0	0.00195384	12	0	35	
0	0	0	0.00156903	10	0	29	
0	0	0	0.000427961	3	0	8	
0	0	0	0.00152493	10	0	29	
0	0	0	0.00263214	17	0	50	
0	0	0	0.0028379	15	0	44	
0	0	0	0.001755	11	0	32	
0	0	0	0.000590086	4	0	11	
0	0	0	0.000515938	3	0	8	
0	0	0	0.000936985	6	0	17	
0	0	0	0.001086	7	0	20	
0	0	0	0.00155997	10	0	29	
0	0	0	0.00238514	15	0	44	
0	0	0	0.00263	17	0	50	
0	0	0	0.000914812	6	0	17	
0	0	0	0.000751019	5	0	14	
0	0	0	0.00233006	15	0	44	
0	0	0	0.00106812	7	0	20	
0	0	0	0.000426054	3	0	8	
0	0	0	0.00233197	15	0	44	
0	0	0	0.000604868	4	0	11	
0	0	0	0.000565052	4	0	11	
0	0	0	0.000741959	5	0	14	
0	0	0	0.00172687	11	0	32	
0	0	0	0.00184417	12	0	35	
0	0	0	0.00262094	17	0	50	
0	0	0	0.00189614	12	0	35	
0	0	0	0.00202703	13	0	38	
0	0	0	0.00251698	16	0	47	
0	0	0	0.000749111	5	0	14	
0	0	0	0.00187397	12	0	35	
0	0	0	0.00142193	9	0	26	
0	0	0	0.00253701	16	0	47	
0	0	0	0.00123596	8	0	23	
0	0	0	0.0016849	11	0	32	
0	0	0	0.00297189	19	0	56	
0	0	0	0.00169992	11	0	32	
0	0	0	0.00149512	10	0	29	
0	0	0	0.0019021	12	0	35	
0	0	0	0.002949	19	0	56	
0	0	0	0.00124383	8	0	23	
0	0	0	0.00134802	9	0	26	
0	0	0	0.00119901	8	0	23	
0	0	0	0.00150704	9	0	26	
0	0	0	0.00131893	8	0	23	
0	0	0	0.00153208	10	0	29	
0	0	0	0.00057888	4	0	11	
0	0	0	0.00104284	7	0	20	
0	0	0	0.000766039	5	0	14	
0	0	0	0.000906944	6	0	17	
0	0	0	0.00137591	9	0	26	
0	0	0	0.000776052	5	0	14	
0	0	0	0.000899076	6	0	17	
0	0	0	0.00057292	4	0	11	
0	0	0	0.00102806	7	0	20	
0	0	0	0.00104284	7	0	20	
0	0	0	0.00373793	24	0	71	
0	0	0	0.000951052	6	0	17	
0	0	0	0.00409102	26	0	77	
0	0	0	0.00239801	15	0	44	
0	0	0	0.00275898	17	0	50	
0	0	0	0.00124311	8	0	23	
0	0	0	0.00120783	8	0	23	
0	0	0	0.00105095	7	0	20	
0	0	0	0.00121593	8	0	23	
0	0	0	0.00204515	13	0	38	
0	0	0	0.00271702	17	0	50	
0	0	0	0.000600815	4	0	11	
0	0	0	0.00220108	14	0	41	
0	0	0	0.0028789	18	0	53	
0	0	0	0.00195289	13	0	38	
0	0	0	0.00101995	6	0	17	
0	0	0	0.00189304	12	0	35	
0	0	0	0.003052	19	0	56	
0	0	0	0.000604153	4	0	11	
0	0	0	0.00108719	7	0	20	
0	0	0	0.000732899	5	0	14	
0	0	0	0.00137711	9	0	26	
0	0	0	0.000740051	5	0	14	
0	0	0	0.00175095	11	0	32	
0	0	0	0.00299311	19	0	56	
0	0	0	0.00247812	16	0	47	
0	0	0	0.000423908	3	0	8	
0	0	0	0.000729799	5	0	14	
0	0	0	0.00247693	16	0	47	
0	0	0	0.000931025	6	0	17	
0	0	0	0.000576019	4	0	11	
0	0	0	0.00107193	7	0	20	
0	0	0	0.00073719	5	0	14	
0	0	0	0.0015409	10	0	29	
0	0	0	0.00109601	7	0	20	
0	0	0	0.000580072	4	0	11	
0	0	0	0.00153899	10	0	29	
0	0	0	0.000891924	6	0	17	
0	0	0	0.00125599	8	0	23	
0	0	0	0.00166202	11	0	32	
0	0	0	0.00351095	22	0	65	
0	0	0	0.00139594	9	0	26	
0	0	0	0.00149894	9	0	26	
0	0	0	0.00108099	7	0	20	
0	0	0	0.000926971	6	0	17	
0	0	0	0.000769138	5	0	14	
0	0	0	0.00311208	18	0	53	
0	0	0	0.00274706	14	0	41	
0	0	0	0.000931025	6	0	17	
0	0	0	0.00176787	11	0	32	
0	0	0	0.00356197	22	0	65	
0	0	0	0.00240803	15	0	44	
0	0	0	0.000267029	2	0	5	
0	0	0	0.000899076	6	0	17	
0	0	0	0.00171518	11	0	32	
0	0	0	0.00218105	14	0	41	
0	0	0	0.00253105	16	0	47	
0	0	0	0.000437021	3	0	8	
0	0	0	0.00140905	9	0	26	
0	0	0	0.00159907	10	0	29	
0	0	0	0.0013938	9	0	26	
0	0	0	0.00250506	16	0	47	
0	0	0	0.00358701	23	0	68	
0	0	0	0.00107789	7	0	20	
0	0	0	0.00202823	13	0	38	
0	0	0	0.00110412	7	0	20	
0	0	0	0.00172901	11	0	32	
0	0	0	0.00227118	14	0	41	
0	0	0	0.00127411	8	0	23	
0	0	0	0.00172591	11	0	32	
0	0	0	0.00140405	9	0	26	
0	0	0	0.00104809	7	0	20	
0	0	0	0.000725031	5	0	14	
0	0	0	0.000787973	5	0	14	
0	0	0	0.00137496	9	0	26	
0	0	0	0.00245881	16	0	47	
0	0	0	0.00137615	9	0	26	
0	0	0	0.00362611	23	0	68	
0	0	0	0.00110912	7	0	20	
0	0	0	0.00106001	7	0	20	
0	0	0	0.00134706	9	0	26	
0	0	0	0.0016861	11	0	32	
0	0	0	0.00136495	9	0	26	
0	0	0	0.000264168	2	0	5	
0	0	0	0.000564814	4	0	11	
0	0	0	0.000565052	4	0	11	
0	0	0	0.00138998	9	0	26	
0	0	0	0.00163198	10	0	29	
0	0	0	0.000601053	4	0	11	
0	0	0	0.00110602	7	0	20	
0	0	0	0.00193906	12	0	35	
0	0	0	0.00206995	13	0	38	
0	0	0	0.00121403	8	0	23	
0	0	0	0.00159407	10	0	29	
0	0	0	0.00104594	7	0	20	
0	0	0	0.00119901	8	0	23	
0	0	0	0.002388	15	0	44	
0	0	0	0.000771999	5	0	14	
0	0	0	0.00134492	8	0	23	
0	0	0	0.00215793	13	0	38	
0	0	0	0.001513	8	0	23	
0	0	0	0.00105405	5	0	14	
0	0	0	0.00116611	7	0	20	
0	0	0	0.000932217	6	0	17	
0	0	0	0.00172496	11	0	32	
0	0	0	0.00158501	10	0	29	
0	0	0	0.000718117	5	0	14	
0	0	0	0.00160289	10	0	29	
0	0	0	0.000931025	6	0	17	
0	0	0	0.00141215	9	0	26	
0	0	0	0.00140285	9	0	26	
0	0	0	0.000576019	4	0	11	
0	0	0	0.00142884	9	0	26	
0	0	0	0.00121498	8	0	23	
0	0	0	0.00153899	10	0	29	
0	0	0	0.00170803	11	0	32	
0	0	0	0.00139308	9	0	26	
0	0	0	0.00106597	7	0	20	
0	0	0	0.00105309	7	0	20	
0	0	0	0.00143313	9	0	26	
0	0	0	0.000755072	5	0	14	
0	0	0	0.00174093	11	0	32	
0	0	0	0.000738144	5	0	14	
0	0	0	0.00167108	11	0	32	
0	0	0	0.00338793	22	0	65	
0	0	0	0.00338602	21	0	62	
0	0	0	0.000432968	3	0	8	
0	0	0	0.000763893	5	0	14	
0	0	0	0.00190902	12	0	35	
0	0	0	0.00125909	8	0	23	
0	0	0	0.00202394	13	0	38	
0	0	0	0.001755	11	0	32	
0	0	0	0.00317502	20	0	59	
0	0	0	0.00458598	29	0	86	
0	0	0	0.001261	8	0	23	
0	0	0	0.0010941	7	0	20	
0	0	0	0.00202107	13	0	38	
0	0	0	0.00172305	11	0	32	
0	0	0	0.000590086	4	0	11	
0	0	0	0.00118899	8	0	23	
0	0	0	0.000903845	6	0	17	
0	0	0	0.000735998	5	0	14	
0	0	0	0.000735044	5	0	14	
0	0	0	0.000776052	5	0	14	
0	0	0	0.000912189	6	0	17	
0	0	0	0.00215292	14	0	41	
0	0	0	0.00240397	14	0	41	
0	0	0	0.00138211	9	0	26	
0	0	0	0.00159907	10	0	29	
0	0	0	0.00160313	10	0	29	
0	0	0	0.00179005	11	0	32	
0	0	0	0.0017848	11	0	32	
0	0	0	0.00268698	17	0	50	
0	0	0	0.000745058	5	0	14	
0	0	0	0.000597	4	0	11	
0	0	0	0.00251794	16	0	47	
0	0	0	0.00196505	12	0	35	
0	0	0	0.00127602	8	0	23	
0	0	0	0.00124693	8	0	23	
0	0	0	0.00105786	7	0	20	
0	0	0	0.00124598	8	0	23	
0	0	0	0.00153089	10	0	29	
0	0	0	0.00166988	11	0	32	
0	0	0	0.00152588	10	0	29	
0	0	0	0.000731945	5	0	14	
0	0	0	0.00303292	19	0	56	
0	0	0	0.00257301	16	0	47	
0	0	0	0.00126386	8	0	23	
0	0	0	0.000431776	3	0	8	
0	0	0	0.000749111	5	0	14	
0	0	0	0.00125694	8	0	23	
0	0	0	0.000764847	5	0	14	
0	0	0	0.0012641	8	0	23	
0	0	0	0.00156093	10	0	29	
0	0	0	0.00107598	7	0	20	
0	0	0	0.00312805	20	0	59	
0	0	0	0.00188303	12	0	35	
0	0	0	0.00102806	7	0	20	
0	0	0	0.00137305	9	0	26	
0	0	0	0.00196195	13	0	38	
0	0	0	0.00255609	16	0	47	
