PREC	RECALL	FSCORE	TIME	LEN	NUNK	NSCORED	
0	0	0	0.008219	38	0	113	
0	0	0	0.00693917	37	0	110	
0	0	0	0.00661087	35	0	104	
0	0	0	0.00626898	33	0	98	
0	0	0	0.00393391	21	0	62	
0	0	0	0.0090239	48	0	143	
0	0	0	0.00628901	31	0	92	
0	0	0	0.00256801	14	0	41	
0	0	0	0.00961113	51	0	152	
0	0	0	0.00339389	18	0	53	
0	0	0	0.004776	26	0	77	
0	0	0	0.00895095	47	0	140	
0	0	0	0.00557399	30	0	89	
0	0	0	0.0050981	27	0	80	
0	0	0	0.00711417	38	0	113	
0	0	0	0.00666499	35	0	104	
0	0	0	0.00797319	41	0	122	
0	0	0	0.00829101	44	0	131	
0	0	0	0.00812292	44	0	131	
0	0	0	0.00484395	26	0	77	
0	0	0	0.00617695	33	0	98	
0	0	0	0.00610113	33	0	98	
0	0	0	0.00554514	29	0	86	
0	0	0	0.00699592	37	0	110	
0	0	0	0.00771904	41	0	122	
0	0	0	0.00664902	36	0	107	
0	0	0	0.00606108	32	0	95	
0	0	0	0.00884795	47	0	140	
0	0	0	0.00540996	29	0	86	
0	0	0	0.00371003	20	0	59	
0	0	0	0.00862503	44	0	131	
0	0	0	0.00534701	28	0	83	
0	0	0	0.00613713	33	0	98	
0	0	0	0.00937104	50	0	149	
0	0	0	0.00336504	18	0	53	
0	0	0	0.00597191	32	0	95	
0	0	0	0.00319886	17	0	50	
0	0	0	0.00776482	40	0	119	
0	0	0	0.00594401	31	0	92	
0	0	0	0.00692701	37	0	110	
0	0	0	0.004812	26	0	77	
0	0	0	0.00768805	41	0	122	
0	0	0	0.00706196	38	0	113	
0	0	0	0.00388908	20	0	59	
0	0	0	0.00346303	18	0	53	
0	0	0	0.00664806	35	0	104	
0	0	0	0.00375295	20	0	59	
0	0	0	0.0064199	33	0	98	
0	0	0	0.0090971	49	0	146	
0	0	0	0.00915313	49	0	146	
0	0	0	0.00555396	30	0	89	
0	0	0	0.00444603	24	0	71	
0	0	0	0.00587201	31	0	92	
0	0	0	0.00514698	27	0	80	
0	0	0	0.00654197	35	0	104	
0	0	0	0.00892901	47	0	140	
0	0	0	0.00774693	42	0	125	
0	0	0	0.00356722	18	0	53	
0	0	0	0.00425196	23	0	68	
0	0	0	0.0038929	21	0	62	
0	0	0	0.00697899	37	0	110	
0	0	0	0.00315809	17	0	50	
0	0	0	0.00429201	23	0	68	
0	0	0	0.00392723	21	0	62	
0	0	0	0.00268793	14	0	41	
0	0	0	0.00282407	15	0	44	
0	0	0	0.00601411	32	0	95	
0	0	0	0.00482988	26	0	77	
0	0	0	0.013056	70	0	209	
0	0	0	0.00376916	20	0	59	
0	0	0	0.00685096	36	0	107	
0	0	0	0.00759101	41	0	122	
0	0	0	0.00751805	40	0	119	
0	0	0	0.010154	53	0	158	
0	0	0	0.00574899	30	0	89	
0	0	0	0.00543904	29	0	86	
0	0	0	0.00542808	29	0	86	
0	0	0	0.0087409	46	0	137	
0	0	0	0.00359702	19	0	56	
0	0	0	0.00926495	49	0	146	
0	0	0	0.0100679	54	0	161	
0	0	0	0.00781798	41	0	122	
0	0	0	0.00483489	26	0	77	
0	0	0	0.00424314	23	0	68	
0	0	0	0.00755811	40	0	119	
0	0	0	0.00759411	41	0	122	
0	0	0	0.00498104	26	0	77	
0	0	0	0.00668216	36	0	107	
0	0	0	0.00621915	33	0	98	
0	0	0	0.00978708	53	0	158	
0	0	0	0.0118189	63	0	188	
0	0	0	0.00841904	45	0	134	
0	0	0	0.004143	22	0	65	
0	0	0	0.00849509	45	0	134	
0	0	0	0.00723505	38	0	113	
0	0	0	0.010747	57	0	170	
0	0	0	0.00261712	14	0	41	
0	0	0	0.00777698	41	0	122	
0	0	0	0.00442815	24	0	71	
0	0	0	0.016901	89	0	266	
0	0	0	0.00704002	37	0	110	
0	0	0	0.00513887	27	0	80	
0	0	0	0.00181484	10	0	29	
0	0	0	0.00576997	31	0	92	
0	0	0	0.00803089	43	0	128	
0	0	0	0.0054009	29	0	86	
0	0	0	0.00366783	20	0	59	
0	0	0	0.00583911	31	0	92	
0	0	0	0.00639391	33	0	98	
0	0	0	0.00622916	33	0	98	
0	0	0	0.00792885	42	0	125	
0	0	0	0.00599504	32	0	95	
0	0	0	0.00771093	41	0	122	
0	0	0	0.00620103	33	0	98	
0	0	0	0.00658488	35	0	104	
0	0	0	0.00991797	47	0	140	
0	0	0	0.00945306	29	0	86	
0	0	0	0.00799584	34	0	101	
0	0	0	0.00787616	36	0	107	
0	0	0	0.00274515	13	0	38	
0	0	0	0.00668097	33	0	98	
0	0	0	0.00560284	29	0	86	
0	0	0	0.00280404	15	0	44	
0	0	0	0.00396395	21	0	62	
0	0	0	0.00298214	16	0	47	
0	0	0	0.00394607	21	0	62	
0	0	0	0.00915194	49	0	146	
0	0	0	0.00533891	29	0	86	
0	0	0	0.00288701	15	0	44	
0	0	0	0.00591302	32	0	95	
0	0	0	0.00999594	54	0	161	
0	0	0	0.0103359	56	0	167	
0	0	0	0.00435686	23	0	68	
0	0	0	0.0111282	60	0	179	
0	0	0	0.00986791	53	0	158	
0	0	0	0.00784302	42	0	125	
0	0	0	0.00905299	48	0	143	
0	0	0	0.0125	68	0	203	
0	0	0	0.0059669	32	0	95	
0	0	0	0.011631	62	0	185	
0	0	0	0.00433517	23	0	68	
0	0	0	0.00252795	14	0	41	
0	0	0	0.0175021	92	0	275	
0	0	0	0.003649	19	0	56	
0	0	0	0.00530386	29	0	86	
0	0	0	0.00280809	15	0	44	
0	0	0	0.00744796	38	0	113	
0	0	0	0.00222802	12	0	35	
0	0	0	0.00527716	28	0	83	
0	0	0	0.00610709	33	0	98	
0	0	0	0.004462	24	0	71	
0	0	0	0.00440907	23	0	68	
0	0	0	0.00351501	19	0	56	
0	0	0	0.00489902	27	0	80	
0	0	0	0.00400186	22	0	65	
0	0	0	0.00645089	35	0	104	
0	0	0	0.00431299	23	0	68	
0	0	0	0.0113099	60	0	179	
0	0	0	0.00539017	29	0	86	
0	0	0	0.01037	56	0	167	
0	0	0	0.00630903	34	0	101	
0	0	0	0.00716901	38	0	113	
0	0	0	0.00702	37	0	110	
0	0	0	0.00766301	41	0	122	
0	0	0	0.00947309	51	0	152	
0	0	0	0.0130479	69	0	206	
0	0	0	0.008255	47	0	140	
0	0	0	0.00688601	39	0	116	
0	0	0	0.00788403	43	0	128	
0	0	0	0.00382304	20	0	59	
0	0	0	0.00351381	19	0	56	
0	0	0	0.00520611	28	0	83	
0	0	0	0.00240517	13	0	38	
0	0	0	0.00915194	49	0	146	
0	0	0	0.01085	59	0	176	
0	0	0	0.00616693	33	0	98	
0	0	0	0.00555182	30	0	89	
0	0	0	0.00727105	39	0	116	
0	0	0	0.0071938	38	0	113	
0	0	0	0.00614905	32	0	95	
0	0	0	0.00716901	38	0	113	
0	0	0	0.00837207	43	0	128	
0	0	0	0.00851917	45	0	134	
0	0	0	0.00832009	44	0	131	
0	0	0	0.00732493	39	0	116	
0	0	0	0.00607085	32	0	95	
0	0	0	0.00930691	50	0	149	
0	0	0	0.00914097	49	0	146	
0	0	0	0.00503397	26	0	77	
0	0	0	0.00219893	12	0	35	
0	0	0	0.00579715	32	0	95	
0	0	0	0.00272298	15	0	44	
0	0	0	0.00708103	38	0	113	
0	0	0	0.00770688	41	0	122	
0	0	0	0.012733	66	0	197	
0	0	0	0.00929904	49	0	146	
0	0	0	0.00633192	34	0	101	
0	0	0	0.00893497	47	0	140	
0	0	0	0.0140588	75	0	224	
0	0	0	0.00689387	37	0	110	
0	0	0	0.00972795	53	0	158	
0	0	0	0.00526714	28	0	83	
0	0	0	0.00440288	24	0	71	
0	0	0	0.00688601	38	0	113	
0	0	0	0.00892997	48	0	143	
0	0	0	0.00567484	31	0	92	
0	0	0	0.00806713	43	0	128	
0	0	0	0.00523496	28	0	83	
0	0	0	0.005018	27	0	80	
0	0	0	0.00716305	38	0	113	
0	0	0	0.0101559	54	0	161	
0	0	0	0.00780201	42	0	125	
0	0	0	0.00971699	52	0	155	
0	0	0	0.00539398	29	0	86	
0	0	0	0.00689411	36	0	107	
0	0	0	0.00873995	47	0	140	
0	0	0	0.0101159	54	0	161	
0	0	0	0.00770402	40	0	119	
0	0	0	0.00727415	39	0	116	
0	0	0	0.00503993	28	0	83	
0	0	0	0.00862908	47	0	140	
0	0	0	0.00265479	14	0	41	
0	0	0	0.00409794	22	0	65	
0	0	0	0.002177	12	0	35	
0	0	0	0.00742197	40	0	119	
0	0	0	0.00457501	24	0	71	
0	0	0	0.00775099	42	0	125	
0	0	0	0.00285983	15	0	44	
0	0	0	0.00925589	49	0	146	
0	0	0	0.005234	28	0	83	
0	0	0	0.0108891	57	0	170	
0	0	0	0.00703502	38	0	113	
0	0	0	0.0107789	58	0	173	
0	0	0	0.00551391	29	0	86	
0	0	0	0.00703716	37	0	110	
0	0	0	0.00558209	30	0	89	
0	0	0	0.00667	35	0	104	
0	0	0	0.00773382	42	0	125	
0	0	0	0.0022099	12	0	35	
0	0	0	0.00715613	38	0	113	
0	0	0	0.00711513	38	0	113	
0	0	0	0.00359988	19	0	56	
0	0	0	0.00638199	34	0	101	
0	0	0	0.00452399	25	0	74	
0	0	0	0.00342107	19	0	56	
0	0	0	0.00410318	23	0	68	
0	0	0	0.00233889	13	0	38	
0	0	0	0.00927711	50	0	149	
0	0	0	0.00920486	49	0	146	
0	0	0	0.00498605	26	0	77	
0	0	0	0.00218701	12	0	35	
0	0	0	0.00883389	47	0	140	
0	0	0	0.0053041	28	0	83	
0	0	0	0.00804806	42	0	125	
0	0	0	0.00831103	43	0	128	
0	0	0	0.00717497	38	0	113	
0	0	0	0.00707388	37	0	110	
0	0	0	0.00662184	35	0	104	
0	0	0	0.00748396	40	0	119	
0	0	0	0.00957394	51	0	152	
0	0	0	0.00416589	22	0	65	
0	0	0	0.00679398	37	0	110	
0	0	0	0.00463009	25	0	74	
0	0	0	0.00500607	27	0	80	
0	0	0	0.00548697	29	0	86	
0	0	0	0.00335503	18	0	53	
0	0	0	0.00611997	33	0	98	
0	0	0	0.00378895	19	0	56	
0	0	0	0.00923586	49	0	146	
0	0	0	0.00563192	30	0	89	
0	0	0	0.00507402	25	0	74	
0	0	0	0.00760221	41	0	122	
0	0	0	0.00549316	29	0	86	
0	0	0	0.00447702	24	0	71	
0	0	0	0.0111828	60	0	179	
0	0	0	0.00205684	11	0	32	
0	0	0	0.00435901	24	0	71	
0	0	0	0.00843906	45	0	134	
0	0	0	0.00444913	24	0	71	
0	0	0	0.00409007	23	0	68	
0	0	0	0.0058701	32	0	95	
0	0	0	0.00273204	15	0	44	
0	0	0	0.00713396	39	0	116	
0	0	0	0.00320506	17	0	50	
0	0	0	0.0062449	36	0	107	
0	0	0	0.00486994	28	0	83	
0	0	0	0.00872993	45	0	134	
0	0	0	0.014565	77	0	230	
0	0	0	0.00453401	23	0	68	
0	0	0	0.010319	53	0	158	
0	0	0	0.00418901	22	0	65	
0	0	0	0.00712204	39	0	116	
0	0	0	0.019578	107	0	320	
0	0	0	0.00653315	34	0	101	
0	0	0	0.00601482	32	0	95	
0	0	0	0.00475597	25	0	74	
0	0	0	0.00834298	43	0	128	
0	0	0	0.00717497	36	0	107	
0	0	0	0.00594592	18	0	53	
0	0	0	0.0117891	38	0	113	
0	0	0	0.00787616	41	0	122	
0	0	0	0.00471997	25	0	74	
0	0	0	0.00984716	52	0	155	
0	0	0	0.00408006	21	0	62	
0	0	0	0.00487709	26	0	77	
0	0	0	0.0077641	41	0	122	
0	0	0	0.00295901	16	0	47	
0	0	0	0.00763607	41	0	122	
0	0	0	0.00549817	30	0	89	
0	0	0	0.0036099	20	0	59	
0	0	0	0.00581813	31	0	92	
0	0	0	0.012481	65	0	194	
0	0	0	0.00297904	16	0	47	
0	0	0	0.00612187	33	0	98	
0	0	0	0.004915	26	0	77	
0	0	0	0.00533104	29	0	86	
0	0	0	0.00748301	43	0	128	
0	0	0	0.00691795	40	0	119	
0	0	0	0.00572801	30	0	89	
0	0	0	0.00666714	35	0	104	
0	0	0	0.00258923	14	0	41	
0	0	0	0.00690794	37	0	110	
0	0	0	0.00745296	40	0	119	
0	0	0	0.00664401	36	0	107	
0	0	0	0.004426	24	0	71	
0	0	0	0.00663495	36	0	107	
0	0	0	0.00442791	24	0	71	
0	0	0	0.007267	39	0	116	
0	0	0	0.00696087	36	0	107	
0	0	0	0.0074811	40	0	119	
0	0	0	0.00373197	20	0	59	
0	0	0	0.00722408	41	0	122	
0	0	0	0.00616503	35	0	104	
0	0	0	0.011863	64	0	191	
0	0	0	0.00424194	23	0	68	
0	0	0	0.0107391	58	0	173	
0	0	0	0.00604415	32	0	95	
0	0	0	0.00507402	28	0	83	
0	0	0	0.00453401	23	0	68	
0	0	0	0.00733995	37	0	110	
0	0	0	0.00441003	23	0	68	
0	0	0	0.0105171	54	0	161	
0	0	0	0.0116401	62	0	185	
0	0	0	0.00617909	33	0	98	
0	0	0	0.00488496	27	0	80	
0	0	0	0.00321293	18	0	53	
0	0	0	0.007617	41	0	122	
0	0	0	0.00524306	28	0	83	
0	0	0	0.00446701	24	0	71	
0	0	0	0.00398898	21	0	62	
0	0	0	0.00691819	38	0	113	
0	0	0	0.00602198	32	0	95	
0	0	0	0.0109651	59	0	176	
0	0	0	0.0089941	48	0	143	
0	0	0	0.00485682	26	0	77	
0	0	0	0.00543809	29	0	86	
0	0	0	0.00182891	10	0	29	
0	0	0	0.00586891	32	0	95	
0	0	0	0.00180602	10	0	29	
0	0	0	0.0106039	57	0	170	
0	0	0	0.00328922	18	0	53	
0	0	0	0.00397491	22	0	65	
0	0	0	0.00580311	32	0	95	
0	0	0	0.00181508	10	0	29	
0	0	0	0.00746799	40	0	119	
0	0	0	0.00370502	20	0	59	
0	0	0	0.00649881	35	0	104	
0	0	0	0.00518799	28	0	83	
0	0	0	0.00364685	20	0	59	
0	0	0	0.00533819	28	0	83	
0	0	0	0.00495791	27	0	80	
0	0	0	0.00344992	19	0	56	
0	0	0	0.00524807	29	0	86	
0	0	0	0.00232387	13	0	38	
0	0	0	0.00569892	31	0	92	
0	0	0	0.00741696	40	0	119	
0	0	0	0.00432396	23	0	68	
0	0	0	0.00703001	37	0	110	
0	0	0	0.00923204	49	0	146	
0	0	0	0.00453615	24	0	71	
0	0	0	0.00809598	43	0	128	
0	0	0	0.00420499	22	0	65	
0	0	0	0.00722313	38	0	113	
0	0	0	0.0071578	38	0	113	
0	0	0	0.00743103	39	0	116	
0	0	0	0.00208116	11	0	32	
0	0	0	0.00976014	52	0	155	
0	0	0	0.00917888	49	0	146	
0	0	0	0.00555301	30	0	89	
0	0	0	0.0108321	58	0	173	
0	0	0	0.00260496	14	0	41	
0	0	0	0.00358486	19	0	56	
0	0	0	0.00624609	34	0	101	
0	0	0	0.00590086	32	0	95	
0	0	0	0.00181699	10	0	29	
0	0	0	0.00745893	40	0	119	
0	0	0	0.00394106	20	0	59	
0	0	0	0.00650382	35	0	104	
0	0	0	0.00603986	28	0	83	
0	0	0	0.00365996	20	0	59	
0	0	0	0.00520492	28	0	83	
0	0	0	0.00833488	48	0	143	
0	0	0	0.00708508	40	0	119	
0	0	0	0.00755	41	0	122	
0	0	0	0.00594306	32	0	95	
0	0	0	0.00605297	32	0	95	
0	0	0	0.00553298	30	0	89	
0	0	0	0.00682902	37	0	110	
0	0	0	0.00570512	31	0	92	
0	0	0	0.00487781	27	0	80	
0	0	0	0.00791717	42	0	125	
0	0	0	0.00193906	10	0	29	
0	0	0	0.00461888	25	0	74	
0	0	0	0.00935888	50	0	149	
0	0	0	0.01036	55	0	164	
0	0	0	0.00437212	23	0	68	
0	0	0	0.00633502	34	0	101	
0	0	0	0.0064218	34	0	101	
0	0	0	0.00988102	53	0	158	
0	0	0	0.0059762	32	0	95	
0	0	0	0.00498486	27	0	80	
0	0	0	0.00375986	20	0	59	
0	0	0	0.00402212	22	0	65	
0	0	0	0.00473785	25	0	74	
0	0	0	0.00917411	49	0	146	
0	0	0	0.00596404	32	0	95	
0	0	0	0.00370193	20	0	59	
0	0	0	0.00630903	34	0	101	
0	0	0	0.00779414	41	0	122	
0	0	0	0.00389791	21	0	62	
0	0	0	0.0058322	31	0	92	
0	0	0	0.00457001	25	0	74	
0	0	0	0.0130961	70	0	209	
0	0	0	0.00939798	50	0	149	
0	0	0	0.010458	56	0	167	
0	0	0	0.00243616	13	0	38	
0	0	0	0.0118511	64	0	191	
0	0	0	0.00646019	34	0	101	
0	0	0	0.00726604	38	0	113	
0	0	0	0.00648808	35	0	104	
0	0	0	0.00573397	31	0	92	
0	0	0	0.00514817	28	0	83	
0	0	0	0.00858116	46	0	137	
0	0	0	0.00539899	28	0	83	
0	0	0	0.0092721	49	0	146	
0	0	0	0.00465202	24	0	71	
0	0	0	0.00803399	43	0	128	
0	0	0	0.00434184	22	0	65	
0	0	0	0.00736022	39	0	116	
0	0	0	0.00764799	38	0	113	
0	0	0	0.00472093	25	0	74	
0	0	0	0.00276303	15	0	44	
0	0	0	0.00729012	39	0	116	
0	0	0	0.00494099	26	0	77	
0	0	0	0.00165009	9	0	26	
0	0	0	0.00197506	11	0	32	
0	0	0	0.00139308	8	0	23	
0	0	0	0.00248599	14	0	41	
0	0	0	0.00124502	7	0	20	
0	0	0	0.00219202	12	0	35	
0	0	0	0.00180411	10	0	29	
0	0	0	0.00138903	8	0	23	
0	0	0	0.00521898	28	0	83	
0	0	0	0.00447702	24	0	71	
0	0	0	0.00272989	15	0	44	
0	0	0	0.0079689	43	0	128	
0	0	0	0.0061729	33	0	98	
0	0	0	0.00726485	39	0	116	
0	0	0	0.00658083	35	0	104	
0	0	0	0.00777483	42	0	125	
0	0	0	0.00815201	43	0	128	
0	0	0	0.00806713	40	0	119	
0	0	0	0.00705004	37	0	110	
0	0	0	0.00355697	19	0	56	
0	0	0	0.009408	50	0	149	
0	0	0	0.00644803	34	0	101	
0	0	0	0.00906205	48	0	143	
0	0	0	0.00551891	29	0	86	
0	0	0	0.00899887	46	0	137	
0	0	0	0.0107429	57	0	170	
0	0	0	0.00781798	41	0	122	
0	0	0	0.00514388	27	0	80	
0	0	0	0.00653911	35	0	104	
0	0	0	0.00791907	42	0	125	
0	0	0	0.00947499	51	0	152	
0	0	0	0.0159771	85	0	254	
0	0	0	0.00703096	37	0	110	
0	0	0	0.00859904	46	0	137	
0	0	0	0.0171981	92	0	275	
0	0	0	0.00365686	19	0	56	
0	0	0	0.015336	82	0	245	
0	0	0	0.00493908	26	0	77	
0	0	0	0.00480604	26	0	77	
0	0	0	0.0125959	67	0	200	
0	0	0	0.0157499	84	0	251	
0	0	0	0.025332	135	0	404	
0	0	0	0.0314951	168	0	503	
0	0	0	0.0193329	101	0	302	
0	0	0	0.0255811	136	0	407	
0	0	0	0.011482	60	0	179	
0	0	0	0.010514	57	0	170	
0	0	0	0.024663	129	0	386	
0	0	0	0.0169771	89	0	266	
0	0	0	0.048712	257	0	770	
0	0	0	0.0104351	51	0	152	
0	0	0	0.00824904	44	0	131	
0	0	0	0.0132251	70	0	209	
0	0	0	0.00728607	39	0	116	
0	0	0	0.0226362	121	0	362	
0	0	0	0.00818396	43	0	128	
0	0	0	0.012841	68	0	203	
0	0	0	0.00907898	48	0	143	
0	0	0	0.0329649	173	0	518	
0	0	0	0.0161929	85	0	254	
0	0	0	0.0339329	179	0	536	
0	0	0	0.0333531	175	0	524	
0	0	0	0.00166512	8	0	23	
0	0	0	0.0321901	172	0	515	
0	0	0	0.0376539	199	0	596	
0	0	0	0.013938	73	0	218	
0	0	0	0.014847	78	0	233	
0	0	0	0.0283561	151	0	452	
0	0	0	0.0148292	80	0	239	
0	0	0	0.011699	63	0	188	
0	0	0	0.00668979	35	0	104	
0	0	0	0.020818	110	0	329	
0	0	0	0.0350909	186	0	557	
0	0	0	0.0191839	99	0	296	
0	0	0	0.030776	161	0	482	
0	0	0	0.0548539	290	0	869	
0	0	0	0.0503061	263	0	788	
0	0	0	0.0276389	143	0	428	
0	0	0	0.0479259	253	0	758	
0	0	0	0.0331271	175	0	524	
0	0	0	0.047853	253	0	758	
0	0	0	0.0151	79	0	236	
0	0	0	0.0197239	104	0	311	
0	0	0	0.0210681	109	0	326	
0	0	0	0.00397801	21	0	62	
0	0	0	0.033273	179	0	536	
0	0	0	0.0166042	89	0	266	
0	0	0	0.013377	71	0	212	
0	0	0	0.0317569	169	0	506	
0	0	0	0.028686	147	0	440	
0	0	0	0.0505691	267	0	800	
0	0	0	0.0112009	57	0	170	
0	0	0	0.011596	61	0	182	
0	0	0	0.0123019	65	0	194	
0	0	0	0.00866604	46	0	137	
0	0	0	0.00984001	52	0	155	
0	0	0	0.00919485	49	0	146	
0	0	0	0.00634813	34	0	101	
0	0	0	0.014307	76	0	227	
0	0	0	0.012521	67	0	200	
0	0	0	0.0147228	76	0	227	
0	0	0	0.0115662	57	0	170	
0	0	0	0.0211899	114	0	341	
0	0	0	0.00788522	41	0	122	
0	0	0	0.011456	61	0	182	
0	0	0	0.0158229	84	0	251	
0	0	0	0.0108819	58	0	173	
0	0	0	0.00559092	30	0	89	
0	0	0	0.00724506	38	0	113	
0	0	0	0.00802588	42	0	125	
0	0	0	0.00095892	5	0	14	
0	0	0	0.0110931	59	0	176	
0	0	0	0.00846982	45	0	134	
0	0	0	0.01278	68	0	203	
0	0	0	0.0229211	116	0	347	
0	0	0	0.00921106	45	0	134	
0	0	0	0.013278	67	0	200	
0	0	0	0.00981188	52	0	155	
0	0	0	0.00708508	38	0	113	
0	0	0	0.0138659	74	0	221	
0	0	0	0.030983	164	0	491	
0	0	0	0.00712585	37	0	110	
0	0	0	0.00922704	49	0	146	
0	0	0	0.0098331	52	0	155	
0	0	0	0.011399	61	0	182	
0	0	0	0.00148797	8	0	23	
0	0	0	0.00605607	32	0	95	
0	0	0	0.0077529	41	0	122	
0	0	0	0.00857401	45	0	134	
0	0	0	0.0164549	87	0	260	
0	0	0	0.0117161	62	0	185	
0	0	0	0.0133619	71	0	212	
0	0	0	0.00491905	25	0	74	
0	0	0	0.00928092	47	0	140	
0	0	0	0.00411296	22	0	65	
0	0	0	0.00884318	47	0	140	
0	0	0	0.00932598	49	0	146	
0	0	0	0.005723	26	0	77	
0	0	0	0.00762892	40	0	119	
0	0	0	0.0027988	15	0	44	
0	0	0	0.00994301	52	0	155	
0	0	0	0.013212	66	0	197	
0	0	0	0.015583	82	0	245	
0	0	0	0.00481915	25	0	74	
0	0	0	0.010561	55	0	164	
0	0	0	0.0105309	56	0	167	
0	0	0	0.00985289	52	0	155	
0	0	0	0.00869298	45	0	134	
0	0	0	0.00359201	19	0	56	
0	0	0	0.0112689	60	0	179	
0	0	0	0.010926	58	0	173	
0	0	0	0.0119009	64	0	191	
0	0	0	0.0180058	96	0	287	
0	0	0	0.0059309	31	0	92	
0	0	0	0.0448921	220	0	659	
0	0	0	0.0151811	72	0	215	
0	0	0	0.00761294	39	0	116	
0	0	0	0.0131481	68	0	203	
0	0	0	0.0105641	56	0	167	
0	0	0	0.0212531	112	0	335	
0	0	0	0.0376589	183	0	548	
0	0	0	0.0291219	155	0	464	
0	0	0	0.0112309	60	0	179	
0	0	0	0.0279219	148	0	443	
0	0	0	0.014358	74	0	221	
0	0	0	0.00939202	47	0	140	
0	0	0	0.00936794	45	0	134	
0	0	0	0.0210972	107	0	320	
0	0	0	0.00726295	37	0	110	
0	0	0	0.00595403	32	0	95	
0	0	0	0.0110061	57	0	170	
0	0	0	0.0209491	110	0	329	
0	0	0	0.015871	84	0	251	
0	0	0	0.0125179	64	0	191	
0	0	0	0.0156808	83	0	248	
0	0	0	0.00230694	12	0	35	
0	0	0	0.0112119	60	0	179	
0	0	0	0.00854707	45	0	134	
0	0	0	0.011749	62	0	185	
0	0	0	0.00750208	40	0	119	
0	0	0	0.00950313	51	0	152	
0	0	0	0.00843191	45	0	134	
0	0	0	0.00964212	51	0	152	
0	0	0	0.00526714	27	0	80	
0	0	0	0.00763416	41	0	122	
0	0	0	0.00783896	41	0	122	
0	0	0	0.00449586	24	0	71	
0	0	0	0.0102391	51	0	152	
0	0	0	0.0160091	83	0	248	
0	0	0	0.00692511	36	0	107	
0	0	0	0.00555706	30	0	89	
0	0	0	0.014416	77	0	230	
0	0	0	0.0197091	104	0	311	
0	0	0	0.00965691	50	0	149	
0	0	0	0.00721502	38	0	113	
0	0	0	0.00736594	39	0	116	
0	0	0	0.011271	60	0	179	
0	0	0	0.00920892	49	0	146	
0	0	0	0.0158858	85	0	254	
0	0	0	0.0165861	88	0	263	
0	0	0	0.0126238	66	0	197	
0	0	0	0.0253041	134	0	401	
0	0	0	0.014297	75	0	224	
0	0	0	0.0174739	93	0	278	
0	0	0	0.0119469	63	0	188	
0	0	0	0.0221601	117	0	350	
0	0	0	0.00692487	35	0	104	
0	0	0	0.0141311	74	0	221	
0	0	0	0.0108762	58	0	173	
0	0	0	0.0118661	62	0	185	
0	0	0	0.0186951	99	0	296	
0	0	0	0.017453	92	0	275	
0	0	0	0.0145159	76	0	227	
0	0	0	0.030093	160	0	479	
0	0	0	0.00769091	40	0	119	
0	0	0	0.013428	71	0	212	
0	0	0	0.010865	58	0	173	
0	0	0	0.00654101	35	0	104	
0	0	0	0.0155709	83	0	248	
0	0	0	0.01051	56	0	167	
0	0	0	0.0097959	52	0	155	
0	0	0	0.015095	79	0	236	
0	0	0	0.00896001	48	0	143	
0	0	0	0.0194509	103	0	308	
0	0	0	0.00843096	44	0	131	
0	0	0	0.00960708	51	0	152	
0	0	0	0.0119419	62	0	185	
0	0	0	0.012789	68	0	203	
0	0	0	0.00970984	52	0	155	
0	0	0	0.0160179	83	0	248	
0	0	0	0.0134349	70	0	209	
0	0	0	0.0118752	60	0	179	
0	0	0	0.019752	92	0	275	
0	0	0	0.0100529	43	0	128	
0	0	0	0.00293589	13	0	38	
0	0	0	0.043751	170	0	509	
0	0	0	0.0140929	51	0	152	
0	0	0	0.00685883	26	0	77	
0	0	0	0.011714	50	0	149	
0	0	0	0.0124869	51	0	152	
0	0	0	0.014442	53	0	158	
0	0	0	0.023407	90	0	269	
0	0	0	0.020479	78	0	233	
0	0	0	0.0114889	42	0	125	
0	0	0	0.00392103	21	0	62	
0	0	0	0.00352597	19	0	56	
0	0	0	0.0158031	84	0	251	
0	0	0	0.00953603	49	0	146	
0	0	0	0.00511003	26	0	77	
0	0	0	0.00440383	23	0	68	
0	0	0	0.00689006	36	0	107	
0	0	0	0.00676203	37	0	110	
0	0	0	0.0106211	57	0	170	
0	0	0	0.0106399	57	0	170	
0	0	0	0.00766301	40	0	119	
0	0	0	0.00480485	25	0	74	
0	0	0	0.0101399	53	0	158	
0	0	0	0.01772	92	0	275	
0	0	0	0.0100229	52	0	155	
0	0	0	0.00174308	9	0	26	
0	0	0	0.00845504	45	0	134	
0	0	0	0.0074451	39	0	116	
0	0	0	0.0058701	31	0	92	
0	0	0	0.00951505	50	0	149	
0	0	0	0.00326395	17	0	50	
0	0	0	0.00144196	8	0	23	
0	0	0	0.00163007	9	0	26	
0	0	0	0.00354886	19	0	56	
0	0	0	0.00542188	28	0	83	
0	0	0	0.00267696	14	0	41	
0	0	0	0.00703883	38	0	113	
0	0	0	0.00781894	40	0	119	
0	0	0	0.00300789	16	0	47	
0	0	0	0.00597906	32	0	95	
0	0	0	0.00495315	26	0	77	
0	0	0	0.00403094	21	0	62	
0	0	0	0.00741005	39	0	116	
0	0	0	0.00859499	45	0	134	
0	0	0	0.00737596	39	0	116	
0	0	0	0.00592113	31	0	92	
0	0	0	0.00946593	50	0	149	
0	0	0	0.00320816	17	0	50	
0	0	0	0.0014379	8	0	23	
0	0	0	0.00167108	9	0	26	
0	0	0	0.00362396	19	0	56	
0	0	0	0.00529814	28	0	83	
0	0	0	0.00265598	14	0	41	
0	0	0	0.00717187	38	0	113	
0	0	0	0.00437188	22	0	65	
0	0	0	0.00641704	34	0	101	
0	0	0	0.0044241	23	0	68	
0	0	0	0.00390196	21	0	62	
0	0	0	0.00199103	11	0	32	
0	0	0	0.00275683	15	0	44	
0	0	0	0.005023	27	0	80	
0	0	0	0.00543904	28	0	83	
0	0	0	0.00109911	6	0	17	
0	0	0	0.011358	60	0	179	
0	0	0	0.00543904	29	0	86	
0	0	0	0.0103779	56	0	167	
0	0	0	0.00786901	42	0	125	
0	0	0	0.00899911	48	0	143	
0	0	0	0.00547409	29	0	86	
0	0	0	0.00266409	14	0	41	
0	0	0	0.00145483	8	0	23	
0	0	0	0.0020051	11	0	32	
0	0	0	0.00953412	51	0	152	
0	0	0	0.00243187	13	0	38	
0	0	0	0.00293493	16	0	47	
0	0	0	0.00634193	33	0	98	
0	0	0	0.002702	14	0	41	
0	0	0	0.00978398	52	0	155	
0	0	0	0.00322795	17	0	50	
0	0	0	0.00404096	21	0	62	
0	0	0	0.00296402	16	0	47	
0	0	0	0.00563502	30	0	89	
0	0	0	0.012042	64	0	191	
0	0	0	0.00397015	21	0	62	
0	0	0	0.0159869	84	0	251	
0	0	0	0.00137305	7	0	20	
0	0	0	0.00537014	28	0	83	
0	0	0	0.00441408	23	0	68	
0	0	0	0.00830293	44	0	131	
0	0	0	0.00248504	13	0	38	
0	0	0	0.00578499	31	0	92	
0	0	0	0.00352287	19	0	56	
0	0	0	0.00319195	17	0	50	
0	0	0	0.00914598	49	0	146	
0	0	0	0.0211871	112	0	335	
0	0	0	0.00454307	23	0	68	
0	0	0	0.00585794	30	0	89	
0	0	0	0.002244	11	0	32	
0	0	0	0.00428796	22	0	65	
0	0	0	0.00951409	51	0	152	
0	0	0	0.00356889	19	0	56	
0	0	0	0.00374317	20	0	59	
0	0	0	0.00427198	23	0	68	
0	0	0	0.000340939	2	0	5	
0	0	0	0.001297	7	0	20	
0	0	0	0.0074439	40	0	119	
0	0	0	0.00857091	45	0	134	
0	0	0	0.00221515	12	0	35	
0	0	0	0.0154402	83	0	248	
0	0	0	0.00366998	19	0	56	
0	0	0	0.00696492	38	0	113	
0	0	0	0.00908303	48	0	143	
0	0	0	0.0015831	8	0	23	
0	0	0	0.00749803	40	0	119	
0	0	0	0.0037899	20	0	59	
0	0	0	0.001055	6	0	17	
0	0	0	0.00534797	29	0	86	
0	0	0	0.00186992	10	0	29	
0	0	0	0.0051949	28	0	83	
0	0	0	0.00356412	19	0	56	
0	0	0	0.00416803	23	0	68	
0	0	0	0.00420308	23	0	68	
0	0	0	0.0185981	99	0	296	
0	0	0	0.00239801	12	0	35	
0	0	0	0.00542212	29	0	86	
0	0	0	0.00274801	15	0	44	
0	0	0	0.0068419	36	0	107	
0	0	0	0.00378418	20	0	59	
0	0	0	0.00571799	31	0	92	
0	0	0	0.00863791	46	0	137	
0	0	0	0.00348902	18	0	53	
0	0	0	0.00622797	33	0	98	
0	0	0	0.006073	32	0	95	
0	0	0	0.000705004	4	0	11	
0	0	0	0.00335217	18	0	53	
0	0	0	0.0106928	57	0	170	
0	0	0	0.00397611	21	0	62	
0	0	0	0.00687289	37	0	110	
0	0	0	0.0106039	56	0	167	
0	0	0	0.00186014	10	0	29	
0	0	0	0.00520205	27	0	80	
0	0	0	0.0173171	90	0	269	
0	0	0	0.0153189	81	0	242	
0	0	0	0.00772095	40	0	119	
0	0	0	0.00328803	18	0	53	
0	0	0	0.00411606	22	0	65	
0	0	0	0.0063169	33	0	98	
0	0	0	0.00569582	30	0	89	
0	0	0	0.00644207	34	0	101	
0	0	0	0.00546503	29	0	86	
0	0	0	0.00238109	13	0	38	
0	0	0	0.0161948	87	0	260	
0	0	0	0.00507212	27	0	80	
0	0	0	0.00686121	37	0	110	
0	0	0	0.0138078	75	0	224	
0	0	0	0.001755	9	0	26	
0	0	0	0.00494099	27	0	80	
0	0	0	0.00880909	47	0	140	
0	0	0	0.0108199	57	0	170	
0	0	0	0.00254798	13	0	38	
0	0	0	0.0072329	39	0	116	
0	0	0	0.00616312	32	0	95	
0	0	0	0.00419283	22	0	65	
0	0	0	0.00679994	36	0	107	
0	0	0	0.003793	20	0	59	
0	0	0	0.00523305	28	0	83	
0	0	0	0.00318098	17	0	50	
0	0	0	0.00566316	30	0	89	
0	0	0	0.00481105	25	0	74	
0	0	0	0.00765681	41	0	122	
0	0	0	0.00627303	33	0	98	
0	0	0	0.00401402	21	0	62	
0	0	0	0.00302505	16	0	47	
0	0	0	0.0119691	64	0	191	
0	0	0	0.006464	34	0	101	
0	0	0	0.00617385	33	0	98	
0	0	0	0.00671482	36	0	107	
0	0	0	0.00285196	15	0	44	
0	0	0	0.000696898	4	0	11	
0	0	0	0.00712109	37	0	110	
0	0	0	0.00812912	43	0	128	
0	0	0	0.011009	58	0	173	
0	0	0	0.00806808	42	0	125	
0	0	0	0.00647593	34	0	101	
0	0	0	0.00914121	47	0	140	
0	0	0	0.00701809	37	0	110	
0	0	0	0.00557208	29	0	86	
0	0	0	0.00319719	17	0	50	
0	0	0	0.00237894	13	0	38	
0	0	0	0.00275707	15	0	44	
0	0	0	0.002033	11	0	32	
0	0	0	0.0110469	59	0	176	
0	0	0	0.00668716	35	0	104	
0	0	0	0.00808215	42	0	125	
0	0	0	0.00429606	22	0	65	
0	0	0	0.00507092	27	0	80	
0	0	0	0.00598598	31	0	92	
0	0	0	0.00226617	12	0	35	
0	0	0	0.00371504	20	0	59	
0	0	0	0.0054431	29	0	86	
0	0	0	0.00327611	17	0	50	
0	0	0	0.00851583	45	0	134	
0	0	0	0.002105	11	0	32	
0	0	0	0.013468	71	0	212	
0	0	0	0.0083251	43	0	128	
0	0	0	0.0108728	58	0	173	
0	0	0	0.003407	18	0	53	
0	0	0	0.00956798	51	0	152	
0	0	0	0.002707	14	0	41	
0	0	0	0.00629592	33	0	98	
0	0	0	0.0149751	80	0	239	
0	0	0	0.0210299	111	0	332	
0	0	0	0.0206251	107	0	320	
0	0	0	0.0138612	71	0	212	
0	0	0	0.0134091	71	0	212	
0	0	0	0.00558686	29	0	86	
0	0	0	0.00296116	16	0	47	
0	0	0	0.00650907	35	0	104	
0	0	0	0.00569701	31	0	92	
0	0	0	0.00871491	46	0	137	
0	0	0	0.013624	72	0	215	
0	0	0	0.013319	70	0	209	
0	0	0	0.016443	86	0	257	
0	0	0	0.00863194	44	0	131	
0	0	0	0.00553489	29	0	86	
0	0	0	0.00359011	19	0	56	
0	0	0	0.0050981	27	0	80	
0	0	0	0.0125401	66	0	197	
0	0	0	0.00557089	29	0	86	
0	0	0	0.0134251	71	0	212	
0	0	0	0.00514603	27	0	80	
0	0	0	0.000337839	2	0	5	
0	0	0	0.000483036	3	0	8	
0	0	0	0.000673056	4	0	11	
0	0	0	0.000658035	4	0	11	
0	0	0	0.00906992	48	0	143	
0	0	0	0.0103409	53	0	158	
0	0	0	0.00693703	36	0	107	
0	0	0	0.00694513	37	0	110	
0	0	0	0.00133181	7	0	20	
0	0	0	0.00762701	41	0	122	
0	0	0	0.0149591	80	0	239	
0	0	0	0.00520587	27	0	80	
0	0	0	0.00432801	23	0	68	
0	0	0	0.00405598	22	0	65	
0	0	0	0.00503898	27	0	80	
0	0	0	0.00997591	52	0	155	
0	0	0	0.00210881	11	0	32	
0	0	0	0.0046711	24	0	71	
0	0	0	0.00168514	9	0	26	
0	0	0	0.00719404	38	0	113	
0	0	0	0.00570583	30	0	89	
0	0	0	0.0109198	58	0	173	
0	0	0	0.00310397	16	0	47	
0	0	0	0.00452995	24	0	71	
0	0	0	0.0022521	12	0	35	
0	0	0	0.00463796	24	0	71	
0	0	0	0.00423098	23	0	68	
0	0	0	0.00518703	27	0	80	
0	0	0	0.00398302	20	0	59	
0	0	0	0.00778008	41	0	122	
0	0	0	0.00587392	31	0	92	
0	0	0	0.00299001	16	0	47	
0	0	0	0.00381804	21	0	62	
0	0	0	0.00372887	20	0	59	
0	0	0	0.00431204	23	0	68	
0	0	0	0.00524497	28	0	83	
0	0	0	0.00617599	31	0	92	
0	0	0	0.00495601	26	0	77	
0	0	0	0.00489497	26	0	77	
0	0	0	0.00363111	19	0	56	
0	0	0	0.002985	16	0	47	
0	0	0	0.00687599	36	0	107	
0	0	0	0.00664306	35	0	104	
0	0	0	0.00762701	41	0	122	
0	0	0	0.00209308	11	0	32	
0	0	0	0.00478292	25	0	74	
0	0	0	0.00297594	16	0	47	
0	0	0	0.00993896	53	0	158	
0	0	0	0.00132895	7	0	20	
0	0	0	0.0132811	66	0	197	
0	0	0	0.00635314	32	0	95	
0	0	0	0.00392389	21	0	62	
0	0	0	0.00661707	35	0	104	
0	0	0	0.00175095	9	0	26	
0	0	0	0.00610709	33	0	98	
0	0	0	0.00490999	26	0	77	
0	0	0	0.00688386	37	0	110	
0	0	0	0.00609112	32	0	95	
0	0	0	0.00570011	30	0	89	
0	0	0	0.0087781	46	0	137	
0	0	0	0.00460696	24	0	71	
0	0	0	0.00474501	25	0	74	
0	0	0	0.00663996	34	0	101	
0	0	0	0.00252914	13	0	38	
0	0	0	0.00430799	23	0	68	
0	0	0	0.00315404	17	0	50	
0	0	0	0.0084722	44	0	131	
0	0	0	0.00870299	45	0	134	
0	0	0	0.00542402	29	0	86	
0	0	0	0.00797606	42	0	125	
0	0	0	0.00608397	33	0	98	
0	0	0	0.00633907	33	0	98	
0	0	0	0.00551987	29	0	86	
0	0	0	0.00241494	13	0	38	
0	0	0	0.00342083	19	0	56	
0	0	0	0.004421	23	0	68	
0	0	0	0.00399303	21	0	62	
0	0	0	0.00297284	16	0	47	
0	0	0	0.00106001	6	0	17	
0	0	0	0.00643587	34	0	101	
0	0	0	0.00169277	9	0	26	
0	0	0	0.00636601	34	0	101	
0	0	0	0.0172789	92	0	275	
0	0	0	0.009691	52	0	155	
0	0	0	0.00794911	42	0	125	
0	0	0	0.0143359	76	0	227	
0	0	0	0.019973	106	0	317	
0	0	0	0.025331	132	0	395	
0	0	0	0.00487709	25	0	74	
0	0	0	0.00190496	10	0	29	
0	0	0	0.00070715	4	0	11	
0	0	0	0.00420785	22	0	65	
0	0	0	0.0133319	70	0	209	
0	0	0	0.010293	54	0	161	
0	0	0	0.014811	78	0	233	
0	0	0	0.032872	172	0	515	
0	0	0	0.010946	56	0	167	
0	0	0	0.00584292	31	0	92	
0	0	0	0.00131989	7	0	20	
0	0	0	0.00269914	14	0	41	
0	0	0	0.00260091	14	0	41	
0	0	0	0.00358105	19	0	56	
0	0	0	0.0031929	17	0	50	
0	0	0	0.00470901	25	0	74	
0	0	0	0.00335884	18	0	53	
0	0	0	0.00503778	27	0	80	
0	0	0	0.00987792	52	0	155	
0	0	0	0.00598502	31	0	92	
0	0	0	0.00838113	44	0	131	
0	0	0	0.00362611	19	0	56	
0	0	0	0.00844288	45	0	134	
0	0	0	0.00855803	45	0	134	
0	0	0	0.00382805	20	0	59	
0	0	0	0.000715017	4	0	11	
0	0	0	0.00349116	19	0	56	
0	0	0	0.00311685	17	0	50	
0	0	0	0.00323296	17	0	50	
0	0	0	0.00791597	42	0	125	
0	0	0	0.00999689	52	0	155	
0	0	0	0.0108008	57	0	170	
0	0	0	0.00635386	34	0	101	
0	0	0	0.00373721	20	0	59	
0	0	0	0.00561404	30	0	89	
0	0	0	0.000333071	2	0	5	
0	0	0	0.00846314	45	0	134	
0	0	0	0.010108	54	0	161	
0	0	0	0.00878096	46	0	137	
0	0	0	0.00692987	37	0	110	
0	0	0	0.00316405	17	0	50	
0	0	0	0.00409698	22	0	65	
0	0	0	0.00497293	27	0	80	
0	0	0	0.00609899	33	0	98	
0	0	0	0.00540209	29	0	86	
0	0	0	0.00551009	30	0	89	
0	0	0	0.0111041	60	0	179	
0	0	0	0.00107002	6	0	17	
0	0	0	0.010154	55	0	164	
0	0	0	0.00693202	37	0	110	
0	0	0	0.00433493	23	0	68	
0	0	0	0.017576	94	0	281	
0	0	0	0.0117619	62	0	185	
0	0	0	0.010056	54	0	161	
0	0	0	0.00114918	6	0	17	
0	0	0	0.00524592	28	0	83	
0	0	0	0.00400901	22	0	65	
0	0	0	0.00162506	9	0	26	
0	0	0	0.00265002	15	0	44	
0	0	0	0.00124192	7	0	20	
0	0	0	0.00690508	37	0	110	
0	0	0	0.00943708	50	0	149	
0	0	0	0.001158	6	0	17	
0	0	0	0.0115221	60	0	179	
0	0	0	0.00324798	17	0	50	
0	0	0	0.0061121	32	0	95	
0	0	0	0.00821209	43	0	128	
0	0	0	0.009094	49	0	146	
0	0	0	0.00169992	9	0	26	
0	0	0	0.00273705	15	0	44	
0	0	0	0.005018	27	0	80	
0	0	0	0.00359011	19	0	56	
0	0	0	0.000699043	4	0	11	
0	0	0	0.00989318	53	0	158	
0	0	0	0.002285	12	0	35	
0	0	0	0.022701	120	0	359	
0	0	0	0.00163794	8	0	23	
0	0	0	0.000679016	4	0	11	
0	0	0	0.00103188	6	0	17	
0	0	0	0.00973892	52	0	155	
0	0	0	0.016067	85	0	254	
0	0	0	0.00381613	20	0	59	
0	0	0	0.01125	59	0	176	
0	0	0	0.0052619	28	0	83	
0	0	0	0.00881004	46	0	137	
0	0	0	0.0110931	59	0	176	
0	0	0	0.0140901	74	0	221	
0	0	0	0.0051589	27	0	80	
0	0	0	0.000344038	2	0	5	
0	0	0	0.000665903	4	0	11	
0	0	0	0.000658989	4	0	11	
0	0	0	0.000684023	4	0	11	
0	0	0	0.000716925	4	0	11	
0	0	0	0.00445914	24	0	71	
0	0	0	0.00378299	20	0	59	
0	0	0	0.016742	89	0	266	
0	0	0	0.0082109	42	0	125	
0	0	0	0.00301695	15	0	44	
0	0	0	0.000535011	3	0	8	
0	0	0	0.00469899	25	0	74	
0	0	0	0.0108061	57	0	170	
0	0	0	0.015379	78	0	233	
0	0	0	0.00783086	41	0	122	
0	0	0	0.00679398	36	0	107	
0	0	0	0.00261188	14	0	41	
0	0	0	0.010803	56	0	167	
0	0	0	0.0213289	112	0	335	
0	0	0	0.0109429	57	0	170	
0	0	0	0.00370097	19	0	56	
0	0	0	0.00319695	15	0	44	
0	0	0	0.00604105	29	0	86	
0	0	0	0.00690198	35	0	104	
0	0	0	0.00645709	33	0	98	
0	0	0	0.00225902	12	0	35	
0	0	0	0.00240898	13	0	38	
0	0	0	0.00886798	46	0	137	
0	0	0	0.00663781	36	0	107	
0	0	0	0.00532079	28	0	83	
0	0	0	0.00478816	25	0	74	
0	0	0	0.00556993	29	0	86	
0	0	0	0.00498199	26	0	77	
0	0	0	0.0069592	37	0	110	
0	0	0	0.00500894	26	0	77	
0	0	0	0.0137172	71	0	212	
0	0	0	0.00403595	21	0	62	
0	0	0	0.0108809	52	0	155	
0	0	0	0.0064311	30	0	89	
0	0	0	0.00190902	10	0	29	
0	0	0	0.00982094	49	0	146	
0	0	0	0.0141191	74	0	221	
0	0	0	0.00595093	31	0	92	
0	0	0	0.01015	54	0	161	
0	0	0	0.00730491	38	0	113	
0	0	0	0.00882483	46	0	137	
0	0	0	0.00759792	40	0	119	
0	0	0	0.0067122	35	0	104	
0	0	0	0.00677991	36	0	107	
0	0	0	0.00514507	27	0	80	
0	0	0	0.00871515	46	0	137	
0	0	0	0.00921702	48	0	143	
0	0	0	0.00642395	34	0	101	
0	0	0	0.00225806	12	0	35	
0	0	0	0.0139241	74	0	221	
0	0	0	0.00381494	20	0	59	
0	0	0	0.00542998	28	0	83	
0	0	0	0.00518298	27	0	80	
0	0	0	0.0125511	66	0	197	
0	0	0	0.00389504	20	0	59	
0	0	0	0.00395918	19	0	56	
0	0	0	0.00673485	34	0	101	
0	0	0	0.00992203	50	0	149	
0	0	0	0.008605	45	0	134	
0	0	0	0.012912	68	0	203	
0	0	0	0.00780702	41	0	122	
0	0	0	0.0081141	40	0	119	
0	0	0	0.00376105	20	0	59	
0	0	0	0.00897503	47	0	140	
0	0	0	0.00231504	12	0	35	
0	0	0	0.012743	68	0	203	
0	0	0	0.00342083	17	0	50	
0	0	0	0.00816798	43	0	128	
0	0	0	0.00780606	41	0	122	
0	0	0	0.00849009	45	0	134	
0	0	0	0.00302291	16	0	47	
0	0	0	0.00366998	20	0	59	
0	0	0	0.00279188	14	0	41	
0	0	0	0.00572705	31	0	92	
0	0	0	0.00452995	24	0	71	
0	0	0	0.006984	37	0	110	
0	0	0	0.00463796	25	0	74	
0	0	0	0.00468016	25	0	74	
0	0	0	0.0062561	33	0	98	
0	0	0	0.00774598	41	0	122	
0	0	0	0.0123169	64	0	191	
0	0	0	0.00854301	44	0	131	
0	0	0	0.00645685	33	0	98	
0	0	0	0.00804496	43	0	128	
0	0	0	0.00268316	14	0	41	
0	0	0	0.00433397	23	0	68	
0	0	0	0.00678802	36	0	107	
0	0	0	0.00430989	23	0	68	
0	0	0	0.00699711	36	0	107	
0	0	0	0.00378418	20	0	59	
0	0	0	0.00682306	36	0	107	
0	0	0	0.00517488	27	0	80	
0	0	0	0.00395584	21	0	62	
0	0	0	0.00777507	41	0	122	
0	0	0	0.00634789	34	0	101	
0	0	0	0.000344992	2	0	5	
0	0	0	0.000667095	4	0	11	
0	0	0	0.000701904	4	0	11	
0	0	0	0.000666857	4	0	11	
0	0	0	0.00104499	6	0	17	
0	0	0	0.00332212	18	0	53	
0	0	0	0.00507402	27	0	80	
0	0	0	0.00807786	43	0	128	
0	0	0	0.00785303	41	0	122	
0	0	0	0.0142832	74	0	221	
0	0	0	0.00390887	20	0	59	
0	0	0	0.00222087	12	0	35	
0	0	0	0.00772405	40	0	119	
0	0	0	0.00213289	11	0	32	
0	0	0	0.00177503	9	0	26	
0	0	0	0.00318599	15	0	44	
0	0	0	0.0033989	18	0	53	
0	0	0	0.001122	6	0	17	
0	0	0	0.00540996	28	0	83	
0	0	0	0.00251698	13	0	38	
0	0	0	0.00676584	36	0	107	
0	0	0	0.00509214	27	0	80	
0	0	0	0.00402594	21	0	62	
0	0	0	0.00710511	38	0	113	
0	0	0	0.0120351	63	0	188	
0	0	0	0.010123	53	0	158	
0	0	0	0.00865412	46	0	137	
0	0	0	0.00717616	38	0	113	
0	0	0	0.0114539	60	0	179	
0	0	0	0.0200481	105	0	314	
0	0	0	0.00857496	45	0	134	
0	0	0	0.00226498	12	0	35	
0	0	0	0.00764084	41	0	122	
0	0	0	0.00640988	34	0	101	
0	0	0	0.00978208	48	0	143	
0	0	0	0.0071969	32	0	95	
0	0	0	0.00511289	24	0	71	
0	0	0	0.007447	37	0	110	
0	0	0	0.00589991	30	0	89	
0	0	0	0.00552201	28	0	83	
0	0	0	0.0110731	56	0	167	
0	0	0	0.0127139	66	0	197	
0	0	0	0.00380492	20	0	59	
0	0	0	0.00490904	26	0	77	
0	0	0	0.00801086	42	0	125	
0	0	0	0.00454807	24	0	71	
0	0	0	0.00598001	29	0	86	
0	0	0	0.00650501	33	0	98	
0	0	0	0.00162506	8	0	23	
0	0	0	0.011992	62	0	185	
0	0	0	0.00453091	23	0	68	
0	0	0	0.00734496	39	0	116	
0	0	0	0.00602221	31	0	92	
0	0	0	0.00780416	42	0	125	
0	0	0	0.00639892	34	0	101	
0	0	0	0.000888109	5	0	14	
0	0	0	0.00348806	18	0	53	
0	0	0	0.0093472	50	0	149	
0	0	0	0.0155699	82	0	245	
0	0	0	0.01193	61	0	182	
0	0	0	0.0149679	78	0	233	
0	0	0	0.00841999	44	0	131	
0	0	0	0.0102482	51	0	152	
0	0	0	0.0124092	62	0	185	
0	0	0	0.0129201	67	0	200	
0	0	0	0.00481582	25	0	74	
0	0	0	0.0129941	67	0	200	
0	0	0	0.0067091	35	0	104	
0	0	0	0.00793386	42	0	125	
0	0	0	0.015413	82	0	245	
0	0	0	0.00549698	29	0	86	
0	0	0	0.00767994	41	0	122	
0	0	0	0.000370979	2	0	5	
0	0	0	0.000490904	3	0	8	
0	0	0	0.000658989	4	0	11	
0	0	0	0.00182796	10	0	29	
0	0	0	0.00251389	14	0	41	
0	0	0	0.0161769	87	0	260	
0	0	0	0.00133419	7	0	20	
0	0	0	0.000715971	4	0	11	
0	0	0	0.00568795	29	0	86	
0	0	0	0.00392699	20	0	59	
0	0	0	0.00429201	23	0	68	
0	0	0	0.0144279	76	0	227	
0	0	0	0.00283408	15	0	44	
0	0	0	0.00506806	27	0	80	
0	0	0	0.00571203	29	0	86	
0	0	0	0.00643015	34	0	101	
0	0	0	0.00581694	31	0	92	
0	0	0	0.0105181	55	0	164	
0	0	0	0.00450611	24	0	71	
0	0	0	0.00563598	30	0	89	
0	0	0	0.011138	57	0	170	
0	0	0	0.00159383	8	0	23	
0	0	0	0.00739789	37	0	110	
0	0	0	0.0146949	74	0	221	
0	0	0	0.00562	29	0	86	
0	0	0	0.00468802	25	0	74	
0	0	0	0.00332904	18	0	53	
0	0	0	0.000331163	2	0	5	
0	0	0	0.000669003	4	0	11	
0	0	0	0.000663042	4	0	11	
0	0	0	0.00554585	30	0	89	
0	0	0	0.00251484	14	0	41	
0	0	0	0.00104499	6	0	17	
0	0	0	0.011049	59	0	176	
0	0	0	0.00287604	15	0	44	
0	0	0	0.00669193	35	0	104	
0	0	0	0.00968003	51	0	152	
0	0	0	0.00281405	15	0	44	
0	0	0	0.00260401	14	0	41	
0	0	0	0.00429988	23	0	68	
0	0	0	0.000715971	4	0	11	
0	0	0	0.000848055	5	0	14	
0	0	0	0.00176001	10	0	29	
0	0	0	0.00343609	18	0	53	
0	0	0	0.00246692	13	0	38	
0	0	0	0.00292087	16	0	47	
0	0	0	0.00287199	16	0	47	
0	0	0	0.00244594	13	0	38	
0	0	0	0.00542402	29	0	86	
0	0	0	0.003474	19	0	56	
0	0	0	0.00068903	4	0	11	
0	0	0	0.00554919	29	0	86	
0	0	0	0.00146818	8	0	23	
0	0	0	0.00682807	37	0	110	
0	0	0	0.00110197	6	0	17	
0	0	0	0.00515103	28	0	83	
0	0	0	0.00557804	30	0	89	
0	0	0	0.00293207	16	0	47	
0	0	0	0.00316596	18	0	53	
0	0	0	0.00297379	16	0	47	
0	0	0	0.00196815	11	0	32	
0	0	0	0.00295496	16	0	47	
0	0	0	0.00486803	26	0	77	
0	0	0	0.00165796	9	0	26	
0	0	0	0.00697207	35	0	104	
0	0	0	0.00295782	16	0	47	
0	0	0	0.00356293	19	0	56	
0	0	0	0.00167894	9	0	26	
0	0	0	0.00163484	9	0	26	
0	0	0	0.006567	35	0	104	
0	0	0	0.00353408	19	0	56	
0	0	0	0.00245214	13	0	38	
0	0	0	0.00351286	19	0	56	
0	0	0	0.00123405	7	0	20	
0	0	0	0.00390482	21	0	62	
0	0	0	0.00240183	13	0	38	
0	0	0	0.00844789	46	0	137	
0	0	0	0.0175819	93	0	278	
0	0	0	0.00165987	8	0	23	
0	0	0	0.0059731	32	0	95	
0	0	0	0.00710392	37	0	110	
0	0	0	0.00293493	16	0	47	
0	0	0	0.00533199	30	0	89	
0	0	0	0.00235486	13	0	38	
0	0	0	0.00728393	40	0	119	
0	0	0	0.00149202	8	0	23	
0	0	0	0.00572991	31	0	92	
0	0	0	0.00341201	18	0	53	
0	0	0	0.00505495	27	0	80	
0	0	0	0.00326991	17	0	50	
0	0	0	0.0030899	17	0	50	
0	0	0	0.0050602	27	0	80	
0	0	0	0.0168159	89	0	266	
0	0	0	0.0125458	65	0	194	
0	0	0	0.0118101	61	0	182	
0	0	0	0.00238204	12	0	35	
0	0	0	0.00524807	28	0	83	
0	0	0	0.00459218	24	0	71	
0	0	0	0.00570321	30	0	89	
0	0	0	0.00441909	24	0	71	
0	0	0	0.00392914	21	0	62	
0	0	0	0.003335	18	0	53	
0	0	0	0.00627398	34	0	101	
0	0	0	0.0123811	67	0	200	
0	0	0	0.00490999	26	0	77	
0	0	0	0.00357604	19	0	56	
0	0	0	0.00310707	17	0	50	
0	0	0	0.00375485	20	0	59	
0	0	0	0.00596905	32	0	95	
0	0	0	0.00338507	18	0	53	
0	0	0	0.0044241	24	0	71	
0	0	0	0.00583911	29	0	86	
0	0	0	0.0157959	85	0	254	
0	0	0	0.0115879	61	0	182	
0	0	0	0.00508714	27	0	80	
0	0	0	0.00386214	21	0	62	
0	0	0	0.00364685	20	0	59	
0	0	0	0.0123842	66	0	197	
0	0	0	0.00383711	20	0	59	
0	0	0	0.0062089	33	0	98	
0	0	0	0.00506806	27	0	80	
0	0	0	0.01088	58	0	173	
0	0	0	0.00396109	21	0	62	
0	0	0	0.00577593	31	0	92	
0	0	0	0.00553489	30	0	89	
0	0	0	0.00496602	26	0	77	
0	0	0	0.00735593	40	0	119	
0	0	0	0.0127909	70	0	209	
0	0	0	0.00300288	16	0	47	
0	0	0	0.00828505	44	0	131	
0	0	0	0.000759125	4	0	11	
0	0	0	0.00311208	17	0	50	
0	0	0	0.00461006	26	0	77	
0	0	0	0.00753307	43	0	128	
0	0	0	0.00720906	41	0	122	
0	0	0	0.00849104	45	0	134	
0	0	0	0.000947952	5	0	14	
0	0	0	0.00353694	20	0	59	
0	0	0	0.00644016	36	0	107	
0	0	0	0.00979686	55	0	164	
0	0	0	0.00859404	48	0	143	
0	0	0	0.00459003	24	0	71	
0	0	0	0.0030272	17	0	50	
0	0	0	0.00619507	35	0	104	
0	0	0	0.00554299	31	0	92	
0	0	0	0.00403881	23	0	68	
0	0	0	0.0045681	24	0	71	
0	0	0	0.00283599	16	0	47	
0	0	0	0.00687909	39	0	116	
0	0	0	0.0118339	65	0	194	
0	0	0	0.00330687	18	0	53	
0	0	0	0.00560904	30	0	89	
0	0	0	0.01074	57	0	170	
0	0	0	0.015733	84	0	251	
0	0	0	0.00256896	13	0	38	
0	0	0	0.004812	25	0	74	
0	0	0	0.00239515	13	0	38	
0	0	0	0.00500798	27	0	80	
0	0	0	0.00920415	51	0	152	
0	0	0	0.0180669	97	0	290	
0	0	0	0.00654197	34	0	101	
0	0	0	0.00598812	32	0	95	
0	0	0	0.00443602	24	0	71	
0	0	0	0.00446701	24	0	71	
0	0	0	0.0346389	188	0	563	
0	0	0	0.0208151	112	0	335	
0	0	0	0.00406814	21	0	62	
0	0	0	0.00761795	40	0	119	
0	0	0	0.00789595	43	0	128	
0	0	0	0.0102081	54	0	161	
0	0	0	0.00280285	15	0	44	
0	0	0	0.00689816	40	0	119	
0	0	0	0.00178385	10	0	29	
0	0	0	0.00583601	31	0	92	
0	0	0	0.0140641	75	0	224	
0	0	0	0.00592303	31	0	92	
0	0	0	0.010463	56	0	167	
0	0	0	0.00297713	16	0	47	
0	0	0	0.00725603	38	0	113	
0	0	0	0.00710201	36	0	107	
0	0	0	0.01016	54	0	161	
0	0	0	0.00264692	14	0	41	
0	0	0	0.00330687	19	0	56	
0	0	0	0.001405	8	0	23	
0	0	0	0.00539804	29	0	86	
0	0	0	0.015408	82	0	245	
0	0	0	0.010812	58	0	173	
0	0	0	0.0041151	22	0	65	
0	0	0	0.00453806	25	0	74	
0	0	0	0.00401688	21	0	62	
0	0	0	0.003335	18	0	53	
0	0	0	0.00823212	44	0	131	
0	0	0	0.00339484	18	0	53	
0	0	0	0.00765586	42	0	125	
0	0	0	0.00389695	21	0	62	
0	0	0	0.00833416	45	0	134	
0	0	0	0.00277996	15	0	44	
0	0	0	0.00162506	9	0	26	
0	0	0	0.00120091	7	0	20	
0	0	0	0.00120091	7	0	20	
0	0	0	0.00136805	8	0	23	
0	0	0	0.00117707	7	0	20	
0	0	0	0.00157118	9	0	26	
0	0	0	0.00119209	7	0	20	
0	0	0	0.001369	8	0	23	
0	0	0	0.000885963	5	0	14	
0	0	0	0.000672102	4	0	11	
0	0	0	0.000838995	5	0	14	
0	0	0	0.000828981	5	0	14	
0	0	0	0.000830889	5	0	14	
0	0	0	0.000829935	5	0	14	
0	0	0	0.000825882	5	0	14	
0	0	0	0.000850916	5	0	14	
0	0	0	0.000826836	5	0	14	
0	0	0	0.000736952	4	0	11	
0	0	0	0.000830173	5	0	14	
0	0	0	0.000843048	5	0	14	
0	0	0	0.00104308	6	0	17	
0	0	0	0.000828981	5	0	14	
0	0	0	0.000823975	5	0	14	
0	0	0	0.000863075	5	0	14	
0	0	0	0.000828981	5	0	14	
0	0	0	0.000820875	5	0	14	
0	0	0	0.000874996	5	0	14	
0	0	0	0.000828028	5	0	14	
0	0	0	0.000838995	5	0	14	
0	0	0	0.00104594	6	0	17	
0	0	0	0.00099802	6	0	17	
0	0	0	0.000847101	5	0	14	
0	0	0	0.000823021	5	0	14	
0	0	0	0.000825882	5	0	14	
0	0	0	0.000665903	4	0	11	
0	0	0	0.00100589	6	0	17	
0	0	0	0.000828028	5	0	14	
0	0	0	0.000833988	5	0	14	
0	0	0	0.00100088	6	0	17	
0	0	0	0.00100803	6	0	17	
0	0	0	0.00102806	6	0	17	
0	0	0	0.0010159	6	0	17	
0	0	0	0.00202894	11	0	32	
0	0	0	0.00102091	6	0	17	
0	0	0	0.00118804	7	0	20	
0	0	0	0.00117207	7	0	20	
0	0	0	0.00213695	12	0	35	
0	0	0	0.00908709	48	0	143	
0	0	0	0.00481296	25	0	74	
0	0	0	0.00355196	19	0	56	
0	0	0	0.00349903	19	0	56	
0	0	0	0.00381899	21	0	62	
0	0	0	0.00349784	19	0	56	
0	0	0	0.00658894	35	0	104	
0	0	0	0.0156109	85	0	254	
0	0	0	0.00508213	26	0	77	
0	0	0	0.00450397	24	0	71	
0	0	0	0.00290203	16	0	47	
0	0	0	0.0154221	81	0	242	
0	0	0	0.00151014	8	0	23	
0	0	0	0.005023	27	0	80	
0	0	0	0.00206494	11	0	32	
0	0	0	0.0023911	13	0	38	
0	0	0	0.00493693	25	0	74	
0	0	0	0.00444579	23	0	68	
0	0	0	0.00222087	12	0	35	
0	0	0	0.00602603	32	0	95	
0	0	0	0.00835705	44	0	131	
0	0	0	0.00226402	12	0	35	
0	0	0	0.00676703	35	0	104	
0	0	0	0.00937915	49	0	146	
0	0	0	0.00245214	13	0	38	
0	0	0	0.00827408	44	0	131	
0	0	0	0.00521803	28	0	83	
0	0	0	0.00387621	21	0	62	
0	0	0	0.00450993	24	0	71	
0	0	0	0.00497389	27	0	80	
0	0	0	0.00500894	27	0	80	
0	0	0	0.0047431	25	0	74	
0	0	0	0.00840402	46	0	137	
0	0	0	0.00611091	33	0	98	
0	0	0	0.00253201	13	0	38	
0	0	0	0.0116451	62	0	185	
0	0	0	0.00543618	28	0	83	
0	0	0	0.00292897	16	0	47	
0	0	0	0.00544906	29	0	86	
0	0	0	0.00587487	30	0	89	
0	0	0	0.00338507	18	0	53	
0	0	0	0.00594401	32	0	95	
0	0	0	0.00515389	27	0	80	
0	0	0	0.00195694	10	0	29	
0	0	0	0.00377584	20	0	59	
0	0	0	0.00811911	43	0	128	
0	0	0	0.00773907	41	0	122	
0	0	0	0.00904298	47	0	140	
0	0	0	0.0123842	65	0	194	
0	0	0	0.00363207	19	0	56	
0	0	0	0.00184798	10	0	29	
0	0	0	0.00299907	16	0	47	
0	0	0	0.00294495	16	0	47	
0	0	0	0.00597692	32	0	95	
0	0	0	0.00315499	17	0	50	
0	0	0	0.00654101	35	0	104	
0	0	0	0.007267	39	0	116	
0	0	0	0.00653195	34	0	101	
0	0	0	0.00808716	43	0	128	
0	0	0	0.00911498	45	0	134	
0	0	0	0.00825	43	0	128	
0	0	0	0.00378585	20	0	59	
0	0	0	0.00738621	39	0	116	
0	0	0	0.00809503	43	0	128	
0	0	0	0.00525498	27	0	80	
0	0	0	0.007231	38	0	113	
0	0	0	0.00653911	34	0	101	
0	0	0	0.00486112	26	0	77	
0	0	0	0.00632405	34	0	101	
0	0	0	0.00806308	42	0	125	
0	0	0	0.00703406	37	0	110	
0	0	0	0.00722194	38	0	113	
0	0	0	0.009794	50	0	149	
0	0	0	0.00878406	45	0	134	
0	0	0	0.00676608	35	0	104	
0	0	0	0.00426984	21	0	62	
0	0	0	0.00306106	16	0	47	
0	0	0	0.00696707	37	0	110	
0	0	0	0.00748396	39	0	116	
0	0	0	0.00699496	36	0	107	
0	0	0	0.00375819	20	0	59	
0	0	0	0.00527382	28	0	83	
0	0	0	0.00474787	25	0	74	
0	0	0	0.00453711	24	0	71	
0	0	0	0.00127196	7	0	20	
0	0	0	0.00296593	16	0	47	
0	0	0	0.005198	27	0	80	
0	0	0	0.00725389	38	0	113	
0	0	0	0.0086019	45	0	134	
0	0	0	0.00735593	39	0	116	
0	0	0	0.00528502	27	0	80	
0	0	0	0.00215602	11	0	32	
0	0	0	0.00261497	14	0	41	
0	0	0	0.00355601	18	0	53	
0	0	0	0.00204706	11	0	32	
0	0	0	0.00419092	21	0	62	
0	0	0	0.00741696	39	0	116	
0	0	0	0.0090971	48	0	143	
0	0	0	0.00611901	32	0	95	
0	0	0	0.00644708	34	0	101	
0	0	0	0.00419688	22	0	65	
0	0	0	0.0069859	35	0	104	
0	0	0	0.00914001	48	0	143	
0	0	0	0.00218582	11	0	32	
0	0	0	0.00768304	40	0	119	
0	0	0	0.00815797	43	0	128	
0	0	0	0.00566387	30	0	89	
0	0	0	0.00355411	19	0	56	
0	0	0	0.0117781	61	0	182	
0	0	0	0.0103142	53	0	158	
0	0	0	0.00388908	20	0	59	
0	0	0	0.0104201	55	0	164	
0	0	0	0.00447011	23	0	68	
0	0	0	0.00347185	19	0	56	
0	0	0	0.00259113	13	0	38	
0	0	0	0.00688386	36	0	107	
0	0	0	0.00964189	50	0	149	
0	0	0	0.00207901	9	0	26	
0	0	0	0.0076499	40	0	119	
0	0	0	0.00760317	38	0	113	
0	0	0	0.0103312	49	0	146	
0	0	0	0.00839996	44	0	131	
0	0	0	0.00654697	34	0	101	
0	0	0	0.00301313	16	0	47	
0	0	0	0.010643	56	0	167	
0	0	0	0.00844288	44	0	131	
0	0	0	0.00617599	32	0	95	
0	0	0	0.00943398	50	0	149	
0	0	0	0.00244904	13	0	38	
0	0	0	0.00707102	37	0	110	
0	0	0	0.00755095	40	0	119	
0	0	0	0.00566816	30	0	89	
0	0	0	0.00599098	30	0	89	
0	0	0	0.00422597	22	0	65	
0	0	0	0.00588703	31	0	92	
0	0	0	0.00552797	29	0	86	
0	0	0	0.00378203	20	0	59	
0	0	0	0.00376916	20	0	59	
0	0	0	0.00252414	12	0	35	
0	0	0	0.00726604	36	0	107	
0	0	0	0.00885391	46	0	137	
0	0	0	0.00503302	26	0	77	
0	0	0	0.00646305	30	0	89	
0	0	0	0.00676584	30	0	89	
0	0	0	0.0030539	14	0	41	
0	0	0	0.00587988	30	0	89	
0	0	0	0.00539804	28	0	83	
0	0	0	0.00403309	21	0	62	
0	0	0	0.00842786	43	0	128	
0	0	0	0.00261116	14	0	41	
0	0	0	0.00182915	10	0	29	
0	0	0	0.00359392	19	0	56	
0	0	0	0.00262094	14	0	41	
0	0	0	0.00277591	15	0	44	
0	0	0	0.00424409	23	0	68	
0	0	0	0.00263619	14	0	41	
0	0	0	0.0033319	18	0	53	
0	0	0	0.00408697	22	0	65	
0	0	0	0.00715303	38	0	113	
0	0	0	0.00167394	9	0	26	
0	0	0	0.00109601	6	0	17	
0	0	0	0.00983191	50	0	149	
0	0	0	0.00955892	47	0	140	
0	0	0	0.0180929	93	0	278	
0	0	0	0.011584	61	0	182	
0	0	0	0.0143962	76	0	227	
0	0	0	0.018872	98	0	293	
0	0	0	0.00655699	35	0	104	
0	0	0	0.00946593	50	0	149	
0	0	0	0.00214791	11	0	32	
0	0	0	0.00589108	30	0	89	
0	0	0	0.00939107	48	0	143	
0	0	0	0.00558209	25	0	74	
0	0	0	0.00443006	23	0	68	
0	0	0	0.00538206	28	0	83	
0	0	0	0.00798416	40	0	119	
0	0	0	0.00633097	33	0	98	
0	0	0	0.00227904	12	0	35	
0	0	0	0.00880003	42	0	125	
0	0	0	0.00658607	33	0	98	
0	0	0	0.00800204	42	0	125	
0	0	0	0.00397301	21	0	62	
0	0	0	0.010504	56	0	167	
0	0	0	0.00682712	36	0	107	
0	0	0	0.00794792	41	0	122	
0	0	0	0.00327492	17	0	50	
0	0	0	0.00932002	48	0	143	
0	0	0	0.00492907	26	0	77	
0	0	0	0.00447607	24	0	71	
0	0	0	0.00455308	24	0	71	
0	0	0	0.00285816	15	0	44	
0	0	0	0.00920296	49	0	146	
0	0	0	0.00646782	34	0	101	
0	0	0	0.00729918	39	0	116	
0	0	0	0.00648212	34	0	101	
0	0	0	0.00494599	25	0	74	
0	0	0	0.00955796	50	0	149	
0	0	0	0.000381947	2	0	5	
0	0	0	0.00865102	45	0	134	
0	0	0	0.000544071	3	0	8	
0	0	0	0.000473022	3	0	8	
0	0	0	0.000670195	4	0	11	
0	0	0	0.000657082	4	0	11	
0	0	0	0.000666142	4	0	11	
0	0	0	0.000672817	4	0	11	
0	0	0	0.00592613	32	0	95	
0	0	0	0.00912786	46	0	137	
0	0	0	0.00353312	18	0	53	
0	0	0	0.00447893	24	0	71	
0	0	0	0.00682998	36	0	107	
0	0	0	0.0046339	25	0	74	
0	0	0	0.00777507	41	0	122	
0	0	0	0.00388312	21	0	62	
0	0	0	0.00197697	11	0	32	
0	0	0	0.00520802	28	0	83	
0	0	0	0.000504971	3	0	8	
0	0	0	0.018539	96	0	287	
0	0	0	0.00969386	50	0	149	
0	0	0	0.00164318	9	0	26	
0	0	0	0.00258493	14	0	41	
0	0	0	0.000497818	3	0	8	
0	0	0	0.00545096	29	0	86	
0	0	0	0.00255799	14	0	41	
0	0	0	0.00254393	14	0	41	
0	0	0	0.001441	8	0	23	
0	0	0	0.00635099	35	0	104	
0	0	0	0.002666	14	0	41	
0	0	0	0.0118151	63	0	188	
0	0	0	0.00682712	37	0	110	
0	0	0	0.00457311	25	0	74	
0	0	0	0.00412011	22	0	65	
0	0	0	0.00500393	27	0	80	
0	0	0	0.00666404	36	0	107	
0	0	0	0.00166512	9	0	26	
0	0	0	0.00560808	30	0	89	
0	0	0	0.00240183	13	0	38	
0	0	0	0.00474095	26	0	77	
0	0	0	0.00748301	41	0	122	
0	0	0	0.000374079	2	0	5	
0	0	0	0.00346494	19	0	56	
0	0	0	0.000690937	4	0	11	
0	0	0	0.00851989	46	0	137	
0	0	0	0.00882006	46	0	137	
0	0	0	0.00551891	29	0	86	
0	0	0	0.00963783	50	0	149	
0	0	0	0.00633001	33	0	98	
0	0	0	0.00982904	51	0	152	
0	0	0	0.01246	66	0	197	
0	0	0	0.011152	59	0	176	
0	0	0	0.00533986	28	0	83	
0	0	0	0.00627112	33	0	98	
0	0	0	0.00827312	43	0	128	
0	0	0	0.00991702	51	0	152	
0	0	0	0.00523496	28	0	83	
0	0	0	0.00765085	40	0	119	
0	0	0	0.00641394	34	0	101	
0	0	0	0.003232	17	0	50	
0	0	0	0.00497985	26	0	77	
0	0	0	0.00714612	37	0	110	
0	0	0	0.010633	55	0	164	
0	0	0	0.0208342	110	0	329	
0	0	0	0.0105231	55	0	164	
0	0	0	0.000797987	4	0	11	
0	0	0	0.00744295	38	0	113	
0	0	0	0.0180309	95	0	284	
0	0	0	0.010957	57	0	170	
0	0	0	0.0124352	64	0	191	
0	0	0	0.010299	53	0	158	
0	0	0	0.00867605	45	0	134	
0	0	0	0.017724	93	0	278	
0	0	0	0.00415301	21	0	62	
0	0	0	0.00594115	29	0	86	
0	0	0	0.00740695	39	0	116	
0	0	0	0.00675988	36	0	107	
0	0	0	0.00175691	9	0	26	
0	0	0	0.00933385	48	0	143	
0	0	0	0.000420809	2	0	5	
0	0	0	0.000680208	4	0	11	
0	0	0	0.00727797	38	0	113	
0	0	0	0.017935	95	0	284	
0	0	0	0.0109839	57	0	170	
0	0	0	0.0135679	64	0	191	
0	0	0	0.0115449	53	0	158	
0	0	0	0.00875902	45	0	134	
0	0	0	0.0175691	93	0	278	
0	0	0	0.00404716	21	0	62	
0	0	0	0.00546718	29	0	86	
0	0	0	0.00742292	39	0	116	
0	0	0	0.00663495	36	0	107	
0	0	0	0.00180387	9	0	26	
0	0	0	0.00999904	48	0	143	
0	0	0	0.000370979	2	0	5	
0	0	0	0.00566888	30	0	89	
0	0	0	0.012234	64	0	191	
0	0	0	0.00191092	10	0	29	
0	0	0	0.00830603	44	0	131	
0	0	0	0.0163438	86	0	257	
0	0	0	0.00782394	42	0	125	
0	0	0	0.00385618	21	0	62	
0	0	0	0.00102997	6	0	17	
0	0	0	0.00841594	44	0	131	
0	0	0	0.00761104	41	0	122	
0	0	0	0.00495911	26	0	77	
0	0	0	0.00848603	45	0	134	
0	0	0	0.00744796	39	0	116	
0	0	0	0.00441694	23	0	68	
0	0	0	0.00392795	21	0	62	
0	0	0	0.00203395	11	0	32	
0	0	0	0.00870514	46	0	137	
0	0	0	0.00626302	33	0	98	
0	0	0	0.00847101	45	0	134	
0	0	0	0.00479293	25	0	74	
0	0	0	0.00257897	14	0	41	
0	0	0	0.00565696	30	0	89	
0	0	0	0.0125549	64	0	191	
0	0	0	0.00211811	10	0	29	
0	0	0	0.00850797	44	0	131	
0	0	0	0.00489616	26	0	77	
0	0	0	0.00820899	43	0	128	
0	0	0	0.00379586	20	0	59	
0	0	0	0.00422883	22	0	65	
0	0	0	0.007936	41	0	122	
0	0	0	0.00322008	17	0	50	
0	0	0	0.012362	63	0	188	
0	0	0	0.0148981	74	0	221	
0	0	0	0.00527906	27	0	80	
0	0	0	0.00782204	40	0	119	
0	0	0	0.0035429	18	0	53	
0	0	0	0.00105596	6	0	17	
0	0	0	0.00867295	44	0	131	
0	0	0	0.013061	68	0	203	
0	0	0	0.011271	57	0	170	
0	0	0	0.0151329	79	0	236	
0	0	0	0.00622892	32	0	95	
0	0	0	0.0175691	93	0	278	
0	0	0	0.0137911	70	0	209	
0	0	0	0.0263181	135	0	404	
0	0	0	0.011169	58	0	173	
0	0	0	0.0040369	20	0	59	
0	0	0	0.0052669	28	0	83	
0	0	0	0.00602198	32	0	95	
0	0	0	0.00546694	28	0	83	
0	0	0	0.00505996	26	0	77	
0	0	0	0.00817013	43	0	128	
0	0	0	0.00700712	36	0	107	
0	0	0	0.0068481	36	0	107	
0	0	0	0.00744414	39	0	116	
0	0	0	0.014698	78	0	233	
0	0	0	0.00709987	37	0	110	
0	0	0	0.00490117	26	0	77	
0	0	0	0.00293303	16	0	47	
0	0	0	0.0082829	44	0	131	
0	0	0	0.00564408	30	0	89	
0	0	0	0.00677299	35	0	104	
0	0	0	0.00944805	50	0	149	
0	0	0	0.00617599	32	0	95	
0	0	0	0.00652218	33	0	98	
0	0	0	0.00694799	36	0	107	
0	0	0	0.00473285	25	0	74	
0	0	0	0.00373197	20	0	59	
0	0	0	0.00104809	6	0	17	
0	0	0	0.00780821	42	0	125	
0	0	0	0.00369501	20	0	59	
0	0	0	0.00450301	24	0	71	
0	0	0	0.00294113	16	0	47	
0	0	0	0.00457907	23	0	68	
0	0	0	0.00227094	11	0	32	
0	0	0	0.00241089	13	0	38	
0	0	0	0.00472021	25	0	74	
0	0	0	0.00296593	16	0	47	
0	0	0	0.00742483	40	0	119	
0	0	0	0.00649285	35	0	104	
0	0	0	0.0130341	71	0	212	
0	0	0	0.00243402	13	0	38	
0	0	0	0.012651	67	0	200	
0	0	0	0.00916195	49	0	146	
0	0	0	0.00738692	40	0	119	
0	0	0	0.0100091	53	0	158	
0	0	0	0.010509	56	0	167	
0	0	0	0.00538492	28	0	83	
0	0	0	0.0103228	54	0	161	
0	0	0	0.00503397	27	0	80	
0	0	0	0.00469208	25	0	74	
0	0	0	0.0030551	16	0	47	
0	0	0	0.00677085	36	0	107	
0	0	0	0.00040102	2	0	5	
0	0	0	0.00255084	14	0	41	
0	0	0	0.00454092	24	0	71	
0	0	0	0.00315714	17	0	50	
0	0	0	0.002033	11	0	32	
0	0	0	0.017576	92	0	275	
0	0	0	0.018353	96	0	287	
0	0	0	0.00761414	39	0	116	
0	0	0	0.0123599	64	0	191	
0	0	0	0.00982594	50	0	149	
0	0	0	0.00665307	35	0	104	
0	0	0	0.00735021	39	0	116	
0	0	0	0.00397801	21	0	62	
0	0	0	0.00806785	42	0	125	
0	0	0	0.00735688	39	0	116	
0	0	0	0.00791502	41	0	122	
0	0	0	0.00694299	36	0	107	
0	0	0	0.00883198	47	0	140	
0	0	0	0.00343108	18	0	53	
0	0	0	0.00374603	20	0	59	
0	0	0	0.00493002	26	0	77	
0	0	0	0.0120292	64	0	191	
0	0	0	0.00903893	47	0	140	
0	0	0	0.0172732	91	0	272	
0	0	0	0.00460696	23	0	68	
0	0	0	0.00302505	16	0	47	
0	0	0	0.00927901	49	0	146	
0	0	0	0.00308895	16	0	47	
0	0	0	0.00664306	35	0	104	
0	0	0	0.012099	63	0	188	
0	0	0	0.00718904	38	0	113	
0	0	0	0.00784993	41	0	122	
0	0	0	0.00724101	37	0	110	
0	0	0	0.00489092	26	0	77	
0	0	0	0.00343609	18	0	53	
0	0	0	0.00592685	31	0	92	
0	0	0	0.00357199	19	0	56	
0	0	0	0.0136461	73	0	218	
0	0	0	0.0132141	71	0	212	
0	0	0	0.00466704	24	0	71	
0	0	0	0.00812912	43	0	128	
0	0	0	0.00775695	40	0	119	
0	0	0	0.00603294	31	0	92	
0	0	0	0.00306392	16	0	47	
0	0	0	0.00545692	29	0	86	
0	0	0	0.00392199	21	0	62	
0	0	0	0.009269	50	0	149	
0	0	0	0.00625205	32	0	95	
0	0	0	0.00339198	18	0	53	
0	0	0	0.00356293	19	0	56	
0	0	0	0.00872588	46	0	137	
0	0	0	0.00455403	24	0	71	
0	0	0	0.0212181	113	0	338	
0	0	0	0.0148461	77	0	230	
0	0	0	0.00316286	16	0	47	
0	0	0	0.00290298	15	0	44	
0	0	0	0.0237491	126	0	377	
0	0	0	0.00944018	49	0	146	
0	0	0	0.00415802	22	0	65	
0	0	0	0.0165498	88	0	263	
0	0	0	0.00462699	24	0	71	
0	0	0	0.00867295	43	0	128	
0	0	0	0.0112419	51	0	152	
