PREC	RECALL	FSCORE	TIME	LEN	NUNK	NSCORED	
0	0	0	0.0014751	17	0	50	
0	0	0	0.00121498	15	0	44	
0	0	0	0.00137401	17	0	50	
0	0	0	0.0010469	13	0	38	
0	0	0	0.000901937	12	0	35	
0	0	0	0.00117683	16	0	47	
0	0	0	0.00105	13	0	38	
0	0	0	0.00128293	17	0	50	
0	0	0	0.000459909	6	0	17	
0	0	0	0.00110292	14	0	41	
0	0	0	0.000917912	12	0	35	
0	0	0	0.00100183	14	0	41	
0	0	0	0.00145006	19	0	56	
0	0	0	0.000997782	13	0	38	
0	0	0	0.000736952	10	0	29	
0	0	0	0.000766039	10	0	29	
0	0	0	0.000492096	6	0	17	
0	0	0	0.000925064	12	0	35	
0	0	0	0.00111222	8	0	23	
0	0	0	0.000227928	3	0	8	
0	0	0	0.0003829	5	0	14	
0	0	0	0.000746012	10	0	29	
0	0	0	0.00082016	10	0	29	
0	0	0	0.000870943	11	0	32	
0	0	0	0.0013051	17	0	50	
0	0	0	0.000772953	10	0	29	
0	0	0	0.000967979	12	0	35	
0	0	0	0.001158	14	0	41	
0	0	0	0.00144506	18	0	53	
0	0	0	0.000387907	5	0	14	
0	0	0	0.000455141	6	0	17	
0	0	0	0.00109911	14	0	41	
0	0	0	0.000813007	11	0	32	
0	0	0	0.000458956	6	0	17	
0	0	0	0.000720978	10	0	29	
0	0	0	0.0010891	15	0	44	
0	0	0	0.000586033	7	0	20	
0	0	0	0.000772953	10	0	29	
0	0	0	0.000446081	6	0	17	
0	0	0	0.000930071	12	0	35	
0	0	0	0.000619888	8	0	23	
0	0	0	0.000573158	8	0	23	
0	0	0	0.000872135	11	0	32	
0	0	0	0.00137782	18	0	53	
0	0	0	0.000364065	5	0	14	
0	0	0	0.00159597	19	0	56	
0	0	0	0.00148392	19	0	56	
0	0	0	0.000983953	13	0	38	
0	0	0	0.000977039	13	0	38	
0	0	0	0.000542164	7	0	20	
0	0	0	0.000612974	8	0	23	
0	0	0	0.00100112	13	0	38	
0	0	0	0.000890017	12	0	35	
0	0	0	0.00116611	16	0	47	
0	0	0	0.00102496	14	0	41	
0	0	0	0.000513077	7	0	20	
0	0	0	0.00123191	16	0	47	
0	0	0	0.000585079	8	0	23	
0	0	0	0.000714064	9	0	26	
0	0	0	0.0014472	19	0	56	
0	0	0	0.00135207	18	0	53	
0	0	0	0.00111794	15	0	44	
0	0	0	0.00125408	16	0	47	
0	0	0	0.000972033	13	0	38	
0	0	0	0.000856876	11	0	32	
0	0	0	0.000806093	11	0	32	
0	0	0	0.000359058	5	0	14	
0	0	0	0.000344992	5	0	14	
0	0	0	0.000692129	10	0	29	
0	0	0	0.000974894	13	0	38	
0	0	0	0.00117683	16	0	47	
0	0	0	0.00105	14	0	41	
0	0	0	0.000699997	9	0	26	
0	0	0	0.00105786	14	0	41	
0	0	0	0.00122094	16	0	47	
0	0	0	0.000688076	9	0	26	
0	0	0	0.000805855	11	0	32	
0	0	0	0.000789165	11	0	32	
0	0	0	0.000597	8	0	23	
0	0	0	0.00105715	14	0	41	
0	0	0	0.000903845	12	0	35	
0	0	0	0.000283003	4	0	11	
0	0	0	0.000594854	8	0	23	
0	0	0	0.000640154	8	0	23	
0	0	0	0.000766993	10	0	29	
0	0	0	0.000767946	10	0	29	
0	0	0	0.000455141	6	0	17	
0	0	0	0.00158501	19	0	56	
0	0	0	0.00041008	5	0	14	
0	0	0	0.000749111	10	0	29	
0	0	0	0.000519037	7	0	20	
0	0	0	0.000356913	5	0	14	
0	0	0	0.000901937	12	0	35	
0	0	0	0.000504017	7	0	20	
0	0	0	0.000283003	4	0	11	
0	0	0	0.0011909	15	0	44	
0	0	0	0.00104403	14	0	41	
0	0	0	0.00048995	7	0	20	
0	0	0	0.00048089	6	0	17	
0	0	0	0.000545025	8	0	23	
0	0	0	0.000550985	7	0	20	
0	0	0	0.000273943	4	0	11	
0	0	0	0.000427008	6	0	17	
0	0	0	0.000912905	12	0	35	
0	0	0	0.000622988	8	0	23	
0	0	0	0.000755072	11	0	32	
0	0	0	0.000207186	3	0	8	
0	0	0	0.00071311	10	0	29	
0	0	0	0.000351906	5	0	14	
0	0	0	0.000799894	11	0	32	
0	0	0	0.000643015	8	0	23	
0	0	0	0.00077486	10	0	29	
0	0	0	0.000429869	6	0	17	
0	0	0	0.000664949	9	0	26	
0	0	0	0.000579119	8	0	23	
0	0	0	0.000731945	10	0	29	
0	0	0	0.000798941	11	0	32	
0	0	0	0.000765085	10	0	29	
0	0	0	0.000364065	5	0	14	
0	0	0	0.000542879	7	0	20	
0	0	0	0.000605822	8	0	23	
0	0	0	0.000895977	12	0	35	
0	0	0	0.000335932	5	0	14	
0	0	0	0.000428915	6	0	17	
0	0	0	0.00149512	19	0	56	
0	0	0	0.000912905	12	0	35	
0	0	0	0.000362873	5	0	14	
0	0	0	0.00116515	15	0	44	
0	0	0	0.000289917	4	0	11	
0	0	0	0.000333071	5	0	14	
0	0	0	0.00019598	3	0	8	
0	0	0	0.000910997	12	0	35	
0	0	0	0.000798941	11	0	32	
0	0	0	0.00106978	14	0	41	
0	0	0	0.000291824	4	0	11	
0	0	0	0.000751972	10	0	29	
0	0	0	0.00103211	14	0	41	
0	0	0	0.000431061	6	0	17	
0	0	0	0.000777006	11	0	32	
0	0	0	0.00118208	16	0	47	
0	0	0	0.00130486	18	0	53	
0	0	0	0.00110102	14	0	41	
0	0	0	0.000990868	13	0	38	
0	0	0	0.000959873	13	0	38	
0	0	0	0.00116491	16	0	47	
0	0	0	0.000663996	9	0	26	
0	0	0	0.000895023	11	0	32	
0	0	0	0.000906944	12	0	35	
0	0	0	0.000663996	9	0	26	
0	0	0	0.000813007	11	0	32	
0	0	0	0.00137806	19	0	56	
0	0	0	0.00088501	12	0	35	
0	0	0	0.00108004	15	0	44	
0	0	0	0.00117493	16	0	47	
0	0	0	0.00120783	16	0	47	
0	0	0	0.000993013	14	0	41	
0	0	0	0.000967979	14	0	41	
0	0	0	0.000890017	13	0	38	
0	0	0	0.000571012	8	0	23	
0	0	0	0.00185704	27	0	80	
0	0	0	0.000370026	5	0	14	
0	0	0	0.00141692	19	0	56	
0	0	0	0.00133014	18	0	53	
0	0	0	0.000900984	12	0	35	
0	0	0	0.00114512	16	0	47	
0	0	0	0.000576019	8	0	23	
0	0	0	0.000691175	9	0	26	
0	0	0	0.000795841	11	0	32	
0	0	0	0.000782013	11	0	32	
0	0	0	0.000727892	10	0	29	
0	0	0	0.00116611	16	0	47	
0	0	0	0.000932932	13	0	38	
0	0	0	0.00142193	20	0	59	
0	0	0	0.00118089	16	0	47	
0	0	0	0.000702858	10	0	29	
0	0	0	0.0015161	21	0	62	
0	0	0	0.000825882	11	0	32	
0	0	0	0.000763893	10	0	29	
0	0	0	0.000710011	10	0	29	
0	0	0	0.000735044	10	0	29	
0	0	0	0.00108385	16	0	47	
0	0	0	0.00100517	15	0	44	
0	0	0	0.00120807	17	0	50	
0	0	0	0.000828028	12	0	35	
0	0	0	0.000601053	9	0	26	
0	0	0	0.00106502	15	0	44	
0	0	0	0.000776052	11	0	32	
0	0	0	0.000623941	9	0	26	
0	0	0	0.00114584	15	0	44	
0	0	0	0.00129795	17	0	50	
0	0	0	0.00150585	21	0	62	
0	0	0	0.00131798	18	0	53	
0	0	0	0.000880957	11	0	32	
0	0	0	0.00119185	16	0	47	
0	0	0	0.00149298	20	0	59	
0	0	0	0.000999928	14	0	41	
0	0	0	0.000871897	12	0	35	
0	0	0	0.00103188	14	0	41	
0	0	0	0.00161409	21	0	62	
0	0	0	0.00112104	15	0	44	
0	0	0	0.00145698	21	0	62	
0	0	0	0.000962973	13	0	38	
0	0	0	0.000422955	6	0	17	
0	0	0	0.000766039	11	0	32	
0	0	0	0.000758171	10	0	29	
0	0	0	0.000617981	9	0	26	
0	0	0	0.001266	17	0	50	
0	0	0	0.00138402	18	0	53	
0	0	0	0.00133395	19	0	56	
0	0	0	0.000874043	11	0	32	
0	0	0	0.00169802	22	0	65	
0	0	0	0.000950098	13	0	38	
0	0	0	0.00058198	8	0	23	
0	0	0	0.0012579	18	0	53	
0	0	0	0.000592947	8	0	23	
0	0	0	0.000478029	7	0	20	
0	0	0	0.00080204	11	0	32	
0	0	0	0.000650883	9	0	26	
0	0	0	0.00095892	12	0	35	
0	0	0	0.000983	13	0	38	
0	0	0	0.0011909	16	0	47	
0	0	0	0.000793934	11	0	32	
0	0	0	0.00134993	19	0	56	
0	0	0	0.00159502	21	0	62	
0	0	0	0.000769854	10	0	29	
0	0	0	0.000773907	10	0	29	
0	0	0	0.000730038	10	0	29	
0	0	0	0.000838041	12	0	35	
0	0	0	0.00117993	16	0	47	
0	0	0	0.000597954	8	0	23	
0	0	0	0.00082016	11	0	32	
0	0	0	0.00134897	18	0	53	
0	0	0	0.00166798	23	0	68	
0	0	0	0.000960112	13	0	38	
0	0	0	0.00105309	14	0	41	
0	0	0	0.000934124	12	0	35	
0	0	0	0.000896931	12	0	35	
0	0	0	0.00161099	21	0	62	
0	0	0	0.000641108	9	0	26	
0	0	0	0.000671148	9	0	26	
0	0	0	0.000878096	12	0	35	
0	0	0	0.000766039	10	0	29	
0	0	0	0.00102997	14	0	41	
0	0	0	0.000798941	11	0	32	
0	0	0	0.000591993	8	0	23	
0	0	0	0.000810862	11	0	32	
0	0	0	0.00133896	18	0	53	
0	0	0	0.000521898	7	0	20	
0	0	0	0.00158095	21	0	62	
0	0	0	0.000451088	6	0	17	
0	0	0	0.000349045	5	0	14	
0	0	0	0.000544071	7	0	20	
0	0	0	0.00111389	15	0	44	
0	0	0	0.000814915	11	0	32	
0	0	0	0.000761986	10	0	29	
0	0	0	0.000864983	11	0	32	
0	0	0	0.00150084	20	0	59	
0	0	0	0.000602961	8	0	23	
0	0	0	0.00154996	21	0	62	
0	0	0	0.000708103	9	0	26	
0	0	0	0.00120401	16	0	47	
0	0	0	0.000884056	12	0	35	
0	0	0	0.000691175	9	0	26	
0	0	0	0.00107622	14	0	41	
0	0	0	0.000514984	7	0	20	
0	0	0	0.000926018	13	0	38	
0	0	0	0.00102305	14	0	41	
0	0	0	0.000588179	8	0	23	
0	0	0	0.00112915	15	0	44	
0	0	0	0.00091815	12	0	35	
0	0	0	0.00170588	22	0	65	
0	0	0	0.00118494	16	0	47	
0	0	0	0.000356913	5	0	14	
0	0	0	0.000943184	13	0	38	
0	0	0	0.000960112	13	0	38	
0	0	0	0.00139809	18	0	53	
0	0	0	0.000810146	11	0	32	
0	0	0	0.000720024	10	0	29	
0	0	0	0.00102305	14	0	41	
0	0	0	0.000589848	8	0	23	
0	0	0	0.000674963	9	0	26	
0	0	0	0.000844002	12	0	35	
0	0	0	0.00132108	18	0	53	
0	0	0	0.00105309	14	0	41	
0	0	0	0.000651121	9	0	26	
0	0	0	0.00153899	20	0	59	
0	0	0	0.00102496	13	0	38	
0	0	0	0.000828028	11	0	32	
0	0	0	0.00100088	14	0	41	
0	0	0	0.000782013	11	0	32	
0	0	0	0.000641108	9	0	26	
0	0	0	0.00131607	18	0	53	
0	0	0	0.000735998	9	0	26	
0	0	0	0.00078702	11	0	32	
0	0	0	0.000782967	11	0	32	
0	0	0	0.00106692	14	0	41	
0	0	0	0.00128984	17	0	50	
0	0	0	0.000972033	14	0	41	
0	0	0	0.000574112	8	0	23	
0	0	0	0.000968933	13	0	38	
0	0	0	0.00128102	18	0	53	
0	0	0	0.000961065	13	0	38	
0	0	0	0.00127602	17	0	50	
0	0	0	0.00120401	15	0	44	
0	0	0	0.001441	20	0	59	
0	0	0	0.000653028	9	0	26	
0	0	0	0.00112104	15	0	44	
0	0	0	0.000576019	8	0	23	
0	0	0	0.0010941	14	0	41	
0	0	0	0.000729084	10	0	29	
0	0	0	0.000808001	11	0	32	
0	0	0	0.00146818	21	0	62	
0	0	0	0.00115705	16	0	47	
0	0	0	0.000658035	9	0	26	
0	0	0	0.000864983	12	0	35	
0	0	0	0.00088501	12	0	35	
0	0	0	0.00109982	15	0	44	
0	0	0	0.000428915	6	0	17	
0	0	0	0.000896931	12	0	35	
0	0	0	0.00102091	14	0	41	
0	0	0	0.00113106	15	0	44	
0	0	0	0.000751972	9	0	26	
0	0	0	0.00170398	20	0	59	
0	0	0	0.000550032	7	0	20	
0	0	0	0.000900984	11	0	32	
0	0	0	0.00115299	15	0	44	
0	0	0	0.000972033	13	0	38	
0	0	0	0.00133395	19	0	56	
0	0	0	0.00105906	14	0	41	
0	0	0	0.000691891	9	0	26	
0	0	0	0.00088191	12	0	35	
0	0	0	0.00120997	16	0	47	
0	0	0	0.00122714	16	0	47	
0	0	0	0.00106096	14	0	41	
0	0	0	0.000595093	8	0	23	
0	0	0	0.00106716	14	0	41	
0	0	0	0.00150514	20	0	59	
0	0	0	0.000903845	12	0	35	
0	0	0	0.00124288	17	0	50	
0	0	0	0.000656843	9	0	26	
0	0	0	0.001091	14	0	41	
0	0	0	0.0012989	17	0	50	
0	0	0	0.00125003	17	0	50	
0	0	0	0.000913858	12	0	35	
0	0	0	0.00140595	17	0	50	
0	0	0	0.00113511	15	0	44	
0	0	0	0.000842094	11	0	32	
0	0	0	0.00110602	15	0	44	
0	0	0	0.000699043	9	0	26	
0	0	0	0.000802994	11	0	32	
0	0	0	0.000642061	8	0	23	
0	0	0	0.000778913	10	0	29	
0	0	0	0.0012548	15	0	44	
0	0	0	0.00124407	16	0	47	
0	0	0	0.000916004	12	0	35	
0	0	0	0.000911951	11	0	32	
0	0	0	0.000864029	11	0	32	
0	0	0	0.000590086	8	0	23	
0	0	0	0.000993967	13	0	38	
0	0	0	0.00166106	22	0	65	
0	0	0	0.000695944	9	0	26	
0	0	0	0.00156522	21	0	62	
0	0	0	0.000618935	8	0	23	
0	0	0	0.000822067	11	0	32	
0	0	0	0.00126815	17	0	50	
0	0	0	0.000954866	13	0	38	
0	0	0	0.00133801	17	0	50	
0	0	0	0.00105309	14	0	41	
0	0	0	0.000887871	12	0	35	
0	0	0	0.00121403	16	0	47	
0	0	0	0.00122786	15	0	44	
0	0	0	0.00149703	20	0	59	
0	0	0	0.000530005	7	0	20	
0	0	0	0.000797033	11	0	32	
0	0	0	0.000766039	10	0	29	
0	0	0	0.00133085	18	0	53	
0	0	0	0.00134206	18	0	53	
0	0	0	0.000597	8	0	23	
0	0	0	0.00109196	15	0	44	
0	0	0	0.00118709	16	0	47	
0	0	0	0.00146794	19	0	56	
0	0	0	0.00150704	20	0	59	
0	0	0	0.000651121	9	0	26	
0	0	0	0.00106978	14	0	41	
0	0	0	0.00135016	18	0	53	
0	0	0	0.00151706	20	0	59	
0	0	0	0.00117493	15	0	44	
0	0	0	0.00135899	18	0	53	
0	0	0	0.0011301	15	0	44	
0	0	0	0.000905037	12	0	35	
0	0	0	0.000680923	9	0	26	
0	0	0	0.00102115	14	0	41	
0	0	0	0.000608921	8	0	23	
0	0	0	0.00102305	14	0	41	
0	0	0	0.000471115	6	0	17	
0	0	0	0.000945807	13	0	38	
0	0	0	0.000448942	6	0	17	
0	0	0	0.000550985	8	0	23	
0	0	0	0.00094223	13	0	38	
0	0	0	0.000515938	7	0	20	
0	0	0	0.00125098	17	0	50	
0	0	0	0.000568151	8	0	23	
0	0	0	0.000844002	11	0	32	
0	0	0	0.00050807	7	0	20	
0	0	0	0.000406027	6	0	17	
0	0	0	0.00132084	18	0	53	
0	0	0	0.000359058	5	0	14	
0	0	0	0.00143814	19	0	56	
0	0	0	0.00104594	14	0	41	
0	0	0	0.001266	17	0	50	
0	0	0	0.00146699	21	0	62	
0	0	0	0.00149608	20	0	59	
0	0	0	0.000935078	13	0	38	
0	0	0	0.001508	21	0	62	
0	0	0	0.00155401	21	0	62	
0	0	0	0.00113201	15	0	44	
0	0	0	0.000948906	12	0	35	
0	0	0	0.00121284	16	0	47	
0	0	0	0.000848055	12	0	35	
0	0	0	0.00052309	7	0	20	
0	0	0	0.000690937	10	0	29	
0	0	0	0.000715971	10	0	29	
0	0	0	0.00153899	21	0	62	
0	0	0	0.00110602	15	0	44	
0	0	0	0.00105095	14	0	41	
0	0	0	0.000541925	7	0	20	
0	0	0	0.00163889	22	0	65	
0	0	0	0.000714064	9	0	26	
0	0	0	0.000684023	10	0	29	
0	0	0	0.000848055	12	0	35	
0	0	0	0.00069499	9	0	26	
0	0	0	0.00106001	14	0	41	
0	0	0	0.00109315	15	0	44	
0	0	0	0.000519991	7	0	20	
0	0	0	0.000731945	10	0	29	
0	0	0	0.000856876	12	0	35	
0	0	0	0.00126886	17	0	50	
0	0	0	0.00120592	17	0	50	
0	0	0	0.000624895	8	0	23	
0	0	0	0.00123692	17	0	50	
0	0	0	0.0014019	19	0	56	
0	0	0	0.000519991	7	0	20	
0	0	0	0.0011549	15	0	44	
0	0	0	0.000531912	7	0	20	
0	0	0	0.00134397	18	0	53	
0	0	0	0.000466108	6	0	17	
0	0	0	0.000457048	6	0	17	
0	0	0	0.000768185	11	0	32	
0	0	0	0.000515938	7	0	20	
0	0	0	0.00165987	22	0	65	
0	0	0	0.00104189	14	0	41	
0	0	0	0.00094986	12	0	35	
0	0	0	0.00105095	14	0	41	
0	0	0	0.000647068	9	0	26	
0	0	0	0.00088501	12	0	35	
0	0	0	0.000427008	6	0	17	
0	0	0	0.000669956	9	0	26	
0	0	0	0.00071907	10	0	29	
0	0	0	0.000349045	5	0	14	
0	0	0	0.000475883	7	0	20	
0	0	0	0.00123286	17	0	50	
0	0	0	0.000593185	8	0	23	
0	0	0	0.00128317	17	0	50	
0	0	0	0.000822067	11	0	32	
0	0	0	0.000552893	8	0	23	
0	0	0	0.00052309	7	0	20	
0	0	0	0.000448942	6	0	17	
0	0	0	0.000447989	6	0	17	
0	0	0	0.00126719	17	0	50	
0	0	0	0.00109482	15	0	44	
0	0	0	0.00121403	16	0	47	
0	0	0	0.00111008	15	0	44	
0	0	0	0.000413895	6	0	17	
0	0	0	0.000641108	9	0	26	
0	0	0	0.000839949	11	0	32	
0	0	0	0.000813007	11	0	32	
0	0	0	0.000974894	13	0	38	
0	0	0	0.000273228	4	0	11	
0	0	0	0.000725031	10	0	29	
0	0	0	0.000961065	13	0	38	
0	0	0	0.000804186	11	0	32	
0	0	0	0.00161791	21	0	62	
0	0	0	0.00119114	16	0	47	
0	0	0	0.000812054	10	0	29	
0	0	0	0.00133801	18	0	53	
0	0	0	0.00119781	16	0	47	
0	0	0	0.00137091	18	0	53	
0	0	0	0.00108719	15	0	44	
0	0	0	0.00149107	20	0	59	
0	0	0	0.000725985	10	0	29	
0	0	0	0.00184298	24	0	71	
0	0	0	0.001302	17	0	50	
0	0	0	0.000830889	11	0	32	
0	0	0	0.00114012	15	0	44	
0	0	0	0.000954151	13	0	38	
0	0	0	0.000595093	8	0	23	
0	0	0	0.00128293	17	0	50	
0	0	0	0.00113797	15	0	44	
0	0	0	0.00146604	19	0	56	
0	0	0	0.00100899	13	0	38	
0	0	0	0.000812054	11	0	32	
0	0	0	0.00110984	14	0	41	
0	0	0	0.000519991	7	0	20	
0	0	0	0.000344038	5	0	14	
0	0	0	0.00098896	13	0	38	
0	0	0	0.00150299	20	0	59	
0	0	0	0.00101709	13	0	38	
0	0	0	0.000741005	10	0	29	
0	0	0	0.000708818	10	0	29	
0	0	0	0.000720024	10	0	29	
0	0	0	0.000846148	11	0	32	
0	0	0	0.000646114	9	0	26	
0	0	0	0.000699997	9	0	26	
0	0	0	0.000497103	7	0	20	
0	0	0	0.000514984	7	0	20	
0	0	0	0.00100279	14	0	41	
0	0	0	0.00110793	15	0	44	
0	0	0	0.000510931	7	0	20	
0	0	0	0.000657082	9	0	26	
0	0	0	0.000447035	6	0	17	
0	0	0	0.000883102	13	0	38	
0	0	0	0.00106096	14	0	41	
0	0	0	0.0011189	15	0	44	
0	0	0	0.000545979	8	0	23	
0	0	0	0.000727892	10	0	29	
0	0	0	0.000618935	8	0	23	
0	0	0	0.000365019	5	0	14	
0	0	0	0.000874996	12	0	35	
0	0	0	0.000579834	8	0	23	
0	0	0	0.00136614	19	0	56	
0	0	0	0.000581026	8	0	23	
0	0	0	0.000338078	5	0	14	
0	0	0	0.00172901	23	0	68	
0	0	0	0.000967026	12	0	35	
0	0	0	0.00143695	19	0	56	
0	0	0	0.00102806	13	0	38	
0	0	0	0.00110817	15	0	44	
0	0	0	0.000559092	8	0	23	
0	0	0	0.000769138	11	0	32	
0	0	0	0.00168109	23	0	68	
0	0	0	0.000648022	9	0	26	
0	0	0	0.00079608	11	0	32	
0	0	0	0.000777006	11	0	32	
0	0	0	0.00097084	13	0	38	
0	0	0	0.000809908	11	0	32	
0	0	0	0.00121307	16	0	47	
0	0	0	0.00145793	20	0	59	
0	0	0	0.00100493	13	0	38	
0	0	0	0.00114298	15	0	44	
0	0	0	0.00120401	16	0	47	
0	0	0	0.000931978	12	0	35	
0	0	0	0.000730038	10	0	29	
0	0	0	0.000605106	8	0	23	
0	0	0	0.000991106	14	0	41	
0	0	0	0.00156593	20	0	59	
0	0	0	0.000972986	13	0	38	
0	0	0	0.000813007	11	0	32	
0	0	0	0.000911951	12	0	35	
0	0	0	0.000975132	13	0	38	
0	0	0	0.000588179	8	0	23	
0	0	0	0.000402927	6	0	17	
0	0	0	0.00136995	19	0	56	
0	0	0	0.000574827	8	0	23	
0	0	0	0.000444889	6	0	17	
0	0	0	0.00131392	18	0	53	
0	0	0	0.000571012	8	0	23	
0	0	0	0.000967979	13	0	38	
0	0	0	0.00145102	20	0	59	
0	0	0	0.00103188	14	0	41	
0	0	0	0.000756979	10	0	29	
0	0	0	0.000598907	8	0	23	
0	0	0	0.000863075	11	0	32	
0	0	0	0.000859976	11	0	32	
0	0	0	0.00150084	19	0	56	
0	0	0	0.000697136	9	0	26	
0	0	0	0.00102711	13	0	38	
0	0	0	0.000448942	6	0	17	
0	0	0	0.000813961	11	0	32	
0	0	0	0.00127506	17	0	50	
0	0	0	0.000653028	9	0	26	
0	0	0	0.00144887	20	0	59	
0	0	0	0.00151491	20	0	59	
0	0	0	0.00159407	20	0	59	
0	0	0	0.000888109	12	0	35	
0	0	0	0.00131011	18	0	53	
0	0	0	0.00130892	18	0	53	
0	0	0	0.000993967	13	0	38	
0	0	0	0.000619173	8	0	23	
0	0	0	0.00126004	16	0	47	
0	0	0	0.000962019	13	0	38	
0	0	0	0.000574112	8	0	23	
0	0	0	0.000526905	7	0	20	
0	0	0	0.00152802	21	0	62	
0	0	0	0.000988007	11	0	32	
0	0	0	0.000730991	10	0	29	
0	0	0	0.000870943	12	0	35	
0	0	0	0.000692129	9	0	26	
0	0	0	0.000849962	11	0	32	
0	0	0	0.000756979	10	0	29	
0	0	0	0.000581026	8	0	23	
0	0	0	0.000664949	9	0	26	
0	0	0	0.000735044	10	0	29	
0	0	0	0.000725985	10	0	29	
0	0	0	0.00121498	16	0	47	
0	0	0	0.00152397	20	0	59	
0	0	0	0.00182891	25	0	74	
0	0	0	0.00181603	23	0	68	
0	0	0	0.000827074	11	0	32	
0	0	0	0.00109696	14	0	41	
0	0	0	0.00111794	15	0	44	
0	0	0	0.00166202	21	0	62	
0	0	0	0.000962973	12	0	35	
0	0	0	0.00122499	16	0	47	
0	0	0	0.000928164	12	0	35	
0	0	0	0.00151587	20	0	59	
0	0	0	0.000921965	12	0	35	
0	0	0	0.00191092	25	0	74	
0	0	0	0.00138807	16	0	47	
0	0	0	0.00145197	19	0	56	
0	0	0	0.00125813	17	0	50	
0	0	0	0.0011301	14	0	41	
0	0	0	0.00123	16	0	47	
0	0	0	0.00134802	18	0	53	
0	0	0	0.00119185	15	0	44	
0	0	0	0.00117707	15	0	44	
0	0	0	0.000610113	8	0	23	
0	0	0	0.00111818	15	0	44	
0	0	0	0.00136781	18	0	53	
0	0	0	0.00180817	24	0	71	
0	0	0	0.00136685	17	0	50	
0	0	0	0.00111294	14	0	41	
0	0	0	0.00131202	17	0	50	
0	0	0	0.000946999	12	0	35	
0	0	0	0.00167108	24	0	71	
0	0	0	0.00151992	19	0	56	
0	0	0	0.00240779	33	0	98	
0	0	0	0.0020411	28	0	83	
0	0	0	0.0013051	19	0	56	
0	0	0	0.00300217	41	0	122	
0	0	0	0.00221491	23	0	68	
0	0	0	0.00230598	30	0	89	
0	0	0	0.00213695	30	0	89	
0	0	0	0.00195503	27	0	80	
0	0	0	0.00206304	27	0	80	
0	0	0	0.00199199	27	0	80	
0	0	0	0.00144196	19	0	56	
0	0	0	0.00251102	35	0	104	
0	0	0	0.00199294	27	0	80	
0	0	0	0.00181198	24	0	71	
0	0	0	0.003057	43	0	128	
0	0	0	0.00135803	18	0	53	
0	0	0	0.00304794	43	0	128	
0	0	0	0.00152493	20	0	59	
0	0	0	0.00145793	18	0	53	
0	0	0	0.00128508	16	0	47	
0	0	0	0.001302	17	0	50	
0	0	0	0.00165915	22	0	65	
0	0	0	0.00102282	13	0	38	
0	0	0	0.000677109	9	0	26	
0	0	0	0.00156903	21	0	62	
0	0	0	0.00143409	19	0	56	
0	0	0	0.00130415	16	0	47	
0	0	0	0.000885963	12	0	35	
0	0	0	0.000655174	9	0	26	
0	0	0	0.00132513	18	0	53	
0	0	0	0.00114894	16	0	47	
0	0	0	0.000963926	14	0	41	
0	0	0	0.00106192	13	0	38	
0	0	0	0.00165701	21	0	62	
0	0	0	0.000645161	8	0	23	
0	0	0	0.000782967	11	0	32	
0	0	0	0.00105906	14	0	41	
0	0	0	0.00116801	14	0	41	
0	0	0	0.00121903	16	0	47	
0	0	0	0.00115108	15	0	44	
0	0	0	0.000936985	12	0	35	
0	0	0	0.00159216	21	0	62	
0	0	0	0.00141621	19	0	56	
0	0	0	0.00137401	18	0	53	
0	0	0	0.000815868	11	0	32	
0	0	0	0.00132585	17	0	50	
0	0	0	0.00109196	15	0	44	
0	0	0	0.000821829	11	0	32	
0	0	0	0.00139713	18	0	53	
0	0	0	0.000722885	10	0	29	
0	0	0	0.000885963	12	0	35	
0	0	0	0.000922203	12	0	35	
0	0	0	0.00206017	28	0	83	
0	0	0	0.0012629	16	0	47	
0	0	0	0.000715017	9	0	26	
0	0	0	0.00206399	28	0	83	
0	0	0	0.00139689	18	0	53	
0	0	0	0.0011549	15	0	44	
0	0	0	0.00176597	22	0	65	
0	0	0	0.00071907	9	0	26	
0	0	0	0.00159502	21	0	62	
0	0	0	0.000541925	7	0	20	
0	0	0	0.000834942	11	0	32	
0	0	0	0.001647	21	0	62	
0	0	0	0.000771999	10	0	29	
0	0	0	0.00159907	21	0	62	
0	0	0	0.00120497	16	0	47	
0	0	0	0.00176716	22	0	65	
0	0	0	0.00169802	22	0	65	
0	0	0	0.00157499	21	0	62	
0	0	0	0.000908136	12	0	35	
0	0	0	0.00148082	19	0	56	
0	0	0	0.0013032	17	0	50	
0	0	0	0.001652	21	0	62	
0	0	0	0.00061202	8	0	23	
0	0	0	0.00127292	17	0	50	
0	0	0	0.00166106	22	0	65	
0	0	0	0.000684023	8	0	23	
0	0	0	0.000667095	9	0	26	
0	0	0	0.000787973	10	0	29	
0	0	0	0.000956059	12	0	35	
0	0	0	0.000620842	8	0	23	
0	0	0	0.00111008	15	0	44	
0	0	0	0.00120401	16	0	47	
0	0	0	0.00105906	14	0	41	
0	0	0	0.000744104	10	0	29	
0	0	0	0.000847816	10	0	29	
0	0	0	0.00105715	14	0	41	
0	0	0	0.000451088	6	0	17	
0	0	0	0.00138712	18	0	53	
0	0	0	0.000597	8	0	23	
0	0	0	0.00214505	30	0	89	
0	0	0	0.0013659	18	0	53	
0	0	0	0.00129008	17	0	50	
0	0	0	0.000715971	10	0	29	
0	0	0	0.00128007	17	0	50	
0	0	0	0.00121093	16	0	47	
0	0	0	0.000978947	13	0	38	
0	0	0	0.00144506	19	0	56	
0	0	0	0.00111198	11	0	32	
0	0	0	0.000701904	6	0	17	
0	0	0	0.00198102	16	0	47	
0	0	0	0.000638008	5	0	14	
0	0	0	0.00160885	13	0	38	
0	0	0	0.00264406	20	0	59	
0	0	0	0.000925064	7	0	20	
0	0	0	0.00233293	18	0	53	
0	0	0	0.000849009	10	0	29	
0	0	0	0.00135207	16	0	47	
0	0	0	0.00110412	13	0	38	
0	0	0	0.000928879	11	0	32	
0	0	0	0.00253701	22	0	65	
0	0	0	0.00165415	19	0	56	
0	0	0	0.00177097	22	0	65	
0	0	0	0.00201702	25	0	74	
0	0	0	0.00162721	21	0	62	
0	0	0	0.00158882	17	0	50	
0	0	0	0.000787973	10	0	29	
0	0	0	0.000991106	13	0	38	
0	0	0	0.00117087	15	0	44	
0	0	0	0.00100803	13	0	38	
0	0	0	0.00111985	15	0	44	
0	0	0	0.00187206	24	0	71	
0	0	0	0.00169206	21	0	62	
0	0	0	0.000853062	11	0	32	
0	0	0	0.00167394	22	0	65	
0	0	0	0.00165009	22	0	65	
0	0	0	0.000972033	12	0	35	
0	0	0	0.00191307	26	0	77	
0	0	0	0.000672817	9	0	26	
0	0	0	0.00148797	20	0	59	
0	0	0	0.00147104	19	0	56	
0	0	0	0.00102711	14	0	41	
0	0	0	0.00153589	19	0	56	
0	0	0	0.000975132	13	0	38	
0	0	0	0.00170207	22	0	65	
0	0	0	0.000868082	11	0	32	
0	0	0	0.00155711	20	0	59	
0	0	0	0.00191808	22	0	65	
0	0	0	0.00191092	24	0	71	
0	0	0	0.000863075	11	0	32	
0	0	0	0.00100207	13	0	38	
0	0	0	0.00087595	12	0	35	
0	0	0	0.00180387	23	0	68	
0	0	0	0.00129104	16	0	47	
0	0	0	0.00155306	20	0	59	
0	0	0	0.00182486	25	0	74	
0	0	0	0.000748873	10	0	29	
0	0	0	0.00136399	19	0	56	
0	0	0	0.00151992	20	0	59	
0	0	0	0.000469923	6	0	17	
0	0	0	0.000339031	5	0	14	
0	0	0	0.000468969	6	0	17	
0	0	0	0.000346899	5	0	14	
0	0	0	0.000533104	7	0	20	
0	0	0	0.000689983	9	0	26	
0	0	0	0.00095892	12	0	35	
0	0	0	0.000608921	8	0	23	
0	0	0	0.000272989	4	0	11	
0	0	0	0.000807047	11	0	32	
0	0	0	0.00137091	18	0	53	
0	0	0	0.000339985	5	0	14	
0	0	0	0.00107408	13	0	38	
0	0	0	0.000841141	11	0	32	
0	0	0	0.000368834	5	0	14	
0	0	0	0.00114489	11	0	32	
0	0	0	0.00134301	15	0	44	
0	0	0	0.000834942	11	0	32	
0	0	0	0.000705957	9	0	26	
0	0	0	0.000810862	10	0	29	
0	0	0	0.000637054	9	0	26	
0	0	0	0.000560999	7	0	20	
0	0	0	0.00069499	9	0	26	
0	0	0	0.00100994	13	0	38	
0	0	0	0.00143504	17	0	50	
0	0	0	0.0017879	23	0	68	
0	0	0	0.000961065	12	0	35	
0	0	0	0.000369787	5	0	14	
0	0	0	0.000884056	12	0	35	
0	0	0	0.000124931	2	0	5	
0	0	0	0.000664949	9	0	26	
0	0	0	0.000363111	5	0	14	
0	0	0	0.00120115	15	0	44	
0	0	0	0.000766039	10	0	29	
0	0	0	0.000669956	8	0	23	
0	0	0	0.000584126	8	0	23	
0	0	0	0.000920057	12	0	35	
0	0	0	0.000746965	11	0	32	
0	0	0	0.000620127	8	0	23	
0	0	0	0.000838995	11	0	32	
0	0	0	0.000728846	10	0	29	
0	0	0	0.000544071	8	0	23	
0	0	0	0.000535965	7	0	20	
0	0	0	0.000591993	8	0	23	
0	0	0	0.00059104	8	0	23	
0	0	0	0.000357151	5	0	14	
0	0	0	0.00107193	13	0	38	
0	0	0	0.00114512	15	0	44	
0	0	0	0.000398159	5	0	14	
0	0	0	0.000435114	6	0	17	
0	0	0	0.000300169	4	0	11	
0	0	0	0.00137091	17	0	50	
0	0	0	0.000799179	11	0	32	
0	0	0	0.000380039	5	0	14	
0	0	0	0.000822067	10	0	29	
0	0	0	0.00123191	15	0	44	
0	0	0	0.000535011	7	0	20	
0	0	0	0.000626087	9	0	26	
0	0	0	0.000916004	12	0	35	
0	0	0	0.000886917	12	0	35	
0	0	0	0.00090909	12	0	35	
0	0	0	0.00151896	19	0	56	
0	0	0	0.00109696	14	0	41	
0	0	0	0.001477	20	0	59	
0	0	0	0.00143504	19	0	56	
0	0	0	0.000751972	10	0	29	
0	0	0	0.000612974	8	0	23	
0	0	0	0.000788927	10	0	29	
0	0	0	0.000516891	7	0	20	
0	0	0	0.000375032	5	0	14	
0	0	0	0.000714064	9	0	26	
0	0	0	0.000290871	4	0	11	
0	0	0	0.000642061	8	0	23	
0	0	0	0.000360966	5	0	14	
0	0	0	0.000620127	7	0	20	
0	0	0	0.00158691	20	0	59	
0	0	0	0.00145411	19	0	56	
0	0	0	0.000933886	12	0	35	
0	0	0	0.000516891	7	0	20	
0	0	0	0.00088191	12	0	35	
0	0	0	0.00087285	12	0	35	
0	0	0	0.000472069	6	0	17	
0	0	0	0.000980139	12	0	35	
0	0	0	0.00145388	17	0	50	
0	0	0	0.001194	14	0	41	
0	0	0	0.000366211	5	0	14	
0	0	0	0.000854969	11	0	32	
0	0	0	0.000671148	9	0	26	
0	0	0	0.000597	8	0	23	
0	0	0	0.000305891	4	0	11	
0	0	0	0.000377893	5	0	14	
0	0	0	0.000573874	8	0	23	
0	0	0	0.000908852	11	0	32	
0	0	0	0.000518084	7	0	20	
0	0	0	0.000806808	11	0	32	
0	0	0	0.000837088	11	0	32	
0	0	0	0.000365973	5	0	14	
0	0	0	0.000873089	12	0	35	
0	0	0	0.000385046	5	0	14	
0	0	0	0.000408173	6	0	17	
0	0	0	0.000272989	4	0	11	
0	0	0	0.00128794	17	0	50	
0	0	0	0.00124502	16	0	47	
0	0	0	0.000823975	11	0	32	
0	0	0	0.00115991	15	0	44	
0	0	0	0.000396013	5	0	14	
0	0	0	0.000590801	8	0	23	
0	0	0	0.000617027	8	0	23	
0	0	0	0.000827074	11	0	32	
0	0	0	0.00142622	19	0	56	
0	0	0	0.000942945	12	0	35	
0	0	0	0.0016861	21	0	62	
0	0	0	0.00138807	18	0	53	
0	0	0	0.000513077	7	0	20	
0	0	0	0.000987053	13	0	38	
0	0	0	0.00144696	17	0	50	
0	0	0	0.000696182	8	0	23	
0	0	0	0.000810862	10	0	29	
0	0	0	0.000793934	10	0	29	
0	0	0	0.000848055	10	0	29	
0	0	0	0.000543833	7	0	20	
0	0	0	0.000650883	8	0	23	
0	0	0	0.000732899	9	0	26	
0	0	0	0.000551939	7	0	20	
0	0	0	0.000687838	8	0	23	
0	0	0	0.000365973	5	0	14	
0	0	0	0.000686884	9	0	26	
0	0	0	0.000665903	9	0	26	
0	0	0	0.00123215	16	0	47	
0	0	0	0.000499964	7	0	20	
0	0	0	0.001127	14	0	41	
0	0	0	0.000887156	11	0	32	
0	0	0	0.00087285	11	0	32	
0	0	0	0.0010519	13	0	38	
0	0	0	0.000682116	9	0	26	
0	0	0	0.001333	17	0	50	
0	0	0	0.000482798	6	0	17	
0	0	0	0.0004282	6	0	17	
0	0	0	0.000202894	3	0	8	
0	0	0	0.000267029	4	0	11	
0	0	0	0.000383139	5	0	14	
0	0	0	0.000650883	9	0	26	
0	0	0	0.000836849	11	0	32	
0	0	0	0.000298977	4	0	11	
0	0	0	0.000659943	9	0	26	
0	0	0	0.00102496	14	0	41	
0	0	0	0.00111914	14	0	41	
0	0	0	0.000916004	11	0	32	
0	0	0	0.001266	16	0	47	
0	0	0	0.000710964	9	0	26	
0	0	0	0.00121784	16	0	47	
0	0	0	0.00071907	9	0	26	
0	0	0	0.000707865	9	0	26	
0	0	0	0.000480175	6	0	17	
0	0	0	0.00151992	18	0	53	
0	0	0	0.000570059	7	0	20	
0	0	0	0.000383139	5	0	14	
0	0	0	0.00125217	16	0	47	
0	0	0	0.000626087	8	0	23	
0	0	0	0.00102878	14	0	41	
0	0	0	0.000944138	13	0	38	
0	0	0	0.00129104	16	0	47	
0	0	0	0.00121403	14	0	41	
0	0	0	0.000415087	5	0	14	
0	0	0	0.000328779	4	0	11	
0	0	0	0.0010891	13	0	38	
0	0	0	0.000714064	9	0	26	
0	0	0	0.000285149	4	0	11	
0	0	0	0.00028801	4	0	11	
0	0	0	0.00114512	14	0	41	
0	0	0	0.000491858	6	0	17	
0	0	0	0.000426054	5	0	14	
0	0	0	0.000560045	7	0	20	
0	0	0	0.000847101	11	0	32	
0	0	0	0.00028801	4	0	11	
0	0	0	0.00071311	9	0	26	
0	0	0	0.00118685	15	0	44	
0	0	0	0.000819206	10	0	29	
0	0	0	0.00120091	15	0	44	
0	0	0	0.000560045	7	0	20	
0	0	0	0.000878811	12	0	35	
0	0	0	0.00111294	14	0	41	
0	0	0	0.00028801	4	0	11	
0	0	0	0.000701904	9	0	26	
0	0	0	0.00054121	7	0	20	
0	0	0	0.000555992	7	0	20	
0	0	0	0.000301123	4	0	11	
0	0	0	0.000370026	5	0	14	
0	0	0	0.000616789	8	0	23	
0	0	0	0.000593901	8	0	23	
0	0	0	0.000380993	5	0	14	
0	0	0	0.000962019	12	0	35	
0	0	0	0.00146818	18	0	53	
0	0	0	0.000722885	9	0	26	
0	0	0	0.00129008	16	0	47	
0	0	0	0.000444174	6	0	17	
0	0	0	0.000375032	5	0	14	
0	0	0	0.000357866	5	0	14	
0	0	0	0.000605106	8	0	23	
0	0	0	0.000355005	5	0	14	
0	0	0	0.000595093	8	0	23	
0	0	0	0.00120401	16	0	47	
0	0	0	0.000437975	6	0	17	
0	0	0	0.000506163	7	0	20	
0	0	0	0.000283003	4	0	11	
0	0	0	0.000708103	9	0	26	
0	0	0	0.000449896	6	0	17	
0	0	0	0.000666142	9	0	26	
0	0	0	0.000439882	6	0	17	
0	0	0	0.000786066	11	0	32	
0	0	0	0.00058794	8	0	23	
0	0	0	0.000564098	8	0	23	
0	0	0	0.00102615	13	0	38	
0	0	0	0.000499964	6	0	17	
0	0	0	0.000860929	11	0	32	
0	0	0	0.000955105	13	0	38	
0	0	0	0.001091	14	0	41	
0	0	0	0.000403881	5	0	14	
0	0	0	0.000706911	9	0	26	
0	0	0	0.000432968	6	0	17	
0	0	0	0.000291109	4	0	11	
0	0	0	0.000613213	8	0	23	
0	0	0	0.000381947	5	0	14	
0	0	0	0.000625134	8	0	23	
0	0	0	0.00052619	7	0	20	
0	0	0	0.000765085	10	0	29	
0	0	0	0.000913858	13	0	38	
0	0	0	0.000759125	10	0	29	
0	0	0	0.000446081	6	0	17	
0	0	0	0.000346899	5	0	14	
0	0	0	0.00106287	14	0	41	
0	0	0	0.000983953	13	0	38	
0	0	0	0.000348091	5	0	14	
0	0	0	0.000582933	8	0	23	
0	0	0	0.000865936	12	0	35	
0	0	0	0.000361919	5	0	14	
0	0	0	0.000836849	11	0	32	
0	0	0	0.000980139	12	0	35	
0	0	0	0.00111103	15	0	44	
0	0	0	0.00067997	9	0	26	
0	0	0	0.000560999	8	0	23	
0	0	0	0.00075388	9	0	26	
0	0	0	0.000200987	3	0	8	
0	0	0	0.000348091	5	0	14	
0	0	0	0.00029397	4	0	11	
0	0	0	0.000426054	6	0	17	
0	0	0	0.000455856	6	0	17	
0	0	0	0.000571966	8	0	23	
0	0	0	0.00131297	16	0	47	
0	0	0	0.00123692	16	0	47	
0	0	0	0.000892878	11	0	32	
0	0	0	0.000715017	10	0	29	
0	0	0	0.000344992	5	0	14	
0	0	0	0.000543118	7	0	20	
0	0	0	0.000522852	6	0	17	
0	0	0	0.000893831	11	0	32	
0	0	0	0.000662088	9	0	26	
0	0	0	0.000460863	6	0	17	
0	0	0	0.000949144	12	0	35	
0	0	0	0.00116897	15	0	44	
0	0	0	0.00101113	13	0	38	
0	0	0	0.000772953	10	0	29	
0	0	0	0.000674009	9	0	26	
0	0	0	0.000281811	4	0	11	
0	0	0	0.000472069	6	0	17	
0	0	0	0.000428915	6	0	17	
0	0	0	0.000524998	7	0	20	
0	0	0	0.000348806	5	0	14	
0	0	0	0.00068593	9	0	26	
0	0	0	0.000771046	10	0	29	
0	0	0	0.000535965	7	0	20	
0	0	0	0.00051713	7	0	20	
0	0	0	0.000384092	5	0	14	
0	0	0	0.00128818	17	0	50	
0	0	0	0.000797033	11	0	32	
0	0	0	0.000733852	10	0	29	
0	0	0	0.000516891	7	0	20	
0	0	0	0.000756979	10	0	29	
0	0	0	0.000355005	5	0	14	
0	0	0	0.000673056	9	0	26	
0	0	0	0.000568151	8	0	23	
0	0	0	0.000597	8	0	23	
0	0	0	0.000561953	8	0	23	
0	0	0	0.000490904	7	0	20	
0	0	0	0.00079298	11	0	32	
0	0	0	0.000442982	6	0	17	
0	0	0	0.000375032	5	0	14	
0	0	0	0.000406027	6	0	17	
0	0	0	0.00131989	18	0	53	
0	0	0	0.000663996	9	0	26	
0	0	0	0.00079608	11	0	32	
0	0	0	0.000448942	6	0	17	
0	0	0	0.0010829	14	0	41	
0	0	0	0.00112104	15	0	44	
0	0	0	0.0008111	10	0	29	
0	0	0	0.00052309	7	0	20	
0	0	0	0.000669956	9	0	26	
0	0	0	0.000861883	11	0	32	
0	0	0	0.001544	18	0	53	
0	0	0	0.000319004	4	0	11	
0	0	0	0.000405073	5	0	14	
0	0	0	0.000449181	6	0	17	
0	0	0	0.00137496	17	0	50	
0	0	0	0.00036788	5	0	14	
0	0	0	0.000731945	10	0	29	
0	0	0	0.000494003	7	0	20	
0	0	0	0.000438929	6	0	17	
0	0	0	0.000635147	9	0	26	
0	0	0	0.000921011	12	0	35	
0	0	0	0.000452995	6	0	17	
0	0	0	0.001194	15	0	44	
0	0	0	0.000612974	8	0	23	
0	0	0	0.00106621	14	0	41	
0	0	0	0.00158787	20	0	59	
0	0	0	0.00118494	15	0	44	
0	0	0	0.000298023	4	0	11	
0	0	0	0.000835896	11	0	32	
0	0	0	0.000567198	8	0	23	
0	0	0	0.000920057	12	0	35	
0	0	0	0.000586987	7	0	20	
0	0	0	0.00102711	13	0	38	
0	0	0	0.0016191	18	0	53	
0	0	0	0.00138497	17	0	50	
0	0	0	0.00121403	16	0	47	
0	0	0	0.000594139	8	0	23	
0	0	0	0.000694036	9	0	26	
0	0	0	0.000595093	8	0	23	
0	0	0	0.00116897	15	0	44	
0	0	0	0.00162888	22	0	65	
0	0	0	0.000977993	13	0	38	
0	0	0	0.000288963	4	0	11	
0	0	0	0.00147486	19	0	56	
0	0	0	0.000688076	9	0	26	
0	0	0	0.000919104	12	0	35	
0	0	0	0.00080514	11	0	32	
0	0	0	0.000560045	7	0	20	
0	0	0	0.000519037	7	0	20	
0	0	0	0.000773907	10	0	29	
0	0	0	0.000363111	5	0	14	
0	0	0	0.00132895	18	0	53	
0	0	0	0.000892878	11	0	32	
0	0	0	0.000568151	7	0	20	
0	0	0	0.000686169	9	0	26	
0	0	0	0.000692844	9	0	26	
0	0	0	0.000197887	3	0	8	
0	0	0	0.00058198	8	0	23	
0	0	0	0.000359774	5	0	14	
0	0	0	0.000792027	8	0	23	
0	0	0	0.000429869	6	0	17	
0	0	0	0.000375032	5	0	14	
0	0	0	0.000669956	9	0	26	
0	0	0	0.000743866	10	0	29	
0	0	0	0.00115299	15	0	44	
0	0	0	0.00112104	15	0	44	
0	0	0	0.000964165	13	0	38	
0	0	0	0.000380993	5	0	14	
0	0	0	0.00123	17	0	50	
0	0	0	0.00106096	14	0	41	
0	0	0	0.000930786	12	0	35	
0	0	0	0.000375032	5	0	14	
0	0	0	0.000797987	11	0	32	
0	0	0	0.000693083	10	0	29	
0	0	0	0.000524998	7	0	20	
0	0	0	0.00027895	4	0	11	
0	0	0	0.000662088	9	0	26	
0	0	0	0.000928879	12	0	35	
0	0	0	0.000735998	10	0	29	
0	0	0	0.00139594	19	0	56	
0	0	0	0.00120211	14	0	41	
0	0	0	0.00101495	13	0	38	
0	0	0	0.000860929	11	0	32	
0	0	0	0.00068903	9	0	26	
0	0	0	0.000397921	5	0	14	
0	0	0	0.000743866	10	0	29	
0	0	0	0.000647068	9	0	26	
0	0	0	0.00121808	16	0	47	
0	0	0	0.0003829	5	0	14	
0	0	0	0.000513792	7	0	20	
0	0	0	0.000444889	6	0	17	
0	0	0	0.0006001	8	0	23	
0	0	0	0.000380039	5	0	14	
0	0	0	0.00058198	8	0	23	
0	0	0	0.000865936	12	0	35	
0	0	0	0.000666142	9	0	26	
0	0	0	0.00029397	4	0	11	
0	0	0	0.000607014	8	0	23	
0	0	0	0.000262022	4	0	11	
0	0	0	0.000383854	5	0	14	
0	0	0	0.000200033	3	0	8	
0	0	0	0.000571012	8	0	23	
0	0	0	0.000283003	4	0	11	
0	0	0	0.000352144	5	0	14	
0	0	0	0.000360012	5	0	14	
0	0	0	0.000365019	5	0	14	
0	0	0	0.000458002	6	0	17	
0	0	0	0.000443935	6	0	17	
0	0	0	0.000463009	6	0	17	
0	0	0	0.000355959	5	0	14	
0	0	0	0.000366211	5	0	14	
0	0	0	0.000453949	6	0	17	
0	0	0	0.000431061	6	0	17	
0	0	0	0.00138617	16	0	47	
0	0	0	0.000684023	9	0	26	
0	0	0	0.00107098	14	0	41	
0	0	0	0.000692129	9	0	26	
0	0	0	0.000822067	11	0	32	
0	0	0	0.000576973	8	0	23	
0	0	0	0.000267982	4	0	11	
0	0	0	0.000271082	4	0	11	
0	0	0	0.000363111	5	0	14	
0	0	0	0.000453949	6	0	17	
0	0	0	0.00106215	14	0	41	
0	0	0	0.000201941	3	0	8	
0	0	0	0.00050211	7	0	20	
0	0	0	0.000986099	13	0	38	
0	0	0	0.000467062	6	0	17	
0	0	0	0.000337839	5	0	14	
0	0	0	0.000123978	2	0	5	
0	0	0	0.000535965	8	0	23	
0	0	0	0.000757933	10	0	29	
0	0	0	0.00133204	18	0	53	
0	0	0	0.000516176	7	0	20	
0	0	0	0.000407934	5	0	14	
0	0	0	0.000517845	7	0	20	
0	0	0	0.000547886	7	0	20	
0	0	0	0.00144386	21	0	62	
0	0	0	0.00101209	13	0	38	
0	0	0	0.000686884	9	0	26	
0	0	0	0.000277996	4	0	11	
0	0	0	0.000586033	8	0	23	
0	0	0	0.000874996	10	0	29	
0	0	0	0.000352144	5	0	14	
0	0	0	0.000422001	6	0	17	
0	0	0	0.00106716	15	0	44	
0	0	0	0.000457048	6	0	17	
0	0	0	0.000604868	8	0	23	
0	0	0	0.00104094	14	0	41	
0	0	0	0.000993013	13	0	38	
0	0	0	0.000978947	13	0	38	
0	0	0	0.000458002	6	0	17	
0	0	0	0.000336885	5	0	14	
0	0	0	0.000588894	8	0	23	
0	0	0	0.00117993	16	0	47	
0	0	0	0.000458002	6	0	17	
0	0	0	0.000309944	4	0	11	
0	0	0	0.00113606	15	0	44	
0	0	0	0.000385046	5	0	14	
0	0	0	0.00051403	7	0	20	
0	0	0	0.000524998	7	0	20	
0	0	0	0.00100803	13	0	38	
0	0	0	0.000374079	5	0	14	
0	0	0	0.00109696	14	0	41	
0	0	0	0.00072217	9	0	26	
0	0	0	0.000535011	7	0	20	
0	0	0	0.000542879	7	0	20	
0	0	0	0.00051403	7	0	20	
0	0	0	0.000359058	5	0	14	
0	0	0	0.000605106	8	0	23	
0	0	0	0.000337124	5	0	14	
0	0	0	0.000878096	9	0	26	
0	0	0	0.000470877	6	0	17	
0	0	0	0.000427008	6	0	17	
0	0	0	0.000487089	7	0	20	
0	0	0	0.000352859	5	0	14	
0	0	0	0.000983953	13	0	38	
0	0	0	0.000437975	6	0	17	
0	0	0	0.000195026	3	0	8	
0	0	0	0.000669956	9	0	26	
0	0	0	0.00083518	11	0	32	
0	0	0	0.000803947	11	0	32	
0	0	0	0.00049901	6	0	17	
0	0	0	0.000581026	8	0	23	
0	0	0	0.000295877	4	0	11	
0	0	0	0.0003829	5	0	14	
0	0	0	0.000368834	5	0	14	
0	0	0	0.000812054	11	0	32	
0	0	0	0.000853777	11	0	32	
0	0	0	0.000586033	8	0	23	
0	0	0	0.000427008	6	0	17	
0	0	0	0.000726938	10	0	29	
0	0	0	0.00075984	10	0	29	
0	0	0	0.000683069	9	0	26	
0	0	0	0.000337124	5	0	14	
0	0	0	0.000504971	7	0	20	
0	0	0	0.000272989	4	0	11	
0	0	0	0.000585794	8	0	23	
0	0	0	0.00125599	16	0	47	
0	0	0	0.000617027	8	0	23	
0	0	0	0.00101519	14	0	41	
0	0	0	0.00111294	14	0	41	
0	0	0	0.000828981	9	0	26	
0	0	0	0.00102901	13	0	38	
0	0	0	0.000391006	5	0	14	
0	0	0	0.000424147	6	0	17	
0	0	0	0.00125599	16	0	47	
0	0	0	0.00092411	12	0	35	
0	0	0	0.000386953	5	0	14	
0	0	0	0.000842094	10	0	29	
0	0	0	0.000423908	5	0	14	
0	0	0	0.00106597	13	0	38	
0	0	0	0.000465155	6	0	17	
0	0	0	0.000354052	5	0	14	
0	0	0	0.00127697	16	0	47	
0	0	0	0.000845194	11	0	32	
0	0	0	0.000969887	12	0	35	
0	0	0	0.000461102	6	0	17	
0	0	0	0.0008111	10	0	29	
0	0	0	0.000488997	7	0	20	
0	0	0	0.000740051	10	0	29	
0	0	0	0.000447035	6	0	17	
0	0	0	0.000592947	8	0	23	
0	0	0	0.000663996	9	0	26	
0	0	0	0.00102401	13	0	38	
0	0	0	0.000448942	6	0	17	
0	0	0	0.000425816	6	0	17	
0	0	0	0.000706911	9	0	26	
0	0	0	0.00123286	14	0	41	
0	0	0	0.00155783	16	0	47	
0	0	0	0.00080204	9	0	26	
0	0	0	0.000485182	6	0	17	
0	0	0	0.000422001	5	0	14	
0	0	0	0.00060606	8	0	23	
0	0	0	0.000975132	13	0	38	
0	0	0	0.00106597	14	0	41	
0	0	0	0.000719786	9	0	26	
0	0	0	0.00115013	14	0	41	
0	0	0	0.000982046	11	0	32	
0	0	0	0.000703096	9	0	26	
0	0	0	0.000511169	7	0	20	
0	0	0	0.00103688	13	0	38	
0	0	0	0.00068593	9	0	26	
0	0	0	0.000491142	7	0	20	
0	0	0	0.000361919	5	0	14	
0	0	0	0.000551224	7	0	20	
0	0	0	0.000678062	9	0	26	
0	0	0	0.000370979	5	0	14	
0	0	0	0.000369072	5	0	14	
0	0	0	0.000436068	6	0	17	
0	0	0	0.000571012	7	0	20	
0	0	0	0.00119591	15	0	44	
0	0	0	0.000535011	7	0	20	
0	0	0	0.00132012	16	0	47	
0	0	0	0.000464916	6	0	17	
0	0	0	0.000292063	4	0	11	
0	0	0	0.000776052	10	0	29	
0	0	0	0.000693083	9	0	26	
0	0	0	0.000674963	9	0	26	
0	0	0	0.000473976	6	0	17	
0	0	0	0.000595093	8	0	23	
0	0	0	0.000289917	4	0	11	
0	0	0	0.000405788	5	0	14	
0	0	0	0.000208139	3	0	8	
0	0	0	0.00122786	16	0	47	
0	0	0	0.000849009	11	0	32	
0	0	0	0.000868797	12	0	35	
0	0	0	0.000920057	12	0	35	
0	0	0	0.000366926	5	0	14	
0	0	0	0.000436783	6	0	17	
0	0	0	0.00046587	6	0	17	
0	0	0	0.000509024	7	0	20	
0	0	0	0.000757217	10	0	29	
0	0	0	0.00108194	14	0	41	
0	0	0	0.000786066	10	0	29	
0	0	0	0.000874996	11	0	32	
0	0	0	0.000268936	4	0	11	
0	0	0	0.000386	5	0	14	
0	0	0	0.000628948	8	0	23	
0	0	0	0.00163007	21	0	62	
0	0	0	0.000458956	6	0	17	
0	0	0	0.000823021	11	0	32	
0	0	0	0.00100708	13	0	38	
0	0	0	0.000341892	5	0	14	
0	0	0	0.000688076	9	0	26	
0	0	0	0.000736952	10	0	29	
0	0	0	0.000524998	7	0	20	
0	0	0	0.000860929	12	0	35	
0	0	0	0.000441074	6	0	17	
0	0	0	0.000726223	10	0	29	
0	0	0	0.000672102	9	0	26	
0	0	0	0.00054121	7	0	20	
0	0	0	0.000679016	9	0	26	
0	0	0	0.00100207	13	0	38	
0	0	0	0.000368834	5	0	14	
0	0	0	0.000288963	4	0	11	
0	0	0	0.000629902	8	0	23	
0	0	0	0.000532866	7	0	20	
0	0	0	0.000682116	9	0	26	
0	0	0	0.000360966	5	0	14	
0	0	0	0.000655174	9	0	26	
0	0	0	0.000280142	4	0	11	
0	0	0	0.00118589	15	0	44	
0	0	0	0.000445127	6	0	17	
0	0	0	0.000958204	13	0	38	
0	0	0	0.000741959	10	0	29	
0	0	0	0.000975847	12	0	35	
0	0	0	0.000209808	3	0	8	
0	0	0	0.0007689	10	0	29	
0	0	0	0.000721216	9	0	26	
0	0	0	0.000447989	6	0	17	
0	0	0	0.00100613	13	0	38	
0	0	0	0.000474215	7	0	20	
0	0	0	0.000427961	6	0	17	
0	0	0	0.000797987	11	0	32	
0	0	0	0.000753164	9	0	26	
0	0	0	0.00040102	5	0	14	
0	0	0	0.000469923	6	0	17	
0	0	0	0.000675917	9	0	26	
0	0	0	0.000511885	7	0	20	
0	0	0	0.00058198	8	0	23	
0	0	0	0.000455141	6	0	17	
0	0	0	0.000381947	5	0	14	
0	0	0	0.000720024	9	0	26	
0	0	0	0.00046587	6	0	17	
0	0	0	0.000771046	10	0	29	
0	0	0	0.00028801	4	0	11	
0	0	0	0.000720024	10	0	29	
0	0	0	0.000821114	11	0	32	
0	0	0	0.000761032	10	0	29	
0	0	0	0.000530005	7	0	20	
0	0	0	0.000357866	5	0	14	
0	0	0	0.000357866	5	0	14	
0	0	0	0.000735998	10	0	29	
0	0	0	0.000611067	8	0	23	
0	0	0	0.000813007	10	0	29	
0	0	0	0.000458002	6	0	17	
0	0	0	0.00072813	10	0	29	
0	0	0	0.000629902	8	0	23	
0	0	0	0.000710011	10	0	29	
0	0	0	0.000613928	8	0	23	
0	0	0	0.000361919	5	0	14	
0	0	0	0.000809908	11	0	32	
0	0	0	0.000339031	5	0	14	
0	0	0	0.00104499	14	0	41	
0	0	0	0.000808954	11	0	32	
0	0	0	0.00195289	24	0	71	
0	0	0	0.0011611	15	0	44	
0	0	0	0.00225997	32	0	95	
0	0	0	0.00145602	18	0	53	
0	0	0	0.000674963	9	0	26	
0	0	0	0.000963926	12	0	35	
0	0	0	0.00170493	18	0	53	
0	0	0	0.00125813	16	0	47	
0	0	0	0.00122404	15	0	44	
0	0	0	0.00102615	13	0	38	
0	0	0	0.00114703	15	0	44	
0	0	0	0.000452995	6	0	17	
0	0	0	0.000656128	9	0	26	
0	0	0	0.00132513	17	0	50	
0	0	0	0.000838995	11	0	32	
0	0	0	0.000862122	12	0	35	
0	0	0	0.00133491	17	0	50	
0	0	0	0.00108385	14	0	41	
0	0	0	0.000968933	12	0	35	
0	0	0	0.00137186	18	0	53	
0	0	0	0.00136185	17	0	50	
0	0	0	0.00115895	15	0	44	
0	0	0	0.00109601	14	0	41	
0	0	0	0.00164986	23	0	68	
0	0	0	0.000617981	8	0	23	
0	0	0	0.000749826	10	0	29	
0	0	0	0.000766039	10	0	29	
0	0	0	0.000967979	12	0	35	
0	0	0	0.00163412	21	0	62	
0	0	0	0.00156498	20	0	59	
0	0	0	0.00058794	8	0	23	
0	0	0	0.00156808	20	0	59	
0	0	0	0.000859022	11	0	32	
0	0	0	0.000545979	7	0	20	
0	0	0	0.000909805	12	0	35	
0	0	0	0.00149202	19	0	56	
0	0	0	0.00196385	24	0	71	
0	0	0	0.00174499	22	0	65	
0	0	0	0.00118113	15	0	44	
0	0	0	0.0017941	23	0	68	
0	0	0	0.00161099	20	0	59	
0	0	0	0.000788927	10	0	29	
0	0	0	0.00209999	27	0	80	
0	0	0	0.000483036	6	0	17	
0	0	0	0.000830173	11	0	32	
0	0	0	0.00056386	7	0	20	
0	0	0	0.000850916	11	0	32	
0	0	0	0.00104499	13	0	38	
0	0	0	0.0016911	22	0	65	
0	0	0	0.000943184	12	0	35	
0	0	0	0.00141597	19	0	56	
0	0	0	0.00197101	25	0	74	
0	0	0	0.00137901	17	0	50	
0	0	0	0.00184298	23	0	68	
0	0	0	0.000710011	9	0	26	
0	0	0	0.000607967	8	0	23	
0	0	0	0.00143814	19	0	56	
0	0	0	0.00119805	15	0	44	
0	0	0	0.000584841	8	0	23	
0	0	0	0.000372887	5	0	14	
0	0	0	0.000418901	6	0	17	
0	0	0	0.000766039	10	0	29	
0	0	0	0.00120711	15	0	44	
0	0	0	0.00131989	17	0	50	
0	0	0	0.000818968	10	0	29	
0	0	0	0.000983	13	0	38	
0	0	0	0.00120282	16	0	47	
0	0	0	0.00150013	20	0	59	
0	0	0	0.00126314	16	0	47	
0	0	0	0.00102806	13	0	38	
0	0	0	0.00144815	19	0	56	
0	0	0	0.000800133	10	0	29	
0	0	0	0.000874996	12	0	35	
0	0	0	0.00114107	15	0	44	
0	0	0	0.000996113	13	0	38	
0	0	0	0.000959158	13	0	38	
0	0	0	0.0012269	16	0	47	
0	0	0	0.00159907	21	0	62	
0	0	0	0.00136805	17	0	50	
0	0	0	0.00079298	10	0	29	
0	0	0	0.000899076	12	0	35	
0	0	0	0.00213599	28	0	83	
0	0	0	0.00177002	22	0	65	
0	0	0	0.00111508	15	0	44	
0	0	0	0.000673056	9	0	26	
0	0	0	0.000901937	12	0	35	
0	0	0	0.00130391	17	0	50	
0	0	0	0.00130105	17	0	50	
0	0	0	0.000687838	9	0	26	
0	0	0	0.00148416	19	0	56	
0	0	0	0.00158787	21	0	62	
0	0	0	0.00144482	19	0	56	
0	0	0	0.00147009	19	0	56	
0	0	0	0.00152802	19	0	56	
0	0	0	0.000913143	11	0	32	
0	0	0	0.000861883	11	0	32	
0	0	0	0.00135589	18	0	53	
0	0	0	0.00107503	14	0	41	
0	0	0	0.00123119	16	0	47	
0	0	0	0.00100803	13	0	38	
0	0	0	0.00172615	22	0	65	
0	0	0	0.00149989	19	0	56	
0	0	0	0.000943184	12	0	35	
0	0	0	0.000931025	12	0	35	
0	0	0	0.00100279	13	0	38	
0	0	0	0.000859022	12	0	35	
0	0	0	0.000938892	12	0	35	
0	0	0	0.001333	17	0	50	
0	0	0	0.00112009	14	0	41	
0	0	0	0.00107503	14	0	41	
0	0	0	0.000625134	8	0	23	
0	0	0	0.000979185	13	0	38	
0	0	0	0.00104809	14	0	41	
0	0	0	0.000638962	9	0	26	
0	0	0	0.000673056	9	0	26	
0	0	0	0.00139999	18	0	53	
0	0	0	0.00133491	18	0	53	
0	0	0	0.000699997	9	0	26	
0	0	0	0.000927925	12	0	35	
0	0	0	0.000690937	9	0	26	
0	0	0	0.00162101	22	0	65	
0	0	0	0.000988007	13	0	38	
0	0	0	0.000272036	4	0	11	
0	0	0	0.000718832	10	0	29	
0	0	0	0.000652075	9	0	26	
0	0	0	0.000848055	11	0	32	
0	0	0	0.000692844	9	0	26	
0	0	0	0.00120711	15	0	44	
0	0	0	0.00141811	18	0	53	
0	0	0	0.0013082	17	0	50	
0	0	0	0.00119495	15	0	44	
0	0	0	0.00150108	19	0	56	
0	0	0	0.00159502	21	0	62	
0	0	0	0.00143504	18	0	53	
0	0	0	0.000914812	11	0	32	
0	0	0	0.001724	22	0	65	
0	0	0	0.00125504	17	0	50	
0	0	0	0.00115895	15	0	44	
0	0	0	0.00115919	15	0	44	
0	0	0	0.00163817	20	0	59	
0	0	0	0.00106287	14	0	41	
0	0	0	0.000914097	12	0	35	
0	0	0	0.00111294	15	0	44	
0	0	0	0.00155711	20	0	59	
0	0	0	0.00127006	16	0	47	
0	0	0	0.00111413	14	0	41	
0	0	0	0.000911951	12	0	35	
0	0	0	0.000916004	12	0	35	
0	0	0	0.000529051	7	0	20	
0	0	0	0.00171089	22	0	65	
0	0	0	0.00131297	17	0	50	
0	0	0	0.000832081	11	0	32	
0	0	0	0.000508785	7	0	20	
0	0	0	0.000977039	12	0	35	
0	0	0	0.00114512	15	0	44	
0	0	0	0.00107002	14	0	41	
0	0	0	0.000643969	8	0	23	
0	0	0	0.00115299	15	0	44	
0	0	0	0.00067687	9	0	26	
0	0	0	0.000558853	8	0	23	
0	0	0	0.000749826	10	0	29	
0	0	0	0.000910997	11	0	32	
0	0	0	0.00108409	14	0	41	
0	0	0	0.00108099	14	0	41	
0	0	0	0.00110507	15	0	44	
0	0	0	0.001297	16	0	47	
0	0	0	0.00109696	14	0	41	
0	0	0	0.00124097	16	0	47	
0	0	0	0.000803947	10	0	29	
0	0	0	0.00136304	17	0	50	
0	0	0	0.000695944	9	0	26	
0	0	0	0.00100303	13	0	38	
0	0	0	0.00127912	16	0	47	
0	0	0	0.00089407	12	0	35	
0	0	0	0.00114083	15	0	44	
0	0	0	0.00154686	19	0	56	
0	0	0	0.00152206	19	0	56	
0	0	0	0.0003829	5	0	14	
0	0	0	0.0007658	10	0	29	
0	0	0	0.00178885	23	0	68	
0	0	0	0.000782967	10	0	29	
0	0	0	0.00147295	19	0	56	
0	0	0	0.000923872	11	0	32	
0	0	0	0.00120211	15	0	44	
0	0	0	0.00154209	20	0	59	
0	0	0	0.00162506	21	0	62	
0	0	0	0.00120401	16	0	47	
0	0	0	0.00075388	10	0	29	
0	0	0	0.00108194	13	0	38	
0	0	0	0.00141811	18	0	53	
0	0	0	0.00124812	16	0	47	
0	0	0	0.00146389	19	0	56	
0	0	0	0.000762224	10	0	29	
0	0	0	0.00109911	15	0	44	
0	0	0	0.000921011	12	0	35	
0	0	0	0.000344038	5	0	14	
0	0	0	0.00101018	13	0	38	
0	0	0	0.00140905	18	0	53	
0	0	0	0.00152087	18	0	53	
0	0	0	0.000712872	9	0	26	
0	0	0	0.00150299	19	0	56	
0	0	0	0.00127387	16	0	47	
0	0	0	0.000537872	7	0	20	
0	0	0	0.000961781	12	0	35	
0	0	0	0.00122094	15	0	44	
0	0	0	0.00158095	21	0	62	
0	0	0	0.00122499	16	0	47	
0	0	0	0.00110197	15	0	44	
0	0	0	0.000613213	8	0	23	
0	0	0	0.000746965	10	0	29	
0	0	0	0.00107503	14	0	41	
0	0	0	0.00123596	16	0	47	
0	0	0	0.000962973	13	0	38	
0	0	0	0.000611067	8	0	23	
0	0	0	0.00142407	19	0	56	
0	0	0	0.00112414	12	0	35	
0	0	0	0.00240707	20	0	59	
0	0	0	0.00100493	12	0	35	
0	0	0	0.00141096	17	0	50	
0	0	0	0.001158	15	0	44	
0	0	0	0.001086	14	0	41	
0	0	0	0.000573158	7	0	20	
0	0	0	0.00120807	16	0	47	
0	0	0	0.000596046	7	0	20	
0	0	0	0.00174403	22	0	65	
0	0	0	0.00031805	4	0	11	
0	0	0	0.000838995	10	0	29	
0	0	0	0.000865936	11	0	32	
0	0	0	0.00101209	13	0	38	
0	0	0	0.000674963	9	0	26	
0	0	0	0.00119209	16	0	47	
0	0	0	0.00128698	17	0	50	
0	0	0	0.000654936	8	0	23	
0	0	0	0.000683069	8	0	23	
0	0	0	0.000329971	4	0	11	
0	0	0	0.00146604	12	0	35	
0	0	0	0.00116086	15	0	44	
0	0	0	0.00182581	22	0	65	
0	0	0	0.00127101	16	0	47	
0	0	0	0.000661135	8	0	23	
0	0	0	0.000380993	5	0	14	
0	0	0	0.00148296	19	0	56	
0	0	0	0.000560045	7	0	20	
0	0	0	0.00173783	23	0	68	
0	0	0	0.00152802	20	0	59	
0	0	0	0.00122714	16	0	47	
0	0	0	0.00179791	23	0	68	
0	0	0	0.00125599	16	0	47	
0	0	0	0.00152898	20	0	59	
0	0	0	0.0010879	12	0	35	
0	0	0	0.000648975	8	0	23	
0	0	0	0.00171494	23	0	68	
0	0	0	0.000806093	10	0	29	
0	0	0	0.000540018	7	0	20	
0	0	0	0.00176001	23	0	68	
0	0	0	0.000680923	9	0	26	
0	0	0	0.000582933	8	0	23	
0	0	0	0.000447989	6	0	17	
0	0	0	0.000514984	7	0	20	
0	0	0	0.00104594	13	0	38	
0	0	0	0.000294209	4	0	11	
0	0	0	0.00047493	7	0	20	
0	0	0	0.00070715	9	0	26	
0	0	0	0.00128508	16	0	47	
0	0	0	0.00112581	14	0	41	
0	0	0	0.00155115	20	0	59	
0	0	0	0.000728846	10	0	29	
0	0	0	0.00103188	13	0	38	
0	0	0	0.000765085	10	0	29	
0	0	0	0.0015471	19	0	56	
0	0	0	0.00148582	14	0	41	
0	0	0	0.00181293	20	0	59	
0	0	0	0.000765085	9	0	26	
0	0	0	0.00158	19	0	56	
0	0	0	0.00148606	18	0	53	
0	0	0	0.000967026	11	0	32	
0	0	0	0.0013411	16	0	47	
0	0	0	0.00183105	22	0	65	
0	0	0	0.000819921	10	0	29	
0	0	0	0.00148296	18	0	53	
0	0	0	0.000619888	8	0	23	
0	0	0	0.000920057	12	0	35	
0	0	0	0.00170422	22	0	65	
0	0	0	0.00134397	18	0	53	
0	0	0	0.00180387	21	0	62	
0	0	0	0.00128722	16	0	47	
0	0	0	0.00137591	18	0	53	
0	0	0	0.001297	16	0	47	
0	0	0	0.00132298	18	0	53	
0	0	0	0.0013392	19	0	56	
0	0	0	0.00127816	17	0	50	
0	0	0	0.000786066	10	0	29	
0	0	0	0.00110793	15	0	44	
0	0	0	0.0016768	22	0	65	
0	0	0	0.001261	16	0	47	
0	0	0	0.000555038	7	0	20	
0	0	0	0.000740051	9	0	26	
0	0	0	0.00122213	16	0	47	
0	0	0	0.00142217	19	0	56	
0	0	0	0.000893116	12	0	35	
0	0	0	0.00121593	14	0	41	
0	0	0	0.00099206	13	0	38	
0	0	0	0.0013721	17	0	50	
0	0	0	0.0010159	13	0	38	
0	0	0	0.00166011	23	0	68	
0	0	0	0.000749111	10	0	29	
0	0	0	0.000864029	11	0	32	
0	0	0	0.00137281	18	0	53	
0	0	0	0.000648022	9	0	26	
0	0	0	0.00113797	15	0	44	
0	0	0	0.000849009	11	0	32	
0	0	0	0.000469923	6	0	17	
0	0	0	0.00122094	16	0	47	
0	0	0	0.000571012	7	0	20	
0	0	0	0.00131297	18	0	53	
0	0	0	0.00110507	14	0	41	
0	0	0	0.00152588	19	0	56	
0	0	0	0.000702858	9	0	26	
0	0	0	0.00199103	24	0	71	
0	0	0	0.000874043	11	0	32	
0	0	0	0.000437975	6	0	17	
0	0	0	0.000769854	10	0	29	
0	0	0	0.00140309	19	0	56	
0	0	0	0.000908852	12	0	35	
0	0	0	0.000922918	12	0	35	
0	0	0	0.00149298	19	0	56	
0	0	0	0.00105405	13	0	38	
0	0	0	0.000355959	5	0	14	
0	0	0	0.000907898	11	0	32	
0	0	0	0.000902891	12	0	35	
0	0	0	0.000742197	10	0	29	
0	0	0	0.0013721	17	0	50	
0	0	0	0.00122404	15	0	44	
0	0	0	0.000545025	7	0	20	
0	0	0	0.000524998	7	0	20	
0	0	0	0.000437975	6	0	17	
0	0	0	0.00144887	18	0	53	
0	0	0	0.000989914	12	0	35	
0	0	0	0.00101209	13	0	38	
0	0	0	0.00139713	18	0	53	
0	0	0	0.000931978	12	0	35	
0	0	0	0.000931025	12	0	35	
0	0	0	0.000976086	13	0	38	
0	0	0	0.00131202	17	0	50	
0	0	0	0.00157905	20	0	59	
0	0	0	0.000948191	13	0	38	
0	0	0	0.00122213	16	0	47	
0	0	0	0.000945091	12	0	35	
0	0	0	0.000539064	7	0	20	
0	0	0	0.000818968	11	0	32	
0	0	0	0.000832796	11	0	32	
0	0	0	0.00105691	14	0	41	
0	0	0	0.000854969	11	0	32	
0	0	0	0.000873089	11	0	32	
0	0	0	0.000944853	12	0	35	
0	0	0	0.001683	21	0	62	
0	0	0	0.000734806	10	0	29	
0	0	0	0.00121593	16	0	47	
0	0	0	0.00117207	14	0	41	
0	0	0	0.00131106	16	0	47	
0	0	0	0.000626087	8	0	23	
0	0	0	0.000910044	12	0	35	
0	0	0	0.000790119	10	0	29	
0	0	0	0.000543118	7	0	20	
0	0	0	0.00121403	16	0	47	
0	0	0	0.00117707	14	0	41	
0	0	0	0.00136995	17	0	50	
0	0	0	0.00088501	11	0	32	
0	0	0	0.000433922	6	0	17	
0	0	0	0.00158191	20	0	59	
0	0	0	0.000946045	12	0	35	
0	0	0	0.000798941	10	0	29	
0	0	0	0.000690937	9	0	26	
0	0	0	0.00132895	16	0	47	
0	0	0	0.00108409	14	0	41	
0	0	0	0.000854015	11	0	32	
0	0	0	0.0013299	17	0	50	
0	0	0	0.00125504	16	0	47	
0	0	0	0.0010891	15	0	44	
0	0	0	0.00148702	19	0	56	
0	0	0	0.000971794	12	0	35	
0	0	0	0.00141382	18	0	53	
0	0	0	0.000681162	9	0	26	
0	0	0	0.000565052	7	0	20	
0	0	0	0.00134802	17	0	50	
0	0	0	0.00113106	14	0	41	
0	0	0	0.00120807	16	0	47	
0	0	0	0.000773191	10	0	29	
0	0	0	0.000962973	12	0	35	
0	0	0	0.00134611	17	0	50	
0	0	0	0.000300169	4	0	11	
0	0	0	0.0014379	18	0	53	
0	0	0	0.000823021	10	0	29	
0	0	0	0.0013299	17	0	50	
0	0	0	0.001261	16	0	47	
0	0	0	0.00131297	16	0	47	
0	0	0	0.00128508	17	0	50	
0	0	0	0.000916004	12	0	35	
0	0	0	0.000716925	9	0	26	
0	0	0	0.000948906	13	0	38	
0	0	0	0.00107384	15	0	44	
0	0	0	0.00103402	13	0	38	
0	0	0	0.00114298	15	0	44	
0	0	0	0.00119209	15	0	44	
0	0	0	0.00141406	18	0	53	
0	0	0	0.0014801	19	0	56	
0	0	0	0.00136304	18	0	53	
0	0	0	0.00134087	18	0	53	
0	0	0	0.00142503	18	0	53	
0	0	0	0.000730991	9	0	26	
0	0	0	0.000941992	12	0	35	
0	0	0	0.0010078	13	0	38	
0	0	0	0.000752926	10	0	29	
0	0	0	0.00113916	16	0	47	
0	0	0	0.000409842	5	0	14	
0	0	0	0.00116396	15	0	44	
0	0	0	0.00118589	15	0	44	
0	0	0	0.000917912	12	0	35	
0	0	0	0.000758171	10	0	29	
0	0	0	0.00128698	17	0	50	
0	0	0	0.00166488	22	0	65	
0	0	0	0.00170183	22	0	65	
0	0	0	0.00124097	16	0	47	
0	0	0	0.001508	19	0	56	
0	0	0	0.00102901	13	0	38	
0	0	0	0.000988007	12	0	35	
0	0	0	0.000974178	13	0	38	
0	0	0	0.00131178	18	0	53	
0	0	0	0.00088501	11	0	32	
0	0	0	0.000936985	12	0	35	
0	0	0	0.00135303	17	0	50	
0	0	0	0.0011549	15	0	44	
0	0	0	0.00138712	17	0	50	
0	0	0	0.00128794	17	0	50	
0	0	0	0.000995874	13	0	38	
0	0	0	0.000770092	10	0	29	
0	0	0	0.00110292	12	0	35	
0	0	0	0.000729084	9	0	26	
0	0	0	0.000590086	8	0	23	
0	0	0	0.000573158	8	0	23	
0	0	0	0.000658035	8	0	23	
0	0	0	0.000690937	9	0	26	
0	0	0	0.00144196	18	0	53	
0	0	0	0.00131297	17	0	50	
0	0	0	0.000756979	9	0	26	
0	0	0	0.000721216	10	0	29	
0	0	0	0.000359058	5	0	14	
0	0	0	0.000602007	8	0	23	
0	0	0	0.00137186	18	0	53	
0	0	0	0.000926018	12	0	35	
0	0	0	0.00174522	23	0	68	
0	0	0	0.000975847	12	0	35	
0	0	0	0.0012691	17	0	50	
0	0	0	0.00116301	16	0	47	
0	0	0	0.0006001	8	0	23	
0	0	0	0.000941038	12	0	35	
0	0	0	0.00051403	7	0	20	
0	0	0	0.000836134	11	0	32	
0	0	0	0.00069809	9	0	26	
0	0	0	0.00110102	15	0	44	
0	0	0	0.000738144	10	0	29	
0	0	0	0.000899076	11	0	32	
0	0	0	0.000455856	6	0	17	
0	0	0	0.00104523	14	0	41	
0	0	0	0.00117612	15	0	44	
0	0	0	0.00146699	19	0	56	
0	0	0	0.000998974	13	0	38	
0	0	0	0.000609159	8	0	23	
0	0	0	0.000663996	9	0	26	
0	0	0	0.00141191	18	0	53	
0	0	0	0.00118589	15	0	44	
0	0	0	0.000442982	6	0	17	
0	0	0	0.000897169	12	0	35	
0	0	0	0.00153708	21	0	62	
0	0	0	0.00106812	14	0	41	
0	0	0	0.000771046	10	0	29	
0	0	0	0.000976086	13	0	38	
0	0	0	0.00139999	18	0	53	
0	0	0	0.000547886	7	0	20	
0	0	0	0.001477	19	0	56	
0	0	0	0.00114703	15	0	44	
0	0	0	0.00112796	15	0	44	
0	0	0	0.00122714	17	0	50	
0	0	0	0.000751972	10	0	29	
0	0	0	0.00120211	16	0	47	
0	0	0	0.00103807	14	0	41	
0	0	0	0.000739098	10	0	29	
0	0	0	0.000689983	9	0	26	
0	0	0	0.00133181	18	0	53	
0	0	0	0.00145388	18	0	53	
0	0	0	0.00121903	16	0	47	
0	0	0	0.000942945	12	0	35	
0	0	0	0.000902176	12	0	35	
0	0	0	0.0011611	15	0	44	
0	0	0	0.00100279	13	0	38	
0	0	0	0.000844002	11	0	32	
0	0	0	0.00105	14	0	41	
0	0	0	0.00106907	14	0	41	
0	0	0	0.000766993	10	0	29	
0	0	0	0.00135803	17	0	50	
0	0	0	0.000974894	12	0	35	
0	0	0	0.00111508	14	0	41	
0	0	0	0.00160193	20	0	59	
0	0	0	0.000714064	9	0	26	
0	0	0	0.000776052	10	0	29	
0	0	0	0.00134587	17	0	50	
0	0	0	0.00155115	20	0	59	
0	0	0	0.00102997	13	0	38	
0	0	0	0.00131392	17	0	50	
0	0	0	0.00122714	15	0	44	
0	0	0	0.000956059	12	0	35	
0	0	0	0.000742912	10	0	29	
0	0	0	0.000438929	6	0	17	
0	0	0	0.000451088	6	0	17	
0	0	0	0.000747204	10	0	29	
0	0	0	0.000631094	8	0	23	
0	0	0	0.00143504	19	0	56	
0	0	0	0.00145698	19	0	56	
0	0	0	0.000663996	9	0	26	
0	0	0	0.00187802	24	0	71	
0	0	0	0.000689983	9	0	26	
0	0	0	0.00162411	21	0	62	
0	0	0	0.000584126	8	0	23	
0	0	0	0.000979185	13	0	38	
0	0	0	0.001405	18	0	53	
0	0	0	0.00051403	7	0	20	
0	0	0	0.00156116	21	0	62	
0	0	0	0.00124693	16	0	47	
0	0	0	0.000959158	12	0	35	
0	0	0	0.00124097	16	0	47	
0	0	0	0.00129509	16	0	47	
0	0	0	0.000999928	13	0	38	
0	0	0	0.000738144	9	0	26	
0	0	0	0.00135207	18	0	53	
0	0	0	0.00109482	14	0	41	
0	0	0	0.000838995	11	0	32	
0	0	0	0.00139403	18	0	53	
0	0	0	0.0011332	14	0	41	
0	0	0	0.0014329	18	0	53	
0	0	0	0.00109386	14	0	41	
0	0	0	0.00131416	18	0	53	
0	0	0	0.00133705	16	0	47	
0	0	0	0.00119591	15	0	44	
0	0	0	0.000639915	8	0	23	
0	0	0	0.00112391	15	0	44	
0	0	0	0.000745058	10	0	29	
0	0	0	0.00147605	19	0	56	
0	0	0	0.00092411	12	0	35	
0	0	0	0.000698805	9	0	26	
0	0	0	0.000984192	13	0	38	
0	0	0	0.00121713	16	0	47	
0	0	0	0.000488997	6	0	17	
0	0	0	0.00109696	14	0	41	
0	0	0	0.000806093	10	0	29	
0	0	0	0.000986099	12	0	35	
0	0	0	0.00117612	15	0	44	
0	0	0	0.000848055	11	0	32	
0	0	0	0.00137496	18	0	53	
0	0	0	0.00111103	15	0	44	
0	0	0	0.00121093	15	0	44	
0	0	0	0.0016892	21	0	62	
0	0	0	0.000706911	8	0	23	
0	0	0	0.00152683	19	0	56	
0	0	0	0.00145316	18	0	53	
0	0	0	0.00116205	14	0	41	
0	0	0	0.00128508	16	0	47	
0	0	0	0.00113702	15	0	44	
0	0	0	0.0010798	14	0	41	
0	0	0	0.000946045	12	0	35	
0	0	0	0.000942945	12	0	35	
0	0	0	0.00107384	14	0	41	
0	0	0	0.000547886	7	0	20	
0	0	0	0.00116301	15	0	44	
0	0	0	0.00145602	19	0	56	
0	0	0	0.00114202	15	0	44	
0	0	0	0.00128198	16	0	47	
0	0	0	0.000647068	9	0	26	
0	0	0	0.000812054	10	0	29	
0	0	0	0.00036788	5	0	14	
0	0	0	0.00146317	19	0	56	
0	0	0	0.00154901	21	0	62	
0	0	0	0.00102615	14	0	41	
0	0	0	0.000593185	8	0	23	
0	0	0	0.00102496	13	0	38	
0	0	0	0.000684023	9	0	26	
0	0	0	0.00099802	13	0	38	
0	0	0	0.00112081	15	0	44	
0	0	0	0.000644922	9	0	26	
0	0	0	0.00107789	14	0	41	
0	0	0	0.001122	14	0	41	
0	0	0	0.00117183	15	0	44	
0	0	0	0.00110507	13	0	38	
0	0	0	0.00117707	15	0	44	
0	0	0	0.000980139	13	0	38	
0	0	0	0.00051403	7	0	20	
0	0	0	0.000771999	10	0	29	
0	0	0	0.00120783	16	0	47	
0	0	0	0.000962019	13	0	38	
0	0	0	0.0012548	16	0	47	
0	0	0	0.00099802	13	0	38	
0	0	0	0.00101805	13	0	38	
0	0	0	0.00119901	15	0	44	
0	0	0	0.00110698	14	0	41	
0	0	0	0.00047493	6	0	17	
0	0	0	0.00124097	10	0	29	
0	0	0	0.00106382	15	0	44	
0	0	0	0.000751019	10	0	29	
0	0	0	0.00122499	16	0	47	
0	0	0	0.000771046	10	0	29	
0	0	0	0.000979185	13	0	38	
0	0	0	0.000835896	11	0	32	
0	0	0	0.00134802	17	0	50	
0	0	0	0.00149608	20	0	59	
0	0	0	0.00106502	14	0	41	
0	0	0	0.00132203	17	0	50	
0	0	0	0.00122285	16	0	47	
0	0	0	0.000892878	12	0	35	
0	0	0	0.000694036	9	0	26	
0	0	0	0.00138187	17	0	50	
0	0	0	0.00101089	13	0	38	
0	0	0	0.00118709	10	0	29	
0	0	0	0.001436	13	0	38	
0	0	0	0.000996113	12	0	35	
0	0	0	0.000945091	12	0	35	
0	0	0	0.00280499	19	0	56	
0	0	0	0.00147605	9	0	26	
0	0	0	0.00271797	20	0	59	
0	0	0	0.00201488	14	0	41	
0	0	0	0.002285	22	0	65	
0	0	0	0.00140405	16	0	47	
0	0	0	0.00125694	15	0	44	
0	0	0	0.00148702	19	0	56	
0	0	0	0.00103617	13	0	38	
0	0	0	0.001858	22	0	65	
0	0	0	0.00127196	15	0	44	
0	0	0	0.000910044	11	0	32	
0	0	0	0.000746965	9	0	26	
0	0	0	0.00166297	20	0	59	
0	0	0	0.00145912	17	0	50	
0	0	0	0.00124097	15	0	44	
0	0	0	0.00125694	15	0	44	
0	0	0	0.00131297	15	0	44	
0	0	0	0.00130486	15	0	44	
0	0	0	0.00180197	21	0	62	
0	0	0	0.00157905	18	0	53	
0	0	0	0.00124907	14	0	41	
0	0	0	0.00109792	11	0	32	
0	0	0	0.0013051	13	0	38	
0	0	0	0.00184393	19	0	56	
0	0	0	0.00148511	15	0	44	
0	0	0	0.00100899	9	0	26	
0	0	0	0.00191116	18	0	53	
0	0	0	0.000252008	3	0	8	
0	0	0	0.000940084	11	0	32	
0	0	0	0.00108409	13	0	38	
0	0	0	0.00109196	13	0	38	
0	0	0	0.00139904	17	0	50	
0	0	0	0.00119519	14	0	41	
0	0	0	0.0013082	15	0	44	
0	0	0	0.000849009	10	0	29	
0	0	0	0.00110793	14	0	41	
0	0	0	0.000990152	12	0	35	
0	0	0	0.00162601	19	0	56	
0	0	0	0.00132489	16	0	47	
0	0	0	0.000581026	7	0	20	
0	0	0	0.00106096	12	0	35	
0	0	0	0.00104308	12	0	35	
0	0	0	0.00120687	14	0	41	
0	0	0	0.00151396	17	0	50	
0	0	0	0.00130701	15	0	44	
0	0	0	0.00146699	17	0	50	
0	0	0	0.00156116	18	0	53	
0	0	0	0.00184703	22	0	65	
0	0	0	0.00119591	14	0	41	
0	0	0	0.00135803	17	0	50	
0	0	0	0.000916958	11	0	32	
0	0	0	0.00122595	15	0	44	
0	0	0	0.00153613	19	0	56	
0	0	0	0.00112987	14	0	41	
0	0	0	0.000807047	10	0	29	
0	0	0	0.00230098	29	0	86	
0	0	0	0.00170612	20	0	59	
0	0	0	0.001724	20	0	59	
0	0	0	0.000838041	10	0	29	
0	0	0	0.00101304	12	0	35	
0	0	0	0.00136399	17	0	50	
0	0	0	0.00090909	11	0	32	
0	0	0	0.000633001	8	0	23	
0	0	0	0.000547886	7	0	20	
0	0	0	0.000847101	11	0	32	
0	0	0	0.00104094	13	0	38	
0	0	0	0.00125098	15	0	44	
0	0	0	0.000567913	7	0	20	
0	0	0	0.00145006	18	0	53	
0	0	0	0.00165486	20	0	59	
0	0	0	0.00171208	20	0	59	
0	0	0	0.00131607	16	0	47	
0	0	0	0.000818968	10	0	29	
0	0	0	0.00123906	15	0	44	
0	0	0	0.00140309	17	0	50	
0	0	0	0.00164294	21	0	62	
0	0	0	0.000643969	8	0	23	
0	0	0	0.0012722	16	0	47	
0	0	0	0.00116777	15	0	44	
0	0	0	0.000735044	9	0	26	
0	0	0	0.000962019	12	0	35	
0	0	0	0.000869989	11	0	32	
0	0	0	0.00128484	16	0	47	
0	0	0	0.00125694	16	0	47	
0	0	0	0.00132799	16	0	47	
0	0	0	0.00148487	18	0	53	
0	0	0	0.00143003	17	0	50	
0	0	0	0.00120401	15	0	44	
0	0	0	0.000862122	11	0	32	
0	0	0	0.000518084	7	0	20	
0	0	0	0.0013721	17	0	50	
0	0	0	0.001055	13	0	38	
0	0	0	0.00061202	8	0	23	
0	0	0	0.000786066	10	0	29	
0	0	0	0.00196099	24	0	71	
0	0	0	0.000730038	9	0	26	
0	0	0	0.00130105	16	0	47	
0	0	0	0.000543833	7	0	20	
0	0	0	0.00139499	17	0	50	
0	0	0	0.000812054	10	0	29	
0	0	0	0.00105882	13	0	38	
0	0	0	0.00104809	13	0	38	
0	0	0	0.000926971	12	0	35	
0	0	0	0.00109315	14	0	41	
0	0	0	0.00106192	14	0	41	
0	0	0	0.000732899	10	0	29	
0	0	0	0.0014472	19	0	56	
0	0	0	0.00131011	17	0	50	
0	0	0	0.0007689	10	0	29	
0	0	0	0.000438929	6	0	17	
0	0	0	0.000950098	13	0	38	
0	0	0	0.000437021	6	0	17	
0	0	0	0.000498056	7	0	20	
0	0	0	0.000834942	11	0	32	
0	0	0	0.00101018	12	0	35	
0	0	0	0.000540018	7	0	20	
0	0	0	0.000809193	11	0	32	
0	0	0	0.00137019	17	0	50	
0	0	0	0.00126505	16	0	47	
0	0	0	0.00088191	11	0	32	
0	0	0	0.00113392	14	0	41	
0	0	0	0.00106406	14	0	41	
0	0	0	0.000906944	11	0	32	
0	0	0	0.000910997	12	0	35	
0	0	0	0.00110698	14	0	41	
0	0	0	0.000452995	6	0	17	
0	0	0	0.00115204	15	0	44	
0	0	0	0.001508	19	0	56	
0	0	0	0.00135589	17	0	50	
0	0	0	0.000874043	11	0	32	
0	0	0	0.000845909	11	0	32	
0	0	0	0.000708818	9	0	26	
0	0	0	0.00127602	16	0	47	
0	0	0	0.000782967	10	0	29	
0	0	0	0.000944138	12	0	35	
0	0	0	0.00184393	25	0	74	
0	0	0	0.00125408	16	0	47	
0	0	0	0.000941992	12	0	35	
0	0	0	0.001086	14	0	41	
0	0	0	0.000674963	9	0	26	
0	0	0	0.000530958	7	0	20	
0	0	0	0.000994921	13	0	38	
0	0	0	0.00151706	19	0	56	
0	0	0	0.00125813	16	0	47	
0	0	0	0.000741005	10	0	29	
0	0	0	0.000585079	8	0	23	
0	0	0	0.000749111	10	0	29	
0	0	0	0.00157595	20	0	59	
0	0	0	0.00210214	27	0	80	
0	0	0	0.00152612	19	0	56	
0	0	0	0.00161409	21	0	62	
0	0	0	0.000571012	7	0	20	
0	0	0	0.00149798	19	0	56	
0	0	0	0.00064683	8	0	23	
0	0	0	0.000848055	11	0	32	
0	0	0	0.000622034	8	0	23	
0	0	0	0.000874996	11	0	32	
0	0	0	0.000694036	9	0	26	
0	0	0	0.00131702	17	0	50	
0	0	0	0.000808001	10	0	29	
0	0	0	0.000941038	12	0	35	
0	0	0	0.00159717	20	0	59	
0	0	0	0.00143003	17	0	50	
0	0	0	0.0018909	21	0	62	
0	0	0	0.00133681	15	0	44	
0	0	0	0.000843048	10	0	29	
0	0	0	0.00142193	18	0	53	
0	0	0	0.000895023	11	0	32	
0	0	0	0.0015831	20	0	59	
0	0	0	0.00105906	13	0	38	
0	0	0	0.00124288	16	0	47	
0	0	0	0.000601053	8	0	23	
0	0	0	0.000972033	13	0	38	
0	0	0	0.000959873	13	0	38	
0	0	0	0.00128388	16	0	47	
0	0	0	0.000854969	11	0	32	
0	0	0	0.00131011	17	0	50	
0	0	0	0.000975847	12	0	35	
0	0	0	0.00117111	16	0	47	
0	0	0	0.000926971	12	0	35	
0	0	0	0.000612974	8	0	23	
0	0	0	0.00156999	20	0	59	
0	0	0	0.000680923	9	0	26	
0	0	0	0.00150895	20	0	59	
0	0	0	0.000463963	6	0	17	
0	0	0	0.000907183	12	0	35	
0	0	0	0.000524998	7	0	20	
0	0	0	0.00156403	18	0	53	
0	0	0	0.00048995	6	0	17	
0	0	0	0.00148201	17	0	50	
0	0	0	0.00159883	19	0	56	
0	0	0	0.0012238	14	0	41	
0	0	0	0.00121689	15	0	44	
0	0	0	0.00205803	26	0	77	
0	0	0	0.000867128	10	0	29	
0	0	0	0.00072813	9	0	26	
0	0	0	0.00149703	18	0	53	
0	0	0	0.000809908	10	0	29	
0	0	0	0.0013411	17	0	50	
0	0	0	0.00063014	8	0	23	
0	0	0	0.000803947	10	0	29	
0	0	0	0.00102496	13	0	38	
0	0	0	0.000460148	6	0	17	
0	0	0	0.00160885	21	0	62	
0	0	0	0.00114512	14	0	41	
0	0	0	0.000710011	9	0	26	
0	0	0	0.00122809	16	0	47	
0	0	0	0.00110221	14	0	41	
0	0	0	0.00178099	22	0	65	
0	0	0	0.000637054	8	0	23	
0	0	0	0.00124097	16	0	47	
0	0	0	0.000561953	7	0	20	
0	0	0	0.00142908	18	0	53	
0	0	0	0.000818014	10	0	29	
0	0	0	0.00127006	15	0	44	
0	0	0	0.00158978	20	0	59	
0	0	0	0.00099802	12	0	35	
0	0	0	0.00099206	13	0	38	
0	0	0	0.00123596	16	0	47	
0	0	0	0.000754118	10	0	29	
0	0	0	0.00157905	20	0	59	
0	0	0	0.00125194	15	0	44	
0	0	0	0.00108099	14	0	41	
0	0	0	0.00149393	19	0	56	
0	0	0	0.00115895	15	0	44	
0	0	0	0.00104785	14	0	41	
0	0	0	0.00136495	17	0	50	
0	0	0	0.000828981	10	0	29	
0	0	0	0.00151205	19	0	56	
0	0	0	0.00147486	19	0	56	
0	0	0	0.0011878	15	0	44	
0	0	0	0.000941992	12	0	35	
0	0	0	0.00149608	19	0	56	
0	0	0	0.000795841	10	0	29	
0	0	0	0.000618935	8	0	23	
0	0	0	0.000768185	10	0	29	
0	0	0	0.000675917	9	0	26	
0	0	0	0.000850916	11	0	32	
0	0	0	0.000941992	12	0	35	
0	0	0	0.00098896	13	0	38	
0	0	0	0.000687838	9	0	26	
0	0	0	0.00123405	13	0	38	
0	0	0	0.00112796	14	0	41	
