PREC	RECALL	FSCORE	TIME	LEN	NUNK	NSCORED	
0	0	0	0.00158596	10	0	29	
0	0	0	0.00133395	10	0	29	
0	0	0	0.000850916	6	0	17	
0	0	0	0.00171304	13	0	38	
0	0	0	0.00173092	14	0	41	
0	0	0	0.00140405	11	0	32	
0	0	0	0.00164199	12	0	35	
0	0	0	0.00190687	15	0	44	
0	0	0	0.00166702	13	0	38	
0	0	0	0.00230312	18	0	53	
0	0	0	0.00128007	10	0	29	
0	0	0	0.00111008	9	0	26	
0	0	0	0.00154901	12	0	35	
0	0	0	0.0015049	12	0	35	
0	0	0	0.00171494	14	0	41	
0	0	0	0.00189996	15	0	44	
0	0	0	0.00168109	13	0	38	
0	0	0	0.00216484	17	0	50	
0	0	0	0.00152397	12	0	35	
0	0	0	0.000862837	7	0	20	
0	0	0	0.000766993	6	0	17	
0	0	0	0.00167298	13	0	38	
0	0	0	0.000747919	6	0	17	
0	0	0	0.000936031	7	0	20	
0	0	0	0.00220394	17	0	50	
0	0	0	0.00132513	10	0	29	
0	0	0	0.00256991	20	0	59	
0	0	0	0.000895023	7	0	20	
0	0	0	0.00308299	24	0	71	
0	0	0	0.000793219	6	0	17	
0	0	0	0.000478983	4	0	11	
0	0	0	0.00180197	14	0	41	
0	0	0	0.00207901	16	0	47	
0	0	0	0.00377107	29	0	86	
0	0	0	0.0027771	21	0	62	
0	0	0	0.0031271	24	0	71	
0	0	0	0.00219798	17	0	50	
0	0	0	0.00348902	27	0	80	
0	0	0	0.00239992	18	0	53	
0	0	0	0.00103498	8	0	23	
0	0	0	0.00308108	24	0	71	
0	0	0	0.0029459	23	0	68	
0	0	0	0.00156713	12	0	35	
0	0	0	0.00235915	18	0	53	
0	0	0	0.00194001	15	0	44	
0	0	0	0.000776052	6	0	17	
0	0	0	0.00104594	8	0	23	
0	0	0	0.000751972	6	0	17	
0	0	0	0.00061202	5	0	14	
0	0	0	0.00181007	14	0	41	
0	0	0	0.00239611	19	0	56	
0	0	0	0.00297999	23	0	68	
0	0	0	0.00127792	10	0	29	
0	0	0	0.0010221	8	0	23	
0	0	0	0.00223899	17	0	50	
0	0	0	0.00182986	14	0	41	
0	0	0	0.00170898	13	0	38	
0	0	0	0.00142193	11	0	32	
0	0	0	0.00140905	11	0	32	
0	0	0	0.00134802	11	0	32	
0	0	0	0.00142312	11	0	32	
0	0	0	0.0017941	14	0	41	
0	0	0	0.00349307	27	0	80	
0	0	0	0.00276995	21	0	62	
0	0	0	0.00113416	9	0	26	
0	0	0	0.00118995	9	0	26	
0	0	0	0.00127816	10	0	29	
0	0	0	0.000849009	7	0	20	
0	0	0	0.00155592	12	0	35	
0	0	0	0.00166082	13	0	38	
0	0	0	0.00152516	12	0	35	
0	0	0	0.00100803	8	0	23	
0	0	0	0.00184703	14	0	41	
0	0	0	0.000771999	6	0	17	
0	0	0	0.000730038	6	0	17	
0	0	0	0.000748873	6	0	17	
0	0	0	0.00216913	17	0	50	
0	0	0	0.00052309	4	0	11	
0	0	0	0.00155878	12	0	35	
0	0	0	0.000895023	7	0	20	
0	0	0	0.00181508	14	0	41	
0	0	0	0.00105	8	0	23	
0	0	0	0.00206304	16	0	47	
0	0	0	0.00144815	11	0	32	
0	0	0	0.000905991	7	0	20	
0	0	0	0.000766993	6	0	17	
0	0	0	0.00186706	14	0	41	
0	0	0	0.000883102	7	0	20	
0	0	0	0.00110793	9	0	26	
0	0	0	0.000862122	7	0	20	
0	0	0	0.00184989	14	0	41	
0	0	0	0.00103807	8	0	23	
0	0	0	0.0012629	10	0	29	
0	0	0	0.00101614	8	0	23	
0	0	0	0.00217009	17	0	50	
0	0	0	0.000762939	6	0	17	
0	0	0	0.00100493	8	0	23	
0	0	0	0.000618935	5	0	14	
0	0	0	0.00193906	15	0	44	
0	0	0	0.000894785	7	0	20	
0	0	0	0.000627041	5	0	14	
0	0	0	0.00125408	10	0	29	
0	0	0	0.00061512	5	0	14	
0	0	0	0.00222611	17	0	50	
0	0	0	0.000897884	7	0	20	
0	0	0	0.00177407	14	0	41	
0	0	0	0.00180197	14	0	41	
0	0	0	0.000895023	7	0	20	
0	0	0	0.00113106	9	0	26	
0	0	0	0.000878096	7	0	20	
0	0	0	0.00100517	8	0	23	
0	0	0	0.000751019	6	0	17	
0	0	0	0.000890017	7	0	20	
0	0	0	0.00113606	9	0	26	
0	0	0	0.000476837	4	0	11	
0	0	0	0.00149608	12	0	35	
0	0	0	0.00129199	10	0	29	
0	0	0	0.00154805	12	0	35	
0	0	0	0.00117016	9	0	26	
0	0	0	0.000608921	5	0	14	
0	0	0	0.000763178	6	0	17	
0	0	0	0.000468969	4	0	11	
0	0	0	0.00128388	10	0	29	
0	0	0	0.0010581	8	0	23	
0	0	0	0.00128007	10	0	29	
0	0	0	0.00140786	11	0	32	
0	0	0	0.00177097	14	0	41	
0	0	0	0.00102091	8	0	23	
0	0	0	0.000919104	7	0	20	
0	0	0	0.00140595	11	0	32	
0	0	0	0.00114918	9	0	26	
0	0	0	0.00118184	9	0	26	
0	0	0	0.000896931	7	0	20	
0	0	0	0.000910997	7	0	20	
0	0	0	0.00117612	9	0	26	
0	0	0	0.00114202	9	0	26	
0	0	0	0.00114417	9	0	26	
0	0	0	0.00217104	17	0	50	
0	0	0	0.000880003	7	0	20	
0	0	0	0.00301814	23	0	68	
0	0	0	0.000638008	5	0	14	
0	0	0	0.0021739	17	0	50	
0	0	0	0.00102401	8	0	23	
0	0	0	0.00130486	10	0	29	
0	0	0	0.00128317	10	0	29	
0	0	0	0.0013001	10	0	29	
0	0	0	0.00243187	19	0	56	
0	0	0	0.002563	20	0	59	
0	0	0	0.00141191	11	0	32	
0	0	0	0.00139809	11	0	32	
0	0	0	0.00112605	9	0	26	
0	0	0	0.000873804	7	0	20	
0	0	0	0.000954866	7	0	20	
0	0	0	0.000675917	5	0	14	
0	0	0	0.00113201	9	0	26	
0	0	0	0.000398159	3	0	8	
0	0	0	0.00185704	14	0	41	
0	0	0	0.00103092	8	0	23	
0	0	0	0.00274801	21	0	62	
0	0	0	0.00127387	10	0	29	
0	0	0	0.00190592	15	0	44	
0	0	0	0.000751972	6	0	17	
0	0	0	0.00274897	21	0	62	
0	0	0	0.00114298	9	0	26	
0	0	0	0.0012548	10	0	29	
0	0	0	0.00120306	9	0	26	
0	0	0	0.00119114	9	0	26	
0	0	0	0.000730991	6	0	17	
0	0	0	0.00361609	28	0	83	
0	0	0	0.000625134	5	0	14	
0	0	0	0.000962973	8	0	23	
0	0	0	0.000761986	6	0	17	
0	0	0	0.00240207	19	0	56	
0	0	0	0.00114703	9	0	26	
0	0	0	0.000984907	8	0	23	
0	0	0	0.00135183	11	0	32	
0	0	0	0.00100708	8	0	23	
0	0	0	0.00168085	13	0	38	
0	0	0	0.00194311	15	0	44	
0	0	0	0.00270796	21	0	62	
0	0	0	0.00162506	12	0	35	
0	0	0	0.0018208	14	0	41	
0	0	0	0.00156903	12	0	35	
0	0	0	0.00208497	16	0	47	
0	0	0	0.00140309	11	0	32	
0	0	0	0.00225687	17	0	50	
0	0	0	0.00157809	12	0	35	
0	0	0	0.00217891	17	0	50	
0	0	0	0.00139594	11	0	32	
0	0	0	0.00268006	21	0	62	
0	0	0	0.00195098	15	0	44	
0	0	0	0.00116611	9	0	26	
0	0	0	0.00194693	15	0	44	
0	0	0	0.00227904	18	0	53	
0	0	0	0.00148106	11	0	32	
0	0	0	0.000857115	7	0	20	
0	0	0	0.00206208	16	0	47	
0	0	0	0.00206685	16	0	47	
0	0	0	0.00385094	30	0	89	
0	0	0	0.000890017	7	0	20	
0	0	0	0.00187302	15	0	44	
0	0	0	0.00100708	8	0	23	
0	0	0	0.00135589	11	0	32	
0	0	0	0.00105691	8	0	23	
0	0	0	0.000907898	7	0	20	
0	0	0	0.00141597	11	0	32	
0	0	0	0.000984907	8	0	23	
0	0	0	0.00164795	13	0	38	
0	0	0	0.00242186	19	0	56	
0	0	0	0.00137496	11	0	32	
0	0	0	0.00317216	25	0	74	
0	0	0	0.000760078	6	0	17	
0	0	0	0.0015111	12	0	35	
0	0	0	0.00159502	12	0	35	
0	0	0	0.00168705	13	0	38	
0	0	0	0.00245309	19	0	56	
0	0	0	0.00167012	13	0	38	
0	0	0	0.0016799	13	0	38	
0	0	0	0.00263691	20	0	59	
0	0	0	0.00102186	8	0	23	
0	0	0	0.00282502	22	0	65	
0	0	0	0.00109792	9	0	26	
0	0	0	0.00230193	18	0	53	
0	0	0	0.00152111	12	0	35	
0	0	0	0.00111699	9	0	26	
0	0	0	0.000852823	7	0	20	
0	0	0	0.00199008	16	0	47	
0	0	0	0.000761032	6	0	17	
0	0	0	0.00244093	19	0	56	
0	0	0	0.000757933	6	0	17	
0	0	0	0.000873804	7	0	20	
0	0	0	0.0028491	22	0	65	
0	0	0	0.00120401	9	0	26	
0	0	0	0.000638962	5	0	14	
0	0	0	0.00233388	18	0	53	
0	0	0	0.00154209	12	0	35	
0	0	0	0.00140786	11	0	32	
0	0	0	0.0024209	19	0	56	
0	0	0	0.00101304	8	0	23	
0	0	0	0.00100589	8	0	23	
0	0	0	0.000912905	7	0	20	
0	0	0	0.00087595	7	0	20	
0	0	0	0.00270915	21	0	62	
0	0	0	0.00113988	9	0	26	
0	0	0	0.00213814	16	0	47	
0	0	0	0.00144887	11	0	32	
0	0	0	0.00261593	20	0	59	
0	0	0	0.00209308	16	0	47	
0	0	0	0.002316	18	0	53	
0	0	0	0.00318813	25	0	74	
0	0	0	0.00138593	11	0	32	
0	0	0	0.001194	9	0	26	
0	0	0	0.00210404	16	0	47	
0	0	0	0.00202489	16	0	47	
0	0	0	0.000504017	4	0	11	
0	0	0	0.00233102	18	0	53	
0	0	0	0.000754118	6	0	17	
0	0	0	0.00149298	12	0	35	
0	0	0	0.00167608	13	0	38	
0	0	0	0.00099206	8	0	23	
0	0	0	0.00123501	10	0	29	
0	0	0	0.00176811	14	0	41	
0	0	0	0.00184584	14	0	41	
0	0	0	0.00216985	17	0	50	
0	0	0	0.00090003	7	0	20	
0	0	0	0.00140595	11	0	32	
0	0	0	0.000898123	7	0	20	
0	0	0	0.000488997	4	0	11	
0	0	0	0.00087595	7	0	20	
0	0	0	0.00320792	25	0	74	
0	0	0	0.00141883	11	0	32	
0	0	0	0.000749111	6	0	17	
0	0	0	0.00138092	11	0	32	
0	0	0	0.00131178	10	0	29	
0	0	0	0.00235009	18	0	53	
0	0	0	0.000886202	7	0	20	
0	0	0	0.00132918	10	0	29	
0	0	0	0.00130296	10	0	29	
0	0	0	0.00128794	10	0	29	
0	0	0	0.00114298	9	0	26	
0	0	0	0.000760794	6	0	17	
0	0	0	0.00115609	9	0	26	
0	0	0	0.000874043	7	0	20	
0	0	0	0.00048399	4	0	11	
0	0	0	0.000761032	6	0	17	
0	0	0	0.00298023	24	0	71	
0	0	0	0.00214195	16	0	47	
0	0	0	0.00100112	8	0	23	
0	0	0	0.00313711	25	0	74	
0	0	0	0.000898123	7	0	20	
0	0	0	0.00141311	11	0	32	
0	0	0	0.00161409	13	0	38	
0	0	0	0.00283098	22	0	65	
0	0	0	0.00101209	8	0	23	
0	0	0	0.00149608	12	0	35	
0	0	0	0.00170302	13	0	38	
0	0	0	0.00116396	9	0	26	
0	0	0	0.0015409	12	0	35	
0	0	0	0.00101018	8	0	23	
0	0	0	0.00121522	10	0	29	
0	0	0	0.00221801	17	0	50	
0	0	0	0.00220895	17	0	50	
0	0	0	0.00294113	23	0	68	
0	0	0	0.00127292	10	0	29	
0	0	0	0.00100303	7	0	20	
0	0	0	0.00223303	17	0	50	
0	0	0	0.00197697	15	0	44	
0	0	0	0.00198197	15	0	44	
0	0	0	0.000527859	4	0	11	
0	0	0	0.00114393	9	0	26	
0	0	0	0.00139117	11	0	32	
0	0	0	0.00165892	13	0	38	
0	0	0	0.00244021	19	0	56	
0	0	0	0.000751972	6	0	17	
0	0	0	0.00113297	9	0	26	
0	0	0	0.00216508	17	0	50	
0	0	0	0.00165796	13	0	38	
0	0	0	0.000859022	7	0	20	
0	0	0	0.00188398	15	0	44	
0	0	0	0.00187802	15	0	44	
0	0	0	0.00197506	16	0	47	
0	0	0	0.000617981	5	0	14	
0	0	0	0.000371218	3	0	8	
0	0	0	0.00198388	16	0	47	
0	0	0	0.000747919	6	0	17	
0	0	0	0.0022769	18	0	53	
0	0	0	0.00257993	20	0	59	
0	0	0	0.000766039	6	0	17	
0	0	0	0.0026269	21	0	62	
0	0	0	0.00305104	24	0	71	
0	0	0	0.000967979	8	0	23	
0	0	0	0.00151181	12	0	35	
0	0	0	0.00162697	13	0	38	
0	0	0	0.000354052	3	0	8	
0	0	0	0.001616	13	0	38	
0	0	0	0.00198388	16	0	47	
0	0	0	0.0020051	16	0	47	
0	0	0	0.00190091	15	0	44	
0	0	0	0.00153613	12	0	35	
0	0	0	0.00201511	16	0	47	
0	0	0	0.000879049	7	0	20	
0	0	0	0.000853062	7	0	20	
0	0	0	0.002249	18	0	53	
0	0	0	0.000898838	7	0	20	
0	0	0	0.000989199	8	0	23	
0	0	0	0.000473022	4	0	11	
0	0	0	0.0017581	14	0	41	
0	0	0	0.00162411	13	0	38	
0	0	0	0.002671	21	0	62	
0	0	0	0.00139117	11	0	32	
0	0	0	0.000868797	7	0	20	
0	0	0	0.00124693	10	0	29	
0	0	0	0.00212908	17	0	50	
0	0	0	0.00153089	12	0	35	
0	0	0	0.000746012	6	0	17	
0	0	0	0.000478983	4	0	11	
0	0	0	0.000970125	8	0	23	
0	0	0	0.00109601	9	0	26	
0	0	0	0.00085187	7	0	20	
0	0	0	0.00104189	8	0	23	
0	0	0	0.00123501	10	0	29	
0	0	0	0.00127196	10	0	29	
0	0	0	0.00048399	4	0	11	
0	0	0	0.00155091	12	0	35	
0	0	0	0.00139213	11	0	32	
0	0	0	0.000750065	6	0	17	
0	0	0	0.000853062	7	0	20	
0	0	0	0.000730991	6	0	17	
0	0	0	0.000725985	6	0	17	
0	0	0	0.000870943	7	0	20	
0	0	0	0.000860929	7	0	20	
0	0	0	0.0021131	17	0	50	
0	0	0	0.00177002	14	0	41	
0	0	0	0.000540972	4	0	11	
0	0	0	0.00145316	11	0	32	
0	0	0	0.00113201	9	0	26	
0	0	0	0.0018878	15	0	44	
0	0	0	0.000617027	5	0	14	
0	0	0	0.00150418	12	0	35	
0	0	0	0.000741005	6	0	17	
0	0	0	0.00168896	13	0	38	
0	0	0	0.000975132	8	0	23	
0	0	0	0.00101805	8	0	23	
0	0	0	0.00100088	8	0	23	
0	0	0	0.00219488	17	0	50	
0	0	0	0.000864029	7	0	20	
0	0	0	0.00058794	5	0	14	
0	0	0	0.00106907	8	0	23	
0	0	0	0.000887871	7	0	20	
0	0	0	0.00180197	14	0	41	
0	0	0	0.00129819	10	0	29	
0	0	0	0.000880003	7	0	20	
0	0	0	0.000739813	6	0	17	
0	0	0	0.00138211	11	0	32	
0	0	0	0.000478983	4	0	11	
0	0	0	0.00147796	12	0	35	
0	0	0	0.000626087	5	0	14	
0	0	0	0.001791	14	0	41	
0	0	0	0.000617027	5	0	14	
0	0	0	0.00112391	9	0	26	
0	0	0	0.00246406	19	0	56	
0	0	0	0.00128293	10	0	29	
0	0	0	0.000735998	6	0	17	
0	0	0	0.000617027	5	0	14	
0	0	0	0.000862122	7	0	20	
0	0	0	0.00200987	16	0	47	
0	0	0	0.000871897	7	0	20	
0	0	0	0.000983953	8	0	23	
0	0	0	0.000858068	7	0	20	
0	0	0	0.00100303	8	0	23	
0	0	0	0.000718117	6	0	17	
0	0	0	0.00141311	11	0	32	
0	0	0	0.000775099	6	0	17	
0	0	0	0.00152302	12	0	35	
0	0	0	0.00191092	15	0	44	
0	0	0	0.00142312	11	0	32	
0	0	0	0.000627041	5	0	14	
0	0	0	0.000984907	8	0	23	
0	0	0	0.000359774	3	0	8	
0	0	0	0.000901937	7	0	20	
0	0	0	0.00103188	8	0	23	
0	0	0	0.000855923	7	0	20	
0	0	0	0.000756979	6	0	17	
0	0	0	0.00233102	18	0	53	
0	0	0	0.00115895	9	0	26	
0	0	0	0.00124884	10	0	29	
0	0	0	0.000751019	6	0	17	
0	0	0	0.000471115	4	0	11	
0	0	0	0.000863075	7	0	20	
0	0	0	0.00125194	10	0	29	
0	0	0	0.00348401	27	0	80	
0	0	0	0.00168514	13	0	38	
0	0	0	0.00135088	11	0	32	
0	0	0	0.00354314	28	0	83	
0	0	0	0.00240684	19	0	56	
0	0	0	0.00458288	35	0	104	
0	0	0	0.00153995	12	0	35	
0	0	0	0.001266	10	0	29	
0	0	0	0.00178003	14	0	41	
0	0	0	0.001966	16	0	47	
0	0	0	0.00253296	20	0	59	
0	0	0	0.000972033	8	0	23	
0	0	0	0.00124598	10	0	29	
0	0	0	0.0012269	10	0	29	
0	0	0	0.00123596	10	0	29	
0	0	0	0.00328708	25	0	74	
0	0	0	0.000623941	5	0	14	
0	0	0	0.00163388	13	0	38	
0	0	0	0.001791	14	0	41	
0	0	0	0.00207806	16	0	47	
0	0	0	0.00269103	21	0	62	
0	0	0	0.00266218	20	0	59	
0	0	0	0.00145197	11	0	32	
0	0	0	0.00199604	15	0	44	
0	0	0	0.00184703	14	0	41	
0	0	0	0.00181103	14	0	41	
0	0	0	0.00137997	11	0	32	
0	0	0	0.00141501	11	0	32	
0	0	0	0.00123596	10	0	29	
0	0	0	0.000349045	3	0	8	
0	0	0	0.0015111	12	0	35	
0	0	0	0.00167203	13	0	38	
0	0	0	0.00130892	10	0	29	
0	0	0	0.00177407	14	0	41	
0	0	0	0.00349307	27	0	80	
0	0	0	0.00201917	16	0	47	
0	0	0	0.00187802	15	0	44	
0	0	0	0.00163603	13	0	38	
0	0	0	0.00203395	16	0	47	
0	0	0	0.00282288	22	0	65	
0	0	0	0.0024159	19	0	56	
0	0	0	0.00354004	26	0	77	
0	0	0	0.00156283	12	0	35	
0	0	0	0.00142598	11	0	32	
0	0	0	0.001858	14	0	41	
0	0	0	0.00103498	8	0	23	
0	0	0	0.00203085	16	0	47	
0	0	0	0.00247598	19	0	56	
0	0	0	0.000622988	5	0	14	
0	0	0	0.00208092	16	0	47	
0	0	0	0.00156212	12	0	35	
0	0	0	0.00189304	15	0	44	
0	0	0	0.00182819	14	0	41	
0	0	0	0.000882149	7	0	20	
0	0	0	0.00135994	11	0	32	
0	0	0	0.000874996	7	0	20	
0	0	0	0.000987053	8	0	23	
0	0	0	0.0014019	11	0	32	
0	0	0	0.00155306	12	0	35	
0	0	0	0.00128508	10	0	29	
0	0	0	0.0011189	9	0	26	
0	0	0	0.00237513	18	0	53	
0	0	0	0.00128293	10	0	29	
0	0	0	0.00264812	21	0	62	
0	0	0	0.00142193	11	0	32	
0	0	0	0.000626087	5	0	14	
0	0	0	0.000880003	7	0	20	
0	0	0	0.000745058	6	0	17	
0	0	0	0.000977993	8	0	23	
0	0	0	0.00231695	18	0	53	
0	0	0	0.00123	10	0	29	
0	0	0	0.00231385	18	0	53	
0	0	0	0.00132394	10	0	29	
0	0	0	0.00100613	8	0	23	
0	0	0	0.00140619	11	0	32	
0	0	0	0.00113416	9	0	26	
0	0	0	0.000987768	8	0	23	
0	0	0	0.00272393	21	0	62	
0	0	0	0.000889063	7	0	20	
0	0	0	0.000871181	7	0	20	
0	0	0	0.000871897	7	0	20	
0	0	0	0.002141	17	0	50	
0	0	0	0.000787973	6	0	17	
0	0	0	0.00167894	13	0	38	
0	0	0	0.000499964	4	0	11	
0	0	0	0.00103307	8	0	23	
0	0	0	0.000995874	8	0	23	
0	0	0	0.00180697	14	0	41	
0	0	0	0.00101018	8	0	23	
0	0	0	0.00229812	18	0	53	
0	0	0	0.0023191	18	0	53	
0	0	0	0.002671	20	0	59	
0	0	0	0.00272489	21	0	62	
0	0	0	0.00199199	15	0	44	
0	0	0	0.00113893	9	0	26	
0	0	0	0.00186992	15	0	44	
0	0	0	0.000844002	7	0	20	
0	0	0	0.00166821	13	0	38	
0	0	0	0.00189495	15	0	44	
0	0	0	0.0012691	10	0	29	
0	0	0	0.00177598	14	0	41	
0	0	0	0.00191808	15	0	44	
0	0	0	0.00101495	8	0	23	
0	0	0	0.00188613	15	0	44	
0	0	0	0.00117898	9	0	26	
0	0	0	0.00204802	16	0	47	
0	0	0	0.00153494	12	0	35	
0	0	0	0.00129795	10	0	29	
0	0	0	0.000915766	7	0	20	
0	0	0	0.00113201	9	0	26	
0	0	0	0.00180316	14	0	41	
0	0	0	0.00189209	15	0	44	
0	0	0	0.00232506	18	0	53	
0	0	0	0.00152612	12	0	35	
0	0	0	0.00182605	14	0	41	
0	0	0	0.00113392	9	0	26	
0	0	0	0.000864029	7	0	20	
0	0	0	0.0015192	12	0	35	
0	0	0	0.00348687	27	0	80	
0	0	0	0.00100183	8	0	23	
0	0	0	0.00125909	10	0	29	
0	0	0	0.00201511	16	0	47	
0	0	0	0.00272012	21	0	62	
0	0	0	0.00236797	18	0	53	
0	0	0	0.00297809	23	0	68	
0	0	0	0.00163293	13	0	38	
0	0	0	0.00150895	12	0	35	
0	0	0	0.00262809	21	0	62	
0	0	0	0.00178719	14	0	41	
0	0	0	0.00174284	14	0	41	
0	0	0	0.0014019	11	0	32	
0	0	0	0.00154114	12	0	35	
0	0	0	0.00137091	11	0	32	
0	0	0	0.00123286	10	0	29	
0	0	0	0.00300908	24	0	71	
0	0	0	0.000895977	7	0	20	
0	0	0	0.00150299	12	0	35	
0	0	0	0.00132394	10	0	29	
0	0	0	0.00245214	19	0	56	
0	0	0	0.00238609	18	0	53	
0	0	0	0.00269294	20	0	59	
0	0	0	0.00242519	19	0	56	
0	0	0	0.00180507	14	0	41	
0	0	0	0.00100899	8	0	23	
0	0	0	0.00153804	12	0	35	
0	0	0	0.00342894	26	0	77	
0	0	0	0.00078392	6	0	17	
0	0	0	0.00184393	14	0	41	
0	0	0	0.00211191	16	0	47	
0	0	0	0.00257492	20	0	59	
0	0	0	0.00141692	11	0	32	
0	0	0	0.00373697	29	0	86	
0	0	0	0.00286102	22	0	65	
0	0	0	0.000885963	7	0	20	
0	0	0	0.00358891	27	0	80	
0	0	0	0.00262213	20	0	59	
0	0	0	0.00296211	23	0	68	
0	0	0	0.00129986	10	0	29	
0	0	0	0.00128412	10	0	29	
0	0	0	0.00223303	14	0	41	
0	0	0	0.00114799	9	0	26	
0	0	0	0.00233197	18	0	53	
0	0	0	0.00138903	11	0	32	
0	0	0	0.00365686	28	0	83	
0	0	0	0.00220704	17	0	50	
0	0	0	0.00153685	12	0	35	
0	0	0	0.00112414	9	0	26	
0	0	0	0.00222492	17	0	50	
0	0	0	0.00153708	12	0	35	
0	0	0	0.00276899	21	0	62	
0	0	0	0.00147295	11	0	32	
0	0	0	0.00231981	18	0	53	
0	0	0	0.00273085	22	0	65	
0	0	0	0.00135303	11	0	32	
0	0	0	0.00161695	13	0	38	
0	0	0	0.00165105	13	0	38	
0	0	0	0.00166106	13	0	38	
0	0	0	0.00313902	25	0	74	
0	0	0	0.00297403	22	0	65	
0	0	0	0.00177693	14	0	41	
0	0	0	0.002249	18	0	53	
0	0	0	0.00215507	17	0	50	
0	0	0	0.00162601	13	0	38	
0	0	0	0.00111818	9	0	26	
0	0	0	0.00207305	16	0	47	
0	0	0	0.00207114	16	0	47	
0	0	0	0.002352	18	0	53	
0	0	0	0.00141811	11	0	32	
0	0	0	0.00320911	25	0	74	
0	0	0	0.00103784	8	0	23	
0	0	0	0.000742912	6	0	17	
0	0	0	0.00227094	18	0	53	
0	0	0	0.00192094	15	0	44	
0	0	0	0.00121498	9	0	26	
0	0	0	0.00396705	30	0	89	
0	0	0	0.00273204	21	0	62	
0	0	0	0.00153613	12	0	35	
0	0	0	0.0024569	19	0	56	
0	0	0	0.00228405	18	0	53	
0	0	0	0.00062108	5	0	14	
0	0	0	0.00185895	15	0	44	
0	0	0	0.002702	21	0	62	
0	0	0	0.0021131	16	0	47	
0	0	0	0.0011549	9	0	26	
0	0	0	0.00161695	13	0	38	
0	0	0	0.00170016	13	0	38	
0	0	0	0.00182295	14	0	41	
0	0	0	0.00203609	16	0	47	
0	0	0	0.00243497	19	0	56	
0	0	0	0.00311184	24	0	71	
0	0	0	0.000642061	5	0	14	
0	0	0	0.000769854	6	0	17	
0	0	0	0.00294304	23	0	68	
0	0	0	0.00220919	17	0	50	
0	0	0	0.00118208	9	0	26	
0	0	0	0.00153303	12	0	35	
0	0	0	0.00205708	16	0	47	
0	0	0	0.000930071	7	0	20	
0	0	0	0.000807047	6	0	17	
0	0	0	0.000995874	8	0	23	
0	0	0	0.00170684	13	0	38	
0	0	0	0.00222898	17	0	50	
0	0	0	0.00205302	16	0	47	
0	0	0	0.00141907	11	0	32	
0	0	0	0.00138307	11	0	32	
0	0	0	0.00141907	11	0	32	
0	0	0	0.000762939	6	0	17	
0	0	0	0.00191498	15	0	44	
0	0	0	0.00125289	9	0	26	
0	0	0	0.00281811	22	0	65	
0	0	0	0.002244	17	0	50	
0	0	0	0.000861883	7	0	20	
0	0	0	0.00166702	13	0	38	
0	0	0	0.00216985	17	0	50	
0	0	0	0.00140214	11	0	32	
0	0	0	0.000892878	7	0	20	
0	0	0	0.003093	24	0	71	
0	0	0	0.00156593	12	0	35	
0	0	0	0.0010159	8	0	23	
0	0	0	0.0024929	19	0	56	
0	0	0	0.00133395	10	0	29	
0	0	0	0.00218201	17	0	50	
0	0	0	0.00141692	11	0	32	
0	0	0	0.00128293	10	0	29	
0	0	0	0.000777006	6	0	17	
0	0	0	0.00139499	11	0	32	
0	0	0	0.00144196	11	0	32	
0	0	0	0.00180292	14	0	41	
0	0	0	0.00192785	15	0	44	
0	0	0	0.000636101	5	0	14	
0	0	0	0.000880957	7	0	20	
0	0	0	0.000716925	6	0	17	
0	0	0	0.001724	13	0	38	
0	0	0	0.000742912	6	0	17	
0	0	0	0.00205207	15	0	44	
0	0	0	0.00376821	29	0	86	
0	0	0	0.00141692	11	0	32	
0	0	0	0.00156999	12	0	35	
0	0	0	0.00221014	17	0	50	
0	0	0	0.00205708	16	0	47	
0	0	0	0.00434399	33	0	98	
0	0	0	0.00167513	13	0	38	
0	0	0	0.000873089	7	0	20	
0	0	0	0.00157309	12	0	35	
0	0	0	0.00180292	14	0	41	
0	0	0	0.0020659	16	0	47	
0	0	0	0.00153804	12	0	35	
0	0	0	0.000890017	7	0	20	
0	0	0	0.00136614	11	0	32	
0	0	0	0.00215912	17	0	50	
0	0	0	0.000615835	5	0	14	
0	0	0	0.000724792	6	0	17	
0	0	0	0.000854969	7	0	20	
0	0	0	0.000869989	7	0	20	
0	0	0	0.00189686	15	0	44	
0	0	0	0.0013659	11	0	32	
0	0	0	0.00191998	15	0	44	
0	0	0	0.000746012	6	0	17	
0	0	0	0.0015161	12	0	35	
0	0	0	0.00123501	10	0	29	
0	0	0	0.00126505	10	0	29	
0	0	0	0.000734091	6	0	17	
0	0	0	0.00145698	11	0	32	
0	0	0	0.00110793	9	0	26	
0	0	0	0.00100303	8	0	23	
0	0	0	0.00190997	15	0	44	
0	0	0	0.00213599	17	0	50	
0	0	0	0.00061512	5	0	14	
0	0	0	0.00242996	19	0	56	
0	0	0	0.00231814	18	0	53	
0	0	0	0.00164509	13	0	38	
0	0	0	0.000756025	6	0	17	
0	0	0	0.0028789	22	0	65	
0	0	0	0.00190401	15	0	44	
0	0	0	0.00178409	14	0	41	
0	0	0	0.00249314	19	0	56	
0	0	0	0.00101209	8	0	23	
0	0	0	0.00219893	17	0	50	
0	0	0	0.00177288	14	0	41	
0	0	0	0.00275993	21	0	62	
0	0	0	0.00130296	10	0	29	
0	0	0	0.00255895	20	0	59	
0	0	0	0.00126696	10	0	29	
0	0	0	0.00167704	13	0	38	
0	0	0	0.00268793	21	0	62	
0	0	0	0.0037961	29	0	86	
0	0	0	0.00395393	30	0	89	
0	0	0	0.00170708	13	0	38	
0	0	0	0.00137496	11	0	32	
0	0	0	0.00135994	11	0	32	
0	0	0	0.001791	14	0	41	
0	0	0	0.00113606	9	0	26	
0	0	0	0.00136304	11	0	32	
0	0	0	0.00264287	21	0	62	
0	0	0	0.00117111	9	0	26	
0	0	0	0.000967979	8	0	23	
0	0	0	0.00223207	17	0	50	
0	0	0	0.00151801	11	0	32	
0	0	0	0.000485182	4	0	11	
0	0	0	0.000745058	6	0	17	
0	0	0	0.000347137	3	0	8	
0	0	0	0.000854015	7	0	20	
0	0	0	0.00150394	12	0	35	
0	0	0	0.00153112	12	0	35	
0	0	0	0.00180697	14	0	41	
0	0	0	0.00099802	8	0	23	
0	0	0	0.000751019	6	0	17	
0	0	0	0.00177097	14	0	41	
0	0	0	0.000643015	5	0	14	
0	0	0	0.00138187	11	0	32	
0	0	0	0.00221801	17	0	50	
0	0	0	0.00193286	15	0	44	
0	0	0	0.00187016	15	0	44	
0	0	0	0.000364065	3	0	8	
0	0	0	0.00201321	16	0	47	
0	0	0	0.001683	13	0	38	
0	0	0	0.0023911	19	0	56	
0	0	0	0.00179887	14	0	41	
0	0	0	0.000753164	6	0	17	
0	0	0	0.00138211	11	0	32	
0	0	0	0.00286102	22	0	65	
0	0	0	0.00203896	16	0	47	
0	0	0	0.00238299	19	0	56	
0	0	0	0.00155997	12	0	35	
0	0	0	0.00142097	11	0	32	
0	0	0	0.00152397	12	0	35	
0	0	0	0.00158501	12	0	35	
0	0	0	0.00135207	11	0	32	
0	0	0	0.00116205	9	0	26	
0	0	0	0.00146008	11	0	32	
0	0	0	0.00246811	19	0	56	
0	0	0	0.00220203	17	0	50	
0	0	0	0.00129509	10	0	29	
0	0	0	0.0012691	10	0	29	
0	0	0	0.00137901	11	0	32	
0	0	0	0.00139594	11	0	32	
0	0	0	0.00152707	12	0	35	
0	0	0	0.000515938	4	0	11	
0	0	0	0.00112605	9	0	26	
0	0	0	0.00127387	10	0	29	
0	0	0	0.00116897	9	0	26	
0	0	0	0.00127292	10	0	29	
0	0	0	0.00425005	33	0	98	
0	0	0	0.00129414	10	0	29	
0	0	0	0.00128412	10	0	29	
0	0	0	0.00255394	20	0	59	
0	0	0	0.00162292	13	0	38	
0	0	0	0.00230885	18	0	53	
0	0	0	0.00196481	15	0	44	
0	0	0	0.00194812	15	0	44	
0	0	0	0.000908136	7	0	20	
0	0	0	0.00138593	11	0	32	
0	0	0	0.000983	8	0	23	
0	0	0	0.00124216	10	0	29	
0	0	0	0.00177789	14	0	41	
0	0	0	0.00205898	16	0	47	
0	0	0	0.0010159	8	0	23	
0	0	0	0.00172997	13	0	38	
0	0	0	0.00144196	11	0	32	
0	0	0	0.0012691	10	0	29	
0	0	0	0.00173903	14	0	41	
0	0	0	0.002316	18	0	53	
0	0	0	0.00286007	22	0	65	
0	0	0	0.00167108	13	0	38	
0	0	0	0.00180793	14	0	41	
0	0	0	0.00297093	23	0	68	
0	0	0	0.000900984	7	0	20	
0	0	0	0.00237489	18	0	53	
0	0	0	0.00162196	13	0	38	
0	0	0	0.0021131	17	0	50	
0	0	0	0.00124717	10	0	29	
0	0	0	0.0013938	11	0	32	
0	0	0	0.00086689	7	0	20	
0	0	0	0.000869989	7	0	20	
0	0	0	0.00174618	14	0	41	
0	0	0	0.00166607	13	0	38	
0	0	0	0.000632048	5	0	14	
0	0	0	0.00136399	11	0	32	
0	0	0	0.000497818	4	0	11	
0	0	0	0.00172091	13	0	38	
0	0	0	0.00102091	8	0	23	
0	0	0	0.000858068	7	0	20	
0	0	0	0.00049901	4	0	11	
0	0	0	0.000865936	7	0	20	
0	0	0	0.000740051	6	0	17	
0	0	0	0.000605106	5	0	14	
0	0	0	0.000752926	6	0	17	
0	0	0	0.000475168	4	0	11	
0	0	0	0.00113583	9	0	26	
0	0	0	0.000481129	4	0	11	
0	0	0	0.000718117	6	0	17	
0	0	0	0.000869989	7	0	20	
0	0	0	0.000756025	6	0	17	
0	0	0	0.000735044	6	0	17	
0	0	0	0.00121593	10	0	29	
0	0	0	0.00193596	15	0	44	
0	0	0	0.00090313	7	0	20	
0	0	0	0.000488043	4	0	11	
0	0	0	0.00111985	9	0	26	
0	0	0	0.00148892	12	0	35	
0	0	0	0.000479937	4	0	11	
0	0	0	0.000586987	5	0	14	
0	0	0	0.000884056	7	0	20	
0	0	0	0.000604868	5	0	14	
0	0	0	0.00124311	10	0	29	
0	0	0	0.000598907	5	0	14	
0	0	0	0.000588894	5	0	14	
0	0	0	0.00123906	10	0	29	
0	0	0	0.001127	9	0	26	
0	0	0	0.00254393	19	0	56	
0	0	0	0.00147486	11	0	32	
0	0	0	0.000638008	5	0	14	
0	0	0	0.00127411	10	0	29	
0	0	0	0.000602007	5	0	14	
0	0	0	0.00169301	13	0	38	
0	0	0	0.000469923	4	0	11	
0	0	0	0.00110602	9	0	26	
0	0	0	0.000839949	7	0	20	
0	0	0	0.0006001	5	0	14	
0	0	0	0.000730991	6	0	17	
0	0	0	0.00265098	21	0	62	
0	0	0	0.000916958	7	0	20	
0	0	0	0.000355959	3	0	8	
0	0	0	0.000640154	5	0	14	
0	0	0	0.000741005	6	0	17	
0	0	0	0.000856161	7	0	20	
0	0	0	0.000880957	7	0	20	
0	0	0	0.000607014	5	0	14	
0	0	0	0.00111079	9	0	26	
0	0	0	0.000505924	4	0	11	
0	0	0	0.000877142	7	0	20	
0	0	0	0.000862122	7	0	20	
0	0	0	0.00135779	11	0	32	
0	0	0	0.000873089	7	0	20	
0	0	0	0.000626087	5	0	14	
0	0	0	0.00137901	11	0	32	
0	0	0	0.00174189	14	0	41	
0	0	0	0.000849962	7	0	20	
0	0	0	0.00157905	13	0	38	
0	0	0	0.00279689	22	0	65	
0	0	0	0.00111103	9	0	26	
0	0	0	0.00148702	12	0	35	
0	0	0	0.00158095	12	0	35	
0	0	0	0.00239491	19	0	56	
0	0	0	0.00101185	8	0	23	
0	0	0	0.00231218	18	0	53	
0	0	0	0.00156593	12	0	35	
0	0	0	0.00170398	13	0	38	
0	0	0	0.00125599	10	0	29	
0	0	0	0.00121784	10	0	29	
0	0	0	0.00150609	12	0	35	
0	0	0	0.000984192	8	0	23	
0	0	0	0.00229692	18	0	53	
0	0	0	0.00184202	15	0	44	
0	0	0	0.00174093	14	0	41	
0	0	0	0.00138903	11	0	32	
0	0	0	0.0023129	18	0	53	
0	0	0	0.00139284	11	0	32	
0	0	0	0.00165009	13	0	38	
0	0	0	0.00259209	20	0	59	
0	0	0	0.00179791	14	0	41	
0	0	0	0.00138593	11	0	32	
0	0	0	0.00100589	8	0	23	
0	0	0	0.00296497	23	0	68	
0	0	0	0.00154305	12	0	35	
0	0	0	0.00191307	15	0	44	
0	0	0	0.0014019	11	0	32	
0	0	0	0.00100303	8	0	23	
0	0	0	0.00152898	12	0	35	
0	0	0	0.00402188	30	0	89	
0	0	0	0.00259399	19	0	56	
0	0	0	0.00256801	20	0	59	
0	0	0	0.00157619	12	0	35	
0	0	0	0.00207496	16	0	47	
0	0	0	0.00178504	14	0	41	
0	0	0	0.00197697	16	0	47	
0	0	0	0.00271797	21	0	62	
0	0	0	0.00240588	19	0	56	
0	0	0	0.00139093	11	0	32	
0	0	0	0.000888109	7	0	20	
0	0	0	0.00139403	11	0	32	
0	0	0	0.00189495	15	0	44	
0	0	0	0.00150204	12	0	35	
0	0	0	0.00178909	14	0	41	
0	0	0	0.00100708	8	0	23	
0	0	0	0.00155306	12	0	35	
0	0	0	0.00166798	13	0	38	
0	0	0	0.00184107	14	0	41	
0	0	0	0.00190616	15	0	44	
0	0	0	0.00110912	9	0	26	
0	0	0	0.00114608	9	0	26	
0	0	0	0.00124884	10	0	29	
0	0	0	0.000751019	6	0	17	
0	0	0	0.00113416	9	0	26	
0	0	0	0.00165987	13	0	38	
0	0	0	0.0016799	12	0	35	
